<?xml version="1.0" encoding="UTF-8"?>
<testsuite name="koin.repositories.maquina.MaquinaRepositoryCachedTest" tests="8" skipped="0" failures="0" errors="0" timestamp="2023-02-11T15:37:36" hostname="LOLI-LAPTOP" time="0.17">
  <properties/>
  <testcase name="delete()" classname="koin.repositories.maquina.MaquinaRepositoryCachedTest" time="0.047"/>
  <testcase name="findAll()" classname="koin.repositories.maquina.MaquinaRepositoryCachedTest" time="0.022"/>
  <testcase name="findById()" classname="koin.repositories.maquina.MaquinaRepositoryCachedTest" time="0.024"/>
  <testcase name="findByUUID()" classname="koin.repositories.maquina.MaquinaRepositoryCachedTest" time="0.028"/>
  <testcase name="save()" classname="koin.repositories.maquina.MaquinaRepositoryCachedTest" time="0.014"/>
  <testcase name="findByUUIDNotExists()" classname="koin.repositories.maquina.MaquinaRepositoryCachedTest" time="0.012"/>
  <testcase name="findByIdNotExists()" classname="koin.repositories.maquina.MaquinaRepositoryCachedTest" time="0.009"/>
  <testcase name="setInactive()" classname="koin.repositories.maquina.MaquinaRepositoryCachedTest" time="0.01"/>
  <system-out><![CDATA[16:37:36.432 [Test worker] DEBUG koin.services.cache.maquina.MaquinaCache - Initializing MaquinaCache...
16:37:36.443 [Test worker] DEBUG io.mockk.impl.instantiation.AbstractMockFactory - Creating spyk for MaquinaCache name=cache#676
16:37:36.492 [Test worker] DEBUG io.mockk.impl.instantiation.AbstractMockFactory - Creating mockk for MaquinaRepository name=repo#677
16:37:36.540 [DefaultDispatcher-worker-1 @coroutine#609] DEBUG io.mockk.impl.recording.states.AnsweringState - Answering 60000 on MaquinaCache(cache#676).getRefreshTime()
16:37:36.550 [Test worker @coroutine#610] DEBUG io.mockk.impl.instantiation.AbstractMockFactory - Creating mockk for Maquina name=child of repo#677#678
16:37:36.554 [Test worker @coroutine#610] DEBUG io.mockk.impl.instantiation.AbstractMockFactory - Creating mockk for Maquina name=child of repo#677#679
16:37:36.559 [DefaultDispatcher-worker-1] DEBUG io.mockk.impl.recording.states.AnsweringState - Answering Maquina(id=63e7b64010e6fb6e4c08a9f1, uuid=93a98d69-6da6-48a7-b34f-05b596ea83bc, modelo=RTX-3080TI, marca=Nvidia, fechaAdquisicion=2022-11-10, numeroSerie=123456789X, tipo=PERSONALIZADORA, activa=true, isManual=null, maxTension=null, minTension=null, measuresManeuverability=true, measuresRigidity=false, measuresBalance=true) on MaquinaRepository(repo#677).delete(63e7b64010e6fb6e4c08a9f1, continuation {})
16:37:36.561 [DefaultDispatcher-worker-1] DEBUG io.mockk.impl.recording.states.AnsweringState - Answering io.github.reactivecircus.cache4k.RealCache@d8ec892 on MaquinaCache(cache#676).getCache()
16:37:36.596 [Test worker @coroutine#618] DEBUG io.mockk.impl.instantiation.AbstractMockFactory - Creating mockk for Flow name=child of repo#677#680
16:37:36.600 [DefaultDispatcher-worker-1] DEBUG io.mockk.impl.recording.states.AnsweringState - Answering kotlinx.coroutines.flow.FlowKt__BuildersKt$flowOf$$inlined$unsafeFlow$2@19525083 on MaquinaRepository(repo#677).findAll(continuation {})
16:37:36.620 [Test worker @coroutine#624] DEBUG io.mockk.impl.instantiation.AbstractMockFactory - Creating mockk for Maquina name=child of repo#677#681
16:37:36.625 [DefaultDispatcher-worker-1] DEBUG io.mockk.impl.recording.states.AnsweringState - Answering Maquina(id=63e7b64010e6fb6e4c08a9f1, uuid=93a98d69-6da6-48a7-b34f-05b596ea83bc, modelo=RTX-3080TI, marca=Nvidia, fechaAdquisicion=2022-11-10, numeroSerie=123456789X, tipo=PERSONALIZADORA, activa=true, isManual=null, maxTension=null, minTension=null, measuresManeuverability=true, measuresRigidity=false, measuresBalance=true) on MaquinaRepository(repo#677).findById(63e7b64010e6fb6e4c08a9f1, continuation {})
16:37:36.644 [Test worker @coroutine#630] DEBUG io.mockk.impl.instantiation.AbstractMockFactory - Creating mockk for Maquina name=child of repo#677#682
16:37:36.648 [DefaultDispatcher-worker-1] DEBUG io.mockk.impl.recording.states.AnsweringState - Answering io.github.reactivecircus.cache4k.RealCache@d8ec892 on MaquinaCache(cache#676).getCache()
16:37:36.652 [DefaultDispatcher-worker-1] DEBUG io.mockk.impl.recording.states.AnsweringState - Answering Maquina(id=63e7b64010e6fb6e4c08a9f1, uuid=93a98d69-6da6-48a7-b34f-05b596ea83bc, modelo=RTX-3080TI, marca=Nvidia, fechaAdquisicion=2022-11-10, numeroSerie=123456789X, tipo=PERSONALIZADORA, activa=true, isManual=null, maxTension=null, minTension=null, measuresManeuverability=true, measuresRigidity=false, measuresBalance=true) on MaquinaRepository(repo#677).findByUUID(93a98d69-6da6-48a7-b34f-05b596ea83bc, continuation {})
16:37:36.663 [Test worker @background work runner#633] DEBUG io.mockk.impl.instantiation.AbstractMockFactory - Creating mockk for Maquina name=child of repo#677#683
16:37:36.673 [Test worker @coroutine#636] DEBUG io.mockk.impl.instantiation.AbstractMockFactory - Creating mockk for Maquina name=child of repo#677#684
16:37:36.675 [DefaultDispatcher-worker-1] DEBUG io.mockk.impl.recording.states.AnsweringState - Answering Maquina(id=63e7b64010e6fb6e4c08a9f1, uuid=93a98d69-6da6-48a7-b34f-05b596ea83bc, modelo=RTX-3080TI, marca=Nvidia, fechaAdquisicion=2022-11-10, numeroSerie=123456789X, tipo=PERSONALIZADORA, activa=true, isManual=null, maxTension=null, minTension=null, measuresManeuverability=true, measuresRigidity=false, measuresBalance=true) on MaquinaRepository(repo#677).save(Maquina(id=63e7b64010e6fb6e4c08a9f1, uuid=93a98d69-6da6-48a7-b34f-05b596ea83bc, modelo=RTX-3080TI, marca=Nvidia, fechaAdquisicion=2022-11-10, numeroSerie=123456789X, tipo=PERSONALIZADORA, activa=true, isManual=null, maxTension=null, minTension=null, measuresManeuverability=true, measuresRigidity=false, measuresBalance=true), continuation {})
16:37:36.686 [DefaultDispatcher-worker-1] DEBUG io.mockk.impl.recording.states.AnsweringState - Answering io.github.reactivecircus.cache4k.RealCache@d8ec892 on MaquinaCache(cache#676).getCache()
16:37:36.687 [DefaultDispatcher-worker-1] DEBUG io.mockk.impl.recording.states.AnsweringState - Answering null on MaquinaRepository(repo#677).findByUUID(039e3e75-176a-42c3-ba6a-6756f2cccc16, continuation {})
16:37:36.698 [DefaultDispatcher-worker-1] DEBUG io.mockk.impl.recording.states.AnsweringState - Answering null on MaquinaRepository(repo#677).findById(63e7b64010e6fb6e4c08a9f2, continuation {})
16:37:36.707 [Test worker @coroutine#654] DEBUG io.mockk.impl.instantiation.AbstractMockFactory - Creating mockk for Maquina name=child of repo#677#685
16:37:36.709 [DefaultDispatcher-worker-1] DEBUG io.mockk.impl.recording.states.AnsweringState - Answering Maquina(id=63e7b64010e6fb6e4c08a9f1, uuid=93a98d69-6da6-48a7-b34f-05b596ea83bc, modelo=RTX-3080TI, marca=Nvidia, fechaAdquisicion=2022-11-10, numeroSerie=123456789X, tipo=PERSONALIZADORA, activa=true, isManual=null, maxTension=null, minTension=null, measuresManeuverability=true, measuresRigidity=false, measuresBalance=true) on MaquinaRepository(repo#677).setInactive(63e7b64010e6fb6e4c08a9f1, continuation {})
]]></system-out>
  <system-err><![CDATA[]]></system-err>
</testsuite>
