<?xml version="1.0" encoding="UTF-8"?>
<testsuite name="koin.repositories.producto.ProductoRepositoryTest" tests="9" skipped="0" failures="0" errors="0" timestamp="2023-02-11T15:37:39" hostname="LOLI-LAPTOP" time="1.076">
  <properties/>
  <testcase name="delete()" classname="koin.repositories.producto.ProductoRepositoryTest" time="0.19"/>
  <testcase name="decreaseStockBelow0()" classname="koin.repositories.producto.ProductoRepositoryTest" time="0.151"/>
  <testcase name="findAll()" classname="koin.repositories.producto.ProductoRepositoryTest" time="0.101"/>
  <testcase name="findById()" classname="koin.repositories.producto.ProductoRepositoryTest" time="0.091"/>
  <testcase name="decreaseStock()" classname="koin.repositories.producto.ProductoRepositoryTest" time="0.136"/>
  <testcase name="findByUuid()" classname="koin.repositories.producto.ProductoRepositoryTest" time="0.097"/>
  <testcase name="save()" classname="koin.repositories.producto.ProductoRepositoryTest" time="0.095"/>
  <testcase name="findByIdNotExists()" classname="koin.repositories.producto.ProductoRepositoryTest" time="0.085"/>
  <testcase name="deleteNotExists()" classname="koin.repositories.producto.ProductoRepositoryTest" time="0.128"/>
  <system-out><![CDATA[16:37:39.370 [AsyncGetter-5-thread-1] DEBUG org.mongodb.driver.protocol.command - Sending command '{"drop": "producto", "$db": "practica03mongoIvanLoli", "$clusterTime": {"clusterTime": {"$timestamp": {"t": 1676129858, "i": 2}}, "signature": {"hash": {"$binary": {"base64": "SvAM6r22eCZ3+zNjNn4FQkGex68=", "subType": "00"}}, "keyId": 7161871216054108163}}, "lsid": {"id": {"$binary": {"base64": "nZRz+A95RCyuTZsKjCM1Eg==", "subType": "04"}}}}' with request id 100 to database practica03mongoIvanLoli on connection [connectionId{localValue:7, serverValue:282387}] to server ac-o2suyf6-shard-00-02.7qtbnuz.mongodb.net:27017
16:37:39.423 [async-channel-group-0-handler-executor] DEBUG org.mongodb.driver.protocol.command - Execution of command with request id 100 completed successfully in 52.17 ms on connection [connectionId{localValue:7, serverValue:282387}] to server ac-o2suyf6-shard-00-02.7qtbnuz.mongodb.net:27017
16:37:39.438 [AsyncGetter-5-thread-1] DEBUG org.mongodb.driver.protocol.command - Sending command '{"update": "producto", "ordered": true, "txnNumber": 23, "$db": "practica03mongoIvanLoli", "$clusterTime": {"clusterTime": {"$timestamp": {"t": 1676129858, "i": 6}}, "signature": {"hash": {"$binary": {"base64": "SvAM6r22eCZ3+zNjNn4FQkGex68=", "subType": "00"}}, "keyId": 7161871216054108163}}, "lsid": {"id": {"$binary": {"base64": "nZRz+A95RCyuTZsKjCM1Eg==", "subType": "04"}}}, "updates": [{"q": {"_id": {"$oid": "63e7b64310e6fb6e4c08a9fd"}}, "u": {"_id": {"$oid": "63e7b64310e6fb6e4c08a9fd"}, "uuid": {"$binary": {"base64": "p0imbWmNqZOqg+qWtQVPsw==", "subType": "03"}}, "tipo": "FUNDAS", "marca": "MarcaZ", "modelo": "ModeloZ", "precio": 36.4, "stock": 1}, "upsert": true}]}' with request id 101 to database practica03mongoIvanLoli on connection [connectionId{localValue:7, serverValue:282387}] to server ac-o2suyf6-shard-00-02.7qtbnuz.mongodb.net:27017
16:37:39.511 [async-channel-group-0-handler-executor] DEBUG org.mongodb.driver.protocol.command - Execution of command with request id 101 completed successfully in 74.02 ms on connection [connectionId{localValue:7, serverValue:282387}] to server ac-o2suyf6-shard-00-02.7qtbnuz.mongodb.net:27017
16:37:39.523 [DefaultDispatcher-worker-1 @coroutine#840] DEBUG koin.repositories.producto.ProductoRepository - delete(63e7b64310e6fb6e4c08a9fd)
16:37:39.527 [AsyncGetter-5-thread-1] DEBUG org.mongodb.driver.protocol.command - Sending command '{"find": "producto", "filter": {"_id": {"$oid": "63e7b64310e6fb6e4c08a9fd"}}, "limit": 1, "singleBatch": true, "$db": "practica03mongoIvanLoli", "$clusterTime": {"clusterTime": {"$timestamp": {"t": 1676129858, "i": 8}}, "signature": {"hash": {"$binary": {"base64": "SvAM6r22eCZ3+zNjNn4FQkGex68=", "subType": "00"}}, "keyId": 7161871216054108163}}, "lsid": {"id": {"$binary": {"base64": "nZRz+A95RCyuTZsKjCM1Eg==", "subType": "04"}}}}' with request id 102 to database practica03mongoIvanLoli on connection [connectionId{localValue:7, serverValue:282387}] to server ac-o2suyf6-shard-00-02.7qtbnuz.mongodb.net:27017
16:37:39.562 [async-channel-group-0-handler-executor] DEBUG org.mongodb.driver.protocol.command - Execution of command with request id 102 completed successfully in 36.30 ms on connection [connectionId{localValue:7, serverValue:282387}] to server ac-o2suyf6-shard-00-02.7qtbnuz.mongodb.net:27017
16:37:39.563 [async-channel-group-0-handler-executor] DEBUG org.mongodb.driver.operation - Received batch of 1 documents with cursorId 0 from server ac-o2suyf6-shard-00-02.7qtbnuz.mongodb.net:27017
16:37:39.567 [AsyncGetter-5-thread-1] DEBUG org.mongodb.driver.protocol.command - Sending command '{"delete": "producto", "ordered": true, "txnNumber": 24, "$db": "practica03mongoIvanLoli", "$clusterTime": {"clusterTime": {"$timestamp": {"t": 1676129858, "i": 8}}, "signature": {"hash": {"$binary": {"base64": "SvAM6r22eCZ3+zNjNn4FQkGex68=", "subType": "00"}}, "keyId": 7161871216054108163}}, "lsid": {"id": {"$binary": {"base64": "nZRz+A95RCyuTZsKjCM1Eg==", "subType": "04"}}}, "deletes": [{"q": {"_id": {"$oid": "63e7b64310e6fb6e4c08a9fd"}}, "limit": 1}]}' with request id 103 to database practica03mongoIvanLoli on connection [connectionId{localValue:7, serverValue:282387}] to server ac-o2suyf6-shard-00-02.7qtbnuz.mongodb.net:27017
16:37:39.608 [async-channel-group-0-handler-executor] DEBUG org.mongodb.driver.protocol.command - Execution of command with request id 103 completed successfully in 42.36 ms on connection [connectionId{localValue:7, serverValue:282387}] to server ac-o2suyf6-shard-00-02.7qtbnuz.mongodb.net:27017
16:37:39.617 [AsyncGetter-5-thread-1] DEBUG org.mongodb.driver.protocol.command - Sending command '{"update": "producto", "ordered": true, "txnNumber": 25, "$db": "practica03mongoIvanLoli", "$clusterTime": {"clusterTime": {"$timestamp": {"t": 1676129858, "i": 9}}, "signature": {"hash": {"$binary": {"base64": "SvAM6r22eCZ3+zNjNn4FQkGex68=", "subType": "00"}}, "keyId": 7161871216054108163}}, "lsid": {"id": {"$binary": {"base64": "nZRz+A95RCyuTZsKjCM1Eg==", "subType": "04"}}}, "updates": [{"q": {"_id": {"$oid": "63e7b64310e6fb6e4c08a9fd"}}, "u": {"_id": {"$oid": "63e7b64310e6fb6e4c08a9fd"}, "uuid": {"$binary": {"base64": "p0imbWmNqZOqg+qWtQVPsw==", "subType": "03"}}, "tipo": "FUNDAS", "marca": "MarcaZ", "modelo": "ModeloZ", "precio": 36.4, "stock": 1}, "upsert": true}]}' with request id 104 to database practica03mongoIvanLoli on connection [connectionId{localValue:7, serverValue:282387}] to server ac-o2suyf6-shard-00-02.7qtbnuz.mongodb.net:27017
16:37:39.661 [async-channel-group-0-handler-executor] DEBUG org.mongodb.driver.protocol.command - Execution of command with request id 104 completed successfully in 44.39 ms on connection [connectionId{localValue:7, serverValue:282387}] to server ac-o2suyf6-shard-00-02.7qtbnuz.mongodb.net:27017
16:37:39.671 [DefaultDispatcher-worker-1 @coroutine#845] DEBUG koin.repositories.producto.ProductoRepository - decreaseStock(63e7b64310e6fb6e4c08a9fd)
16:37:39.674 [AsyncGetter-5-thread-1] DEBUG org.mongodb.driver.protocol.command - Sending command '{"find": "producto", "filter": {"_id": {"$oid": "63e7b64310e6fb6e4c08a9fd"}}, "limit": 1, "singleBatch": true, "$db": "practica03mongoIvanLoli", "$clusterTime": {"clusterTime": {"$timestamp": {"t": 1676129858, "i": 11}}, "signature": {"hash": {"$binary": {"base64": "SvAM6r22eCZ3+zNjNn4FQkGex68=", "subType": "00"}}, "keyId": 7161871216054108163}}, "lsid": {"id": {"$binary": {"base64": "nZRz+A95RCyuTZsKjCM1Eg==", "subType": "04"}}}}' with request id 105 to database practica03mongoIvanLoli on connection [connectionId{localValue:7, serverValue:282387}] to server ac-o2suyf6-shard-00-02.7qtbnuz.mongodb.net:27017
16:37:39.711 [async-channel-group-0-handler-executor] DEBUG org.mongodb.driver.protocol.command - Execution of command with request id 105 completed successfully in 37.53 ms on connection [connectionId{localValue:7, serverValue:282387}] to server ac-o2suyf6-shard-00-02.7qtbnuz.mongodb.net:27017
16:37:39.712 [async-channel-group-0-handler-executor] DEBUG org.mongodb.driver.operation - Received batch of 1 documents with cursorId 0 from server ac-o2suyf6-shard-00-02.7qtbnuz.mongodb.net:27017
16:37:39.717 [AsyncGetter-5-thread-1] DEBUG org.mongodb.driver.protocol.command - Sending command '{"update": "producto", "ordered": true, "txnNumber": 26, "$db": "practica03mongoIvanLoli", "$clusterTime": {"clusterTime": {"$timestamp": {"t": 1676129858, "i": 11}}, "signature": {"hash": {"$binary": {"base64": "SvAM6r22eCZ3+zNjNn4FQkGex68=", "subType": "00"}}, "keyId": 7161871216054108163}}, "lsid": {"id": {"$binary": {"base64": "nZRz+A95RCyuTZsKjCM1Eg==", "subType": "04"}}}, "updates": [{"q": {"_id": {"$oid": "63e7b64310e6fb6e4c08a9fd"}}, "u": {"_id": {"$oid": "63e7b64310e6fb6e4c08a9fd"}, "uuid": {"$binary": {"base64": "p0imbWmNqZOqg+qWtQVPsw==", "subType": "03"}}, "tipo": "FUNDAS", "marca": "MarcaZ", "modelo": "ModeloZ", "precio": 36.4, "stock": 0}, "upsert": true}]}' with request id 106 to database practica03mongoIvanLoli on connection [connectionId{localValue:7, serverValue:282387}] to server ac-o2suyf6-shard-00-02.7qtbnuz.mongodb.net:27017
16:37:39.757 [async-channel-group-0-handler-executor] DEBUG org.mongodb.driver.protocol.command - Execution of command with request id 106 completed successfully in 41.34 ms on connection [connectionId{localValue:7, serverValue:282387}] to server ac-o2suyf6-shard-00-02.7qtbnuz.mongodb.net:27017
16:37:39.769 [AsyncGetter-5-thread-1] DEBUG org.mongodb.driver.protocol.command - Sending command '{"update": "producto", "ordered": true, "txnNumber": 27, "$db": "practica03mongoIvanLoli", "$clusterTime": {"clusterTime": {"$timestamp": {"t": 1676129858, "i": 12}}, "signature": {"hash": {"$binary": {"base64": "SvAM6r22eCZ3+zNjNn4FQkGex68=", "subType": "00"}}, "keyId": 7161871216054108163}}, "lsid": {"id": {"$binary": {"base64": "nZRz+A95RCyuTZsKjCM1Eg==", "subType": "04"}}}, "updates": [{"q": {"_id": {"$oid": "63e7b64310e6fb6e4c08a9fd"}}, "u": {"_id": {"$oid": "63e7b64310e6fb6e4c08a9fd"}, "uuid": {"$binary": {"base64": "p0imbWmNqZOqg+qWtQVPsw==", "subType": "03"}}, "tipo": "FUNDAS", "marca": "MarcaZ", "modelo": "ModeloZ", "precio": 36.4, "stock": 1}, "upsert": true}]}' with request id 107 to database practica03mongoIvanLoli on connection [connectionId{localValue:7, serverValue:282387}] to server ac-o2suyf6-shard-00-02.7qtbnuz.mongodb.net:27017
16:37:39.813 [async-channel-group-0-handler-executor] DEBUG org.mongodb.driver.protocol.command - Execution of command with request id 107 completed successfully in 43.59 ms on connection [connectionId{localValue:7, serverValue:282387}] to server ac-o2suyf6-shard-00-02.7qtbnuz.mongodb.net:27017
16:37:39.820 [DefaultDispatcher-worker-1 @coroutine#850] DEBUG koin.repositories.producto.ProductoRepository - findAll()
16:37:39.823 [AsyncGetter-5-thread-1] DEBUG org.mongodb.driver.protocol.command - Sending command '{"find": "producto", "filter": {}, "batchSize": 64, "$db": "practica03mongoIvanLoli", "$clusterTime": {"clusterTime": {"$timestamp": {"t": 1676129858, "i": 13}}, "signature": {"hash": {"$binary": {"base64": "SvAM6r22eCZ3+zNjNn4FQkGex68=", "subType": "00"}}, "keyId": 7161871216054108163}}, "lsid": {"id": {"$binary": {"base64": "nZRz+A95RCyuTZsKjCM1Eg==", "subType": "04"}}}}' with request id 108 to database practica03mongoIvanLoli on connection [connectionId{localValue:7, serverValue:282387}] to server ac-o2suyf6-shard-00-02.7qtbnuz.mongodb.net:27017
16:37:39.858 [async-channel-group-0-handler-executor] DEBUG org.mongodb.driver.protocol.command - Execution of command with request id 108 completed successfully in 35.84 ms on connection [connectionId{localValue:7, serverValue:282387}] to server ac-o2suyf6-shard-00-02.7qtbnuz.mongodb.net:27017
16:37:39.859 [async-channel-group-0-handler-executor] DEBUG org.mongodb.driver.operation - Received batch of 1 documents with cursorId 0 from server ac-o2suyf6-shard-00-02.7qtbnuz.mongodb.net:27017
16:37:39.871 [AsyncGetter-5-thread-1] DEBUG org.mongodb.driver.protocol.command - Sending command '{"update": "producto", "ordered": true, "txnNumber": 28, "$db": "practica03mongoIvanLoli", "$clusterTime": {"clusterTime": {"$timestamp": {"t": 1676129858, "i": 13}}, "signature": {"hash": {"$binary": {"base64": "SvAM6r22eCZ3+zNjNn4FQkGex68=", "subType": "00"}}, "keyId": 7161871216054108163}}, "lsid": {"id": {"$binary": {"base64": "nZRz+A95RCyuTZsKjCM1Eg==", "subType": "04"}}}, "updates": [{"q": {"_id": {"$oid": "63e7b64310e6fb6e4c08a9fd"}}, "u": {"_id": {"$oid": "63e7b64310e6fb6e4c08a9fd"}, "uuid": {"$binary": {"base64": "p0imbWmNqZOqg+qWtQVPsw==", "subType": "03"}}, "tipo": "FUNDAS", "marca": "MarcaZ", "modelo": "ModeloZ", "precio": 36.4, "stock": 1}, "upsert": true}]}' with request id 109 to database practica03mongoIvanLoli on connection [connectionId{localValue:7, serverValue:282387}] to server ac-o2suyf6-shard-00-02.7qtbnuz.mongodb.net:27017
16:37:39.906 [async-channel-group-0-handler-executor] DEBUG org.mongodb.driver.protocol.command - Execution of command with request id 109 completed successfully in 36.06 ms on connection [connectionId{localValue:7, serverValue:282387}] to server ac-o2suyf6-shard-00-02.7qtbnuz.mongodb.net:27017
16:37:39.916 [DefaultDispatcher-worker-1 @coroutine#856] DEBUG koin.repositories.producto.ProductoRepository - findById(63e7b64310e6fb6e4c08a9fd)
16:37:39.919 [AsyncGetter-5-thread-1] DEBUG org.mongodb.driver.protocol.command - Sending command '{"find": "producto", "filter": {"_id": {"$oid": "63e7b64310e6fb6e4c08a9fd"}}, "limit": 1, "singleBatch": true, "$db": "practica03mongoIvanLoli", "$clusterTime": {"clusterTime": {"$timestamp": {"t": 1676129858, "i": 13}}, "signature": {"hash": {"$binary": {"base64": "SvAM6r22eCZ3+zNjNn4FQkGex68=", "subType": "00"}}, "keyId": 7161871216054108163}}, "lsid": {"id": {"$binary": {"base64": "nZRz+A95RCyuTZsKjCM1Eg==", "subType": "04"}}}}' with request id 110 to database practica03mongoIvanLoli on connection [connectionId{localValue:7, serverValue:282387}] to server ac-o2suyf6-shard-00-02.7qtbnuz.mongodb.net:27017
16:37:39.954 [async-channel-group-0-handler-executor] DEBUG org.mongodb.driver.protocol.command - Execution of command with request id 110 completed successfully in 35.47 ms on connection [connectionId{localValue:7, serverValue:282387}] to server ac-o2suyf6-shard-00-02.7qtbnuz.mongodb.net:27017
16:37:39.955 [async-channel-group-0-handler-executor] DEBUG org.mongodb.driver.operation - Received batch of 1 documents with cursorId 0 from server ac-o2suyf6-shard-00-02.7qtbnuz.mongodb.net:27017
16:37:39.962 [AsyncGetter-5-thread-1] DEBUG org.mongodb.driver.protocol.command - Sending command '{"update": "producto", "ordered": true, "txnNumber": 29, "$db": "practica03mongoIvanLoli", "$clusterTime": {"clusterTime": {"$timestamp": {"t": 1676129858, "i": 13}}, "signature": {"hash": {"$binary": {"base64": "SvAM6r22eCZ3+zNjNn4FQkGex68=", "subType": "00"}}, "keyId": 7161871216054108163}}, "lsid": {"id": {"$binary": {"base64": "nZRz+A95RCyuTZsKjCM1Eg==", "subType": "04"}}}, "updates": [{"q": {"_id": {"$oid": "63e7b64310e6fb6e4c08a9fd"}}, "u": {"_id": {"$oid": "63e7b64310e6fb6e4c08a9fd"}, "uuid": {"$binary": {"base64": "p0imbWmNqZOqg+qWtQVPsw==", "subType": "03"}}, "tipo": "FUNDAS", "marca": "MarcaZ", "modelo": "ModeloZ", "precio": 36.4, "stock": 1}, "upsert": true}]}' with request id 111 to database practica03mongoIvanLoli on connection [connectionId{localValue:7, serverValue:282387}] to server ac-o2suyf6-shard-00-02.7qtbnuz.mongodb.net:27017
16:37:39.998 [async-channel-group-0-handler-executor] DEBUG org.mongodb.driver.protocol.command - Execution of command with request id 111 completed successfully in 37.62 ms on connection [connectionId{localValue:7, serverValue:282387}] to server ac-o2suyf6-shard-00-02.7qtbnuz.mongodb.net:27017
16:37:40.003 [DefaultDispatcher-worker-1 @coroutine#861] DEBUG koin.repositories.producto.ProductoRepository - decreaseStock(63e7b64310e6fb6e4c08a9fd)
16:37:40.006 [AsyncGetter-5-thread-1] DEBUG org.mongodb.driver.protocol.command - Sending command '{"find": "producto", "filter": {"_id": {"$oid": "63e7b64310e6fb6e4c08a9fd"}}, "limit": 1, "singleBatch": true, "$db": "practica03mongoIvanLoli", "$clusterTime": {"clusterTime": {"$timestamp": {"t": 1676129858, "i": 13}}, "signature": {"hash": {"$binary": {"base64": "SvAM6r22eCZ3+zNjNn4FQkGex68=", "subType": "00"}}, "keyId": 7161871216054108163}}, "lsid": {"id": {"$binary": {"base64": "nZRz+A95RCyuTZsKjCM1Eg==", "subType": "04"}}}}' with request id 112 to database practica03mongoIvanLoli on connection [connectionId{localValue:7, serverValue:282387}] to server ac-o2suyf6-shard-00-02.7qtbnuz.mongodb.net:27017
16:37:40.040 [async-channel-group-0-handler-executor] DEBUG org.mongodb.driver.protocol.command - Execution of command with request id 112 completed successfully in 34.38 ms on connection [connectionId{localValue:7, serverValue:282387}] to server ac-o2suyf6-shard-00-02.7qtbnuz.mongodb.net:27017
16:37:40.041 [async-channel-group-0-handler-executor] DEBUG org.mongodb.driver.operation - Received batch of 1 documents with cursorId 0 from server ac-o2suyf6-shard-00-02.7qtbnuz.mongodb.net:27017
16:37:40.045 [AsyncGetter-5-thread-1] DEBUG org.mongodb.driver.protocol.command - Sending command '{"update": "producto", "ordered": true, "txnNumber": 30, "$db": "practica03mongoIvanLoli", "$clusterTime": {"clusterTime": {"$timestamp": {"t": 1676129858, "i": 13}}, "signature": {"hash": {"$binary": {"base64": "SvAM6r22eCZ3+zNjNn4FQkGex68=", "subType": "00"}}, "keyId": 7161871216054108163}}, "lsid": {"id": {"$binary": {"base64": "nZRz+A95RCyuTZsKjCM1Eg==", "subType": "04"}}}, "updates": [{"q": {"_id": {"$oid": "63e7b64310e6fb6e4c08a9fd"}}, "u": {"_id": {"$oid": "63e7b64310e6fb6e4c08a9fd"}, "uuid": {"$binary": {"base64": "p0imbWmNqZOqg+qWtQVPsw==", "subType": "03"}}, "tipo": "FUNDAS", "marca": "MarcaZ", "modelo": "ModeloZ", "precio": 36.4, "stock": 0}, "upsert": true}]}' with request id 113 to database practica03mongoIvanLoli on connection [connectionId{localValue:7, serverValue:282387}] to server ac-o2suyf6-shard-00-02.7qtbnuz.mongodb.net:27017
16:37:40.087 [async-channel-group-0-handler-executor] DEBUG org.mongodb.driver.protocol.command - Execution of command with request id 113 completed successfully in 43.81 ms on connection [connectionId{localValue:7, serverValue:282387}] to server ac-o2suyf6-shard-00-02.7qtbnuz.mongodb.net:27017
16:37:40.098 [AsyncGetter-5-thread-1] DEBUG org.mongodb.driver.protocol.command - Sending command '{"update": "producto", "ordered": true, "txnNumber": 31, "$db": "practica03mongoIvanLoli", "$clusterTime": {"clusterTime": {"$timestamp": {"t": 1676129859, "i": 2}}, "signature": {"hash": {"$binary": {"base64": "4LWa5rYjfPL8Wt9Lk97XvObGyIM=", "subType": "00"}}, "keyId": 7161871216054108163}}, "lsid": {"id": {"$binary": {"base64": "nZRz+A95RCyuTZsKjCM1Eg==", "subType": "04"}}}, "updates": [{"q": {"_id": {"$oid": "63e7b64310e6fb6e4c08a9fd"}}, "u": {"_id": {"$oid": "63e7b64310e6fb6e4c08a9fd"}, "uuid": {"$binary": {"base64": "p0imbWmNqZOqg+qWtQVPsw==", "subType": "03"}}, "tipo": "FUNDAS", "marca": "MarcaZ", "modelo": "ModeloZ", "precio": 36.4, "stock": 1}, "upsert": true}]}' with request id 114 to database practica03mongoIvanLoli on connection [connectionId{localValue:7, serverValue:282387}] to server ac-o2suyf6-shard-00-02.7qtbnuz.mongodb.net:27017
16:37:40.139 [async-channel-group-0-handler-executor] DEBUG org.mongodb.driver.protocol.command - Execution of command with request id 114 completed successfully in 41.44 ms on connection [connectionId{localValue:7, serverValue:282387}] to server ac-o2suyf6-shard-00-02.7qtbnuz.mongodb.net:27017
16:37:40.144 [DefaultDispatcher-worker-1 @coroutine#866] DEBUG koin.repositories.producto.ProductoRepository - findByUUID(93a98d69-6da6-48a7-b34f-05b596ea83aa)
16:37:40.146 [AsyncGetter-5-thread-1] DEBUG org.mongodb.driver.protocol.command - Sending command '{"find": "producto", "filter": {}, "batchSize": 64, "$db": "practica03mongoIvanLoli", "$clusterTime": {"clusterTime": {"$timestamp": {"t": 1676129859, "i": 3}}, "signature": {"hash": {"$binary": {"base64": "4LWa5rYjfPL8Wt9Lk97XvObGyIM=", "subType": "00"}}, "keyId": 7161871216054108163}}, "lsid": {"id": {"$binary": {"base64": "nZRz+A95RCyuTZsKjCM1Eg==", "subType": "04"}}}}' with request id 115 to database practica03mongoIvanLoli on connection [connectionId{localValue:7, serverValue:282387}] to server ac-o2suyf6-shard-00-02.7qtbnuz.mongodb.net:27017
16:37:40.182 [async-channel-group-0-handler-executor] DEBUG org.mongodb.driver.protocol.command - Execution of command with request id 115 completed successfully in 36.38 ms on connection [connectionId{localValue:7, serverValue:282387}] to server ac-o2suyf6-shard-00-02.7qtbnuz.mongodb.net:27017
16:37:40.183 [async-channel-group-0-handler-executor] DEBUG org.mongodb.driver.operation - Received batch of 1 documents with cursorId 0 from server ac-o2suyf6-shard-00-02.7qtbnuz.mongodb.net:27017
16:37:40.193 [AsyncGetter-5-thread-1] DEBUG org.mongodb.driver.protocol.command - Sending command '{"update": "producto", "ordered": true, "txnNumber": 32, "$db": "practica03mongoIvanLoli", "$clusterTime": {"clusterTime": {"$timestamp": {"t": 1676129859, "i": 3}}, "signature": {"hash": {"$binary": {"base64": "4LWa5rYjfPL8Wt9Lk97XvObGyIM=", "subType": "00"}}, "keyId": 7161871216054108163}}, "lsid": {"id": {"$binary": {"base64": "nZRz+A95RCyuTZsKjCM1Eg==", "subType": "04"}}}, "updates": [{"q": {"_id": {"$oid": "63e7b64310e6fb6e4c08a9fd"}}, "u": {"_id": {"$oid": "63e7b64310e6fb6e4c08a9fd"}, "uuid": {"$binary": {"base64": "p0imbWmNqZOqg+qWtQVPsw==", "subType": "03"}}, "tipo": "FUNDAS", "marca": "MarcaZ", "modelo": "ModeloZ", "precio": 36.4, "stock": 1}, "upsert": true}]}' with request id 116 to database practica03mongoIvanLoli on connection [connectionId{localValue:7, serverValue:282387}] to server ac-o2suyf6-shard-00-02.7qtbnuz.mongodb.net:27017
16:37:40.228 [async-channel-group-0-handler-executor] DEBUG org.mongodb.driver.protocol.command - Execution of command with request id 116 completed successfully in 35.73 ms on connection [connectionId{localValue:7, serverValue:282387}] to server ac-o2suyf6-shard-00-02.7qtbnuz.mongodb.net:27017
16:37:40.238 [DefaultDispatcher-worker-1 @coroutine#871] DEBUG koin.repositories.producto.ProductoRepository - save(Producto(id=63e7b64310e6fb6e4c08a9fd, uuid=93a98d69-6da6-48a7-b34f-05b596ea83aa, tipo=FUNDAS, marca=MarcaZ, modelo=ModeloZ, precio=36.4, stock=1))
16:37:40.241 [AsyncGetter-5-thread-1] DEBUG org.mongodb.driver.protocol.command - Sending command '{"update": "producto", "ordered": true, "txnNumber": 33, "$db": "practica03mongoIvanLoli", "$clusterTime": {"clusterTime": {"$timestamp": {"t": 1676129859, "i": 3}}, "signature": {"hash": {"$binary": {"base64": "4LWa5rYjfPL8Wt9Lk97XvObGyIM=", "subType": "00"}}, "keyId": 7161871216054108163}}, "lsid": {"id": {"$binary": {"base64": "nZRz+A95RCyuTZsKjCM1Eg==", "subType": "04"}}}, "updates": [{"q": {"_id": {"$oid": "63e7b64310e6fb6e4c08a9fd"}}, "u": {"_id": {"$oid": "63e7b64310e6fb6e4c08a9fd"}, "uuid": {"$binary": {"base64": "p0imbWmNqZOqg+qWtQVPsw==", "subType": "03"}}, "tipo": "FUNDAS", "marca": "MarcaZ", "modelo": "ModeloZ", "precio": 36.4, "stock": 1}, "upsert": true}]}' with request id 117 to database practica03mongoIvanLoli on connection [connectionId{localValue:7, serverValue:282387}] to server ac-o2suyf6-shard-00-02.7qtbnuz.mongodb.net:27017
16:37:40.281 [async-channel-group-0-handler-executor] DEBUG org.mongodb.driver.protocol.command - Execution of command with request id 117 completed successfully in 39.78 ms on connection [connectionId{localValue:7, serverValue:282387}] to server ac-o2suyf6-shard-00-02.7qtbnuz.mongodb.net:27017
16:37:40.290 [AsyncGetter-5-thread-1] DEBUG org.mongodb.driver.protocol.command - Sending command '{"update": "producto", "ordered": true, "txnNumber": 34, "$db": "practica03mongoIvanLoli", "$clusterTime": {"clusterTime": {"$timestamp": {"t": 1676129859, "i": 3}}, "signature": {"hash": {"$binary": {"base64": "4LWa5rYjfPL8Wt9Lk97XvObGyIM=", "subType": "00"}}, "keyId": 7161871216054108163}}, "lsid": {"id": {"$binary": {"base64": "nZRz+A95RCyuTZsKjCM1Eg==", "subType": "04"}}}, "updates": [{"q": {"_id": {"$oid": "63e7b64310e6fb6e4c08a9fd"}}, "u": {"_id": {"$oid": "63e7b64310e6fb6e4c08a9fd"}, "uuid": {"$binary": {"base64": "p0imbWmNqZOqg+qWtQVPsw==", "subType": "03"}}, "tipo": "FUNDAS", "marca": "MarcaZ", "modelo": "ModeloZ", "precio": 36.4, "stock": 1}, "upsert": true}]}' with request id 118 to database practica03mongoIvanLoli on connection [connectionId{localValue:7, serverValue:282387}] to server ac-o2suyf6-shard-00-02.7qtbnuz.mongodb.net:27017
16:37:40.326 [async-channel-group-0-handler-executor] DEBUG org.mongodb.driver.protocol.command - Execution of command with request id 118 completed successfully in 37.25 ms on connection [connectionId{localValue:7, serverValue:282387}] to server ac-o2suyf6-shard-00-02.7qtbnuz.mongodb.net:27017
16:37:40.331 [DefaultDispatcher-worker-1 @coroutine#876] DEBUG koin.repositories.producto.ProductoRepository - findById(63e7b64410e6fb6e4c08a9fe)
16:37:40.334 [AsyncGetter-5-thread-1] DEBUG org.mongodb.driver.protocol.command - Sending command '{"find": "producto", "filter": {"_id": {"$oid": "63e7b64410e6fb6e4c08a9fe"}}, "limit": 1, "singleBatch": true, "$db": "practica03mongoIvanLoli", "$clusterTime": {"clusterTime": {"$timestamp": {"t": 1676129859, "i": 4}}, "signature": {"hash": {"$binary": {"base64": "4LWa5rYjfPL8Wt9Lk97XvObGyIM=", "subType": "00"}}, "keyId": 7161871216054108163}}, "lsid": {"id": {"$binary": {"base64": "nZRz+A95RCyuTZsKjCM1Eg==", "subType": "04"}}}}' with request id 119 to database practica03mongoIvanLoli on connection [connectionId{localValue:7, serverValue:282387}] to server ac-o2suyf6-shard-00-02.7qtbnuz.mongodb.net:27017
16:37:40.369 [async-channel-group-0-handler-executor] DEBUG org.mongodb.driver.protocol.command - Execution of command with request id 119 completed successfully in 35.16 ms on connection [connectionId{localValue:7, serverValue:282387}] to server ac-o2suyf6-shard-00-02.7qtbnuz.mongodb.net:27017
16:37:40.369 [async-channel-group-0-handler-executor] DEBUG org.mongodb.driver.operation - Received batch of 0 documents with cursorId 0 from server ac-o2suyf6-shard-00-02.7qtbnuz.mongodb.net:27017
16:37:40.374 [AsyncGetter-5-thread-1] DEBUG org.mongodb.driver.protocol.command - Sending command '{"update": "producto", "ordered": true, "txnNumber": 35, "$db": "practica03mongoIvanLoli", "$clusterTime": {"clusterTime": {"$timestamp": {"t": 1676129859, "i": 4}}, "signature": {"hash": {"$binary": {"base64": "4LWa5rYjfPL8Wt9Lk97XvObGyIM=", "subType": "00"}}, "keyId": 7161871216054108163}}, "lsid": {"id": {"$binary": {"base64": "nZRz+A95RCyuTZsKjCM1Eg==", "subType": "04"}}}, "updates": [{"q": {"_id": {"$oid": "63e7b64310e6fb6e4c08a9fd"}}, "u": {"_id": {"$oid": "63e7b64310e6fb6e4c08a9fd"}, "uuid": {"$binary": {"base64": "p0imbWmNqZOqg+qWtQVPsw==", "subType": "03"}}, "tipo": "FUNDAS", "marca": "MarcaZ", "modelo": "ModeloZ", "precio": 36.4, "stock": 1}, "upsert": true}]}' with request id 120 to database practica03mongoIvanLoli on connection [connectionId{localValue:7, serverValue:282387}] to server ac-o2suyf6-shard-00-02.7qtbnuz.mongodb.net:27017
16:37:40.415 [async-channel-group-0-handler-executor] DEBUG org.mongodb.driver.protocol.command - Execution of command with request id 120 completed successfully in 42.37 ms on connection [connectionId{localValue:7, serverValue:282387}] to server ac-o2suyf6-shard-00-02.7qtbnuz.mongodb.net:27017
16:37:40.420 [DefaultDispatcher-worker-1 @coroutine#881] DEBUG koin.repositories.producto.ProductoRepository - delete(63e7b64410e6fb6e4c08a9ff)
16:37:40.423 [AsyncGetter-5-thread-1] DEBUG org.mongodb.driver.protocol.command - Sending command '{"find": "producto", "filter": {"_id": {"$oid": "63e7b64410e6fb6e4c08a9ff"}}, "limit": 1, "singleBatch": true, "$db": "practica03mongoIvanLoli", "$clusterTime": {"clusterTime": {"$timestamp": {"t": 1676129859, "i": 6}}, "signature": {"hash": {"$binary": {"base64": "4LWa5rYjfPL8Wt9Lk97XvObGyIM=", "subType": "00"}}, "keyId": 7161871216054108163}}, "lsid": {"id": {"$binary": {"base64": "nZRz+A95RCyuTZsKjCM1Eg==", "subType": "04"}}}}' with request id 121 to database practica03mongoIvanLoli on connection [connectionId{localValue:7, serverValue:282387}] to server ac-o2suyf6-shard-00-02.7qtbnuz.mongodb.net:27017
16:37:40.457 [async-channel-group-0-handler-executor] DEBUG org.mongodb.driver.protocol.command - Execution of command with request id 121 completed successfully in 34.54 ms on connection [connectionId{localValue:7, serverValue:282387}] to server ac-o2suyf6-shard-00-02.7qtbnuz.mongodb.net:27017
16:37:40.457 [async-channel-group-0-handler-executor] DEBUG org.mongodb.driver.operation - Received batch of 0 documents with cursorId 0 from server ac-o2suyf6-shard-00-02.7qtbnuz.mongodb.net:27017
16:37:40.460 [AsyncGetter-5-thread-1] DEBUG org.mongodb.driver.protocol.command - Sending command '{"delete": "producto", "ordered": true, "txnNumber": 36, "$db": "practica03mongoIvanLoli", "$clusterTime": {"clusterTime": {"$timestamp": {"t": 1676129859, "i": 6}}, "signature": {"hash": {"$binary": {"base64": "4LWa5rYjfPL8Wt9Lk97XvObGyIM=", "subType": "00"}}, "keyId": 7161871216054108163}}, "lsid": {"id": {"$binary": {"base64": "nZRz+A95RCyuTZsKjCM1Eg==", "subType": "04"}}}, "deletes": [{"q": {"_id": {"$oid": "63e7b64410e6fb6e4c08a9ff"}}, "limit": 1}]}' with request id 122 to database practica03mongoIvanLoli on connection [connectionId{localValue:7, serverValue:282387}] to server ac-o2suyf6-shard-00-02.7qtbnuz.mongodb.net:27017
16:37:40.497 [async-channel-group-0-handler-executor] DEBUG org.mongodb.driver.protocol.command - Execution of command with request id 122 completed successfully in 36.57 ms on connection [connectionId{localValue:7, serverValue:282387}] to server ac-o2suyf6-shard-00-02.7qtbnuz.mongodb.net:27017
16:37:40.502 [AsyncGetter-5-thread-1] DEBUG org.mongodb.driver.protocol.command - Sending command '{"drop": "producto", "$db": "practica03mongoIvanLoli", "$clusterTime": {"clusterTime": {"$timestamp": {"t": 1676129859, "i": 6}}, "signature": {"hash": {"$binary": {"base64": "4LWa5rYjfPL8Wt9Lk97XvObGyIM=", "subType": "00"}}, "keyId": 7161871216054108163}}, "lsid": {"id": {"$binary": {"base64": "nZRz+A95RCyuTZsKjCM1Eg==", "subType": "04"}}}}' with request id 123 to database practica03mongoIvanLoli on connection [connectionId{localValue:7, serverValue:282387}] to server ac-o2suyf6-shard-00-02.7qtbnuz.mongodb.net:27017
16:37:40.548 [async-channel-group-0-handler-executor] DEBUG org.mongodb.driver.protocol.command - Execution of command with request id 123 completed successfully in 46.53 ms on connection [connectionId{localValue:7, serverValue:282387}] to server ac-o2suyf6-shard-00-02.7qtbnuz.mongodb.net:27017
]]></system-out>
  <system-err><![CDATA[]]></system-err>
</testsuite>
