<?xml version="1.0" encoding="UTF-8"?>
<testsuite name="koin.repositories.tarea.TareaRepositoryTest" tests="8" skipped="0" failures="0" errors="0" timestamp="2023-02-01T20:50:34" hostname="LOLI-LAPTOP" time="0.973">
  <properties/>
  <testcase name="setFinalizada()" classname="koin.repositories.tarea.TareaRepositoryTest" time="0.212"/>
  <testcase name="delete()" classname="koin.repositories.tarea.TareaRepositoryTest" time="0.141"/>
  <testcase name="findAll()" classname="koin.repositories.tarea.TareaRepositoryTest" time="0.097"/>
  <testcase name="findById()" classname="koin.repositories.tarea.TareaRepositoryTest" time="0.1"/>
  <testcase name="findByUuid()" classname="koin.repositories.tarea.TareaRepositoryTest" time="0.097"/>
  <testcase name="save()" classname="koin.repositories.tarea.TareaRepositoryTest" time="0.1"/>
  <testcase name="findByIdNotExists()" classname="koin.repositories.tarea.TareaRepositoryTest" time="0.096"/>
  <testcase name="deleteNotExists()" classname="koin.repositories.tarea.TareaRepositoryTest" time="0.128"/>
  <system-out><![CDATA[21:50:33.995 [AsyncGetter-5-thread-1] DEBUG org.mongodb.driver.protocol.command - Sending command '{"drop": "tarea", "$db": "practica03mongoIvanLoli", "$clusterTime": {"clusterTime": {"$timestamp": {"t": 1675284632, "i": 1}}, "signature": {"hash": {"$binary": {"base64": "BS3okIg3a64HXfrCOBffFD7qssc=", "subType": "00"}}, "keyId": 7161871216054108163}}, "lsid": {"id": {"$binary": {"base64": "L4NnA2vsRma3Vy1OsSidBw==", "subType": "04"}}}}' with request id 97 to database practica03mongoIvanLoli on connection [connectionId{localValue:7, serverValue:108170}] to server ac-o2suyf6-shard-00-02.7qtbnuz.mongodb.net:27017
21:50:34.034 [async-channel-group-0-handler-executor] DEBUG org.mongodb.driver.protocol.command - Execution of command with request id 97 failed to complete successfully in 39.98 ms on connection [connectionId{localValue:7, serverValue:108170}] to server ac-o2suyf6-shard-00-02.7qtbnuz.mongodb.net:27017
com.mongodb.MongoCommandException: Command failed with error 26 (NamespaceNotFound): 'ns not found' on server ac-o2suyf6-shard-00-02.7qtbnuz.mongodb.net:27017. The full response is {"ok": 0.0, "errmsg": "ns not found", "code": 26, "codeName": "NamespaceNotFound", "$clusterTime": {"clusterTime": {"$timestamp": {"t": 1675284633, "i": 1}}, "signature": {"hash": {"$binary": {"base64": "mMXJD/DAV6RDHtPyMEqYnDHJDK8=", "subType": "00"}}, "keyId": 7161871216054108163}}, "operationTime": {"$timestamp": {"t": 1675284633, "i": 1}}}
	at com.mongodb.internal.connection.ProtocolHelper.getCommandFailureException(ProtocolHelper.java:198)
	at com.mongodb.internal.connection.InternalStreamConnection$2$1.onResult(InternalStreamConnection.java:512)
	at com.mongodb.internal.connection.InternalStreamConnection$2$1.onResult(InternalStreamConnection.java:498)
	at com.mongodb.internal.connection.InternalStreamConnection$MessageHeaderCallback$MessageCallback.onResult(InternalStreamConnection.java:821)
	at com.mongodb.internal.connection.InternalStreamConnection$MessageHeaderCallback$MessageCallback.onResult(InternalStreamConnection.java:785)
	at com.mongodb.internal.connection.InternalStreamConnection$5.completed(InternalStreamConnection.java:645)
	at com.mongodb.internal.connection.InternalStreamConnection$5.completed(InternalStreamConnection.java:642)
	at com.mongodb.internal.connection.AsynchronousChannelStream$BasicCompletionHandler.completed(AsynchronousChannelStream.java:250)
	at com.mongodb.internal.connection.AsynchronousChannelStream$BasicCompletionHandler.completed(AsynchronousChannelStream.java:233)
	at com.mongodb.internal.connection.tlschannel.async.AsynchronousTlsChannel.lambda$read$4(AsynchronousTlsChannel.java:122)
	at java.base/java.util.concurrent.Executors$RunnableAdapter.call(Executors.java:539)
	at java.base/java.util.concurrent.FutureTask.run(FutureTask.java:264)
	at java.base/java.util.concurrent.ThreadPoolExecutor.runWorker(ThreadPoolExecutor.java:1136)
	at java.base/java.util.concurrent.ThreadPoolExecutor$Worker.run(ThreadPoolExecutor.java:635)
	at java.base/java.lang.Thread.run(Thread.java:833)
21:50:34.057 [AsyncGetter-5-thread-1] DEBUG org.mongodb.driver.protocol.command - Sending command '{"update": "tarea", "ordered": true, "txnNumber": 49, "$db": "practica03mongoIvanLoli", "$clusterTime": {"clusterTime": {"$timestamp": {"t": 1675284633, "i": 1}}, "signature": {"hash": {"$binary": {"base64": "mMXJD/DAV6RDHtPyMEqYnDHJDK8=", "subType": "00"}}, "keyId": 7161871216054108163}}, "lsid": {"id": {"$binary": {"base64": "L4NnA2vsRma3Vy1OsSidBw==", "subType": "04"}}}, "updates": [{"q": {"_id": {"$oid": "63dad099922725009b700a8d"}}, "u": {"_id": {"$oid": "63dad099922725009b700a8d"}, "uuid": {"$binary": {"base64": "p0gTAGmNqZPMg+qWtQVPsw==", "subType": "03"}}, "raquetaId": {"$binary": {"base64": "p0gBAGmNqZO6g+qWtQVPsw==", "subType": "03"}}, "precio": 0.0, "tipo": "ADQUISICION", "finalizada": false, "pedidoId": {"$binary": {"base64": "p0gQAGmNqZPMiuqWtQVPsw==", "subType": "03"}}, "productoAdquiridoId": {"$binary": {"base64": "p0gEAGmNqZOqg+qWtQVPsw==", "subType": "03"}}, "peso": null, "balance": null, "rigidez": null, "tensionHorizontal": null, "cordajeHorizontalId": null, "tension ...' with request id 98 to database practica03mongoIvanLoli on connection [connectionId{localValue:7, serverValue:108170}] to server ac-o2suyf6-shard-00-02.7qtbnuz.mongodb.net:27017
21:50:34.141 [async-channel-group-0-handler-executor] DEBUG org.mongodb.driver.protocol.command - Execution of command with request id 98 completed successfully in 84.04 ms on connection [connectionId{localValue:7, serverValue:108170}] to server ac-o2suyf6-shard-00-02.7qtbnuz.mongodb.net:27017
21:50:34.147 [DefaultDispatcher-worker-4 @coroutine#404] DEBUG koin.repositories.tarea.TareaRepository - setFinalizada(63dad099922725009b700a8d)
21:50:34.150 [AsyncGetter-5-thread-1] DEBUG org.mongodb.driver.protocol.command - Sending command '{"find": "tarea", "filter": {"_id": {"$oid": "63dad099922725009b700a8d"}}, "limit": 1, "singleBatch": true, "$db": "practica03mongoIvanLoli", "$clusterTime": {"clusterTime": {"$timestamp": {"t": 1675284633, "i": 4}}, "signature": {"hash": {"$binary": {"base64": "mMXJD/DAV6RDHtPyMEqYnDHJDK8=", "subType": "00"}}, "keyId": 7161871216054108163}}, "lsid": {"id": {"$binary": {"base64": "L4NnA2vsRma3Vy1OsSidBw==", "subType": "04"}}}}' with request id 99 to database practica03mongoIvanLoli on connection [connectionId{localValue:7, serverValue:108170}] to server ac-o2suyf6-shard-00-02.7qtbnuz.mongodb.net:27017
21:50:34.190 [async-channel-group-0-handler-executor] DEBUG org.mongodb.driver.protocol.command - Execution of command with request id 99 completed successfully in 40.31 ms on connection [connectionId{localValue:7, serverValue:108170}] to server ac-o2suyf6-shard-00-02.7qtbnuz.mongodb.net:27017
21:50:34.194 [async-channel-group-0-handler-executor] DEBUG org.mongodb.driver.operation - Received batch of 1 documents with cursorId 0 from server ac-o2suyf6-shard-00-02.7qtbnuz.mongodb.net:27017
21:50:34.196 [AsyncGetter-5-thread-1] DEBUG org.mongodb.driver.protocol.command - Sending command '{"update": "tarea", "ordered": true, "txnNumber": 50, "$db": "practica03mongoIvanLoli", "$clusterTime": {"clusterTime": {"$timestamp": {"t": 1675284633, "i": 4}}, "signature": {"hash": {"$binary": {"base64": "mMXJD/DAV6RDHtPyMEqYnDHJDK8=", "subType": "00"}}, "keyId": 7161871216054108163}}, "lsid": {"id": {"$binary": {"base64": "L4NnA2vsRma3Vy1OsSidBw==", "subType": "04"}}}, "updates": [{"q": {"_id": {"$oid": "63dad099922725009b700a8d"}}, "u": {"_id": {"$oid": "63dad099922725009b700a8d"}, "uuid": {"$binary": {"base64": "p0gTAGmNqZPMg+qWtQVPsw==", "subType": "03"}}, "raquetaId": {"$binary": {"base64": "p0gBAGmNqZO6g+qWtQVPsw==", "subType": "03"}}, "precio": 0.0, "tipo": "ADQUISICION", "finalizada": true, "pedidoId": {"$binary": {"base64": "p0gQAGmNqZPMiuqWtQVPsw==", "subType": "03"}}, "productoAdquiridoId": {"$binary": {"base64": "p0gEAGmNqZOqg+qWtQVPsw==", "subType": "03"}}, "peso": null, "balance": null, "rigidez": null, "tensionHorizontal": null, "cordajeHorizontalId": null, "tensionV ...' with request id 100 to database practica03mongoIvanLoli on connection [connectionId{localValue:7, serverValue:108170}] to server ac-o2suyf6-shard-00-02.7qtbnuz.mongodb.net:27017
21:50:34.244 [async-channel-group-0-handler-executor] DEBUG org.mongodb.driver.protocol.command - Execution of command with request id 100 completed successfully in 48.03 ms on connection [connectionId{localValue:7, serverValue:108170}] to server ac-o2suyf6-shard-00-02.7qtbnuz.mongodb.net:27017
21:50:34.249 [AsyncGetter-5-thread-1] DEBUG org.mongodb.driver.protocol.command - Sending command '{"update": "tarea", "ordered": true, "txnNumber": 51, "$db": "practica03mongoIvanLoli", "$clusterTime": {"clusterTime": {"$timestamp": {"t": 1675284633, "i": 7}}, "signature": {"hash": {"$binary": {"base64": "mMXJD/DAV6RDHtPyMEqYnDHJDK8=", "subType": "00"}}, "keyId": 7161871216054108163}}, "lsid": {"id": {"$binary": {"base64": "L4NnA2vsRma3Vy1OsSidBw==", "subType": "04"}}}, "updates": [{"q": {"_id": {"$oid": "63dad099922725009b700a8d"}}, "u": {"_id": {"$oid": "63dad099922725009b700a8d"}, "uuid": {"$binary": {"base64": "p0gTAGmNqZPMg+qWtQVPsw==", "subType": "03"}}, "raquetaId": {"$binary": {"base64": "p0gBAGmNqZO6g+qWtQVPsw==", "subType": "03"}}, "precio": 0.0, "tipo": "ADQUISICION", "finalizada": false, "pedidoId": {"$binary": {"base64": "p0gQAGmNqZPMiuqWtQVPsw==", "subType": "03"}}, "productoAdquiridoId": {"$binary": {"base64": "p0gEAGmNqZOqg+qWtQVPsw==", "subType": "03"}}, "peso": null, "balance": null, "rigidez": null, "tensionHorizontal": null, "cordajeHorizontalId": null, "tension ...' with request id 101 to database practica03mongoIvanLoli on connection [connectionId{localValue:7, serverValue:108170}] to server ac-o2suyf6-shard-00-02.7qtbnuz.mongodb.net:27017
21:50:34.291 [async-channel-group-0-handler-executor] DEBUG org.mongodb.driver.protocol.command - Execution of command with request id 101 completed successfully in 42.56 ms on connection [connectionId{localValue:7, serverValue:108170}] to server ac-o2suyf6-shard-00-02.7qtbnuz.mongodb.net:27017
21:50:34.296 [DefaultDispatcher-worker-4 @coroutine#409] DEBUG koin.repositories.tarea.TareaRepository - delete(63dad099922725009b700a8d)
21:50:34.298 [AsyncGetter-5-thread-1] DEBUG org.mongodb.driver.protocol.command - Sending command '{"find": "tarea", "filter": {"_id": {"$oid": "63dad099922725009b700a8d"}}, "limit": 1, "singleBatch": true, "$db": "practica03mongoIvanLoli", "$clusterTime": {"clusterTime": {"$timestamp": {"t": 1675284633, "i": 8}}, "signature": {"hash": {"$binary": {"base64": "mMXJD/DAV6RDHtPyMEqYnDHJDK8=", "subType": "00"}}, "keyId": 7161871216054108163}}, "lsid": {"id": {"$binary": {"base64": "L4NnA2vsRma3Vy1OsSidBw==", "subType": "04"}}}}' with request id 102 to database practica03mongoIvanLoli on connection [connectionId{localValue:7, serverValue:108170}] to server ac-o2suyf6-shard-00-02.7qtbnuz.mongodb.net:27017
21:50:34.338 [async-channel-group-0-handler-executor] DEBUG org.mongodb.driver.protocol.command - Execution of command with request id 102 completed successfully in 39.95 ms on connection [connectionId{localValue:7, serverValue:108170}] to server ac-o2suyf6-shard-00-02.7qtbnuz.mongodb.net:27017
21:50:34.338 [async-channel-group-0-handler-executor] DEBUG org.mongodb.driver.operation - Received batch of 1 documents with cursorId 0 from server ac-o2suyf6-shard-00-02.7qtbnuz.mongodb.net:27017
21:50:34.340 [AsyncGetter-5-thread-1] DEBUG org.mongodb.driver.protocol.command - Sending command '{"delete": "tarea", "ordered": true, "txnNumber": 52, "$db": "practica03mongoIvanLoli", "$clusterTime": {"clusterTime": {"$timestamp": {"t": 1675284633, "i": 9}}, "signature": {"hash": {"$binary": {"base64": "mMXJD/DAV6RDHtPyMEqYnDHJDK8=", "subType": "00"}}, "keyId": 7161871216054108163}}, "lsid": {"id": {"$binary": {"base64": "L4NnA2vsRma3Vy1OsSidBw==", "subType": "04"}}}, "deletes": [{"q": {"_id": {"$oid": "63dad099922725009b700a8d"}}, "limit": 1}]}' with request id 103 to database practica03mongoIvanLoli on connection [connectionId{localValue:7, serverValue:108170}] to server ac-o2suyf6-shard-00-02.7qtbnuz.mongodb.net:27017
21:50:34.385 [async-channel-group-0-handler-executor] DEBUG org.mongodb.driver.protocol.command - Execution of command with request id 103 completed successfully in 45.06 ms on connection [connectionId{localValue:7, serverValue:108170}] to server ac-o2suyf6-shard-00-02.7qtbnuz.mongodb.net:27017
21:50:34.390 [AsyncGetter-5-thread-1] DEBUG org.mongodb.driver.protocol.command - Sending command '{"update": "tarea", "ordered": true, "txnNumber": 53, "$db": "practica03mongoIvanLoli", "$clusterTime": {"clusterTime": {"$timestamp": {"t": 1675284633, "i": 10}}, "signature": {"hash": {"$binary": {"base64": "mMXJD/DAV6RDHtPyMEqYnDHJDK8=", "subType": "00"}}, "keyId": 7161871216054108163}}, "lsid": {"id": {"$binary": {"base64": "L4NnA2vsRma3Vy1OsSidBw==", "subType": "04"}}}, "updates": [{"q": {"_id": {"$oid": "63dad099922725009b700a8d"}}, "u": {"_id": {"$oid": "63dad099922725009b700a8d"}, "uuid": {"$binary": {"base64": "p0gTAGmNqZPMg+qWtQVPsw==", "subType": "03"}}, "raquetaId": {"$binary": {"base64": "p0gBAGmNqZO6g+qWtQVPsw==", "subType": "03"}}, "precio": 0.0, "tipo": "ADQUISICION", "finalizada": false, "pedidoId": {"$binary": {"base64": "p0gQAGmNqZPMiuqWtQVPsw==", "subType": "03"}}, "productoAdquiridoId": {"$binary": {"base64": "p0gEAGmNqZOqg+qWtQVPsw==", "subType": "03"}}, "peso": null, "balance": null, "rigidez": null, "tensionHorizontal": null, "cordajeHorizontalId": null, "tensio ...' with request id 104 to database practica03mongoIvanLoli on connection [connectionId{localValue:7, serverValue:108170}] to server ac-o2suyf6-shard-00-02.7qtbnuz.mongodb.net:27017
21:50:34.434 [async-channel-group-0-handler-executor] DEBUG org.mongodb.driver.protocol.command - Execution of command with request id 104 completed successfully in 43.91 ms on connection [connectionId{localValue:7, serverValue:108170}] to server ac-o2suyf6-shard-00-02.7qtbnuz.mongodb.net:27017
21:50:34.438 [DefaultDispatcher-worker-4 @coroutine#414] DEBUG koin.repositories.tarea.TareaRepository - findAll()
21:50:34.440 [AsyncGetter-5-thread-1] DEBUG org.mongodb.driver.protocol.command - Sending command '{"find": "tarea", "filter": {}, "batchSize": 64, "$db": "practica03mongoIvanLoli", "$clusterTime": {"clusterTime": {"$timestamp": {"t": 1675284633, "i": 11}}, "signature": {"hash": {"$binary": {"base64": "mMXJD/DAV6RDHtPyMEqYnDHJDK8=", "subType": "00"}}, "keyId": 7161871216054108163}}, "lsid": {"id": {"$binary": {"base64": "L4NnA2vsRma3Vy1OsSidBw==", "subType": "04"}}}}' with request id 105 to database practica03mongoIvanLoli on connection [connectionId{localValue:7, serverValue:108170}] to server ac-o2suyf6-shard-00-02.7qtbnuz.mongodb.net:27017
21:50:34.480 [async-channel-group-0-handler-executor] DEBUG org.mongodb.driver.protocol.command - Execution of command with request id 105 completed successfully in 41.08 ms on connection [connectionId{localValue:7, serverValue:108170}] to server ac-o2suyf6-shard-00-02.7qtbnuz.mongodb.net:27017
21:50:34.482 [async-channel-group-0-handler-executor] DEBUG org.mongodb.driver.operation - Received batch of 1 documents with cursorId 0 from server ac-o2suyf6-shard-00-02.7qtbnuz.mongodb.net:27017
21:50:34.487 [AsyncGetter-5-thread-1] DEBUG org.mongodb.driver.protocol.command - Sending command '{"update": "tarea", "ordered": true, "txnNumber": 54, "$db": "practica03mongoIvanLoli", "$clusterTime": {"clusterTime": {"$timestamp": {"t": 1675284633, "i": 11}}, "signature": {"hash": {"$binary": {"base64": "mMXJD/DAV6RDHtPyMEqYnDHJDK8=", "subType": "00"}}, "keyId": 7161871216054108163}}, "lsid": {"id": {"$binary": {"base64": "L4NnA2vsRma3Vy1OsSidBw==", "subType": "04"}}}, "updates": [{"q": {"_id": {"$oid": "63dad099922725009b700a8d"}}, "u": {"_id": {"$oid": "63dad099922725009b700a8d"}, "uuid": {"$binary": {"base64": "p0gTAGmNqZPMg+qWtQVPsw==", "subType": "03"}}, "raquetaId": {"$binary": {"base64": "p0gBAGmNqZO6g+qWtQVPsw==", "subType": "03"}}, "precio": 0.0, "tipo": "ADQUISICION", "finalizada": false, "pedidoId": {"$binary": {"base64": "p0gQAGmNqZPMiuqWtQVPsw==", "subType": "03"}}, "productoAdquiridoId": {"$binary": {"base64": "p0gEAGmNqZOqg+qWtQVPsw==", "subType": "03"}}, "peso": null, "balance": null, "rigidez": null, "tensionHorizontal": null, "cordajeHorizontalId": null, "tensio ...' with request id 106 to database practica03mongoIvanLoli on connection [connectionId{localValue:7, serverValue:108170}] to server ac-o2suyf6-shard-00-02.7qtbnuz.mongodb.net:27017
21:50:34.530 [async-channel-group-0-handler-executor] DEBUG org.mongodb.driver.protocol.command - Execution of command with request id 106 completed successfully in 42.97 ms on connection [connectionId{localValue:7, serverValue:108170}] to server ac-o2suyf6-shard-00-02.7qtbnuz.mongodb.net:27017
21:50:34.534 [DefaultDispatcher-worker-4 @coroutine#420] DEBUG koin.repositories.tarea.TareaRepository - findById(63dad099922725009b700a8d)
21:50:34.536 [AsyncGetter-5-thread-1] DEBUG org.mongodb.driver.protocol.command - Sending command '{"find": "tarea", "filter": {"_id": {"$oid": "63dad099922725009b700a8d"}}, "limit": 1, "singleBatch": true, "$db": "practica03mongoIvanLoli", "$clusterTime": {"clusterTime": {"$timestamp": {"t": 1675284633, "i": 11}}, "signature": {"hash": {"$binary": {"base64": "mMXJD/DAV6RDHtPyMEqYnDHJDK8=", "subType": "00"}}, "keyId": 7161871216054108163}}, "lsid": {"id": {"$binary": {"base64": "L4NnA2vsRma3Vy1OsSidBw==", "subType": "04"}}}}' with request id 107 to database practica03mongoIvanLoli on connection [connectionId{localValue:7, serverValue:108170}] to server ac-o2suyf6-shard-00-02.7qtbnuz.mongodb.net:27017
21:50:34.582 [async-channel-group-0-handler-executor] DEBUG org.mongodb.driver.protocol.command - Execution of command with request id 107 completed successfully in 46.40 ms on connection [connectionId{localValue:7, serverValue:108170}] to server ac-o2suyf6-shard-00-02.7qtbnuz.mongodb.net:27017
21:50:34.583 [async-channel-group-0-handler-executor] DEBUG org.mongodb.driver.operation - Received batch of 1 documents with cursorId 0 from server ac-o2suyf6-shard-00-02.7qtbnuz.mongodb.net:27017
21:50:34.587 [AsyncGetter-5-thread-1] DEBUG org.mongodb.driver.protocol.command - Sending command '{"update": "tarea", "ordered": true, "txnNumber": 55, "$db": "practica03mongoIvanLoli", "$clusterTime": {"clusterTime": {"$timestamp": {"t": 1675284633, "i": 11}}, "signature": {"hash": {"$binary": {"base64": "mMXJD/DAV6RDHtPyMEqYnDHJDK8=", "subType": "00"}}, "keyId": 7161871216054108163}}, "lsid": {"id": {"$binary": {"base64": "L4NnA2vsRma3Vy1OsSidBw==", "subType": "04"}}}, "updates": [{"q": {"_id": {"$oid": "63dad099922725009b700a8d"}}, "u": {"_id": {"$oid": "63dad099922725009b700a8d"}, "uuid": {"$binary": {"base64": "p0gTAGmNqZPMg+qWtQVPsw==", "subType": "03"}}, "raquetaId": {"$binary": {"base64": "p0gBAGmNqZO6g+qWtQVPsw==", "subType": "03"}}, "precio": 0.0, "tipo": "ADQUISICION", "finalizada": false, "pedidoId": {"$binary": {"base64": "p0gQAGmNqZPMiuqWtQVPsw==", "subType": "03"}}, "productoAdquiridoId": {"$binary": {"base64": "p0gEAGmNqZOqg+qWtQVPsw==", "subType": "03"}}, "peso": null, "balance": null, "rigidez": null, "tensionHorizontal": null, "cordajeHorizontalId": null, "tensio ...' with request id 108 to database practica03mongoIvanLoli on connection [connectionId{localValue:7, serverValue:108170}] to server ac-o2suyf6-shard-00-02.7qtbnuz.mongodb.net:27017
21:50:34.631 [async-channel-group-0-handler-executor] DEBUG org.mongodb.driver.protocol.command - Execution of command with request id 108 completed successfully in 42.78 ms on connection [connectionId{localValue:7, serverValue:108170}] to server ac-o2suyf6-shard-00-02.7qtbnuz.mongodb.net:27017
21:50:34.635 [DefaultDispatcher-worker-4 @coroutine#425] DEBUG koin.repositories.tarea.TareaRepository - findByUUID(93a98d69-0013-48a7-b34f-05b596ea83cc)
21:50:34.638 [AsyncGetter-5-thread-1] DEBUG org.mongodb.driver.protocol.command - Sending command '{"find": "tarea", "filter": {}, "batchSize": 64, "$db": "practica03mongoIvanLoli", "$clusterTime": {"clusterTime": {"$timestamp": {"t": 1675284633, "i": 11}}, "signature": {"hash": {"$binary": {"base64": "mMXJD/DAV6RDHtPyMEqYnDHJDK8=", "subType": "00"}}, "keyId": 7161871216054108163}}, "lsid": {"id": {"$binary": {"base64": "L4NnA2vsRma3Vy1OsSidBw==", "subType": "04"}}}}' with request id 109 to database practica03mongoIvanLoli on connection [connectionId{localValue:7, serverValue:108170}] to server ac-o2suyf6-shard-00-02.7qtbnuz.mongodb.net:27017
21:50:34.677 [async-channel-group-0-handler-executor] DEBUG org.mongodb.driver.protocol.command - Execution of command with request id 109 completed successfully in 38.68 ms on connection [connectionId{localValue:7, serverValue:108170}] to server ac-o2suyf6-shard-00-02.7qtbnuz.mongodb.net:27017
21:50:34.677 [async-channel-group-0-handler-executor] DEBUG org.mongodb.driver.operation - Received batch of 1 documents with cursorId 0 from server ac-o2suyf6-shard-00-02.7qtbnuz.mongodb.net:27017
21:50:34.684 [AsyncGetter-5-thread-1] DEBUG org.mongodb.driver.protocol.command - Sending command '{"update": "tarea", "ordered": true, "txnNumber": 56, "$db": "practica03mongoIvanLoli", "$clusterTime": {"clusterTime": {"$timestamp": {"t": 1675284633, "i": 11}}, "signature": {"hash": {"$binary": {"base64": "mMXJD/DAV6RDHtPyMEqYnDHJDK8=", "subType": "00"}}, "keyId": 7161871216054108163}}, "lsid": {"id": {"$binary": {"base64": "L4NnA2vsRma3Vy1OsSidBw==", "subType": "04"}}}, "updates": [{"q": {"_id": {"$oid": "63dad099922725009b700a8d"}}, "u": {"_id": {"$oid": "63dad099922725009b700a8d"}, "uuid": {"$binary": {"base64": "p0gTAGmNqZPMg+qWtQVPsw==", "subType": "03"}}, "raquetaId": {"$binary": {"base64": "p0gBAGmNqZO6g+qWtQVPsw==", "subType": "03"}}, "precio": 0.0, "tipo": "ADQUISICION", "finalizada": false, "pedidoId": {"$binary": {"base64": "p0gQAGmNqZPMiuqWtQVPsw==", "subType": "03"}}, "productoAdquiridoId": {"$binary": {"base64": "p0gEAGmNqZOqg+qWtQVPsw==", "subType": "03"}}, "peso": null, "balance": null, "rigidez": null, "tensionHorizontal": null, "cordajeHorizontalId": null, "tensio ...' with request id 110 to database practica03mongoIvanLoli on connection [connectionId{localValue:7, serverValue:108170}] to server ac-o2suyf6-shard-00-02.7qtbnuz.mongodb.net:27017
21:50:34.731 [async-channel-group-0-handler-executor] DEBUG org.mongodb.driver.protocol.command - Execution of command with request id 110 completed successfully in 48.14 ms on connection [connectionId{localValue:7, serverValue:108170}] to server ac-o2suyf6-shard-00-02.7qtbnuz.mongodb.net:27017
21:50:34.736 [DefaultDispatcher-worker-4 @coroutine#430] DEBUG koin.repositories.tarea.TareaRepository - save(Tarea(id=63dad099922725009b700a8d, uuid=93a98d69-0013-48a7-b34f-05b596ea83cc, raquetaId=93a98d69-0001-48a7-b34f-05b596ea83ba, precio=0.0, tipo=ADQUISICION, finalizada=false, pedidoId=93a98d69-0010-48a7-b34f-05b596ea8acc, productoAdquiridoId=93a98d69-0004-48a7-b34f-05b596ea83aa, peso=null, balance=null, rigidez=null, tensionHorizontal=null, cordajeHorizontalId=null, tensionVertical=null, cordajeVerticalId=null, dosNudos=null))
21:50:34.739 [AsyncGetter-5-thread-1] DEBUG org.mongodb.driver.protocol.command - Sending command '{"update": "tarea", "ordered": true, "txnNumber": 57, "$db": "practica03mongoIvanLoli", "$clusterTime": {"clusterTime": {"$timestamp": {"t": 1675284633, "i": 11}}, "signature": {"hash": {"$binary": {"base64": "mMXJD/DAV6RDHtPyMEqYnDHJDK8=", "subType": "00"}}, "keyId": 7161871216054108163}}, "lsid": {"id": {"$binary": {"base64": "L4NnA2vsRma3Vy1OsSidBw==", "subType": "04"}}}, "updates": [{"q": {"_id": {"$oid": "63dad099922725009b700a8d"}}, "u": {"_id": {"$oid": "63dad099922725009b700a8d"}, "uuid": {"$binary": {"base64": "p0gTAGmNqZPMg+qWtQVPsw==", "subType": "03"}}, "raquetaId": {"$binary": {"base64": "p0gBAGmNqZO6g+qWtQVPsw==", "subType": "03"}}, "precio": 0.0, "tipo": "ADQUISICION", "finalizada": false, "pedidoId": {"$binary": {"base64": "p0gQAGmNqZPMiuqWtQVPsw==", "subType": "03"}}, "productoAdquiridoId": {"$binary": {"base64": "p0gEAGmNqZOqg+qWtQVPsw==", "subType": "03"}}, "peso": null, "balance": null, "rigidez": null, "tensionHorizontal": null, "cordajeHorizontalId": null, "tensio ...' with request id 111 to database practica03mongoIvanLoli on connection [connectionId{localValue:7, serverValue:108170}] to server ac-o2suyf6-shard-00-02.7qtbnuz.mongodb.net:27017
21:50:34.778 [async-channel-group-0-handler-executor] DEBUG org.mongodb.driver.protocol.command - Execution of command with request id 111 completed successfully in 39.89 ms on connection [connectionId{localValue:7, serverValue:108170}] to server ac-o2suyf6-shard-00-02.7qtbnuz.mongodb.net:27017
21:50:34.787 [AsyncGetter-5-thread-1] DEBUG org.mongodb.driver.protocol.command - Sending command '{"update": "tarea", "ordered": true, "txnNumber": 58, "$db": "practica03mongoIvanLoli", "$clusterTime": {"clusterTime": {"$timestamp": {"t": 1675284633, "i": 11}}, "signature": {"hash": {"$binary": {"base64": "mMXJD/DAV6RDHtPyMEqYnDHJDK8=", "subType": "00"}}, "keyId": 7161871216054108163}}, "lsid": {"id": {"$binary": {"base64": "L4NnA2vsRma3Vy1OsSidBw==", "subType": "04"}}}, "updates": [{"q": {"_id": {"$oid": "63dad099922725009b700a8d"}}, "u": {"_id": {"$oid": "63dad099922725009b700a8d"}, "uuid": {"$binary": {"base64": "p0gTAGmNqZPMg+qWtQVPsw==", "subType": "03"}}, "raquetaId": {"$binary": {"base64": "p0gBAGmNqZO6g+qWtQVPsw==", "subType": "03"}}, "precio": 0.0, "tipo": "ADQUISICION", "finalizada": false, "pedidoId": {"$binary": {"base64": "p0gQAGmNqZPMiuqWtQVPsw==", "subType": "03"}}, "productoAdquiridoId": {"$binary": {"base64": "p0gEAGmNqZOqg+qWtQVPsw==", "subType": "03"}}, "peso": null, "balance": null, "rigidez": null, "tensionHorizontal": null, "cordajeHorizontalId": null, "tensio ...' with request id 112 to database practica03mongoIvanLoli on connection [connectionId{localValue:7, serverValue:108170}] to server ac-o2suyf6-shard-00-02.7qtbnuz.mongodb.net:27017
21:50:34.826 [async-channel-group-0-handler-executor] DEBUG org.mongodb.driver.protocol.command - Execution of command with request id 112 completed successfully in 39.39 ms on connection [connectionId{localValue:7, serverValue:108170}] to server ac-o2suyf6-shard-00-02.7qtbnuz.mongodb.net:27017
21:50:34.831 [DefaultDispatcher-worker-4 @coroutine#435] DEBUG koin.repositories.tarea.TareaRepository - findById(63dad09a922725009b700a8e)
21:50:34.836 [AsyncGetter-5-thread-1] DEBUG org.mongodb.driver.protocol.command - Sending command '{"find": "tarea", "filter": {"_id": {"$oid": "63dad09a922725009b700a8e"}}, "limit": 1, "singleBatch": true, "$db": "practica03mongoIvanLoli", "$clusterTime": {"clusterTime": {"$timestamp": {"t": 1675284633, "i": 11}}, "signature": {"hash": {"$binary": {"base64": "mMXJD/DAV6RDHtPyMEqYnDHJDK8=", "subType": "00"}}, "keyId": 7161871216054108163}}, "lsid": {"id": {"$binary": {"base64": "L4NnA2vsRma3Vy1OsSidBw==", "subType": "04"}}}}' with request id 113 to database practica03mongoIvanLoli on connection [connectionId{localValue:7, serverValue:108170}] to server ac-o2suyf6-shard-00-02.7qtbnuz.mongodb.net:27017
21:50:34.876 [async-channel-group-0-handler-executor] DEBUG org.mongodb.driver.protocol.command - Execution of command with request id 113 completed successfully in 40.58 ms on connection [connectionId{localValue:7, serverValue:108170}] to server ac-o2suyf6-shard-00-02.7qtbnuz.mongodb.net:27017
21:50:34.877 [async-channel-group-0-handler-executor] DEBUG org.mongodb.driver.operation - Received batch of 0 documents with cursorId 0 from server ac-o2suyf6-shard-00-02.7qtbnuz.mongodb.net:27017
21:50:34.883 [AsyncGetter-5-thread-1] DEBUG org.mongodb.driver.protocol.command - Sending command '{"update": "tarea", "ordered": true, "txnNumber": 59, "$db": "practica03mongoIvanLoli", "$clusterTime": {"clusterTime": {"$timestamp": {"t": 1675284633, "i": 11}}, "signature": {"hash": {"$binary": {"base64": "mMXJD/DAV6RDHtPyMEqYnDHJDK8=", "subType": "00"}}, "keyId": 7161871216054108163}}, "lsid": {"id": {"$binary": {"base64": "L4NnA2vsRma3Vy1OsSidBw==", "subType": "04"}}}, "updates": [{"q": {"_id": {"$oid": "63dad099922725009b700a8d"}}, "u": {"_id": {"$oid": "63dad099922725009b700a8d"}, "uuid": {"$binary": {"base64": "p0gTAGmNqZPMg+qWtQVPsw==", "subType": "03"}}, "raquetaId": {"$binary": {"base64": "p0gBAGmNqZO6g+qWtQVPsw==", "subType": "03"}}, "precio": 0.0, "tipo": "ADQUISICION", "finalizada": false, "pedidoId": {"$binary": {"base64": "p0gQAGmNqZPMiuqWtQVPsw==", "subType": "03"}}, "productoAdquiridoId": {"$binary": {"base64": "p0gEAGmNqZOqg+qWtQVPsw==", "subType": "03"}}, "peso": null, "balance": null, "rigidez": null, "tensionHorizontal": null, "cordajeHorizontalId": null, "tensio ...' with request id 114 to database practica03mongoIvanLoli on connection [connectionId{localValue:7, serverValue:108170}] to server ac-o2suyf6-shard-00-02.7qtbnuz.mongodb.net:27017
21:50:34.924 [async-channel-group-0-handler-executor] DEBUG org.mongodb.driver.protocol.command - Execution of command with request id 114 completed successfully in 41.25 ms on connection [connectionId{localValue:7, serverValue:108170}] to server ac-o2suyf6-shard-00-02.7qtbnuz.mongodb.net:27017
21:50:34.927 [DefaultDispatcher-worker-4 @coroutine#440] DEBUG koin.repositories.tarea.TareaRepository - delete(63dad09a922725009b700a8f)
21:50:34.929 [AsyncGetter-5-thread-1] DEBUG org.mongodb.driver.protocol.command - Sending command '{"find": "tarea", "filter": {"_id": {"$oid": "63dad09a922725009b700a8f"}}, "limit": 1, "singleBatch": true, "$db": "practica03mongoIvanLoli", "$clusterTime": {"clusterTime": {"$timestamp": {"t": 1675284634, "i": 1}}, "signature": {"hash": {"$binary": {"base64": "mrHbdbzTUAJAltq+8m1UJXon4N8=", "subType": "00"}}, "keyId": 7161871216054108163}}, "lsid": {"id": {"$binary": {"base64": "L4NnA2vsRma3Vy1OsSidBw==", "subType": "04"}}}}' with request id 115 to database practica03mongoIvanLoli on connection [connectionId{localValue:7, serverValue:108170}] to server ac-o2suyf6-shard-00-02.7qtbnuz.mongodb.net:27017
21:50:34.967 [async-channel-group-0-handler-executor] DEBUG org.mongodb.driver.protocol.command - Execution of command with request id 115 completed successfully in 37.77 ms on connection [connectionId{localValue:7, serverValue:108170}] to server ac-o2suyf6-shard-00-02.7qtbnuz.mongodb.net:27017
21:50:34.967 [async-channel-group-0-handler-executor] DEBUG org.mongodb.driver.operation - Received batch of 0 documents with cursorId 0 from server ac-o2suyf6-shard-00-02.7qtbnuz.mongodb.net:27017
21:50:34.968 [AsyncGetter-5-thread-1] DEBUG org.mongodb.driver.protocol.command - Sending command '{"delete": "tarea", "ordered": true, "txnNumber": 60, "$db": "practica03mongoIvanLoli", "$clusterTime": {"clusterTime": {"$timestamp": {"t": 1675284634, "i": 1}}, "signature": {"hash": {"$binary": {"base64": "mrHbdbzTUAJAltq+8m1UJXon4N8=", "subType": "00"}}, "keyId": 7161871216054108163}}, "lsid": {"id": {"$binary": {"base64": "L4NnA2vsRma3Vy1OsSidBw==", "subType": "04"}}}, "deletes": [{"q": {"_id": {"$oid": "63dad09a922725009b700a8f"}}, "limit": 1}]}' with request id 116 to database practica03mongoIvanLoli on connection [connectionId{localValue:7, serverValue:108170}] to server ac-o2suyf6-shard-00-02.7qtbnuz.mongodb.net:27017
21:50:35.007 [async-channel-group-0-handler-executor] DEBUG org.mongodb.driver.protocol.command - Execution of command with request id 116 completed successfully in 39.04 ms on connection [connectionId{localValue:7, serverValue:108170}] to server ac-o2suyf6-shard-00-02.7qtbnuz.mongodb.net:27017
21:50:35.010 [AsyncGetter-5-thread-1] DEBUG org.mongodb.driver.protocol.command - Sending command '{"drop": "tarea", "$db": "practica03mongoIvanLoli", "$clusterTime": {"clusterTime": {"$timestamp": {"t": 1675284634, "i": 1}}, "signature": {"hash": {"$binary": {"base64": "mrHbdbzTUAJAltq+8m1UJXon4N8=", "subType": "00"}}, "keyId": 7161871216054108163}}, "lsid": {"id": {"$binary": {"base64": "L4NnA2vsRma3Vy1OsSidBw==", "subType": "04"}}}}' with request id 117 to database practica03mongoIvanLoli on connection [connectionId{localValue:7, serverValue:108170}] to server ac-o2suyf6-shard-00-02.7qtbnuz.mongodb.net:27017
21:50:35.064 [async-channel-group-0-handler-executor] DEBUG org.mongodb.driver.protocol.command - Execution of command with request id 117 completed successfully in 53.87 ms on connection [connectionId{localValue:7, serverValue:108170}] to server ac-o2suyf6-shard-00-02.7qtbnuz.mongodb.net:27017
]]></system-out>
  <system-err><![CDATA[]]></system-err>
</testsuite>
