<?xml version="1.0" encoding="UTF-8"?>
<testsuite name="koin.repositories.pedido.PedidoRepositoryTest" tests="7" skipped="0" failures="0" errors="0" timestamp="2023-02-11T15:37:38" hostname="LOLI-LAPTOP" time="0.803">
  <properties/>
  <testcase name="delete()" classname="koin.repositories.pedido.PedidoRepositoryTest" time="0.184"/>
  <testcase name="findAll()" classname="koin.repositories.pedido.PedidoRepositoryTest" time="0.103"/>
  <testcase name="findById()" classname="koin.repositories.pedido.PedidoRepositoryTest" time="0.102"/>
  <testcase name="findByUuid()" classname="koin.repositories.pedido.PedidoRepositoryTest" time="0.084"/>
  <testcase name="save()" classname="koin.repositories.pedido.PedidoRepositoryTest" time="0.113"/>
  <testcase name="findByIdNotExists()" classname="koin.repositories.pedido.PedidoRepositoryTest" time="0.086"/>
  <testcase name="deleteNotExists()" classname="koin.repositories.pedido.PedidoRepositoryTest" time="0.128"/>
  <system-out><![CDATA[16:37:38.139 [AsyncGetter-5-thread-1] DEBUG org.mongodb.driver.protocol.command - Sending command '{"drop": "pedido", "$db": "practica03mongoIvanLoli", "$clusterTime": {"clusterTime": {"$timestamp": {"t": 1676129856, "i": 13}}, "signature": {"hash": {"$binary": {"base64": "6x7ozFhoS7qxHPMfqzKX0nUhxFc=", "subType": "00"}}, "keyId": 7161871216054108163}}, "lsid": {"id": {"$binary": {"base64": "nZRz+A95RCyuTZsKjCM1Eg==", "subType": "04"}}}}' with request id 82 to database practica03mongoIvanLoli on connection [connectionId{localValue:7, serverValue:282387}] to server ac-o2suyf6-shard-00-02.7qtbnuz.mongodb.net:27017
16:37:38.193 [async-channel-group-0-handler-executor] DEBUG org.mongodb.driver.protocol.command - Execution of command with request id 82 completed successfully in 54.06 ms on connection [connectionId{localValue:7, serverValue:282387}] to server ac-o2suyf6-shard-00-02.7qtbnuz.mongodb.net:27017
16:37:38.206 [AsyncGetter-5-thread-1] DEBUG org.mongodb.driver.protocol.command - Sending command '{"update": "pedido", "ordered": true, "txnNumber": 13, "$db": "practica03mongoIvanLoli", "$clusterTime": {"clusterTime": {"$timestamp": {"t": 1676129857, "i": 1}}, "signature": {"hash": {"$binary": {"base64": "4Hfi54Z4pUuX12NoYESf8GgPM6I=", "subType": "00"}}, "keyId": 7161871216054108163}}, "lsid": {"id": {"$binary": {"base64": "nZRz+A95RCyuTZsKjCM1Eg==", "subType": "04"}}}, "updates": [{"q": {"_id": {"$oid": "63e7b64210e6fb6e4c08a9f8"}}, "u": {"_id": {"$oid": "63e7b64210e6fb6e4c08a9f8"}, "uuid": {"$binary": {"base64": "p0gQAGmNqZPMiuqWtQVPsw==", "subType": "03"}}, "userId": {"$binary": {"base64": "p0gGAGmNqZOag+qWtQVPsw==", "subType": "03"}}, "state": "PROCESO", "fechaEntrada": {"$date": "2013-10-10T00:00:00Z"}, "fechaSalida": {"$date": "2023-12-12T00:00:00Z"}, "topeEntrega": {"$date": "2023-12-14T00:00:00Z"}, "precio": 0.0}, "upsert": true}]}' with request id 83 to database practica03mongoIvanLoli on connection [connectionId{localValue:7, serverValue:282387}] to server ac-o2suyf6-shard-00-02.7qtbnuz.mongodb.net:27017
16:37:38.281 [async-channel-group-0-handler-executor] DEBUG org.mongodb.driver.protocol.command - Execution of command with request id 83 completed successfully in 76.51 ms on connection [connectionId{localValue:7, serverValue:282387}] to server ac-o2suyf6-shard-00-02.7qtbnuz.mongodb.net:27017
16:37:38.291 [DefaultDispatcher-worker-1 @coroutine#751] DEBUG koin.repositories.pedido.PedidoRepository - delete(63e7b64210e6fb6e4c08a9f8)
16:37:38.293 [AsyncGetter-5-thread-1] DEBUG org.mongodb.driver.protocol.command - Sending command '{"find": "pedido", "filter": {"_id": {"$oid": "63e7b64210e6fb6e4c08a9f8"}}, "limit": 1, "singleBatch": true, "$db": "practica03mongoIvanLoli", "$clusterTime": {"clusterTime": {"$timestamp": {"t": 1676129857, "i": 5}}, "signature": {"hash": {"$binary": {"base64": "4Hfi54Z4pUuX12NoYESf8GgPM6I=", "subType": "00"}}, "keyId": 7161871216054108163}}, "lsid": {"id": {"$binary": {"base64": "nZRz+A95RCyuTZsKjCM1Eg==", "subType": "04"}}}}' with request id 84 to database practica03mongoIvanLoli on connection [connectionId{localValue:7, serverValue:282387}] to server ac-o2suyf6-shard-00-02.7qtbnuz.mongodb.net:27017
16:37:38.328 [async-channel-group-0-handler-executor] DEBUG org.mongodb.driver.protocol.command - Execution of command with request id 84 completed successfully in 35.36 ms on connection [connectionId{localValue:7, serverValue:282387}] to server ac-o2suyf6-shard-00-02.7qtbnuz.mongodb.net:27017
16:37:38.330 [async-channel-group-0-handler-executor] DEBUG org.mongodb.driver.operation - Received batch of 1 documents with cursorId 0 from server ac-o2suyf6-shard-00-02.7qtbnuz.mongodb.net:27017
16:37:38.333 [AsyncGetter-5-thread-1] DEBUG org.mongodb.driver.protocol.command - Sending command '{"delete": "pedido", "ordered": true, "txnNumber": 14, "$db": "practica03mongoIvanLoli", "$clusterTime": {"clusterTime": {"$timestamp": {"t": 1676129857, "i": 6}}, "signature": {"hash": {"$binary": {"base64": "4Hfi54Z4pUuX12NoYESf8GgPM6I=", "subType": "00"}}, "keyId": 7161871216054108163}}, "lsid": {"id": {"$binary": {"base64": "nZRz+A95RCyuTZsKjCM1Eg==", "subType": "04"}}}, "deletes": [{"q": {"_id": {"$oid": "63e7b64210e6fb6e4c08a9f8"}}, "limit": 1}]}' with request id 85 to database practica03mongoIvanLoli on connection [connectionId{localValue:7, serverValue:282387}] to server ac-o2suyf6-shard-00-02.7qtbnuz.mongodb.net:27017
16:37:38.373 [async-channel-group-0-handler-executor] DEBUG org.mongodb.driver.protocol.command - Execution of command with request id 85 completed successfully in 39.95 ms on connection [connectionId{localValue:7, serverValue:282387}] to server ac-o2suyf6-shard-00-02.7qtbnuz.mongodb.net:27017
16:37:38.382 [AsyncGetter-5-thread-1] DEBUG org.mongodb.driver.protocol.command - Sending command '{"update": "pedido", "ordered": true, "txnNumber": 15, "$db": "practica03mongoIvanLoli", "$clusterTime": {"clusterTime": {"$timestamp": {"t": 1676129857, "i": 7}}, "signature": {"hash": {"$binary": {"base64": "4Hfi54Z4pUuX12NoYESf8GgPM6I=", "subType": "00"}}, "keyId": 7161871216054108163}}, "lsid": {"id": {"$binary": {"base64": "nZRz+A95RCyuTZsKjCM1Eg==", "subType": "04"}}}, "updates": [{"q": {"_id": {"$oid": "63e7b64210e6fb6e4c08a9f8"}}, "u": {"_id": {"$oid": "63e7b64210e6fb6e4c08a9f8"}, "uuid": {"$binary": {"base64": "p0gQAGmNqZPMiuqWtQVPsw==", "subType": "03"}}, "userId": {"$binary": {"base64": "p0gGAGmNqZOag+qWtQVPsw==", "subType": "03"}}, "state": "PROCESO", "fechaEntrada": {"$date": "2013-10-10T00:00:00Z"}, "fechaSalida": {"$date": "2023-12-12T00:00:00Z"}, "topeEntrega": {"$date": "2023-12-14T00:00:00Z"}, "precio": 0.0}, "upsert": true}]}' with request id 86 to database practica03mongoIvanLoli on connection [connectionId{localValue:7, serverValue:282387}] to server ac-o2suyf6-shard-00-02.7qtbnuz.mongodb.net:27017
16:37:38.424 [async-channel-group-0-handler-executor] DEBUG org.mongodb.driver.protocol.command - Execution of command with request id 86 completed successfully in 42.41 ms on connection [connectionId{localValue:7, serverValue:282387}] to server ac-o2suyf6-shard-00-02.7qtbnuz.mongodb.net:27017
16:37:38.434 [DefaultDispatcher-worker-1 @coroutine#756] DEBUG koin.repositories.pedido.PedidoRepository - findAll()
16:37:38.436 [AsyncGetter-5-thread-1] DEBUG org.mongodb.driver.protocol.command - Sending command '{"find": "pedido", "filter": {}, "batchSize": 64, "$db": "practica03mongoIvanLoli", "$clusterTime": {"clusterTime": {"$timestamp": {"t": 1676129857, "i": 8}}, "signature": {"hash": {"$binary": {"base64": "4Hfi54Z4pUuX12NoYESf8GgPM6I=", "subType": "00"}}, "keyId": 7161871216054108163}}, "lsid": {"id": {"$binary": {"base64": "nZRz+A95RCyuTZsKjCM1Eg==", "subType": "04"}}}}' with request id 87 to database practica03mongoIvanLoli on connection [connectionId{localValue:7, serverValue:282387}] to server ac-o2suyf6-shard-00-02.7qtbnuz.mongodb.net:27017
16:37:38.472 [async-channel-group-0-handler-executor] DEBUG org.mongodb.driver.protocol.command - Execution of command with request id 87 completed successfully in 36.13 ms on connection [connectionId{localValue:7, serverValue:282387}] to server ac-o2suyf6-shard-00-02.7qtbnuz.mongodb.net:27017
16:37:38.473 [async-channel-group-0-handler-executor] DEBUG org.mongodb.driver.operation - Received batch of 1 documents with cursorId 0 from server ac-o2suyf6-shard-00-02.7qtbnuz.mongodb.net:27017
16:37:38.486 [AsyncGetter-5-thread-1] DEBUG org.mongodb.driver.protocol.command - Sending command '{"update": "pedido", "ordered": true, "txnNumber": 16, "$db": "practica03mongoIvanLoli", "$clusterTime": {"clusterTime": {"$timestamp": {"t": 1676129857, "i": 8}}, "signature": {"hash": {"$binary": {"base64": "4Hfi54Z4pUuX12NoYESf8GgPM6I=", "subType": "00"}}, "keyId": 7161871216054108163}}, "lsid": {"id": {"$binary": {"base64": "nZRz+A95RCyuTZsKjCM1Eg==", "subType": "04"}}}, "updates": [{"q": {"_id": {"$oid": "63e7b64210e6fb6e4c08a9f8"}}, "u": {"_id": {"$oid": "63e7b64210e6fb6e4c08a9f8"}, "uuid": {"$binary": {"base64": "p0gQAGmNqZPMiuqWtQVPsw==", "subType": "03"}}, "userId": {"$binary": {"base64": "p0gGAGmNqZOag+qWtQVPsw==", "subType": "03"}}, "state": "PROCESO", "fechaEntrada": {"$date": "2013-10-10T00:00:00Z"}, "fechaSalida": {"$date": "2023-12-12T00:00:00Z"}, "topeEntrega": {"$date": "2023-12-14T00:00:00Z"}, "precio": 0.0}, "upsert": true}]}' with request id 88 to database practica03mongoIvanLoli on connection [connectionId{localValue:7, serverValue:282387}] to server ac-o2suyf6-shard-00-02.7qtbnuz.mongodb.net:27017
16:37:38.524 [async-channel-group-0-handler-executor] DEBUG org.mongodb.driver.protocol.command - Execution of command with request id 88 completed successfully in 38.74 ms on connection [connectionId{localValue:7, serverValue:282387}] to server ac-o2suyf6-shard-00-02.7qtbnuz.mongodb.net:27017
16:37:38.534 [DefaultDispatcher-worker-1 @coroutine#762] DEBUG koin.repositories.pedido.PedidoRepository - findById(63e7b64210e6fb6e4c08a9f8)
16:37:38.537 [AsyncGetter-5-thread-1] DEBUG org.mongodb.driver.protocol.command - Sending command '{"find": "pedido", "filter": {"_id": {"$oid": "63e7b64210e6fb6e4c08a9f8"}}, "limit": 1, "singleBatch": true, "$db": "practica03mongoIvanLoli", "$clusterTime": {"clusterTime": {"$timestamp": {"t": 1676129857, "i": 8}}, "signature": {"hash": {"$binary": {"base64": "4Hfi54Z4pUuX12NoYESf8GgPM6I=", "subType": "00"}}, "keyId": 7161871216054108163}}, "lsid": {"id": {"$binary": {"base64": "nZRz+A95RCyuTZsKjCM1Eg==", "subType": "04"}}}}' with request id 89 to database practica03mongoIvanLoli on connection [connectionId{localValue:7, serverValue:282387}] to server ac-o2suyf6-shard-00-02.7qtbnuz.mongodb.net:27017
16:37:38.573 [async-channel-group-0-handler-executor] DEBUG org.mongodb.driver.protocol.command - Execution of command with request id 89 completed successfully in 36.12 ms on connection [connectionId{localValue:7, serverValue:282387}] to server ac-o2suyf6-shard-00-02.7qtbnuz.mongodb.net:27017
16:37:38.574 [async-channel-group-0-handler-executor] DEBUG org.mongodb.driver.operation - Received batch of 1 documents with cursorId 0 from server ac-o2suyf6-shard-00-02.7qtbnuz.mongodb.net:27017
16:37:38.588 [AsyncGetter-5-thread-1] DEBUG org.mongodb.driver.protocol.command - Sending command '{"update": "pedido", "ordered": true, "txnNumber": 17, "$db": "practica03mongoIvanLoli", "$clusterTime": {"clusterTime": {"$timestamp": {"t": 1676129857, "i": 9}}, "signature": {"hash": {"$binary": {"base64": "4Hfi54Z4pUuX12NoYESf8GgPM6I=", "subType": "00"}}, "keyId": 7161871216054108163}}, "lsid": {"id": {"$binary": {"base64": "nZRz+A95RCyuTZsKjCM1Eg==", "subType": "04"}}}, "updates": [{"q": {"_id": {"$oid": "63e7b64210e6fb6e4c08a9f8"}}, "u": {"_id": {"$oid": "63e7b64210e6fb6e4c08a9f8"}, "uuid": {"$binary": {"base64": "p0gQAGmNqZPMiuqWtQVPsw==", "subType": "03"}}, "userId": {"$binary": {"base64": "p0gGAGmNqZOag+qWtQVPsw==", "subType": "03"}}, "state": "PROCESO", "fechaEntrada": {"$date": "2013-10-10T00:00:00Z"}, "fechaSalida": {"$date": "2023-12-12T00:00:00Z"}, "topeEntrega": {"$date": "2023-12-14T00:00:00Z"}, "precio": 0.0}, "upsert": true}]}' with request id 90 to database practica03mongoIvanLoli on connection [connectionId{localValue:7, serverValue:282387}] to server ac-o2suyf6-shard-00-02.7qtbnuz.mongodb.net:27017
16:37:38.624 [async-channel-group-0-handler-executor] DEBUG org.mongodb.driver.protocol.command - Execution of command with request id 90 completed successfully in 36.01 ms on connection [connectionId{localValue:7, serverValue:282387}] to server ac-o2suyf6-shard-00-02.7qtbnuz.mongodb.net:27017
16:37:38.627 [DefaultDispatcher-worker-1 @coroutine#767] DEBUG koin.repositories.pedido.PedidoRepository - findByUUID(93a98d69-0010-48a7-b34f-05b596ea8acc)
16:37:38.627 [AsyncGetter-5-thread-1] DEBUG org.mongodb.driver.protocol.command - Sending command '{"find": "pedido", "filter": {}, "batchSize": 64, "$db": "practica03mongoIvanLoli", "$clusterTime": {"clusterTime": {"$timestamp": {"t": 1676129857, "i": 9}}, "signature": {"hash": {"$binary": {"base64": "4Hfi54Z4pUuX12NoYESf8GgPM6I=", "subType": "00"}}, "keyId": 7161871216054108163}}, "lsid": {"id": {"$binary": {"base64": "nZRz+A95RCyuTZsKjCM1Eg==", "subType": "04"}}}}' with request id 91 to database practica03mongoIvanLoli on connection [connectionId{localValue:7, serverValue:282387}] to server ac-o2suyf6-shard-00-02.7qtbnuz.mongodb.net:27017
16:37:38.665 [async-channel-group-0-handler-executor] DEBUG org.mongodb.driver.protocol.command - Execution of command with request id 91 completed successfully in 37.73 ms on connection [connectionId{localValue:7, serverValue:282387}] to server ac-o2suyf6-shard-00-02.7qtbnuz.mongodb.net:27017
16:37:38.665 [async-channel-group-0-handler-executor] DEBUG org.mongodb.driver.operation - Received batch of 1 documents with cursorId 0 from server ac-o2suyf6-shard-00-02.7qtbnuz.mongodb.net:27017
16:37:38.671 [AsyncGetter-5-thread-1] DEBUG org.mongodb.driver.protocol.command - Sending command '{"update": "pedido", "ordered": true, "txnNumber": 18, "$db": "practica03mongoIvanLoli", "$clusterTime": {"clusterTime": {"$timestamp": {"t": 1676129857, "i": 9}}, "signature": {"hash": {"$binary": {"base64": "4Hfi54Z4pUuX12NoYESf8GgPM6I=", "subType": "00"}}, "keyId": 7161871216054108163}}, "lsid": {"id": {"$binary": {"base64": "nZRz+A95RCyuTZsKjCM1Eg==", "subType": "04"}}}, "updates": [{"q": {"_id": {"$oid": "63e7b64210e6fb6e4c08a9f8"}}, "u": {"_id": {"$oid": "63e7b64210e6fb6e4c08a9f8"}, "uuid": {"$binary": {"base64": "p0gQAGmNqZPMiuqWtQVPsw==", "subType": "03"}}, "userId": {"$binary": {"base64": "p0gGAGmNqZOag+qWtQVPsw==", "subType": "03"}}, "state": "PROCESO", "fechaEntrada": {"$date": "2013-10-10T00:00:00Z"}, "fechaSalida": {"$date": "2023-12-12T00:00:00Z"}, "topeEntrega": {"$date": "2023-12-14T00:00:00Z"}, "precio": 0.0}, "upsert": true}]}' with request id 92 to database practica03mongoIvanLoli on connection [connectionId{localValue:7, serverValue:282387}] to server ac-o2suyf6-shard-00-02.7qtbnuz.mongodb.net:27017
16:37:38.726 [async-channel-group-0-handler-executor] DEBUG org.mongodb.driver.protocol.command - Execution of command with request id 92 completed successfully in 55.00 ms on connection [connectionId{localValue:7, serverValue:282387}] to server ac-o2suyf6-shard-00-02.7qtbnuz.mongodb.net:27017
16:37:38.736 [DefaultDispatcher-worker-1 @coroutine#772] DEBUG koin.repositories.pedido.PedidoRepository - save(Pedido(id=63e7b64210e6fb6e4c08a9f8, uuid=93a98d69-0010-48a7-b34f-05b596ea8acc, userId=93a98d69-0006-48a7-b34f-05b596ea839a, state=PROCESO, fechaEntrada=2013-10-10, fechaSalida=2023-12-12, topeEntrega=2023-12-14, precio=0.0))
16:37:38.740 [AsyncGetter-5-thread-1] DEBUG org.mongodb.driver.protocol.command - Sending command '{"update": "pedido", "ordered": true, "txnNumber": 19, "$db": "practica03mongoIvanLoli", "$clusterTime": {"clusterTime": {"$timestamp": {"t": 1676129857, "i": 9}}, "signature": {"hash": {"$binary": {"base64": "4Hfi54Z4pUuX12NoYESf8GgPM6I=", "subType": "00"}}, "keyId": 7161871216054108163}}, "lsid": {"id": {"$binary": {"base64": "nZRz+A95RCyuTZsKjCM1Eg==", "subType": "04"}}}, "updates": [{"q": {"_id": {"$oid": "63e7b64210e6fb6e4c08a9f8"}}, "u": {"_id": {"$oid": "63e7b64210e6fb6e4c08a9f8"}, "uuid": {"$binary": {"base64": "p0gQAGmNqZPMiuqWtQVPsw==", "subType": "03"}}, "userId": {"$binary": {"base64": "p0gGAGmNqZOag+qWtQVPsw==", "subType": "03"}}, "state": "PROCESO", "fechaEntrada": {"$date": "2013-10-10T00:00:00Z"}, "fechaSalida": {"$date": "2023-12-12T00:00:00Z"}, "topeEntrega": {"$date": "2023-12-14T00:00:00Z"}, "precio": 0.0}, "upsert": true}]}' with request id 93 to database practica03mongoIvanLoli on connection [connectionId{localValue:7, serverValue:282387}] to server ac-o2suyf6-shard-00-02.7qtbnuz.mongodb.net:27017
16:37:38.777 [async-channel-group-0-handler-executor] DEBUG org.mongodb.driver.protocol.command - Execution of command with request id 93 completed successfully in 37.45 ms on connection [connectionId{localValue:7, serverValue:282387}] to server ac-o2suyf6-shard-00-02.7qtbnuz.mongodb.net:27017
16:37:38.786 [AsyncGetter-5-thread-1] DEBUG org.mongodb.driver.protocol.command - Sending command '{"update": "pedido", "ordered": true, "txnNumber": 20, "$db": "practica03mongoIvanLoli", "$clusterTime": {"clusterTime": {"$timestamp": {"t": 1676129857, "i": 9}}, "signature": {"hash": {"$binary": {"base64": "4Hfi54Z4pUuX12NoYESf8GgPM6I=", "subType": "00"}}, "keyId": 7161871216054108163}}, "lsid": {"id": {"$binary": {"base64": "nZRz+A95RCyuTZsKjCM1Eg==", "subType": "04"}}}, "updates": [{"q": {"_id": {"$oid": "63e7b64210e6fb6e4c08a9f8"}}, "u": {"_id": {"$oid": "63e7b64210e6fb6e4c08a9f8"}, "uuid": {"$binary": {"base64": "p0gQAGmNqZPMiuqWtQVPsw==", "subType": "03"}}, "userId": {"$binary": {"base64": "p0gGAGmNqZOag+qWtQVPsw==", "subType": "03"}}, "state": "PROCESO", "fechaEntrada": {"$date": "2013-10-10T00:00:00Z"}, "fechaSalida": {"$date": "2023-12-12T00:00:00Z"}, "topeEntrega": {"$date": "2023-12-14T00:00:00Z"}, "precio": 0.0}, "upsert": true}]}' with request id 94 to database practica03mongoIvanLoli on connection [connectionId{localValue:7, serverValue:282387}] to server ac-o2suyf6-shard-00-02.7qtbnuz.mongodb.net:27017
16:37:38.824 [async-channel-group-0-handler-executor] DEBUG org.mongodb.driver.protocol.command - Execution of command with request id 94 completed successfully in 38.01 ms on connection [connectionId{localValue:7, serverValue:282387}] to server ac-o2suyf6-shard-00-02.7qtbnuz.mongodb.net:27017
16:37:38.829 [DefaultDispatcher-worker-1 @coroutine#777] DEBUG koin.repositories.pedido.PedidoRepository - findById(63e7b64210e6fb6e4c08a9f9)
16:37:38.831 [AsyncGetter-5-thread-1] DEBUG org.mongodb.driver.protocol.command - Sending command '{"find": "pedido", "filter": {"_id": {"$oid": "63e7b64210e6fb6e4c08a9f9"}}, "limit": 1, "singleBatch": true, "$db": "practica03mongoIvanLoli", "$clusterTime": {"clusterTime": {"$timestamp": {"t": 1676129857, "i": 9}}, "signature": {"hash": {"$binary": {"base64": "4Hfi54Z4pUuX12NoYESf8GgPM6I=", "subType": "00"}}, "keyId": 7161871216054108163}}, "lsid": {"id": {"$binary": {"base64": "nZRz+A95RCyuTZsKjCM1Eg==", "subType": "04"}}}}' with request id 95 to database practica03mongoIvanLoli on connection [connectionId{localValue:7, serverValue:282387}] to server ac-o2suyf6-shard-00-02.7qtbnuz.mongodb.net:27017
16:37:38.866 [async-channel-group-0-handler-executor] DEBUG org.mongodb.driver.protocol.command - Execution of command with request id 95 completed successfully in 34.86 ms on connection [connectionId{localValue:7, serverValue:282387}] to server ac-o2suyf6-shard-00-02.7qtbnuz.mongodb.net:27017
16:37:38.867 [async-channel-group-0-handler-executor] DEBUG org.mongodb.driver.operation - Received batch of 0 documents with cursorId 0 from server ac-o2suyf6-shard-00-02.7qtbnuz.mongodb.net:27017
16:37:38.874 [AsyncGetter-5-thread-1] DEBUG org.mongodb.driver.protocol.command - Sending command '{"update": "pedido", "ordered": true, "txnNumber": 21, "$db": "practica03mongoIvanLoli", "$clusterTime": {"clusterTime": {"$timestamp": {"t": 1676129857, "i": 9}}, "signature": {"hash": {"$binary": {"base64": "4Hfi54Z4pUuX12NoYESf8GgPM6I=", "subType": "00"}}, "keyId": 7161871216054108163}}, "lsid": {"id": {"$binary": {"base64": "nZRz+A95RCyuTZsKjCM1Eg==", "subType": "04"}}}, "updates": [{"q": {"_id": {"$oid": "63e7b64210e6fb6e4c08a9f8"}}, "u": {"_id": {"$oid": "63e7b64210e6fb6e4c08a9f8"}, "uuid": {"$binary": {"base64": "p0gQAGmNqZPMiuqWtQVPsw==", "subType": "03"}}, "userId": {"$binary": {"base64": "p0gGAGmNqZOag+qWtQVPsw==", "subType": "03"}}, "state": "PROCESO", "fechaEntrada": {"$date": "2013-10-10T00:00:00Z"}, "fechaSalida": {"$date": "2023-12-12T00:00:00Z"}, "topeEntrega": {"$date": "2023-12-14T00:00:00Z"}, "precio": 0.0}, "upsert": true}]}' with request id 96 to database practica03mongoIvanLoli on connection [connectionId{localValue:7, serverValue:282387}] to server ac-o2suyf6-shard-00-02.7qtbnuz.mongodb.net:27017
16:37:38.911 [async-channel-group-0-handler-executor] DEBUG org.mongodb.driver.protocol.command - Execution of command with request id 96 completed successfully in 38.08 ms on connection [connectionId{localValue:7, serverValue:282387}] to server ac-o2suyf6-shard-00-02.7qtbnuz.mongodb.net:27017
16:37:38.918 [DefaultDispatcher-worker-1 @coroutine#782] DEBUG koin.repositories.pedido.PedidoRepository - delete(63e7b64210e6fb6e4c08a9fa)
16:37:38.921 [AsyncGetter-5-thread-1] DEBUG org.mongodb.driver.protocol.command - Sending command '{"find": "pedido", "filter": {"_id": {"$oid": "63e7b64210e6fb6e4c08a9fa"}}, "limit": 1, "singleBatch": true, "$db": "practica03mongoIvanLoli", "$clusterTime": {"clusterTime": {"$timestamp": {"t": 1676129857, "i": 9}}, "signature": {"hash": {"$binary": {"base64": "4Hfi54Z4pUuX12NoYESf8GgPM6I=", "subType": "00"}}, "keyId": 7161871216054108163}}, "lsid": {"id": {"$binary": {"base64": "nZRz+A95RCyuTZsKjCM1Eg==", "subType": "04"}}}}' with request id 97 to database practica03mongoIvanLoli on connection [connectionId{localValue:7, serverValue:282387}] to server ac-o2suyf6-shard-00-02.7qtbnuz.mongodb.net:27017
16:37:38.956 [async-channel-group-0-handler-executor] DEBUG org.mongodb.driver.protocol.command - Execution of command with request id 97 completed successfully in 35.80 ms on connection [connectionId{localValue:7, serverValue:282387}] to server ac-o2suyf6-shard-00-02.7qtbnuz.mongodb.net:27017
16:37:38.956 [async-channel-group-0-handler-executor] DEBUG org.mongodb.driver.operation - Received batch of 0 documents with cursorId 0 from server ac-o2suyf6-shard-00-02.7qtbnuz.mongodb.net:27017
16:37:38.959 [AsyncGetter-5-thread-1] DEBUG org.mongodb.driver.protocol.command - Sending command '{"delete": "pedido", "ordered": true, "txnNumber": 22, "$db": "practica03mongoIvanLoli", "$clusterTime": {"clusterTime": {"$timestamp": {"t": 1676129858, "i": 1}}, "signature": {"hash": {"$binary": {"base64": "SvAM6r22eCZ3+zNjNn4FQkGex68=", "subType": "00"}}, "keyId": 7161871216054108163}}, "lsid": {"id": {"$binary": {"base64": "nZRz+A95RCyuTZsKjCM1Eg==", "subType": "04"}}}, "deletes": [{"q": {"_id": {"$oid": "63e7b64210e6fb6e4c08a9fa"}}, "limit": 1}]}' with request id 98 to database practica03mongoIvanLoli on connection [connectionId{localValue:7, serverValue:282387}] to server ac-o2suyf6-shard-00-02.7qtbnuz.mongodb.net:27017
16:37:38.994 [async-channel-group-0-handler-executor] DEBUG org.mongodb.driver.protocol.command - Execution of command with request id 98 completed successfully in 35.39 ms on connection [connectionId{localValue:7, serverValue:282387}] to server ac-o2suyf6-shard-00-02.7qtbnuz.mongodb.net:27017
16:37:38.999 [AsyncGetter-5-thread-1] DEBUG org.mongodb.driver.protocol.command - Sending command '{"drop": "pedido", "$db": "practica03mongoIvanLoli", "$clusterTime": {"clusterTime": {"$timestamp": {"t": 1676129858, "i": 1}}, "signature": {"hash": {"$binary": {"base64": "SvAM6r22eCZ3+zNjNn4FQkGex68=", "subType": "00"}}, "keyId": 7161871216054108163}}, "lsid": {"id": {"$binary": {"base64": "nZRz+A95RCyuTZsKjCM1Eg==", "subType": "04"}}}}' with request id 99 to database practica03mongoIvanLoli on connection [connectionId{localValue:7, serverValue:282387}] to server ac-o2suyf6-shard-00-02.7qtbnuz.mongodb.net:27017
16:37:39.048 [async-channel-group-0-handler-executor] DEBUG org.mongodb.driver.protocol.command - Execution of command with request id 99 completed successfully in 48.40 ms on connection [connectionId{localValue:7, serverValue:282387}] to server ac-o2suyf6-shard-00-02.7qtbnuz.mongodb.net:27017
]]></system-out>
  <system-err><![CDATA[]]></system-err>
</testsuite>
