<?xml version="1.0" encoding="UTF-8"?>
<testsuite name="koin.repositories.maquina.MaquinaRepositoryTest" tests="8" skipped="0" failures="0" errors="0" timestamp="2023-02-01T20:50:29" hostname="LOLI-LAPTOP" time="1.043">
  <properties/>
  <testcase name="delete()" classname="koin.repositories.maquina.MaquinaRepositoryTest" time="0.284"/>
  <testcase name="findAll()" classname="koin.repositories.maquina.MaquinaRepositoryTest" time="0.096"/>
  <testcase name="findById()" classname="koin.repositories.maquina.MaquinaRepositoryTest" time="0.098"/>
  <testcase name="findByUuid()" classname="koin.repositories.maquina.MaquinaRepositoryTest" time="0.099"/>
  <testcase name="save()" classname="koin.repositories.maquina.MaquinaRepositoryTest" time="0.095"/>
  <testcase name="findByIdNotExists()" classname="koin.repositories.maquina.MaquinaRepositoryTest" time="0.095"/>
  <testcase name="deleteNotExists()" classname="koin.repositories.maquina.MaquinaRepositoryTest" time="0.131"/>
  <testcase name="setInactive()" classname="koin.repositories.maquina.MaquinaRepositoryTest" time="0.143"/>
  <system-out><![CDATA[21:50:29.134 [AsyncGetter-5-thread-1] DEBUG org.mongodb.driver.protocol.command - Sending command '{"drop": "maquina", "$db": "practica03mongoIvanLoli", "$clusterTime": {"clusterTime": {"$timestamp": {"t": 1675284627, "i": 6}}, "signature": {"hash": {"$binary": {"base64": "G/9W2aAnMpWwMw76cVT+kOG+uB0=", "subType": "00"}}, "keyId": 7161871216054108163}}, "lsid": {"id": {"$binary": {"base64": "L4NnA2vsRma3Vy1OsSidBw==", "subType": "04"}}}}' with request id 34 to database practica03mongoIvanLoli on connection [connectionId{localValue:7, serverValue:108170}] to server ac-o2suyf6-shard-00-02.7qtbnuz.mongodb.net:27017
21:50:29.194 [async-channel-group-0-handler-executor] DEBUG org.mongodb.driver.protocol.command - Execution of command with request id 34 failed to complete successfully in 60.97 ms on connection [connectionId{localValue:7, serverValue:108170}] to server ac-o2suyf6-shard-00-02.7qtbnuz.mongodb.net:27017
com.mongodb.MongoCommandException: Command failed with error 26 (NamespaceNotFound): 'ns not found' on server ac-o2suyf6-shard-00-02.7qtbnuz.mongodb.net:27017. The full response is {"ok": 0.0, "errmsg": "ns not found", "code": 26, "codeName": "NamespaceNotFound", "$clusterTime": {"clusterTime": {"$timestamp": {"t": 1675284628, "i": 5}}, "signature": {"hash": {"$binary": {"base64": "vFUU2UE5/4ellV/MnnF1vR8NxP8=", "subType": "00"}}, "keyId": 7161871216054108163}}, "operationTime": {"$timestamp": {"t": 1675284628, "i": 5}}}
	at com.mongodb.internal.connection.ProtocolHelper.getCommandFailureException(ProtocolHelper.java:198)
	at com.mongodb.internal.connection.InternalStreamConnection$2$1.onResult(InternalStreamConnection.java:512)
	at com.mongodb.internal.connection.InternalStreamConnection$2$1.onResult(InternalStreamConnection.java:498)
	at com.mongodb.internal.connection.InternalStreamConnection$MessageHeaderCallback$MessageCallback.onResult(InternalStreamConnection.java:821)
	at com.mongodb.internal.connection.InternalStreamConnection$MessageHeaderCallback$MessageCallback.onResult(InternalStreamConnection.java:785)
	at com.mongodb.internal.connection.InternalStreamConnection$5.completed(InternalStreamConnection.java:645)
	at com.mongodb.internal.connection.InternalStreamConnection$5.completed(InternalStreamConnection.java:642)
	at com.mongodb.internal.connection.AsynchronousChannelStream$BasicCompletionHandler.completed(AsynchronousChannelStream.java:250)
	at com.mongodb.internal.connection.AsynchronousChannelStream$BasicCompletionHandler.completed(AsynchronousChannelStream.java:233)
	at com.mongodb.internal.connection.tlschannel.async.AsynchronousTlsChannel.lambda$read$4(AsynchronousTlsChannel.java:122)
	at java.base/java.util.concurrent.Executors$RunnableAdapter.call(Executors.java:539)
	at java.base/java.util.concurrent.FutureTask.run(FutureTask.java:264)
	at java.base/java.util.concurrent.ThreadPoolExecutor.runWorker(ThreadPoolExecutor.java:1136)
	at java.base/java.util.concurrent.ThreadPoolExecutor$Worker.run(ThreadPoolExecutor.java:635)
	at java.base/java.lang.Thread.run(Thread.java:833)
21:50:29.294 [AsyncGetter-5-thread-1] DEBUG org.mongodb.driver.protocol.command - Sending command '{"update": "maquina", "ordered": true, "txnNumber": 13, "$db": "practica03mongoIvanLoli", "$clusterTime": {"clusterTime": {"$timestamp": {"t": 1675284628, "i": 5}}, "signature": {"hash": {"$binary": {"base64": "vFUU2UE5/4ellV/MnnF1vR8NxP8=", "subType": "00"}}, "keyId": 7161871216054108163}}, "lsid": {"id": {"$binary": {"base64": "L4NnA2vsRma3Vy1OsSidBw==", "subType": "04"}}}, "updates": [{"q": {"_id": {"$oid": "63dad095922725009b7009b6"}}, "u": {"_id": {"$oid": "63dad095922725009b7009b6"}, "uuid": {"$binary": {"base64": "p0imbWmNqZO8g+qWtQVPsw==", "subType": "03"}}, "modelo": "RTX-3080TI", "marca": "Nvidia", "fechaAdquisicion": {"$date": "2022-11-10T00:00:00Z"}, "numeroSerie": "123456789X", "tipo": "PERSONALIZADORA", "activa": true, "isManual": null, "maxTension": null, "minTension": null, "measuresManeuverability": true, "measuresRigidity": false, "measuresBalance": true}, "upsert": true}]}' with request id 35 to database practica03mongoIvanLoli on connection [connectionId{localValue:7, serverValue:108170}] to server ac-o2suyf6-shard-00-02.7qtbnuz.mongodb.net:27017
21:50:29.374 [async-channel-group-0-handler-executor] DEBUG org.mongodb.driver.protocol.command - Execution of command with request id 35 completed successfully in 80.92 ms on connection [connectionId{localValue:7, serverValue:108170}] to server ac-o2suyf6-shard-00-02.7qtbnuz.mongodb.net:27017
21:50:29.382 [DefaultDispatcher-worker-1 @coroutine#98] DEBUG koin.repositories.maquina.MaquinaRepository - delete(63dad095922725009b7009b6)
21:50:29.385 [AsyncGetter-5-thread-1] DEBUG org.mongodb.driver.protocol.command - Sending command '{"find": "maquina", "filter": {"_id": {"$oid": "63dad095922725009b7009b6"}}, "limit": 1, "singleBatch": true, "$db": "practica03mongoIvanLoli", "$clusterTime": {"clusterTime": {"$timestamp": {"t": 1675284628, "i": 7}}, "signature": {"hash": {"$binary": {"base64": "vFUU2UE5/4ellV/MnnF1vR8NxP8=", "subType": "00"}}, "keyId": 7161871216054108163}}, "lsid": {"id": {"$binary": {"base64": "L4NnA2vsRma3Vy1OsSidBw==", "subType": "04"}}}}' with request id 36 to database practica03mongoIvanLoli on connection [connectionId{localValue:7, serverValue:108170}] to server ac-o2suyf6-shard-00-02.7qtbnuz.mongodb.net:27017
21:50:29.425 [async-channel-group-0-handler-executor] DEBUG org.mongodb.driver.protocol.command - Execution of command with request id 36 completed successfully in 41.16 ms on connection [connectionId{localValue:7, serverValue:108170}] to server ac-o2suyf6-shard-00-02.7qtbnuz.mongodb.net:27017
21:50:29.429 [async-channel-group-0-handler-executor] DEBUG org.mongodb.driver.operation - Received batch of 1 documents with cursorId 0 from server ac-o2suyf6-shard-00-02.7qtbnuz.mongodb.net:27017
21:50:29.431 [AsyncGetter-5-thread-1] DEBUG org.mongodb.driver.protocol.command - Sending command '{"delete": "maquina", "ordered": true, "txnNumber": 14, "$db": "practica03mongoIvanLoli", "$clusterTime": {"clusterTime": {"$timestamp": {"t": 1675284628, "i": 7}}, "signature": {"hash": {"$binary": {"base64": "vFUU2UE5/4ellV/MnnF1vR8NxP8=", "subType": "00"}}, "keyId": 7161871216054108163}}, "lsid": {"id": {"$binary": {"base64": "L4NnA2vsRma3Vy1OsSidBw==", "subType": "04"}}}, "deletes": [{"q": {"_id": {"$oid": "63dad095922725009b7009b6"}}, "limit": 1}]}' with request id 37 to database practica03mongoIvanLoli on connection [connectionId{localValue:7, serverValue:108170}] to server ac-o2suyf6-shard-00-02.7qtbnuz.mongodb.net:27017
21:50:29.476 [async-channel-group-0-handler-executor] DEBUG org.mongodb.driver.protocol.command - Execution of command with request id 37 completed successfully in 44.74 ms on connection [connectionId{localValue:7, serverValue:108170}] to server ac-o2suyf6-shard-00-02.7qtbnuz.mongodb.net:27017
21:50:29.482 [AsyncGetter-5-thread-1] DEBUG org.mongodb.driver.protocol.command - Sending command '{"update": "maquina", "ordered": true, "txnNumber": 15, "$db": "practica03mongoIvanLoli", "$clusterTime": {"clusterTime": {"$timestamp": {"t": 1675284628, "i": 8}}, "signature": {"hash": {"$binary": {"base64": "vFUU2UE5/4ellV/MnnF1vR8NxP8=", "subType": "00"}}, "keyId": 7161871216054108163}}, "lsid": {"id": {"$binary": {"base64": "L4NnA2vsRma3Vy1OsSidBw==", "subType": "04"}}}, "updates": [{"q": {"_id": {"$oid": "63dad095922725009b7009b6"}}, "u": {"_id": {"$oid": "63dad095922725009b7009b6"}, "uuid": {"$binary": {"base64": "p0imbWmNqZO8g+qWtQVPsw==", "subType": "03"}}, "modelo": "RTX-3080TI", "marca": "Nvidia", "fechaAdquisicion": {"$date": "2022-11-10T00:00:00Z"}, "numeroSerie": "123456789X", "tipo": "PERSONALIZADORA", "activa": true, "isManual": null, "maxTension": null, "minTension": null, "measuresManeuverability": true, "measuresRigidity": false, "measuresBalance": true}, "upsert": true}]}' with request id 38 to database practica03mongoIvanLoli on connection [connectionId{localValue:7, serverValue:108170}] to server ac-o2suyf6-shard-00-02.7qtbnuz.mongodb.net:27017
21:50:29.524 [async-channel-group-0-handler-executor] DEBUG org.mongodb.driver.protocol.command - Execution of command with request id 38 completed successfully in 43.22 ms on connection [connectionId{localValue:7, serverValue:108170}] to server ac-o2suyf6-shard-00-02.7qtbnuz.mongodb.net:27017
21:50:29.530 [DefaultDispatcher-worker-1 @coroutine#103] DEBUG koin.repositories.maquina.MaquinaRepository - findAll()
21:50:29.532 [AsyncGetter-5-thread-1] DEBUG org.mongodb.driver.protocol.command - Sending command '{"find": "maquina", "filter": {}, "batchSize": 64, "$db": "practica03mongoIvanLoli", "$clusterTime": {"clusterTime": {"$timestamp": {"t": 1675284628, "i": 9}}, "signature": {"hash": {"$binary": {"base64": "vFUU2UE5/4ellV/MnnF1vR8NxP8=", "subType": "00"}}, "keyId": 7161871216054108163}}, "lsid": {"id": {"$binary": {"base64": "L4NnA2vsRma3Vy1OsSidBw==", "subType": "04"}}}}' with request id 39 to database practica03mongoIvanLoli on connection [connectionId{localValue:7, serverValue:108170}] to server ac-o2suyf6-shard-00-02.7qtbnuz.mongodb.net:27017
21:50:29.570 [async-channel-group-0-handler-executor] DEBUG org.mongodb.driver.protocol.command - Execution of command with request id 39 completed successfully in 38.25 ms on connection [connectionId{localValue:7, serverValue:108170}] to server ac-o2suyf6-shard-00-02.7qtbnuz.mongodb.net:27017
21:50:29.571 [async-channel-group-0-handler-executor] DEBUG org.mongodb.driver.operation - Received batch of 1 documents with cursorId 0 from server ac-o2suyf6-shard-00-02.7qtbnuz.mongodb.net:27017
21:50:29.578 [AsyncGetter-5-thread-1] DEBUG org.mongodb.driver.protocol.command - Sending command '{"update": "maquina", "ordered": true, "txnNumber": 16, "$db": "practica03mongoIvanLoli", "$clusterTime": {"clusterTime": {"$timestamp": {"t": 1675284628, "i": 9}}, "signature": {"hash": {"$binary": {"base64": "vFUU2UE5/4ellV/MnnF1vR8NxP8=", "subType": "00"}}, "keyId": 7161871216054108163}}, "lsid": {"id": {"$binary": {"base64": "L4NnA2vsRma3Vy1OsSidBw==", "subType": "04"}}}, "updates": [{"q": {"_id": {"$oid": "63dad095922725009b7009b6"}}, "u": {"_id": {"$oid": "63dad095922725009b7009b6"}, "uuid": {"$binary": {"base64": "p0imbWmNqZO8g+qWtQVPsw==", "subType": "03"}}, "modelo": "RTX-3080TI", "marca": "Nvidia", "fechaAdquisicion": {"$date": "2022-11-10T00:00:00Z"}, "numeroSerie": "123456789X", "tipo": "PERSONALIZADORA", "activa": true, "isManual": null, "maxTension": null, "minTension": null, "measuresManeuverability": true, "measuresRigidity": false, "measuresBalance": true}, "upsert": true}]}' with request id 40 to database practica03mongoIvanLoli on connection [connectionId{localValue:7, serverValue:108170}] to server ac-o2suyf6-shard-00-02.7qtbnuz.mongodb.net:27017
21:50:29.618 [async-channel-group-0-handler-executor] DEBUG org.mongodb.driver.protocol.command - Execution of command with request id 40 completed successfully in 40.70 ms on connection [connectionId{localValue:7, serverValue:108170}] to server ac-o2suyf6-shard-00-02.7qtbnuz.mongodb.net:27017
21:50:29.625 [DefaultDispatcher-worker-1 @coroutine#109] DEBUG koin.repositories.maquina.MaquinaRepository - findById(63dad095922725009b7009b6)
21:50:29.628 [AsyncGetter-5-thread-1] DEBUG org.mongodb.driver.protocol.command - Sending command '{"find": "maquina", "filter": {"_id": {"$oid": "63dad095922725009b7009b6"}}, "limit": 1, "singleBatch": true, "$db": "practica03mongoIvanLoli", "$clusterTime": {"clusterTime": {"$timestamp": {"t": 1675284628, "i": 9}}, "signature": {"hash": {"$binary": {"base64": "vFUU2UE5/4ellV/MnnF1vR8NxP8=", "subType": "00"}}, "keyId": 7161871216054108163}}, "lsid": {"id": {"$binary": {"base64": "L4NnA2vsRma3Vy1OsSidBw==", "subType": "04"}}}}' with request id 41 to database practica03mongoIvanLoli on connection [connectionId{localValue:7, serverValue:108170}] to server ac-o2suyf6-shard-00-02.7qtbnuz.mongodb.net:27017
21:50:29.669 [async-channel-group-0-handler-executor] DEBUG org.mongodb.driver.protocol.command - Execution of command with request id 41 completed successfully in 41.13 ms on connection [connectionId{localValue:7, serverValue:108170}] to server ac-o2suyf6-shard-00-02.7qtbnuz.mongodb.net:27017
21:50:29.669 [async-channel-group-0-handler-executor] DEBUG org.mongodb.driver.operation - Received batch of 1 documents with cursorId 0 from server ac-o2suyf6-shard-00-02.7qtbnuz.mongodb.net:27017
21:50:29.677 [AsyncGetter-5-thread-1] DEBUG org.mongodb.driver.protocol.command - Sending command '{"update": "maquina", "ordered": true, "txnNumber": 17, "$db": "practica03mongoIvanLoli", "$clusterTime": {"clusterTime": {"$timestamp": {"t": 1675284628, "i": 9}}, "signature": {"hash": {"$binary": {"base64": "vFUU2UE5/4ellV/MnnF1vR8NxP8=", "subType": "00"}}, "keyId": 7161871216054108163}}, "lsid": {"id": {"$binary": {"base64": "L4NnA2vsRma3Vy1OsSidBw==", "subType": "04"}}}, "updates": [{"q": {"_id": {"$oid": "63dad095922725009b7009b6"}}, "u": {"_id": {"$oid": "63dad095922725009b7009b6"}, "uuid": {"$binary": {"base64": "p0imbWmNqZO8g+qWtQVPsw==", "subType": "03"}}, "modelo": "RTX-3080TI", "marca": "Nvidia", "fechaAdquisicion": {"$date": "2022-11-10T00:00:00Z"}, "numeroSerie": "123456789X", "tipo": "PERSONALIZADORA", "activa": true, "isManual": null, "maxTension": null, "minTension": null, "measuresManeuverability": true, "measuresRigidity": false, "measuresBalance": true}, "upsert": true}]}' with request id 42 to database practica03mongoIvanLoli on connection [connectionId{localValue:7, serverValue:108170}] to server ac-o2suyf6-shard-00-02.7qtbnuz.mongodb.net:27017
21:50:29.715 [async-channel-group-0-handler-executor] DEBUG org.mongodb.driver.protocol.command - Execution of command with request id 42 completed successfully in 39.28 ms on connection [connectionId{localValue:7, serverValue:108170}] to server ac-o2suyf6-shard-00-02.7qtbnuz.mongodb.net:27017
21:50:29.723 [DefaultDispatcher-worker-1 @coroutine#114] DEBUG koin.repositories.maquina.MaquinaRepository - findByUUID(93a98d69-6da6-48a7-b34f-05b596ea83bc)
21:50:29.729 [AsyncGetter-5-thread-1] DEBUG org.mongodb.driver.protocol.command - Sending command '{"find": "maquina", "filter": {}, "batchSize": 64, "$db": "practica03mongoIvanLoli", "$clusterTime": {"clusterTime": {"$timestamp": {"t": 1675284628, "i": 9}}, "signature": {"hash": {"$binary": {"base64": "vFUU2UE5/4ellV/MnnF1vR8NxP8=", "subType": "00"}}, "keyId": 7161871216054108163}}, "lsid": {"id": {"$binary": {"base64": "L4NnA2vsRma3Vy1OsSidBw==", "subType": "04"}}}}' with request id 43 to database practica03mongoIvanLoli on connection [connectionId{localValue:7, serverValue:108170}] to server ac-o2suyf6-shard-00-02.7qtbnuz.mongodb.net:27017
21:50:29.766 [async-channel-group-0-handler-executor] DEBUG org.mongodb.driver.protocol.command - Execution of command with request id 43 completed successfully in 37.65 ms on connection [connectionId{localValue:7, serverValue:108170}] to server ac-o2suyf6-shard-00-02.7qtbnuz.mongodb.net:27017
21:50:29.769 [async-channel-group-0-handler-executor] DEBUG org.mongodb.driver.operation - Received batch of 1 documents with cursorId 0 from server ac-o2suyf6-shard-00-02.7qtbnuz.mongodb.net:27017
21:50:29.776 [AsyncGetter-5-thread-1] DEBUG org.mongodb.driver.protocol.command - Sending command '{"update": "maquina", "ordered": true, "txnNumber": 18, "$db": "practica03mongoIvanLoli", "$clusterTime": {"clusterTime": {"$timestamp": {"t": 1675284628, "i": 9}}, "signature": {"hash": {"$binary": {"base64": "vFUU2UE5/4ellV/MnnF1vR8NxP8=", "subType": "00"}}, "keyId": 7161871216054108163}}, "lsid": {"id": {"$binary": {"base64": "L4NnA2vsRma3Vy1OsSidBw==", "subType": "04"}}}, "updates": [{"q": {"_id": {"$oid": "63dad095922725009b7009b6"}}, "u": {"_id": {"$oid": "63dad095922725009b7009b6"}, "uuid": {"$binary": {"base64": "p0imbWmNqZO8g+qWtQVPsw==", "subType": "03"}}, "modelo": "RTX-3080TI", "marca": "Nvidia", "fechaAdquisicion": {"$date": "2022-11-10T00:00:00Z"}, "numeroSerie": "123456789X", "tipo": "PERSONALIZADORA", "activa": true, "isManual": null, "maxTension": null, "minTension": null, "measuresManeuverability": true, "measuresRigidity": false, "measuresBalance": true}, "upsert": true}]}' with request id 44 to database practica03mongoIvanLoli on connection [connectionId{localValue:7, serverValue:108170}] to server ac-o2suyf6-shard-00-02.7qtbnuz.mongodb.net:27017
21:50:29.816 [async-channel-group-0-handler-executor] DEBUG org.mongodb.driver.protocol.command - Execution of command with request id 44 completed successfully in 39.66 ms on connection [connectionId{localValue:7, serverValue:108170}] to server ac-o2suyf6-shard-00-02.7qtbnuz.mongodb.net:27017
21:50:29.823 [DefaultDispatcher-worker-1 @coroutine#119] DEBUG koin.repositories.maquina.MaquinaRepository - save(Maquina(id=63dad095922725009b7009b6, uuid=93a98d69-6da6-48a7-b34f-05b596ea83bc, modelo=RTX-3080TI, marca=Nvidia, fechaAdquisicion=2022-11-10, numeroSerie=123456789X, tipo=PERSONALIZADORA, activa=true, isManual=null, maxTension=null, minTension=null, measuresManeuverability=true, measuresRigidity=false, measuresBalance=true))
21:50:29.827 [AsyncGetter-5-thread-1] DEBUG org.mongodb.driver.protocol.command - Sending command '{"update": "maquina", "ordered": true, "txnNumber": 19, "$db": "practica03mongoIvanLoli", "$clusterTime": {"clusterTime": {"$timestamp": {"t": 1675284628, "i": 9}}, "signature": {"hash": {"$binary": {"base64": "vFUU2UE5/4ellV/MnnF1vR8NxP8=", "subType": "00"}}, "keyId": 7161871216054108163}}, "lsid": {"id": {"$binary": {"base64": "L4NnA2vsRma3Vy1OsSidBw==", "subType": "04"}}}, "updates": [{"q": {"_id": {"$oid": "63dad095922725009b7009b6"}}, "u": {"_id": {"$oid": "63dad095922725009b7009b6"}, "uuid": {"$binary": {"base64": "p0imbWmNqZO8g+qWtQVPsw==", "subType": "03"}}, "modelo": "RTX-3080TI", "marca": "Nvidia", "fechaAdquisicion": {"$date": "2022-11-10T00:00:00Z"}, "numeroSerie": "123456789X", "tipo": "PERSONALIZADORA", "activa": true, "isManual": null, "maxTension": null, "minTension": null, "measuresManeuverability": true, "measuresRigidity": false, "measuresBalance": true}, "upsert": true}]}' with request id 45 to database practica03mongoIvanLoli on connection [connectionId{localValue:7, serverValue:108170}] to server ac-o2suyf6-shard-00-02.7qtbnuz.mongodb.net:27017
21:50:29.865 [async-channel-group-0-handler-executor] DEBUG org.mongodb.driver.protocol.command - Execution of command with request id 45 completed successfully in 39.69 ms on connection [connectionId{localValue:7, serverValue:108170}] to server ac-o2suyf6-shard-00-02.7qtbnuz.mongodb.net:27017
21:50:29.872 [AsyncGetter-5-thread-1] DEBUG org.mongodb.driver.protocol.command - Sending command '{"update": "maquina", "ordered": true, "txnNumber": 20, "$db": "practica03mongoIvanLoli", "$clusterTime": {"clusterTime": {"$timestamp": {"t": 1675284629, "i": 3}}, "signature": {"hash": {"$binary": {"base64": "Ir31NDkOPQ5or4NVxj5g1MvsH8s=", "subType": "00"}}, "keyId": 7161871216054108163}}, "lsid": {"id": {"$binary": {"base64": "L4NnA2vsRma3Vy1OsSidBw==", "subType": "04"}}}, "updates": [{"q": {"_id": {"$oid": "63dad095922725009b7009b6"}}, "u": {"_id": {"$oid": "63dad095922725009b7009b6"}, "uuid": {"$binary": {"base64": "p0imbWmNqZO8g+qWtQVPsw==", "subType": "03"}}, "modelo": "RTX-3080TI", "marca": "Nvidia", "fechaAdquisicion": {"$date": "2022-11-10T00:00:00Z"}, "numeroSerie": "123456789X", "tipo": "PERSONALIZADORA", "activa": true, "isManual": null, "maxTension": null, "minTension": null, "measuresManeuverability": true, "measuresRigidity": false, "measuresBalance": true}, "upsert": true}]}' with request id 46 to database practica03mongoIvanLoli on connection [connectionId{localValue:7, serverValue:108170}] to server ac-o2suyf6-shard-00-02.7qtbnuz.mongodb.net:27017
21:50:29.916 [async-channel-group-0-handler-executor] DEBUG org.mongodb.driver.protocol.command - Execution of command with request id 46 completed successfully in 44.56 ms on connection [connectionId{localValue:7, serverValue:108170}] to server ac-o2suyf6-shard-00-02.7qtbnuz.mongodb.net:27017
21:50:29.918 [DefaultDispatcher-worker-1 @coroutine#124] DEBUG koin.repositories.maquina.MaquinaRepository - findById(63dad095922725009b7009b7)
21:50:29.920 [AsyncGetter-5-thread-1] DEBUG org.mongodb.driver.protocol.command - Sending command '{"find": "maquina", "filter": {"_id": {"$oid": "63dad095922725009b7009b7"}}, "limit": 1, "singleBatch": true, "$db": "practica03mongoIvanLoli", "$clusterTime": {"clusterTime": {"$timestamp": {"t": 1675284629, "i": 3}}, "signature": {"hash": {"$binary": {"base64": "Ir31NDkOPQ5or4NVxj5g1MvsH8s=", "subType": "00"}}, "keyId": 7161871216054108163}}, "lsid": {"id": {"$binary": {"base64": "L4NnA2vsRma3Vy1OsSidBw==", "subType": "04"}}}}' with request id 47 to database practica03mongoIvanLoli on connection [connectionId{localValue:7, serverValue:108170}] to server ac-o2suyf6-shard-00-02.7qtbnuz.mongodb.net:27017
21:50:29.962 [async-channel-group-0-handler-executor] DEBUG org.mongodb.driver.protocol.command - Execution of command with request id 47 completed successfully in 41.52 ms on connection [connectionId{localValue:7, serverValue:108170}] to server ac-o2suyf6-shard-00-02.7qtbnuz.mongodb.net:27017
21:50:29.962 [async-channel-group-0-handler-executor] DEBUG org.mongodb.driver.operation - Received batch of 0 documents with cursorId 0 from server ac-o2suyf6-shard-00-02.7qtbnuz.mongodb.net:27017
21:50:29.967 [AsyncGetter-5-thread-1] DEBUG org.mongodb.driver.protocol.command - Sending command '{"update": "maquina", "ordered": true, "txnNumber": 21, "$db": "practica03mongoIvanLoli", "$clusterTime": {"clusterTime": {"$timestamp": {"t": 1675284629, "i": 4}}, "signature": {"hash": {"$binary": {"base64": "Ir31NDkOPQ5or4NVxj5g1MvsH8s=", "subType": "00"}}, "keyId": 7161871216054108163}}, "lsid": {"id": {"$binary": {"base64": "L4NnA2vsRma3Vy1OsSidBw==", "subType": "04"}}}, "updates": [{"q": {"_id": {"$oid": "63dad095922725009b7009b6"}}, "u": {"_id": {"$oid": "63dad095922725009b7009b6"}, "uuid": {"$binary": {"base64": "p0imbWmNqZO8g+qWtQVPsw==", "subType": "03"}}, "modelo": "RTX-3080TI", "marca": "Nvidia", "fechaAdquisicion": {"$date": "2022-11-10T00:00:00Z"}, "numeroSerie": "123456789X", "tipo": "PERSONALIZADORA", "activa": true, "isManual": null, "maxTension": null, "minTension": null, "measuresManeuverability": true, "measuresRigidity": false, "measuresBalance": true}, "upsert": true}]}' with request id 48 to database practica03mongoIvanLoli on connection [connectionId{localValue:7, serverValue:108170}] to server ac-o2suyf6-shard-00-02.7qtbnuz.mongodb.net:27017
21:50:30.007 [async-channel-group-0-handler-executor] DEBUG org.mongodb.driver.protocol.command - Execution of command with request id 48 completed successfully in 41.03 ms on connection [connectionId{localValue:7, serverValue:108170}] to server ac-o2suyf6-shard-00-02.7qtbnuz.mongodb.net:27017
21:50:30.010 [DefaultDispatcher-worker-1 @coroutine#129] DEBUG koin.repositories.maquina.MaquinaRepository - delete(63dad096922725009b7009b8)
21:50:30.012 [AsyncGetter-5-thread-1] DEBUG org.mongodb.driver.protocol.command - Sending command '{"find": "maquina", "filter": {"_id": {"$oid": "63dad096922725009b7009b8"}}, "limit": 1, "singleBatch": true, "$db": "practica03mongoIvanLoli", "$clusterTime": {"clusterTime": {"$timestamp": {"t": 1675284629, "i": 4}}, "signature": {"hash": {"$binary": {"base64": "Ir31NDkOPQ5or4NVxj5g1MvsH8s=", "subType": "00"}}, "keyId": 7161871216054108163}}, "lsid": {"id": {"$binary": {"base64": "L4NnA2vsRma3Vy1OsSidBw==", "subType": "04"}}}}' with request id 49 to database practica03mongoIvanLoli on connection [connectionId{localValue:7, serverValue:108170}] to server ac-o2suyf6-shard-00-02.7qtbnuz.mongodb.net:27017
21:50:30.052 [async-channel-group-0-handler-executor] DEBUG org.mongodb.driver.protocol.command - Execution of command with request id 49 completed successfully in 40.14 ms on connection [connectionId{localValue:7, serverValue:108170}] to server ac-o2suyf6-shard-00-02.7qtbnuz.mongodb.net:27017
21:50:30.052 [async-channel-group-0-handler-executor] DEBUG org.mongodb.driver.operation - Received batch of 0 documents with cursorId 0 from server ac-o2suyf6-shard-00-02.7qtbnuz.mongodb.net:27017
21:50:30.054 [AsyncGetter-5-thread-1] DEBUG org.mongodb.driver.protocol.command - Sending command '{"delete": "maquina", "ordered": true, "txnNumber": 22, "$db": "practica03mongoIvanLoli", "$clusterTime": {"clusterTime": {"$timestamp": {"t": 1675284629, "i": 5}}, "signature": {"hash": {"$binary": {"base64": "Ir31NDkOPQ5or4NVxj5g1MvsH8s=", "subType": "00"}}, "keyId": 7161871216054108163}}, "lsid": {"id": {"$binary": {"base64": "L4NnA2vsRma3Vy1OsSidBw==", "subType": "04"}}}, "deletes": [{"q": {"_id": {"$oid": "63dad096922725009b7009b8"}}, "limit": 1}]}' with request id 50 to database practica03mongoIvanLoli on connection [connectionId{localValue:7, serverValue:108170}] to server ac-o2suyf6-shard-00-02.7qtbnuz.mongodb.net:27017
21:50:30.092 [async-channel-group-0-handler-executor] DEBUG org.mongodb.driver.protocol.command - Execution of command with request id 50 completed successfully in 39.17 ms on connection [connectionId{localValue:7, serverValue:108170}] to server ac-o2suyf6-shard-00-02.7qtbnuz.mongodb.net:27017
21:50:30.096 [AsyncGetter-5-thread-1] DEBUG org.mongodb.driver.protocol.command - Sending command '{"update": "maquina", "ordered": true, "txnNumber": 23, "$db": "practica03mongoIvanLoli", "$clusterTime": {"clusterTime": {"$timestamp": {"t": 1675284629, "i": 5}}, "signature": {"hash": {"$binary": {"base64": "Ir31NDkOPQ5or4NVxj5g1MvsH8s=", "subType": "00"}}, "keyId": 7161871216054108163}}, "lsid": {"id": {"$binary": {"base64": "L4NnA2vsRma3Vy1OsSidBw==", "subType": "04"}}}, "updates": [{"q": {"_id": {"$oid": "63dad095922725009b7009b6"}}, "u": {"_id": {"$oid": "63dad095922725009b7009b6"}, "uuid": {"$binary": {"base64": "p0imbWmNqZO8g+qWtQVPsw==", "subType": "03"}}, "modelo": "RTX-3080TI", "marca": "Nvidia", "fechaAdquisicion": {"$date": "2022-11-10T00:00:00Z"}, "numeroSerie": "123456789X", "tipo": "PERSONALIZADORA", "activa": true, "isManual": null, "maxTension": null, "minTension": null, "measuresManeuverability": true, "measuresRigidity": false, "measuresBalance": true}, "upsert": true}]}' with request id 51 to database practica03mongoIvanLoli on connection [connectionId{localValue:7, serverValue:108170}] to server ac-o2suyf6-shard-00-02.7qtbnuz.mongodb.net:27017
21:50:30.141 [async-channel-group-0-handler-executor] DEBUG org.mongodb.driver.protocol.command - Execution of command with request id 51 completed successfully in 44.70 ms on connection [connectionId{localValue:7, serverValue:108170}] to server ac-o2suyf6-shard-00-02.7qtbnuz.mongodb.net:27017
21:50:30.146 [DefaultDispatcher-worker-1 @coroutine#134] DEBUG koin.repositories.maquina.MaquinaRepository - setInactive(63dad095922725009b7009b6)
21:50:30.148 [AsyncGetter-5-thread-1] DEBUG org.mongodb.driver.protocol.command - Sending command '{"find": "maquina", "filter": {"_id": {"$oid": "63dad095922725009b7009b6"}}, "limit": 1, "singleBatch": true, "$db": "practica03mongoIvanLoli", "$clusterTime": {"clusterTime": {"$timestamp": {"t": 1675284629, "i": 5}}, "signature": {"hash": {"$binary": {"base64": "Ir31NDkOPQ5or4NVxj5g1MvsH8s=", "subType": "00"}}, "keyId": 7161871216054108163}}, "lsid": {"id": {"$binary": {"base64": "L4NnA2vsRma3Vy1OsSidBw==", "subType": "04"}}}}' with request id 52 to database practica03mongoIvanLoli on connection [connectionId{localValue:7, serverValue:108170}] to server ac-o2suyf6-shard-00-02.7qtbnuz.mongodb.net:27017
21:50:30.186 [async-channel-group-0-handler-executor] DEBUG org.mongodb.driver.protocol.command - Execution of command with request id 52 completed successfully in 38.27 ms on connection [connectionId{localValue:7, serverValue:108170}] to server ac-o2suyf6-shard-00-02.7qtbnuz.mongodb.net:27017
21:50:30.187 [async-channel-group-0-handler-executor] DEBUG org.mongodb.driver.operation - Received batch of 1 documents with cursorId 0 from server ac-o2suyf6-shard-00-02.7qtbnuz.mongodb.net:27017
21:50:30.190 [AsyncGetter-5-thread-1] DEBUG org.mongodb.driver.protocol.command - Sending command '{"update": "maquina", "ordered": true, "txnNumber": 24, "$db": "practica03mongoIvanLoli", "$clusterTime": {"clusterTime": {"$timestamp": {"t": 1675284629, "i": 6}}, "signature": {"hash": {"$binary": {"base64": "Ir31NDkOPQ5or4NVxj5g1MvsH8s=", "subType": "00"}}, "keyId": 7161871216054108163}}, "lsid": {"id": {"$binary": {"base64": "L4NnA2vsRma3Vy1OsSidBw==", "subType": "04"}}}, "updates": [{"q": {"_id": {"$oid": "63dad095922725009b7009b6"}}, "u": {"_id": {"$oid": "63dad095922725009b7009b6"}, "uuid": {"$binary": {"base64": "p0imbWmNqZO8g+qWtQVPsw==", "subType": "03"}}, "modelo": "RTX-3080TI", "marca": "Nvidia", "fechaAdquisicion": {"$date": "2022-11-10T00:00:00Z"}, "numeroSerie": "123456789X", "tipo": "PERSONALIZADORA", "activa": false, "isManual": null, "maxTension": null, "minTension": null, "measuresManeuverability": true, "measuresRigidity": false, "measuresBalance": true}, "upsert": true}]}' with request id 53 to database practica03mongoIvanLoli on connection [connectionId{localValue:7, serverValue:108170}] to server ac-o2suyf6-shard-00-02.7qtbnuz.mongodb.net:27017
21:50:30.234 [async-channel-group-0-handler-executor] DEBUG org.mongodb.driver.protocol.command - Execution of command with request id 53 completed successfully in 44.81 ms on connection [connectionId{localValue:7, serverValue:108170}] to server ac-o2suyf6-shard-00-02.7qtbnuz.mongodb.net:27017
21:50:30.239 [AsyncGetter-5-thread-1] DEBUG org.mongodb.driver.protocol.command - Sending command '{"drop": "maquina", "$db": "practica03mongoIvanLoli", "$clusterTime": {"clusterTime": {"$timestamp": {"t": 1675284629, "i": 7}}, "signature": {"hash": {"$binary": {"base64": "Ir31NDkOPQ5or4NVxj5g1MvsH8s=", "subType": "00"}}, "keyId": 7161871216054108163}}, "lsid": {"id": {"$binary": {"base64": "L4NnA2vsRma3Vy1OsSidBw==", "subType": "04"}}}}' with request id 54 to database practica03mongoIvanLoli on connection [connectionId{localValue:7, serverValue:108170}] to server ac-o2suyf6-shard-00-02.7qtbnuz.mongodb.net:27017
21:50:30.307 [async-channel-group-0-handler-executor] DEBUG org.mongodb.driver.protocol.command - Execution of command with request id 54 completed successfully in 67.56 ms on connection [connectionId{localValue:7, serverValue:108170}] to server ac-o2suyf6-shard-00-02.7qtbnuz.mongodb.net:27017
]]></system-out>
  <system-err><![CDATA[]]></system-err>
</testsuite>
