<?xml version="1.0" encoding="UTF-8"?>
<testsuite name="koin.repositories.pedido.PedidoRepositoryTest" tests="7" skipped="0" failures="0" errors="0" timestamp="2023-02-01T20:50:30" hostname="LOLI-LAPTOP" time="0.802">
  <properties/>
  <testcase name="delete()" classname="koin.repositories.pedido.PedidoRepositoryTest" time="0.194"/>
  <testcase name="findAll()" classname="koin.repositories.pedido.PedidoRepositoryTest" time="0.104"/>
  <testcase name="findById()" classname="koin.repositories.pedido.PedidoRepositoryTest" time="0.092"/>
  <testcase name="findByUuid()" classname="koin.repositories.pedido.PedidoRepositoryTest" time="0.094"/>
  <testcase name="save()" classname="koin.repositories.pedido.PedidoRepositoryTest" time="0.091"/>
  <testcase name="findByIdNotExists()" classname="koin.repositories.pedido.PedidoRepositoryTest" time="0.088"/>
  <testcase name="deleteNotExists()" classname="koin.repositories.pedido.PedidoRepositoryTest" time="0.135"/>
  <system-out><![CDATA[21:50:30.494 [AsyncGetter-5-thread-1] DEBUG org.mongodb.driver.protocol.command - Sending command '{"drop": "pedido", "$db": "practica03mongoIvanLoli", "$clusterTime": {"clusterTime": {"$timestamp": {"t": 1675284629, "i": 8}}, "signature": {"hash": {"$binary": {"base64": "Ir31NDkOPQ5or4NVxj5g1MvsH8s=", "subType": "00"}}, "keyId": 7161871216054108163}}, "lsid": {"id": {"$binary": {"base64": "L4NnA2vsRma3Vy1OsSidBw==", "subType": "04"}}}}' with request id 55 to database practica03mongoIvanLoli on connection [connectionId{localValue:7, serverValue:108170}] to server ac-o2suyf6-shard-00-02.7qtbnuz.mongodb.net:27017
21:50:30.531 [async-channel-group-0-handler-executor] DEBUG org.mongodb.driver.protocol.command - Execution of command with request id 55 failed to complete successfully in 37.71 ms on connection [connectionId{localValue:7, serverValue:108170}] to server ac-o2suyf6-shard-00-02.7qtbnuz.mongodb.net:27017
com.mongodb.MongoCommandException: Command failed with error 26 (NamespaceNotFound): 'ns not found' on server ac-o2suyf6-shard-00-02.7qtbnuz.mongodb.net:27017. The full response is {"ok": 0.0, "errmsg": "ns not found", "code": 26, "codeName": "NamespaceNotFound", "$clusterTime": {"clusterTime": {"$timestamp": {"t": 1675284629, "i": 8}}, "signature": {"hash": {"$binary": {"base64": "Ir31NDkOPQ5or4NVxj5g1MvsH8s=", "subType": "00"}}, "keyId": 7161871216054108163}}, "operationTime": {"$timestamp": {"t": 1675284629, "i": 8}}}
	at com.mongodb.internal.connection.ProtocolHelper.getCommandFailureException(ProtocolHelper.java:198)
	at com.mongodb.internal.connection.InternalStreamConnection$2$1.onResult(InternalStreamConnection.java:512)
	at com.mongodb.internal.connection.InternalStreamConnection$2$1.onResult(InternalStreamConnection.java:498)
	at com.mongodb.internal.connection.InternalStreamConnection$MessageHeaderCallback$MessageCallback.onResult(InternalStreamConnection.java:821)
	at com.mongodb.internal.connection.InternalStreamConnection$MessageHeaderCallback$MessageCallback.onResult(InternalStreamConnection.java:785)
	at com.mongodb.internal.connection.InternalStreamConnection$5.completed(InternalStreamConnection.java:645)
	at com.mongodb.internal.connection.InternalStreamConnection$5.completed(InternalStreamConnection.java:642)
	at com.mongodb.internal.connection.AsynchronousChannelStream$BasicCompletionHandler.completed(AsynchronousChannelStream.java:250)
	at com.mongodb.internal.connection.AsynchronousChannelStream$BasicCompletionHandler.completed(AsynchronousChannelStream.java:233)
	at com.mongodb.internal.connection.tlschannel.async.AsynchronousTlsChannel.lambda$read$4(AsynchronousTlsChannel.java:122)
	at java.base/java.util.concurrent.Executors$RunnableAdapter.call(Executors.java:539)
	at java.base/java.util.concurrent.FutureTask.run(FutureTask.java:264)
	at java.base/java.util.concurrent.ThreadPoolExecutor.runWorker(ThreadPoolExecutor.java:1136)
	at java.base/java.util.concurrent.ThreadPoolExecutor$Worker.run(ThreadPoolExecutor.java:635)
	at java.base/java.lang.Thread.run(Thread.java:833)
21:50:30.554 [AsyncGetter-5-thread-1] DEBUG org.mongodb.driver.protocol.command - Sending command '{"update": "pedido", "ordered": true, "txnNumber": 25, "$db": "practica03mongoIvanLoli", "$clusterTime": {"clusterTime": {"$timestamp": {"t": 1675284629, "i": 8}}, "signature": {"hash": {"$binary": {"base64": "Ir31NDkOPQ5or4NVxj5g1MvsH8s=", "subType": "00"}}, "keyId": 7161871216054108163}}, "lsid": {"id": {"$binary": {"base64": "L4NnA2vsRma3Vy1OsSidBw==", "subType": "04"}}}, "updates": [{"q": {"_id": {"$oid": "63dad096922725009b7009bb"}}, "u": {"_id": {"$oid": "63dad096922725009b7009bb"}, "uuid": {"$binary": {"base64": "p0gQAGmNqZPMiuqWtQVPsw==", "subType": "03"}}, "userId": {"$binary": {"base64": "p0gGAGmNqZOag+qWtQVPsw==", "subType": "03"}}, "state": "PROCESO", "fechaEntrada": {"$date": "2013-10-10T00:00:00Z"}, "fechaSalida": {"$date": "2023-12-12T00:00:00Z"}, "topeEntrega": {"$date": "2023-12-14T00:00:00Z"}, "precio": 0.0}, "upsert": true}]}' with request id 56 to database practica03mongoIvanLoli on connection [connectionId{localValue:7, serverValue:108170}] to server ac-o2suyf6-shard-00-02.7qtbnuz.mongodb.net:27017
21:50:30.631 [async-channel-group-0-handler-executor] DEBUG org.mongodb.driver.protocol.command - Execution of command with request id 56 completed successfully in 77.44 ms on connection [connectionId{localValue:7, serverValue:108170}] to server ac-o2suyf6-shard-00-02.7qtbnuz.mongodb.net:27017
21:50:30.637 [DefaultDispatcher-worker-1 @coroutine#186] DEBUG koin.repositories.pedido.PedidoRepository - delete(63dad096922725009b7009bb)
21:50:30.638 [AsyncGetter-5-thread-1] DEBUG org.mongodb.driver.protocol.command - Sending command '{"find": "pedido", "filter": {"_id": {"$oid": "63dad096922725009b7009bb"}}, "limit": 1, "singleBatch": true, "$db": "practica03mongoIvanLoli", "$clusterTime": {"clusterTime": {"$timestamp": {"t": 1675284629, "i": 10}}, "signature": {"hash": {"$binary": {"base64": "Ir31NDkOPQ5or4NVxj5g1MvsH8s=", "subType": "00"}}, "keyId": 7161871216054108163}}, "lsid": {"id": {"$binary": {"base64": "L4NnA2vsRma3Vy1OsSidBw==", "subType": "04"}}}}' with request id 57 to database practica03mongoIvanLoli on connection [connectionId{localValue:7, serverValue:108170}] to server ac-o2suyf6-shard-00-02.7qtbnuz.mongodb.net:27017
21:50:30.676 [async-channel-group-0-handler-executor] DEBUG org.mongodb.driver.protocol.command - Execution of command with request id 57 completed successfully in 37.25 ms on connection [connectionId{localValue:7, serverValue:108170}] to server ac-o2suyf6-shard-00-02.7qtbnuz.mongodb.net:27017
21:50:30.679 [async-channel-group-0-handler-executor] DEBUG org.mongodb.driver.operation - Received batch of 1 documents with cursorId 0 from server ac-o2suyf6-shard-00-02.7qtbnuz.mongodb.net:27017
21:50:30.681 [AsyncGetter-5-thread-1] DEBUG org.mongodb.driver.protocol.command - Sending command '{"delete": "pedido", "ordered": true, "txnNumber": 26, "$db": "practica03mongoIvanLoli", "$clusterTime": {"clusterTime": {"$timestamp": {"t": 1675284629, "i": 10}}, "signature": {"hash": {"$binary": {"base64": "Ir31NDkOPQ5or4NVxj5g1MvsH8s=", "subType": "00"}}, "keyId": 7161871216054108163}}, "lsid": {"id": {"$binary": {"base64": "L4NnA2vsRma3Vy1OsSidBw==", "subType": "04"}}}, "deletes": [{"q": {"_id": {"$oid": "63dad096922725009b7009bb"}}, "limit": 1}]}' with request id 58 to database practica03mongoIvanLoli on connection [connectionId{localValue:7, serverValue:108170}] to server ac-o2suyf6-shard-00-02.7qtbnuz.mongodb.net:27017
21:50:30.723 [async-channel-group-0-handler-executor] DEBUG org.mongodb.driver.protocol.command - Execution of command with request id 58 completed successfully in 42.53 ms on connection [connectionId{localValue:7, serverValue:108170}] to server ac-o2suyf6-shard-00-02.7qtbnuz.mongodb.net:27017
21:50:30.729 [AsyncGetter-5-thread-1] DEBUG org.mongodb.driver.protocol.command - Sending command '{"update": "pedido", "ordered": true, "txnNumber": 27, "$db": "practica03mongoIvanLoli", "$clusterTime": {"clusterTime": {"$timestamp": {"t": 1675284630, "i": 1}}, "signature": {"hash": {"$binary": {"base64": "4q3+n0NWMgjiWOZVwCpI0pc/WM8=", "subType": "00"}}, "keyId": 7161871216054108163}}, "lsid": {"id": {"$binary": {"base64": "L4NnA2vsRma3Vy1OsSidBw==", "subType": "04"}}}, "updates": [{"q": {"_id": {"$oid": "63dad096922725009b7009bb"}}, "u": {"_id": {"$oid": "63dad096922725009b7009bb"}, "uuid": {"$binary": {"base64": "p0gQAGmNqZPMiuqWtQVPsw==", "subType": "03"}}, "userId": {"$binary": {"base64": "p0gGAGmNqZOag+qWtQVPsw==", "subType": "03"}}, "state": "PROCESO", "fechaEntrada": {"$date": "2013-10-10T00:00:00Z"}, "fechaSalida": {"$date": "2023-12-12T00:00:00Z"}, "topeEntrega": {"$date": "2023-12-14T00:00:00Z"}, "precio": 0.0}, "upsert": true}]}' with request id 59 to database practica03mongoIvanLoli on connection [connectionId{localValue:7, serverValue:108170}] to server ac-o2suyf6-shard-00-02.7qtbnuz.mongodb.net:27017
21:50:30.772 [async-channel-group-0-handler-executor] DEBUG org.mongodb.driver.protocol.command - Execution of command with request id 59 completed successfully in 43.62 ms on connection [connectionId{localValue:7, serverValue:108170}] to server ac-o2suyf6-shard-00-02.7qtbnuz.mongodb.net:27017
21:50:30.777 [DefaultDispatcher-worker-1 @coroutine#191] DEBUG koin.repositories.pedido.PedidoRepository - findAll()
21:50:30.778 [AsyncGetter-5-thread-1] DEBUG org.mongodb.driver.protocol.command - Sending command '{"find": "pedido", "filter": {}, "batchSize": 64, "$db": "practica03mongoIvanLoli", "$clusterTime": {"clusterTime": {"$timestamp": {"t": 1675284630, "i": 2}}, "signature": {"hash": {"$binary": {"base64": "4q3+n0NWMgjiWOZVwCpI0pc/WM8=", "subType": "00"}}, "keyId": 7161871216054108163}}, "lsid": {"id": {"$binary": {"base64": "L4NnA2vsRma3Vy1OsSidBw==", "subType": "04"}}}}' with request id 60 to database practica03mongoIvanLoli on connection [connectionId{localValue:7, serverValue:108170}] to server ac-o2suyf6-shard-00-02.7qtbnuz.mongodb.net:27017
21:50:30.827 [async-channel-group-0-handler-executor] DEBUG org.mongodb.driver.protocol.command - Execution of command with request id 60 completed successfully in 48.80 ms on connection [connectionId{localValue:7, serverValue:108170}] to server ac-o2suyf6-shard-00-02.7qtbnuz.mongodb.net:27017
21:50:30.828 [async-channel-group-0-handler-executor] DEBUG org.mongodb.driver.operation - Received batch of 1 documents with cursorId 0 from server ac-o2suyf6-shard-00-02.7qtbnuz.mongodb.net:27017
21:50:30.834 [AsyncGetter-5-thread-1] DEBUG org.mongodb.driver.protocol.command - Sending command '{"update": "pedido", "ordered": true, "txnNumber": 28, "$db": "practica03mongoIvanLoli", "$clusterTime": {"clusterTime": {"$timestamp": {"t": 1675284630, "i": 2}}, "signature": {"hash": {"$binary": {"base64": "4q3+n0NWMgjiWOZVwCpI0pc/WM8=", "subType": "00"}}, "keyId": 7161871216054108163}}, "lsid": {"id": {"$binary": {"base64": "L4NnA2vsRma3Vy1OsSidBw==", "subType": "04"}}}, "updates": [{"q": {"_id": {"$oid": "63dad096922725009b7009bb"}}, "u": {"_id": {"$oid": "63dad096922725009b7009bb"}, "uuid": {"$binary": {"base64": "p0gQAGmNqZPMiuqWtQVPsw==", "subType": "03"}}, "userId": {"$binary": {"base64": "p0gGAGmNqZOag+qWtQVPsw==", "subType": "03"}}, "state": "PROCESO", "fechaEntrada": {"$date": "2013-10-10T00:00:00Z"}, "fechaSalida": {"$date": "2023-12-12T00:00:00Z"}, "topeEntrega": {"$date": "2023-12-14T00:00:00Z"}, "precio": 0.0}, "upsert": true}]}' with request id 61 to database practica03mongoIvanLoli on connection [connectionId{localValue:7, serverValue:108170}] to server ac-o2suyf6-shard-00-02.7qtbnuz.mongodb.net:27017
21:50:30.875 [async-channel-group-0-handler-executor] DEBUG org.mongodb.driver.protocol.command - Execution of command with request id 61 completed successfully in 42.16 ms on connection [connectionId{localValue:7, serverValue:108170}] to server ac-o2suyf6-shard-00-02.7qtbnuz.mongodb.net:27017
21:50:30.880 [DefaultDispatcher-worker-1 @coroutine#197] DEBUG koin.repositories.pedido.PedidoRepository - findById(63dad096922725009b7009bb)
21:50:30.881 [AsyncGetter-5-thread-1] DEBUG org.mongodb.driver.protocol.command - Sending command '{"find": "pedido", "filter": {"_id": {"$oid": "63dad096922725009b7009bb"}}, "limit": 1, "singleBatch": true, "$db": "practica03mongoIvanLoli", "$clusterTime": {"clusterTime": {"$timestamp": {"t": 1675284630, "i": 3}}, "signature": {"hash": {"$binary": {"base64": "4q3+n0NWMgjiWOZVwCpI0pc/WM8=", "subType": "00"}}, "keyId": 7161871216054108163}}, "lsid": {"id": {"$binary": {"base64": "L4NnA2vsRma3Vy1OsSidBw==", "subType": "04"}}}}' with request id 62 to database practica03mongoIvanLoli on connection [connectionId{localValue:7, serverValue:108170}] to server ac-o2suyf6-shard-00-02.7qtbnuz.mongodb.net:27017
21:50:30.921 [async-channel-group-0-handler-executor] DEBUG org.mongodb.driver.protocol.command - Execution of command with request id 62 completed successfully in 39.49 ms on connection [connectionId{localValue:7, serverValue:108170}] to server ac-o2suyf6-shard-00-02.7qtbnuz.mongodb.net:27017
21:50:30.922 [async-channel-group-0-handler-executor] DEBUG org.mongodb.driver.operation - Received batch of 1 documents with cursorId 0 from server ac-o2suyf6-shard-00-02.7qtbnuz.mongodb.net:27017
21:50:30.925 [AsyncGetter-5-thread-1] DEBUG org.mongodb.driver.protocol.command - Sending command '{"update": "pedido", "ordered": true, "txnNumber": 29, "$db": "practica03mongoIvanLoli", "$clusterTime": {"clusterTime": {"$timestamp": {"t": 1675284630, "i": 3}}, "signature": {"hash": {"$binary": {"base64": "4q3+n0NWMgjiWOZVwCpI0pc/WM8=", "subType": "00"}}, "keyId": 7161871216054108163}}, "lsid": {"id": {"$binary": {"base64": "L4NnA2vsRma3Vy1OsSidBw==", "subType": "04"}}}, "updates": [{"q": {"_id": {"$oid": "63dad096922725009b7009bb"}}, "u": {"_id": {"$oid": "63dad096922725009b7009bb"}, "uuid": {"$binary": {"base64": "p0gQAGmNqZPMiuqWtQVPsw==", "subType": "03"}}, "userId": {"$binary": {"base64": "p0gGAGmNqZOag+qWtQVPsw==", "subType": "03"}}, "state": "PROCESO", "fechaEntrada": {"$date": "2013-10-10T00:00:00Z"}, "fechaSalida": {"$date": "2023-12-12T00:00:00Z"}, "topeEntrega": {"$date": "2023-12-14T00:00:00Z"}, "precio": 0.0}, "upsert": true}]}' with request id 63 to database practica03mongoIvanLoli on connection [connectionId{localValue:7, serverValue:108170}] to server ac-o2suyf6-shard-00-02.7qtbnuz.mongodb.net:27017
21:50:30.962 [async-channel-group-0-handler-executor] DEBUG org.mongodb.driver.protocol.command - Execution of command with request id 63 completed successfully in 37.87 ms on connection [connectionId{localValue:7, serverValue:108170}] to server ac-o2suyf6-shard-00-02.7qtbnuz.mongodb.net:27017
21:50:30.969 [DefaultDispatcher-worker-1 @coroutine#202] DEBUG koin.repositories.pedido.PedidoRepository - findByUUID(93a98d69-0010-48a7-b34f-05b596ea8acc)
21:50:30.971 [AsyncGetter-5-thread-1] DEBUG org.mongodb.driver.protocol.command - Sending command '{"find": "pedido", "filter": {}, "batchSize": 64, "$db": "practica03mongoIvanLoli", "$clusterTime": {"clusterTime": {"$timestamp": {"t": 1675284630, "i": 5}}, "signature": {"hash": {"$binary": {"base64": "4q3+n0NWMgjiWOZVwCpI0pc/WM8=", "subType": "00"}}, "keyId": 7161871216054108163}}, "lsid": {"id": {"$binary": {"base64": "L4NnA2vsRma3Vy1OsSidBw==", "subType": "04"}}}}' with request id 64 to database practica03mongoIvanLoli on connection [connectionId{localValue:7, serverValue:108170}] to server ac-o2suyf6-shard-00-02.7qtbnuz.mongodb.net:27017
21:50:31.013 [async-channel-group-0-handler-executor] DEBUG org.mongodb.driver.protocol.command - Execution of command with request id 64 completed successfully in 41.57 ms on connection [connectionId{localValue:7, serverValue:108170}] to server ac-o2suyf6-shard-00-02.7qtbnuz.mongodb.net:27017
21:50:31.013 [async-channel-group-0-handler-executor] DEBUG org.mongodb.driver.operation - Received batch of 1 documents with cursorId 0 from server ac-o2suyf6-shard-00-02.7qtbnuz.mongodb.net:27017
21:50:31.021 [AsyncGetter-5-thread-1] DEBUG org.mongodb.driver.protocol.command - Sending command '{"update": "pedido", "ordered": true, "txnNumber": 30, "$db": "practica03mongoIvanLoli", "$clusterTime": {"clusterTime": {"$timestamp": {"t": 1675284630, "i": 5}}, "signature": {"hash": {"$binary": {"base64": "4q3+n0NWMgjiWOZVwCpI0pc/WM8=", "subType": "00"}}, "keyId": 7161871216054108163}}, "lsid": {"id": {"$binary": {"base64": "L4NnA2vsRma3Vy1OsSidBw==", "subType": "04"}}}, "updates": [{"q": {"_id": {"$oid": "63dad096922725009b7009bb"}}, "u": {"_id": {"$oid": "63dad096922725009b7009bb"}, "uuid": {"$binary": {"base64": "p0gQAGmNqZPMiuqWtQVPsw==", "subType": "03"}}, "userId": {"$binary": {"base64": "p0gGAGmNqZOag+qWtQVPsw==", "subType": "03"}}, "state": "PROCESO", "fechaEntrada": {"$date": "2013-10-10T00:00:00Z"}, "fechaSalida": {"$date": "2023-12-12T00:00:00Z"}, "topeEntrega": {"$date": "2023-12-14T00:00:00Z"}, "precio": 0.0}, "upsert": true}]}' with request id 65 to database practica03mongoIvanLoli on connection [connectionId{localValue:7, serverValue:108170}] to server ac-o2suyf6-shard-00-02.7qtbnuz.mongodb.net:27017
21:50:31.059 [async-channel-group-0-handler-executor] DEBUG org.mongodb.driver.protocol.command - Execution of command with request id 65 completed successfully in 38.89 ms on connection [connectionId{localValue:7, serverValue:108170}] to server ac-o2suyf6-shard-00-02.7qtbnuz.mongodb.net:27017
21:50:31.065 [DefaultDispatcher-worker-1 @coroutine#207] DEBUG koin.repositories.pedido.PedidoRepository - save(Pedido(id=63dad096922725009b7009bb, uuid=93a98d69-0010-48a7-b34f-05b596ea8acc, userId=93a98d69-0006-48a7-b34f-05b596ea839a, state=PROCESO, fechaEntrada=2013-10-10, fechaSalida=2023-12-12, topeEntrega=2023-12-14, precio=0.0))
21:50:31.067 [AsyncGetter-5-thread-1] DEBUG org.mongodb.driver.protocol.command - Sending command '{"update": "pedido", "ordered": true, "txnNumber": 31, "$db": "practica03mongoIvanLoli", "$clusterTime": {"clusterTime": {"$timestamp": {"t": 1675284630, "i": 7}}, "signature": {"hash": {"$binary": {"base64": "4q3+n0NWMgjiWOZVwCpI0pc/WM8=", "subType": "00"}}, "keyId": 7161871216054108163}}, "lsid": {"id": {"$binary": {"base64": "L4NnA2vsRma3Vy1OsSidBw==", "subType": "04"}}}, "updates": [{"q": {"_id": {"$oid": "63dad096922725009b7009bb"}}, "u": {"_id": {"$oid": "63dad096922725009b7009bb"}, "uuid": {"$binary": {"base64": "p0gQAGmNqZPMiuqWtQVPsw==", "subType": "03"}}, "userId": {"$binary": {"base64": "p0gGAGmNqZOag+qWtQVPsw==", "subType": "03"}}, "state": "PROCESO", "fechaEntrada": {"$date": "2013-10-10T00:00:00Z"}, "fechaSalida": {"$date": "2023-12-12T00:00:00Z"}, "topeEntrega": {"$date": "2023-12-14T00:00:00Z"}, "precio": 0.0}, "upsert": true}]}' with request id 66 to database practica03mongoIvanLoli on connection [connectionId{localValue:7, serverValue:108170}] to server ac-o2suyf6-shard-00-02.7qtbnuz.mongodb.net:27017
21:50:31.106 [async-channel-group-0-handler-executor] DEBUG org.mongodb.driver.protocol.command - Execution of command with request id 66 completed successfully in 40.51 ms on connection [connectionId{localValue:7, serverValue:108170}] to server ac-o2suyf6-shard-00-02.7qtbnuz.mongodb.net:27017
21:50:31.112 [AsyncGetter-5-thread-1] DEBUG org.mongodb.driver.protocol.command - Sending command '{"update": "pedido", "ordered": true, "txnNumber": 32, "$db": "practica03mongoIvanLoli", "$clusterTime": {"clusterTime": {"$timestamp": {"t": 1675284630, "i": 7}}, "signature": {"hash": {"$binary": {"base64": "4q3+n0NWMgjiWOZVwCpI0pc/WM8=", "subType": "00"}}, "keyId": 7161871216054108163}}, "lsid": {"id": {"$binary": {"base64": "L4NnA2vsRma3Vy1OsSidBw==", "subType": "04"}}}, "updates": [{"q": {"_id": {"$oid": "63dad096922725009b7009bb"}}, "u": {"_id": {"$oid": "63dad096922725009b7009bb"}, "uuid": {"$binary": {"base64": "p0gQAGmNqZPMiuqWtQVPsw==", "subType": "03"}}, "userId": {"$binary": {"base64": "p0gGAGmNqZOag+qWtQVPsw==", "subType": "03"}}, "state": "PROCESO", "fechaEntrada": {"$date": "2013-10-10T00:00:00Z"}, "fechaSalida": {"$date": "2023-12-12T00:00:00Z"}, "topeEntrega": {"$date": "2023-12-14T00:00:00Z"}, "precio": 0.0}, "upsert": true}]}' with request id 67 to database practica03mongoIvanLoli on connection [connectionId{localValue:7, serverValue:108170}] to server ac-o2suyf6-shard-00-02.7qtbnuz.mongodb.net:27017
21:50:31.150 [async-channel-group-0-handler-executor] DEBUG org.mongodb.driver.protocol.command - Execution of command with request id 67 completed successfully in 38.86 ms on connection [connectionId{localValue:7, serverValue:108170}] to server ac-o2suyf6-shard-00-02.7qtbnuz.mongodb.net:27017
21:50:31.154 [DefaultDispatcher-worker-1 @coroutine#212] DEBUG koin.repositories.pedido.PedidoRepository - findById(63dad097922725009b7009bc)
21:50:31.156 [AsyncGetter-5-thread-1] DEBUG org.mongodb.driver.protocol.command - Sending command '{"find": "pedido", "filter": {"_id": {"$oid": "63dad097922725009b7009bc"}}, "limit": 1, "singleBatch": true, "$db": "practica03mongoIvanLoli", "$clusterTime": {"clusterTime": {"$timestamp": {"t": 1675284630, "i": 7}}, "signature": {"hash": {"$binary": {"base64": "4q3+n0NWMgjiWOZVwCpI0pc/WM8=", "subType": "00"}}, "keyId": 7161871216054108163}}, "lsid": {"id": {"$binary": {"base64": "L4NnA2vsRma3Vy1OsSidBw==", "subType": "04"}}}}' with request id 68 to database practica03mongoIvanLoli on connection [connectionId{localValue:7, serverValue:108170}] to server ac-o2suyf6-shard-00-02.7qtbnuz.mongodb.net:27017
21:50:31.197 [async-channel-group-0-handler-executor] DEBUG org.mongodb.driver.protocol.command - Execution of command with request id 68 completed successfully in 41.07 ms on connection [connectionId{localValue:7, serverValue:108170}] to server ac-o2suyf6-shard-00-02.7qtbnuz.mongodb.net:27017
21:50:31.197 [async-channel-group-0-handler-executor] DEBUG org.mongodb.driver.operation - Received batch of 0 documents with cursorId 0 from server ac-o2suyf6-shard-00-02.7qtbnuz.mongodb.net:27017
21:50:31.202 [AsyncGetter-5-thread-1] DEBUG org.mongodb.driver.protocol.command - Sending command '{"update": "pedido", "ordered": true, "txnNumber": 33, "$db": "practica03mongoIvanLoli", "$clusterTime": {"clusterTime": {"$timestamp": {"t": 1675284630, "i": 7}}, "signature": {"hash": {"$binary": {"base64": "4q3+n0NWMgjiWOZVwCpI0pc/WM8=", "subType": "00"}}, "keyId": 7161871216054108163}}, "lsid": {"id": {"$binary": {"base64": "L4NnA2vsRma3Vy1OsSidBw==", "subType": "04"}}}, "updates": [{"q": {"_id": {"$oid": "63dad096922725009b7009bb"}}, "u": {"_id": {"$oid": "63dad096922725009b7009bb"}, "uuid": {"$binary": {"base64": "p0gQAGmNqZPMiuqWtQVPsw==", "subType": "03"}}, "userId": {"$binary": {"base64": "p0gGAGmNqZOag+qWtQVPsw==", "subType": "03"}}, "state": "PROCESO", "fechaEntrada": {"$date": "2013-10-10T00:00:00Z"}, "fechaSalida": {"$date": "2023-12-12T00:00:00Z"}, "topeEntrega": {"$date": "2023-12-14T00:00:00Z"}, "precio": 0.0}, "upsert": true}]}' with request id 69 to database practica03mongoIvanLoli on connection [connectionId{localValue:7, serverValue:108170}] to server ac-o2suyf6-shard-00-02.7qtbnuz.mongodb.net:27017
21:50:31.250 [async-channel-group-0-handler-executor] DEBUG org.mongodb.driver.protocol.command - Execution of command with request id 69 completed successfully in 48.24 ms on connection [connectionId{localValue:7, serverValue:108170}] to server ac-o2suyf6-shard-00-02.7qtbnuz.mongodb.net:27017
21:50:31.253 [DefaultDispatcher-worker-1 @coroutine#217] DEBUG koin.repositories.pedido.PedidoRepository - delete(63dad097922725009b7009bd)
21:50:31.255 [AsyncGetter-5-thread-1] DEBUG org.mongodb.driver.protocol.command - Sending command '{"find": "pedido", "filter": {"_id": {"$oid": "63dad097922725009b7009bd"}}, "limit": 1, "singleBatch": true, "$db": "practica03mongoIvanLoli", "$clusterTime": {"clusterTime": {"$timestamp": {"t": 1675284630, "i": 7}}, "signature": {"hash": {"$binary": {"base64": "4q3+n0NWMgjiWOZVwCpI0pc/WM8=", "subType": "00"}}, "keyId": 7161871216054108163}}, "lsid": {"id": {"$binary": {"base64": "L4NnA2vsRma3Vy1OsSidBw==", "subType": "04"}}}}' with request id 70 to database practica03mongoIvanLoli on connection [connectionId{localValue:7, serverValue:108170}] to server ac-o2suyf6-shard-00-02.7qtbnuz.mongodb.net:27017
21:50:31.292 [async-channel-group-0-handler-executor] DEBUG org.mongodb.driver.protocol.command - Execution of command with request id 70 completed successfully in 38.13 ms on connection [connectionId{localValue:7, serverValue:108170}] to server ac-o2suyf6-shard-00-02.7qtbnuz.mongodb.net:27017
21:50:31.293 [async-channel-group-0-handler-executor] DEBUG org.mongodb.driver.operation - Received batch of 0 documents with cursorId 0 from server ac-o2suyf6-shard-00-02.7qtbnuz.mongodb.net:27017
21:50:31.294 [AsyncGetter-5-thread-1] DEBUG org.mongodb.driver.protocol.command - Sending command '{"delete": "pedido", "ordered": true, "txnNumber": 34, "$db": "practica03mongoIvanLoli", "$clusterTime": {"clusterTime": {"$timestamp": {"t": 1675284630, "i": 7}}, "signature": {"hash": {"$binary": {"base64": "4q3+n0NWMgjiWOZVwCpI0pc/WM8=", "subType": "00"}}, "keyId": 7161871216054108163}}, "lsid": {"id": {"$binary": {"base64": "L4NnA2vsRma3Vy1OsSidBw==", "subType": "04"}}}, "deletes": [{"q": {"_id": {"$oid": "63dad097922725009b7009bd"}}, "limit": 1}]}' with request id 71 to database practica03mongoIvanLoli on connection [connectionId{localValue:7, serverValue:108170}] to server ac-o2suyf6-shard-00-02.7qtbnuz.mongodb.net:27017
21:50:31.333 [async-channel-group-0-handler-executor] DEBUG org.mongodb.driver.protocol.command - Execution of command with request id 71 completed successfully in 38.57 ms on connection [connectionId{localValue:7, serverValue:108170}] to server ac-o2suyf6-shard-00-02.7qtbnuz.mongodb.net:27017
21:50:31.336 [AsyncGetter-5-thread-1] DEBUG org.mongodb.driver.protocol.command - Sending command '{"drop": "pedido", "$db": "practica03mongoIvanLoli", "$clusterTime": {"clusterTime": {"$timestamp": {"t": 1675284630, "i": 7}}, "signature": {"hash": {"$binary": {"base64": "4q3+n0NWMgjiWOZVwCpI0pc/WM8=", "subType": "00"}}, "keyId": 7161871216054108163}}, "lsid": {"id": {"$binary": {"base64": "L4NnA2vsRma3Vy1OsSidBw==", "subType": "04"}}}}' with request id 72 to database practica03mongoIvanLoli on connection [connectionId{localValue:7, serverValue:108170}] to server ac-o2suyf6-shard-00-02.7qtbnuz.mongodb.net:27017
21:50:31.385 [async-channel-group-0-handler-executor] DEBUG org.mongodb.driver.protocol.command - Execution of command with request id 72 completed successfully in 49.79 ms on connection [connectionId{localValue:7, serverValue:108170}] to server ac-o2suyf6-shard-00-02.7qtbnuz.mongodb.net:27017
]]></system-out>
  <system-err><![CDATA[]]></system-err>
</testsuite>
