<?xml version="1.0" encoding="UTF-8"?>
<testsuite name="koin.repositories.producto.ProductoRepositoryTest" tests="9" skipped="0" failures="0" errors="0" timestamp="2023-02-01T20:50:31" hostname="LOLI-LAPTOP" time="1.112">
  <properties/>
  <testcase name="delete()" classname="koin.repositories.producto.ProductoRepositoryTest" time="0.214"/>
  <testcase name="decreaseStockBelow0()" classname="koin.repositories.producto.ProductoRepositoryTest" time="0.152"/>
  <testcase name="findAll()" classname="koin.repositories.producto.ProductoRepositoryTest" time="0.118"/>
  <testcase name="findById()" classname="koin.repositories.producto.ProductoRepositoryTest" time="0.088"/>
  <testcase name="decreaseStock()" classname="koin.repositories.producto.ProductoRepositoryTest" time="0.136"/>
  <testcase name="findByUuid()" classname="koin.repositories.producto.ProductoRepositoryTest" time="0.102"/>
  <testcase name="save()" classname="koin.repositories.producto.ProductoRepositoryTest" time="0.089"/>
  <testcase name="findByIdNotExists()" classname="koin.repositories.producto.ProductoRepositoryTest" time="0.083"/>
  <testcase name="deleteNotExists()" classname="koin.repositories.producto.ProductoRepositoryTest" time="0.127"/>
  <system-out><![CDATA[21:50:31.588 [AsyncGetter-5-thread-1] DEBUG org.mongodb.driver.protocol.command - Sending command '{"drop": "producto", "$db": "practica03mongoIvanLoli", "$clusterTime": {"clusterTime": {"$timestamp": {"t": 1675284630, "i": 8}}, "signature": {"hash": {"$binary": {"base64": "4q3+n0NWMgjiWOZVwCpI0pc/WM8=", "subType": "00"}}, "keyId": 7161871216054108163}}, "lsid": {"id": {"$binary": {"base64": "L4NnA2vsRma3Vy1OsSidBw==", "subType": "04"}}}}' with request id 73 to database practica03mongoIvanLoli on connection [connectionId{localValue:7, serverValue:108170}] to server ac-o2suyf6-shard-00-02.7qtbnuz.mongodb.net:27017
21:50:31.648 [async-channel-group-0-handler-executor] DEBUG org.mongodb.driver.protocol.command - Execution of command with request id 73 failed to complete successfully in 60.55 ms on connection [connectionId{localValue:7, serverValue:108170}] to server ac-o2suyf6-shard-00-02.7qtbnuz.mongodb.net:27017
com.mongodb.MongoCommandException: Command failed with error 26 (NamespaceNotFound): 'ns not found' on server ac-o2suyf6-shard-00-02.7qtbnuz.mongodb.net:27017. The full response is {"ok": 0.0, "errmsg": "ns not found", "code": 26, "codeName": "NamespaceNotFound", "$clusterTime": {"clusterTime": {"$timestamp": {"t": 1675284630, "i": 8}}, "signature": {"hash": {"$binary": {"base64": "4q3+n0NWMgjiWOZVwCpI0pc/WM8=", "subType": "00"}}, "keyId": 7161871216054108163}}, "operationTime": {"$timestamp": {"t": 1675284630, "i": 8}}}
	at com.mongodb.internal.connection.ProtocolHelper.getCommandFailureException(ProtocolHelper.java:198)
	at com.mongodb.internal.connection.InternalStreamConnection$2$1.onResult(InternalStreamConnection.java:512)
	at com.mongodb.internal.connection.InternalStreamConnection$2$1.onResult(InternalStreamConnection.java:498)
	at com.mongodb.internal.connection.InternalStreamConnection$MessageHeaderCallback$MessageCallback.onResult(InternalStreamConnection.java:821)
	at com.mongodb.internal.connection.InternalStreamConnection$MessageHeaderCallback$MessageCallback.onResult(InternalStreamConnection.java:785)
	at com.mongodb.internal.connection.InternalStreamConnection$5.completed(InternalStreamConnection.java:645)
	at com.mongodb.internal.connection.InternalStreamConnection$5.completed(InternalStreamConnection.java:642)
	at com.mongodb.internal.connection.AsynchronousChannelStream$BasicCompletionHandler.completed(AsynchronousChannelStream.java:250)
	at com.mongodb.internal.connection.AsynchronousChannelStream$BasicCompletionHandler.completed(AsynchronousChannelStream.java:233)
	at com.mongodb.internal.connection.tlschannel.async.AsynchronousTlsChannel.lambda$read$4(AsynchronousTlsChannel.java:122)
	at java.base/java.util.concurrent.Executors$RunnableAdapter.call(Executors.java:539)
	at java.base/java.util.concurrent.FutureTask.run(FutureTask.java:264)
	at java.base/java.util.concurrent.ThreadPoolExecutor.runWorker(ThreadPoolExecutor.java:1136)
	at java.base/java.util.concurrent.ThreadPoolExecutor$Worker.run(ThreadPoolExecutor.java:635)
	at java.base/java.lang.Thread.run(Thread.java:833)
21:50:31.672 [AsyncGetter-5-thread-1] DEBUG org.mongodb.driver.protocol.command - Sending command '{"update": "producto", "ordered": true, "txnNumber": 35, "$db": "practica03mongoIvanLoli", "$clusterTime": {"clusterTime": {"$timestamp": {"t": 1675284630, "i": 8}}, "signature": {"hash": {"$binary": {"base64": "4q3+n0NWMgjiWOZVwCpI0pc/WM8=", "subType": "00"}}, "keyId": 7161871216054108163}}, "lsid": {"id": {"$binary": {"base64": "L4NnA2vsRma3Vy1OsSidBw==", "subType": "04"}}}, "updates": [{"q": {"_id": {"$oid": "63dad097922725009b7009c0"}}, "u": {"_id": {"$oid": "63dad097922725009b7009c0"}, "uuid": {"$binary": {"base64": "p0imbWmNqZOqg+qWtQVPsw==", "subType": "03"}}, "tipo": "FUNDAS", "marca": "MarcaZ", "modelo": "ModeloZ", "precio": 36.4, "stock": 1}, "upsert": true}]}' with request id 74 to database practica03mongoIvanLoli on connection [connectionId{localValue:7, serverValue:108170}] to server ac-o2suyf6-shard-00-02.7qtbnuz.mongodb.net:27017
21:50:31.751 [async-channel-group-0-handler-executor] DEBUG org.mongodb.driver.protocol.command - Execution of command with request id 74 completed successfully in 79.55 ms on connection [connectionId{localValue:7, serverValue:108170}] to server ac-o2suyf6-shard-00-02.7qtbnuz.mongodb.net:27017
21:50:31.759 [DefaultDispatcher-worker-1 @coroutine#275] DEBUG koin.repositories.producto.ProductoRepository - delete(63dad097922725009b7009c0)
21:50:31.761 [AsyncGetter-5-thread-1] DEBUG org.mongodb.driver.protocol.command - Sending command '{"find": "producto", "filter": {"_id": {"$oid": "63dad097922725009b7009c0"}}, "limit": 1, "singleBatch": true, "$db": "practica03mongoIvanLoli", "$clusterTime": {"clusterTime": {"$timestamp": {"t": 1675284631, "i": 2}}, "signature": {"hash": {"$binary": {"base64": "C4gh4ZIVuUDMSEJHZ20t69WP2i0=", "subType": "00"}}, "keyId": 7161871216054108163}}, "lsid": {"id": {"$binary": {"base64": "L4NnA2vsRma3Vy1OsSidBw==", "subType": "04"}}}}' with request id 75 to database practica03mongoIvanLoli on connection [connectionId{localValue:7, serverValue:108170}] to server ac-o2suyf6-shard-00-02.7qtbnuz.mongodb.net:27017
21:50:31.807 [async-channel-group-0-handler-executor] DEBUG org.mongodb.driver.protocol.command - Execution of command with request id 75 completed successfully in 47.00 ms on connection [connectionId{localValue:7, serverValue:108170}] to server ac-o2suyf6-shard-00-02.7qtbnuz.mongodb.net:27017
21:50:31.810 [async-channel-group-0-handler-executor] DEBUG org.mongodb.driver.operation - Received batch of 1 documents with cursorId 0 from server ac-o2suyf6-shard-00-02.7qtbnuz.mongodb.net:27017
21:50:31.811 [AsyncGetter-5-thread-1] DEBUG org.mongodb.driver.protocol.command - Sending command '{"delete": "producto", "ordered": true, "txnNumber": 36, "$db": "practica03mongoIvanLoli", "$clusterTime": {"clusterTime": {"$timestamp": {"t": 1675284631, "i": 2}}, "signature": {"hash": {"$binary": {"base64": "C4gh4ZIVuUDMSEJHZ20t69WP2i0=", "subType": "00"}}, "keyId": 7161871216054108163}}, "lsid": {"id": {"$binary": {"base64": "L4NnA2vsRma3Vy1OsSidBw==", "subType": "04"}}}, "deletes": [{"q": {"_id": {"$oid": "63dad097922725009b7009c0"}}, "limit": 1}]}' with request id 76 to database practica03mongoIvanLoli on connection [connectionId{localValue:7, serverValue:108170}] to server ac-o2suyf6-shard-00-02.7qtbnuz.mongodb.net:27017
21:50:31.860 [async-channel-group-0-handler-executor] DEBUG org.mongodb.driver.protocol.command - Execution of command with request id 76 completed successfully in 48.76 ms on connection [connectionId{localValue:7, serverValue:108170}] to server ac-o2suyf6-shard-00-02.7qtbnuz.mongodb.net:27017
21:50:31.865 [AsyncGetter-5-thread-1] DEBUG org.mongodb.driver.protocol.command - Sending command '{"update": "producto", "ordered": true, "txnNumber": 37, "$db": "practica03mongoIvanLoli", "$clusterTime": {"clusterTime": {"$timestamp": {"t": 1675284631, "i": 5}}, "signature": {"hash": {"$binary": {"base64": "C4gh4ZIVuUDMSEJHZ20t69WP2i0=", "subType": "00"}}, "keyId": 7161871216054108163}}, "lsid": {"id": {"$binary": {"base64": "L4NnA2vsRma3Vy1OsSidBw==", "subType": "04"}}}, "updates": [{"q": {"_id": {"$oid": "63dad097922725009b7009c0"}}, "u": {"_id": {"$oid": "63dad097922725009b7009c0"}, "uuid": {"$binary": {"base64": "p0imbWmNqZOqg+qWtQVPsw==", "subType": "03"}}, "tipo": "FUNDAS", "marca": "MarcaZ", "modelo": "ModeloZ", "precio": 36.4, "stock": 1}, "upsert": true}]}' with request id 77 to database practica03mongoIvanLoli on connection [connectionId{localValue:7, serverValue:108170}] to server ac-o2suyf6-shard-00-02.7qtbnuz.mongodb.net:27017
21:50:31.919 [async-channel-group-0-handler-executor] DEBUG org.mongodb.driver.protocol.command - Execution of command with request id 77 completed successfully in 55.41 ms on connection [connectionId{localValue:7, serverValue:108170}] to server ac-o2suyf6-shard-00-02.7qtbnuz.mongodb.net:27017
21:50:31.925 [DefaultDispatcher-worker-1 @coroutine#280] DEBUG koin.repositories.producto.ProductoRepository - decreaseStock(63dad097922725009b7009c0)
21:50:31.927 [AsyncGetter-5-thread-1] DEBUG org.mongodb.driver.protocol.command - Sending command '{"find": "producto", "filter": {"_id": {"$oid": "63dad097922725009b7009c0"}}, "limit": 1, "singleBatch": true, "$db": "practica03mongoIvanLoli", "$clusterTime": {"clusterTime": {"$timestamp": {"t": 1675284631, "i": 7}}, "signature": {"hash": {"$binary": {"base64": "C4gh4ZIVuUDMSEJHZ20t69WP2i0=", "subType": "00"}}, "keyId": 7161871216054108163}}, "lsid": {"id": {"$binary": {"base64": "L4NnA2vsRma3Vy1OsSidBw==", "subType": "04"}}}}' with request id 78 to database practica03mongoIvanLoli on connection [connectionId{localValue:7, serverValue:108170}] to server ac-o2suyf6-shard-00-02.7qtbnuz.mongodb.net:27017
21:50:31.967 [async-channel-group-0-handler-executor] DEBUG org.mongodb.driver.protocol.command - Execution of command with request id 78 completed successfully in 39.49 ms on connection [connectionId{localValue:7, serverValue:108170}] to server ac-o2suyf6-shard-00-02.7qtbnuz.mongodb.net:27017
21:50:31.967 [async-channel-group-0-handler-executor] DEBUG org.mongodb.driver.operation - Received batch of 1 documents with cursorId 0 from server ac-o2suyf6-shard-00-02.7qtbnuz.mongodb.net:27017
21:50:31.969 [AsyncGetter-5-thread-1] DEBUG org.mongodb.driver.protocol.command - Sending command '{"update": "producto", "ordered": true, "txnNumber": 38, "$db": "practica03mongoIvanLoli", "$clusterTime": {"clusterTime": {"$timestamp": {"t": 1675284631, "i": 7}}, "signature": {"hash": {"$binary": {"base64": "C4gh4ZIVuUDMSEJHZ20t69WP2i0=", "subType": "00"}}, "keyId": 7161871216054108163}}, "lsid": {"id": {"$binary": {"base64": "L4NnA2vsRma3Vy1OsSidBw==", "subType": "04"}}}, "updates": [{"q": {"_id": {"$oid": "63dad097922725009b7009c0"}}, "u": {"_id": {"$oid": "63dad097922725009b7009c0"}, "uuid": {"$binary": {"base64": "p0imbWmNqZOqg+qWtQVPsw==", "subType": "03"}}, "tipo": "FUNDAS", "marca": "MarcaZ", "modelo": "ModeloZ", "precio": 36.4, "stock": 0}, "upsert": true}]}' with request id 79 to database practica03mongoIvanLoli on connection [connectionId{localValue:7, serverValue:108170}] to server ac-o2suyf6-shard-00-02.7qtbnuz.mongodb.net:27017
21:50:32.011 [async-channel-group-0-handler-executor] DEBUG org.mongodb.driver.protocol.command - Execution of command with request id 79 completed successfully in 42.60 ms on connection [connectionId{localValue:7, serverValue:108170}] to server ac-o2suyf6-shard-00-02.7qtbnuz.mongodb.net:27017
21:50:32.018 [AsyncGetter-5-thread-1] DEBUG org.mongodb.driver.protocol.command - Sending command '{"update": "producto", "ordered": true, "txnNumber": 39, "$db": "practica03mongoIvanLoli", "$clusterTime": {"clusterTime": {"$timestamp": {"t": 1675284631, "i": 10}}, "signature": {"hash": {"$binary": {"base64": "C4gh4ZIVuUDMSEJHZ20t69WP2i0=", "subType": "00"}}, "keyId": 7161871216054108163}}, "lsid": {"id": {"$binary": {"base64": "L4NnA2vsRma3Vy1OsSidBw==", "subType": "04"}}}, "updates": [{"q": {"_id": {"$oid": "63dad097922725009b7009c0"}}, "u": {"_id": {"$oid": "63dad097922725009b7009c0"}, "uuid": {"$binary": {"base64": "p0imbWmNqZOqg+qWtQVPsw==", "subType": "03"}}, "tipo": "FUNDAS", "marca": "MarcaZ", "modelo": "ModeloZ", "precio": 36.4, "stock": 1}, "upsert": true}]}' with request id 80 to database practica03mongoIvanLoli on connection [connectionId{localValue:7, serverValue:108170}] to server ac-o2suyf6-shard-00-02.7qtbnuz.mongodb.net:27017
21:50:32.060 [async-channel-group-0-handler-executor] DEBUG org.mongodb.driver.protocol.command - Execution of command with request id 80 completed successfully in 43.32 ms on connection [connectionId{localValue:7, serverValue:108170}] to server ac-o2suyf6-shard-00-02.7qtbnuz.mongodb.net:27017
21:50:32.065 [DefaultDispatcher-worker-1 @coroutine#285] DEBUG koin.repositories.producto.ProductoRepository - findAll()
21:50:32.067 [AsyncGetter-5-thread-1] DEBUG org.mongodb.driver.protocol.command - Sending command '{"find": "producto", "filter": {}, "batchSize": 64, "$db": "practica03mongoIvanLoli", "$clusterTime": {"clusterTime": {"$timestamp": {"t": 1675284631, "i": 13}}, "signature": {"hash": {"$binary": {"base64": "C4gh4ZIVuUDMSEJHZ20t69WP2i0=", "subType": "00"}}, "keyId": 7161871216054108163}}, "lsid": {"id": {"$binary": {"base64": "L4NnA2vsRma3Vy1OsSidBw==", "subType": "04"}}}}' with request id 81 to database practica03mongoIvanLoli on connection [connectionId{localValue:7, serverValue:108170}] to server ac-o2suyf6-shard-00-02.7qtbnuz.mongodb.net:27017
21:50:32.129 [async-channel-group-0-handler-executor] DEBUG org.mongodb.driver.protocol.command - Execution of command with request id 81 completed successfully in 62.09 ms on connection [connectionId{localValue:7, serverValue:108170}] to server ac-o2suyf6-shard-00-02.7qtbnuz.mongodb.net:27017
21:50:32.130 [async-channel-group-0-handler-executor] DEBUG org.mongodb.driver.operation - Received batch of 1 documents with cursorId 0 from server ac-o2suyf6-shard-00-02.7qtbnuz.mongodb.net:27017
21:50:32.136 [AsyncGetter-5-thread-1] DEBUG org.mongodb.driver.protocol.command - Sending command '{"update": "producto", "ordered": true, "txnNumber": 40, "$db": "practica03mongoIvanLoli", "$clusterTime": {"clusterTime": {"$timestamp": {"t": 1675284631, "i": 14}}, "signature": {"hash": {"$binary": {"base64": "C4gh4ZIVuUDMSEJHZ20t69WP2i0=", "subType": "00"}}, "keyId": 7161871216054108163}}, "lsid": {"id": {"$binary": {"base64": "L4NnA2vsRma3Vy1OsSidBw==", "subType": "04"}}}, "updates": [{"q": {"_id": {"$oid": "63dad097922725009b7009c0"}}, "u": {"_id": {"$oid": "63dad097922725009b7009c0"}, "uuid": {"$binary": {"base64": "p0imbWmNqZOqg+qWtQVPsw==", "subType": "03"}}, "tipo": "FUNDAS", "marca": "MarcaZ", "modelo": "ModeloZ", "precio": 36.4, "stock": 1}, "upsert": true}]}' with request id 82 to database practica03mongoIvanLoli on connection [connectionId{localValue:7, serverValue:108170}] to server ac-o2suyf6-shard-00-02.7qtbnuz.mongodb.net:27017
21:50:32.176 [async-channel-group-0-handler-executor] DEBUG org.mongodb.driver.protocol.command - Execution of command with request id 82 completed successfully in 40.10 ms on connection [connectionId{localValue:7, serverValue:108170}] to server ac-o2suyf6-shard-00-02.7qtbnuz.mongodb.net:27017
21:50:32.181 [DefaultDispatcher-worker-1 @coroutine#291] DEBUG koin.repositories.producto.ProductoRepository - findById(63dad097922725009b7009c0)
21:50:32.182 [AsyncGetter-5-thread-1] DEBUG org.mongodb.driver.protocol.command - Sending command '{"find": "producto", "filter": {"_id": {"$oid": "63dad097922725009b7009c0"}}, "limit": 1, "singleBatch": true, "$db": "practica03mongoIvanLoli", "$clusterTime": {"clusterTime": {"$timestamp": {"t": 1675284631, "i": 15}}, "signature": {"hash": {"$binary": {"base64": "C4gh4ZIVuUDMSEJHZ20t69WP2i0=", "subType": "00"}}, "keyId": 7161871216054108163}}, "lsid": {"id": {"$binary": {"base64": "L4NnA2vsRma3Vy1OsSidBw==", "subType": "04"}}}}' with request id 83 to database practica03mongoIvanLoli on connection [connectionId{localValue:7, serverValue:108170}] to server ac-o2suyf6-shard-00-02.7qtbnuz.mongodb.net:27017
21:50:32.220 [async-channel-group-0-handler-executor] DEBUG org.mongodb.driver.protocol.command - Execution of command with request id 83 completed successfully in 38.19 ms on connection [connectionId{localValue:7, serverValue:108170}] to server ac-o2suyf6-shard-00-02.7qtbnuz.mongodb.net:27017
21:50:32.221 [async-channel-group-0-handler-executor] DEBUG org.mongodb.driver.operation - Received batch of 1 documents with cursorId 0 from server ac-o2suyf6-shard-00-02.7qtbnuz.mongodb.net:27017
21:50:32.225 [AsyncGetter-5-thread-1] DEBUG org.mongodb.driver.protocol.command - Sending command '{"update": "producto", "ordered": true, "txnNumber": 41, "$db": "practica03mongoIvanLoli", "$clusterTime": {"clusterTime": {"$timestamp": {"t": 1675284631, "i": 15}}, "signature": {"hash": {"$binary": {"base64": "C4gh4ZIVuUDMSEJHZ20t69WP2i0=", "subType": "00"}}, "keyId": 7161871216054108163}}, "lsid": {"id": {"$binary": {"base64": "L4NnA2vsRma3Vy1OsSidBw==", "subType": "04"}}}, "updates": [{"q": {"_id": {"$oid": "63dad097922725009b7009c0"}}, "u": {"_id": {"$oid": "63dad097922725009b7009c0"}, "uuid": {"$binary": {"base64": "p0imbWmNqZOqg+qWtQVPsw==", "subType": "03"}}, "tipo": "FUNDAS", "marca": "MarcaZ", "modelo": "ModeloZ", "precio": 36.4, "stock": 1}, "upsert": true}]}' with request id 84 to database practica03mongoIvanLoli on connection [connectionId{localValue:7, serverValue:108170}] to server ac-o2suyf6-shard-00-02.7qtbnuz.mongodb.net:27017
21:50:32.263 [async-channel-group-0-handler-executor] DEBUG org.mongodb.driver.protocol.command - Execution of command with request id 84 completed successfully in 38.77 ms on connection [connectionId{localValue:7, serverValue:108170}] to server ac-o2suyf6-shard-00-02.7qtbnuz.mongodb.net:27017
21:50:32.267 [DefaultDispatcher-worker-1 @coroutine#296] DEBUG koin.repositories.producto.ProductoRepository - decreaseStock(63dad097922725009b7009c0)
21:50:32.269 [AsyncGetter-5-thread-1] DEBUG org.mongodb.driver.protocol.command - Sending command '{"find": "producto", "filter": {"_id": {"$oid": "63dad097922725009b7009c0"}}, "limit": 1, "singleBatch": true, "$db": "practica03mongoIvanLoli", "$clusterTime": {"clusterTime": {"$timestamp": {"t": 1675284631, "i": 15}}, "signature": {"hash": {"$binary": {"base64": "C4gh4ZIVuUDMSEJHZ20t69WP2i0=", "subType": "00"}}, "keyId": 7161871216054108163}}, "lsid": {"id": {"$binary": {"base64": "L4NnA2vsRma3Vy1OsSidBw==", "subType": "04"}}}}' with request id 85 to database practica03mongoIvanLoli on connection [connectionId{localValue:7, serverValue:108170}] to server ac-o2suyf6-shard-00-02.7qtbnuz.mongodb.net:27017
21:50:32.308 [async-channel-group-0-handler-executor] DEBUG org.mongodb.driver.protocol.command - Execution of command with request id 85 completed successfully in 39.54 ms on connection [connectionId{localValue:7, serverValue:108170}] to server ac-o2suyf6-shard-00-02.7qtbnuz.mongodb.net:27017
21:50:32.309 [async-channel-group-0-handler-executor] DEBUG org.mongodb.driver.operation - Received batch of 1 documents with cursorId 0 from server ac-o2suyf6-shard-00-02.7qtbnuz.mongodb.net:27017
21:50:32.314 [AsyncGetter-5-thread-1] DEBUG org.mongodb.driver.protocol.command - Sending command '{"update": "producto", "ordered": true, "txnNumber": 42, "$db": "practica03mongoIvanLoli", "$clusterTime": {"clusterTime": {"$timestamp": {"t": 1675284631, "i": 15}}, "signature": {"hash": {"$binary": {"base64": "C4gh4ZIVuUDMSEJHZ20t69WP2i0=", "subType": "00"}}, "keyId": 7161871216054108163}}, "lsid": {"id": {"$binary": {"base64": "L4NnA2vsRma3Vy1OsSidBw==", "subType": "04"}}}, "updates": [{"q": {"_id": {"$oid": "63dad097922725009b7009c0"}}, "u": {"_id": {"$oid": "63dad097922725009b7009c0"}, "uuid": {"$binary": {"base64": "p0imbWmNqZOqg+qWtQVPsw==", "subType": "03"}}, "tipo": "FUNDAS", "marca": "MarcaZ", "modelo": "ModeloZ", "precio": 36.4, "stock": 0}, "upsert": true}]}' with request id 86 to database practica03mongoIvanLoli on connection [connectionId{localValue:7, serverValue:108170}] to server ac-o2suyf6-shard-00-02.7qtbnuz.mongodb.net:27017
21:50:32.356 [async-channel-group-0-handler-executor] DEBUG org.mongodb.driver.protocol.command - Execution of command with request id 86 completed successfully in 42.81 ms on connection [connectionId{localValue:7, serverValue:108170}] to server ac-o2suyf6-shard-00-02.7qtbnuz.mongodb.net:27017
21:50:32.360 [AsyncGetter-5-thread-1] DEBUG org.mongodb.driver.protocol.command - Sending command '{"update": "producto", "ordered": true, "txnNumber": 43, "$db": "practica03mongoIvanLoli", "$clusterTime": {"clusterTime": {"$timestamp": {"t": 1675284631, "i": 16}}, "signature": {"hash": {"$binary": {"base64": "C4gh4ZIVuUDMSEJHZ20t69WP2i0=", "subType": "00"}}, "keyId": 7161871216054108163}}, "lsid": {"id": {"$binary": {"base64": "L4NnA2vsRma3Vy1OsSidBw==", "subType": "04"}}}, "updates": [{"q": {"_id": {"$oid": "63dad097922725009b7009c0"}}, "u": {"_id": {"$oid": "63dad097922725009b7009c0"}, "uuid": {"$binary": {"base64": "p0imbWmNqZOqg+qWtQVPsw==", "subType": "03"}}, "tipo": "FUNDAS", "marca": "MarcaZ", "modelo": "ModeloZ", "precio": 36.4, "stock": 1}, "upsert": true}]}' with request id 87 to database practica03mongoIvanLoli on connection [connectionId{localValue:7, serverValue:108170}] to server ac-o2suyf6-shard-00-02.7qtbnuz.mongodb.net:27017
21:50:32.409 [async-channel-group-0-handler-executor] DEBUG org.mongodb.driver.protocol.command - Execution of command with request id 87 completed successfully in 48.02 ms on connection [connectionId{localValue:7, serverValue:108170}] to server ac-o2suyf6-shard-00-02.7qtbnuz.mongodb.net:27017
21:50:32.414 [DefaultDispatcher-worker-1 @coroutine#301] DEBUG koin.repositories.producto.ProductoRepository - findByUUID(93a98d69-6da6-48a7-b34f-05b596ea83aa)
21:50:32.417 [AsyncGetter-5-thread-1] DEBUG org.mongodb.driver.protocol.command - Sending command '{"find": "producto", "filter": {}, "batchSize": 64, "$db": "practica03mongoIvanLoli", "$clusterTime": {"clusterTime": {"$timestamp": {"t": 1675284631, "i": 17}}, "signature": {"hash": {"$binary": {"base64": "C4gh4ZIVuUDMSEJHZ20t69WP2i0=", "subType": "00"}}, "keyId": 7161871216054108163}}, "lsid": {"id": {"$binary": {"base64": "L4NnA2vsRma3Vy1OsSidBw==", "subType": "04"}}}}' with request id 88 to database practica03mongoIvanLoli on connection [connectionId{localValue:7, serverValue:108170}] to server ac-o2suyf6-shard-00-02.7qtbnuz.mongodb.net:27017
21:50:32.457 [async-channel-group-0-handler-executor] DEBUG org.mongodb.driver.protocol.command - Execution of command with request id 88 completed successfully in 39.10 ms on connection [connectionId{localValue:7, serverValue:108170}] to server ac-o2suyf6-shard-00-02.7qtbnuz.mongodb.net:27017
21:50:32.458 [async-channel-group-0-handler-executor] DEBUG org.mongodb.driver.operation - Received batch of 1 documents with cursorId 0 from server ac-o2suyf6-shard-00-02.7qtbnuz.mongodb.net:27017
21:50:32.464 [AsyncGetter-5-thread-1] DEBUG org.mongodb.driver.protocol.command - Sending command '{"update": "producto", "ordered": true, "txnNumber": 44, "$db": "practica03mongoIvanLoli", "$clusterTime": {"clusterTime": {"$timestamp": {"t": 1675284631, "i": 17}}, "signature": {"hash": {"$binary": {"base64": "C4gh4ZIVuUDMSEJHZ20t69WP2i0=", "subType": "00"}}, "keyId": 7161871216054108163}}, "lsid": {"id": {"$binary": {"base64": "L4NnA2vsRma3Vy1OsSidBw==", "subType": "04"}}}, "updates": [{"q": {"_id": {"$oid": "63dad097922725009b7009c0"}}, "u": {"_id": {"$oid": "63dad097922725009b7009c0"}, "uuid": {"$binary": {"base64": "p0imbWmNqZOqg+qWtQVPsw==", "subType": "03"}}, "tipo": "FUNDAS", "marca": "MarcaZ", "modelo": "ModeloZ", "precio": 36.4, "stock": 1}, "upsert": true}]}' with request id 89 to database practica03mongoIvanLoli on connection [connectionId{localValue:7, serverValue:108170}] to server ac-o2suyf6-shard-00-02.7qtbnuz.mongodb.net:27017
21:50:32.503 [async-channel-group-0-handler-executor] DEBUG org.mongodb.driver.protocol.command - Execution of command with request id 89 completed successfully in 39.94 ms on connection [connectionId{localValue:7, serverValue:108170}] to server ac-o2suyf6-shard-00-02.7qtbnuz.mongodb.net:27017
21:50:32.508 [DefaultDispatcher-worker-1 @coroutine#306] DEBUG koin.repositories.producto.ProductoRepository - save(Producto(id=63dad097922725009b7009c0, uuid=93a98d69-6da6-48a7-b34f-05b596ea83aa, tipo=FUNDAS, marca=MarcaZ, modelo=ModeloZ, precio=36.4, stock=1))
21:50:32.509 [AsyncGetter-5-thread-1] DEBUG org.mongodb.driver.protocol.command - Sending command '{"update": "producto", "ordered": true, "txnNumber": 45, "$db": "practica03mongoIvanLoli", "$clusterTime": {"clusterTime": {"$timestamp": {"t": 1675284631, "i": 17}}, "signature": {"hash": {"$binary": {"base64": "C4gh4ZIVuUDMSEJHZ20t69WP2i0=", "subType": "00"}}, "keyId": 7161871216054108163}}, "lsid": {"id": {"$binary": {"base64": "L4NnA2vsRma3Vy1OsSidBw==", "subType": "04"}}}, "updates": [{"q": {"_id": {"$oid": "63dad097922725009b7009c0"}}, "u": {"_id": {"$oid": "63dad097922725009b7009c0"}, "uuid": {"$binary": {"base64": "p0imbWmNqZOqg+qWtQVPsw==", "subType": "03"}}, "tipo": "FUNDAS", "marca": "MarcaZ", "modelo": "ModeloZ", "precio": 36.4, "stock": 1}, "upsert": true}]}' with request id 90 to database practica03mongoIvanLoli on connection [connectionId{localValue:7, serverValue:108170}] to server ac-o2suyf6-shard-00-02.7qtbnuz.mongodb.net:27017
21:50:32.547 [async-channel-group-0-handler-executor] DEBUG org.mongodb.driver.protocol.command - Execution of command with request id 90 completed successfully in 37.92 ms on connection [connectionId{localValue:7, serverValue:108170}] to server ac-o2suyf6-shard-00-02.7qtbnuz.mongodb.net:27017
21:50:32.552 [AsyncGetter-5-thread-1] DEBUG org.mongodb.driver.protocol.command - Sending command '{"update": "producto", "ordered": true, "txnNumber": 46, "$db": "practica03mongoIvanLoli", "$clusterTime": {"clusterTime": {"$timestamp": {"t": 1675284631, "i": 17}}, "signature": {"hash": {"$binary": {"base64": "C4gh4ZIVuUDMSEJHZ20t69WP2i0=", "subType": "00"}}, "keyId": 7161871216054108163}}, "lsid": {"id": {"$binary": {"base64": "L4NnA2vsRma3Vy1OsSidBw==", "subType": "04"}}}, "updates": [{"q": {"_id": {"$oid": "63dad097922725009b7009c0"}}, "u": {"_id": {"$oid": "63dad097922725009b7009c0"}, "uuid": {"$binary": {"base64": "p0imbWmNqZOqg+qWtQVPsw==", "subType": "03"}}, "tipo": "FUNDAS", "marca": "MarcaZ", "modelo": "ModeloZ", "precio": 36.4, "stock": 1}, "upsert": true}]}' with request id 91 to database practica03mongoIvanLoli on connection [connectionId{localValue:7, serverValue:108170}] to server ac-o2suyf6-shard-00-02.7qtbnuz.mongodb.net:27017
21:50:32.591 [async-channel-group-0-handler-executor] DEBUG org.mongodb.driver.protocol.command - Execution of command with request id 91 completed successfully in 38.69 ms on connection [connectionId{localValue:7, serverValue:108170}] to server ac-o2suyf6-shard-00-02.7qtbnuz.mongodb.net:27017
21:50:32.593 [DefaultDispatcher-worker-1 @coroutine#311] DEBUG koin.repositories.producto.ProductoRepository - findById(63dad098922725009b7009c1)
21:50:32.595 [AsyncGetter-5-thread-1] DEBUG org.mongodb.driver.protocol.command - Sending command '{"find": "producto", "filter": {"_id": {"$oid": "63dad098922725009b7009c1"}}, "limit": 1, "singleBatch": true, "$db": "practica03mongoIvanLoli", "$clusterTime": {"clusterTime": {"$timestamp": {"t": 1675284631, "i": 17}}, "signature": {"hash": {"$binary": {"base64": "C4gh4ZIVuUDMSEJHZ20t69WP2i0=", "subType": "00"}}, "keyId": 7161871216054108163}}, "lsid": {"id": {"$binary": {"base64": "L4NnA2vsRma3Vy1OsSidBw==", "subType": "04"}}}}' with request id 92 to database practica03mongoIvanLoli on connection [connectionId{localValue:7, serverValue:108170}] to server ac-o2suyf6-shard-00-02.7qtbnuz.mongodb.net:27017
21:50:32.632 [async-channel-group-0-handler-executor] DEBUG org.mongodb.driver.protocol.command - Execution of command with request id 92 completed successfully in 37.76 ms on connection [connectionId{localValue:7, serverValue:108170}] to server ac-o2suyf6-shard-00-02.7qtbnuz.mongodb.net:27017
21:50:32.632 [async-channel-group-0-handler-executor] DEBUG org.mongodb.driver.operation - Received batch of 0 documents with cursorId 0 from server ac-o2suyf6-shard-00-02.7qtbnuz.mongodb.net:27017
21:50:32.635 [AsyncGetter-5-thread-1] DEBUG org.mongodb.driver.protocol.command - Sending command '{"update": "producto", "ordered": true, "txnNumber": 47, "$db": "practica03mongoIvanLoli", "$clusterTime": {"clusterTime": {"$timestamp": {"t": 1675284631, "i": 17}}, "signature": {"hash": {"$binary": {"base64": "C4gh4ZIVuUDMSEJHZ20t69WP2i0=", "subType": "00"}}, "keyId": 7161871216054108163}}, "lsid": {"id": {"$binary": {"base64": "L4NnA2vsRma3Vy1OsSidBw==", "subType": "04"}}}, "updates": [{"q": {"_id": {"$oid": "63dad097922725009b7009c0"}}, "u": {"_id": {"$oid": "63dad097922725009b7009c0"}, "uuid": {"$binary": {"base64": "p0imbWmNqZOqg+qWtQVPsw==", "subType": "03"}}, "tipo": "FUNDAS", "marca": "MarcaZ", "modelo": "ModeloZ", "precio": 36.4, "stock": 1}, "upsert": true}]}' with request id 93 to database practica03mongoIvanLoli on connection [connectionId{localValue:7, serverValue:108170}] to server ac-o2suyf6-shard-00-02.7qtbnuz.mongodb.net:27017
21:50:32.676 [async-channel-group-0-handler-executor] DEBUG org.mongodb.driver.protocol.command - Execution of command with request id 93 completed successfully in 40.53 ms on connection [connectionId{localValue:7, serverValue:108170}] to server ac-o2suyf6-shard-00-02.7qtbnuz.mongodb.net:27017
21:50:32.678 [DefaultDispatcher-worker-1 @coroutine#316] DEBUG koin.repositories.producto.ProductoRepository - delete(63dad098922725009b7009c2)
21:50:32.681 [AsyncGetter-5-thread-1] DEBUG org.mongodb.driver.protocol.command - Sending command '{"find": "producto", "filter": {"_id": {"$oid": "63dad098922725009b7009c2"}}, "limit": 1, "singleBatch": true, "$db": "practica03mongoIvanLoli", "$clusterTime": {"clusterTime": {"$timestamp": {"t": 1675284631, "i": 17}}, "signature": {"hash": {"$binary": {"base64": "C4gh4ZIVuUDMSEJHZ20t69WP2i0=", "subType": "00"}}, "keyId": 7161871216054108163}}, "lsid": {"id": {"$binary": {"base64": "L4NnA2vsRma3Vy1OsSidBw==", "subType": "04"}}}}' with request id 94 to database practica03mongoIvanLoli on connection [connectionId{localValue:7, serverValue:108170}] to server ac-o2suyf6-shard-00-02.7qtbnuz.mongodb.net:27017
21:50:32.719 [async-channel-group-0-handler-executor] DEBUG org.mongodb.driver.protocol.command - Execution of command with request id 94 completed successfully in 38.32 ms on connection [connectionId{localValue:7, serverValue:108170}] to server ac-o2suyf6-shard-00-02.7qtbnuz.mongodb.net:27017
21:50:32.719 [async-channel-group-0-handler-executor] DEBUG org.mongodb.driver.operation - Received batch of 0 documents with cursorId 0 from server ac-o2suyf6-shard-00-02.7qtbnuz.mongodb.net:27017
21:50:32.721 [AsyncGetter-5-thread-1] DEBUG org.mongodb.driver.protocol.command - Sending command '{"delete": "producto", "ordered": true, "txnNumber": 48, "$db": "practica03mongoIvanLoli", "$clusterTime": {"clusterTime": {"$timestamp": {"t": 1675284631, "i": 17}}, "signature": {"hash": {"$binary": {"base64": "C4gh4ZIVuUDMSEJHZ20t69WP2i0=", "subType": "00"}}, "keyId": 7161871216054108163}}, "lsid": {"id": {"$binary": {"base64": "L4NnA2vsRma3Vy1OsSidBw==", "subType": "04"}}}, "deletes": [{"q": {"_id": {"$oid": "63dad098922725009b7009c2"}}, "limit": 1}]}' with request id 95 to database practica03mongoIvanLoli on connection [connectionId{localValue:7, serverValue:108170}] to server ac-o2suyf6-shard-00-02.7qtbnuz.mongodb.net:27017
21:50:32.759 [async-channel-group-0-handler-executor] DEBUG org.mongodb.driver.protocol.command - Execution of command with request id 95 completed successfully in 38.95 ms on connection [connectionId{localValue:7, serverValue:108170}] to server ac-o2suyf6-shard-00-02.7qtbnuz.mongodb.net:27017
21:50:32.762 [AsyncGetter-5-thread-1] DEBUG org.mongodb.driver.protocol.command - Sending command '{"drop": "producto", "$db": "practica03mongoIvanLoli", "$clusterTime": {"clusterTime": {"$timestamp": {"t": 1675284631, "i": 17}}, "signature": {"hash": {"$binary": {"base64": "C4gh4ZIVuUDMSEJHZ20t69WP2i0=", "subType": "00"}}, "keyId": 7161871216054108163}}, "lsid": {"id": {"$binary": {"base64": "L4NnA2vsRma3Vy1OsSidBw==", "subType": "04"}}}}' with request id 96 to database practica03mongoIvanLoli on connection [connectionId{localValue:7, serverValue:108170}] to server ac-o2suyf6-shard-00-02.7qtbnuz.mongodb.net:27017
21:50:32.811 [async-channel-group-0-handler-executor] DEBUG org.mongodb.driver.protocol.command - Execution of command with request id 96 completed successfully in 49.11 ms on connection [connectionId{localValue:7, serverValue:108170}] to server ac-o2suyf6-shard-00-02.7qtbnuz.mongodb.net:27017
]]></system-out>
  <system-err><![CDATA[]]></system-err>
</testsuite>
