<?xml version="1.0" encoding="UTF-8"?>
<testsuite name="koin.repositories.user.UserRepositoryTest" tests="8" skipped="0" failures="0" errors="0" timestamp="2023-02-11T15:37:57" hostname="LOLI-LAPTOP" time="0.926">
  <properties/>
  <testcase name="delete()" classname="koin.repositories.user.UserRepositoryTest" time="0.203"/>
  <testcase name="findAll()" classname="koin.repositories.user.UserRepositoryTest" time="0.095"/>
  <testcase name="findById()" classname="koin.repositories.user.UserRepositoryTest" time="0.081"/>
  <testcase name="findByUuid()" classname="koin.repositories.user.UserRepositoryTest" time="0.091"/>
  <testcase name="save()" classname="koin.repositories.user.UserRepositoryTest" time="0.09"/>
  <testcase name="findByIdNotExists()" classname="koin.repositories.user.UserRepositoryTest" time="0.101"/>
  <testcase name="deleteNotExists()" classname="koin.repositories.user.UserRepositoryTest" time="0.125"/>
  <testcase name="setInactive()" classname="koin.repositories.user.UserRepositoryTest" time="0.137"/>
  <system-out><![CDATA[16:37:57.263 [AsyncGetter-5-thread-1] DEBUG org.mongodb.driver.protocol.command - Sending command '{"drop": "user", "$db": "practica03mongoIvanLoli", "$clusterTime": {"clusterTime": {"$timestamp": {"t": 1676129875, "i": 1}}, "signature": {"hash": {"$binary": {"base64": "+uerFo/iuMDQ+5SnCka3EAHOGRg=", "subType": "00"}}, "keyId": 7161871216054108163}}, "lsid": {"id": {"$binary": {"base64": "nZRz+A95RCyuTZsKjCM1Eg==", "subType": "04"}}}}' with request id 172 to database practica03mongoIvanLoli on connection [connectionId{localValue:7, serverValue:282387}] to server ac-o2suyf6-shard-00-02.7qtbnuz.mongodb.net:27017
16:37:57.333 [async-channel-group-0-handler-executor] DEBUG org.mongodb.driver.protocol.command - Execution of command with request id 172 completed successfully in 69.67 ms on connection [connectionId{localValue:7, serverValue:282387}] to server ac-o2suyf6-shard-00-02.7qtbnuz.mongodb.net:27017
16:37:57.347 [AsyncGetter-5-thread-1] DEBUG org.mongodb.driver.protocol.command - Sending command '{"update": "user", "ordered": true, "txnNumber": 61, "$db": "practica03mongoIvanLoli", "$clusterTime": {"clusterTime": {"$timestamp": {"t": 1676129876, "i": 2}}, "signature": {"hash": {"$binary": {"base64": "pN0DUR9amOwm/d1ZJQo/fA3Y3Uw=", "subType": "00"}}, "keyId": 7161871216054108163}}, "lsid": {"id": {"$binary": {"base64": "nZRz+A95RCyuTZsKjCM1Eg==", "subType": "04"}}}, "updates": [{"q": {"_id": {"$oid": "63e7b65510e6fb6e4c08aaf3"}}, "u": {"_id": {"$oid": "63e7b65510e6fb6e4c08aaf3"}, "uuid": {"$binary": {"base64": "EREAAGmNqZO6g+qWtQUAAA==", "subType": "03"}}, "nombre": "loli", "apellido": "test", "telefono": "123456789", "email": "loli@test.com", "password": "lolitest", "perfil": "ADMIN", "activo": true}, "upsert": true}]}' with request id 173 to database practica03mongoIvanLoli on connection [connectionId{localValue:7, serverValue:282387}] to server ac-o2suyf6-shard-00-02.7qtbnuz.mongodb.net:27017
16:37:57.444 [async-channel-group-0-handler-executor] DEBUG org.mongodb.driver.protocol.command - Execution of command with request id 173 completed successfully in 97.78 ms on connection [connectionId{localValue:7, serverValue:282387}] to server ac-o2suyf6-shard-00-02.7qtbnuz.mongodb.net:27017
16:37:57.454 [DefaultDispatcher-worker-4 @coroutine#1223] DEBUG koin.repositories.user.UserRepository - delete(63e7b65510e6fb6e4c08aaf3)
16:37:57.457 [AsyncGetter-5-thread-1] DEBUG org.mongodb.driver.protocol.command - Sending command '{"find": "user", "filter": {"_id": {"$oid": "63e7b65510e6fb6e4c08aaf3"}}, "limit": 1, "singleBatch": true, "$db": "practica03mongoIvanLoli", "$clusterTime": {"clusterTime": {"$timestamp": {"t": 1676129876, "i": 4}}, "signature": {"hash": {"$binary": {"base64": "pN0DUR9amOwm/d1ZJQo/fA3Y3Uw=", "subType": "00"}}, "keyId": 7161871216054108163}}, "lsid": {"id": {"$binary": {"base64": "nZRz+A95RCyuTZsKjCM1Eg==", "subType": "04"}}}}' with request id 174 to database practica03mongoIvanLoli on connection [connectionId{localValue:7, serverValue:282387}] to server ac-o2suyf6-shard-00-02.7qtbnuz.mongodb.net:27017
16:37:57.492 [async-channel-group-0-handler-executor] DEBUG org.mongodb.driver.protocol.command - Execution of command with request id 174 completed successfully in 35.31 ms on connection [connectionId{localValue:7, serverValue:282387}] to server ac-o2suyf6-shard-00-02.7qtbnuz.mongodb.net:27017
16:37:57.492 [async-channel-group-0-handler-executor] DEBUG org.mongodb.driver.operation - Received batch of 1 documents with cursorId 0 from server ac-o2suyf6-shard-00-02.7qtbnuz.mongodb.net:27017
16:37:57.494 [AsyncGetter-5-thread-1] DEBUG org.mongodb.driver.protocol.command - Sending command '{"delete": "user", "ordered": true, "txnNumber": 62, "$db": "practica03mongoIvanLoli", "$clusterTime": {"clusterTime": {"$timestamp": {"t": 1676129876, "i": 4}}, "signature": {"hash": {"$binary": {"base64": "pN0DUR9amOwm/d1ZJQo/fA3Y3Uw=", "subType": "00"}}, "keyId": 7161871216054108163}}, "lsid": {"id": {"$binary": {"base64": "nZRz+A95RCyuTZsKjCM1Eg==", "subType": "04"}}}, "deletes": [{"q": {"_id": {"$oid": "63e7b65510e6fb6e4c08aaf3"}}, "limit": 1}]}' with request id 175 to database practica03mongoIvanLoli on connection [connectionId{localValue:7, serverValue:282387}] to server ac-o2suyf6-shard-00-02.7qtbnuz.mongodb.net:27017
16:37:57.533 [async-channel-group-0-handler-executor] DEBUG org.mongodb.driver.protocol.command - Execution of command with request id 175 completed successfully in 38.72 ms on connection [connectionId{localValue:7, serverValue:282387}] to server ac-o2suyf6-shard-00-02.7qtbnuz.mongodb.net:27017
16:37:57.539 [AsyncGetter-5-thread-1] DEBUG org.mongodb.driver.protocol.command - Sending command '{"update": "user", "ordered": true, "txnNumber": 63, "$db": "practica03mongoIvanLoli", "$clusterTime": {"clusterTime": {"$timestamp": {"t": 1676129876, "i": 6}}, "signature": {"hash": {"$binary": {"base64": "pN0DUR9amOwm/d1ZJQo/fA3Y3Uw=", "subType": "00"}}, "keyId": 7161871216054108163}}, "lsid": {"id": {"$binary": {"base64": "nZRz+A95RCyuTZsKjCM1Eg==", "subType": "04"}}}, "updates": [{"q": {"_id": {"$oid": "63e7b65510e6fb6e4c08aaf3"}}, "u": {"_id": {"$oid": "63e7b65510e6fb6e4c08aaf3"}, "uuid": {"$binary": {"base64": "EREAAGmNqZO6g+qWtQUAAA==", "subType": "03"}}, "nombre": "loli", "apellido": "test", "telefono": "123456789", "email": "loli@test.com", "password": "lolitest", "perfil": "ADMIN", "activo": true}, "upsert": true}]}' with request id 176 to database practica03mongoIvanLoli on connection [connectionId{localValue:7, serverValue:282387}] to server ac-o2suyf6-shard-00-02.7qtbnuz.mongodb.net:27017
16:37:57.582 [async-channel-group-0-handler-executor] DEBUG org.mongodb.driver.protocol.command - Execution of command with request id 176 completed successfully in 43.19 ms on connection [connectionId{localValue:7, serverValue:282387}] to server ac-o2suyf6-shard-00-02.7qtbnuz.mongodb.net:27017
16:37:57.589 [DefaultDispatcher-worker-4 @coroutine#1228] DEBUG koin.repositories.user.UserRepository - findAll()
16:37:57.591 [AsyncGetter-5-thread-1] DEBUG org.mongodb.driver.protocol.command - Sending command '{"find": "user", "filter": {}, "batchSize": 64, "$db": "practica03mongoIvanLoli", "$clusterTime": {"clusterTime": {"$timestamp": {"t": 1676129876, "i": 7}}, "signature": {"hash": {"$binary": {"base64": "pN0DUR9amOwm/d1ZJQo/fA3Y3Uw=", "subType": "00"}}, "keyId": 7161871216054108163}}, "lsid": {"id": {"$binary": {"base64": "nZRz+A95RCyuTZsKjCM1Eg==", "subType": "04"}}}}' with request id 177 to database practica03mongoIvanLoli on connection [connectionId{localValue:7, serverValue:282387}] to server ac-o2suyf6-shard-00-02.7qtbnuz.mongodb.net:27017
16:37:57.626 [async-channel-group-0-handler-executor] DEBUG org.mongodb.driver.protocol.command - Execution of command with request id 177 completed successfully in 35.15 ms on connection [connectionId{localValue:7, serverValue:282387}] to server ac-o2suyf6-shard-00-02.7qtbnuz.mongodb.net:27017
16:37:57.626 [async-channel-group-0-handler-executor] DEBUG org.mongodb.driver.operation - Received batch of 1 documents with cursorId 0 from server ac-o2suyf6-shard-00-02.7qtbnuz.mongodb.net:27017
16:37:57.634 [AsyncGetter-5-thread-1] DEBUG org.mongodb.driver.protocol.command - Sending command '{"update": "user", "ordered": true, "txnNumber": 64, "$db": "practica03mongoIvanLoli", "$clusterTime": {"clusterTime": {"$timestamp": {"t": 1676129876, "i": 8}}, "signature": {"hash": {"$binary": {"base64": "pN0DUR9amOwm/d1ZJQo/fA3Y3Uw=", "subType": "00"}}, "keyId": 7161871216054108163}}, "lsid": {"id": {"$binary": {"base64": "nZRz+A95RCyuTZsKjCM1Eg==", "subType": "04"}}}, "updates": [{"q": {"_id": {"$oid": "63e7b65510e6fb6e4c08aaf3"}}, "u": {"_id": {"$oid": "63e7b65510e6fb6e4c08aaf3"}, "uuid": {"$binary": {"base64": "EREAAGmNqZO6g+qWtQUAAA==", "subType": "03"}}, "nombre": "loli", "apellido": "test", "telefono": "123456789", "email": "loli@test.com", "password": "lolitest", "perfil": "ADMIN", "activo": true}, "upsert": true}]}' with request id 178 to database practica03mongoIvanLoli on connection [connectionId{localValue:7, serverValue:282387}] to server ac-o2suyf6-shard-00-02.7qtbnuz.mongodb.net:27017
16:37:57.668 [async-channel-group-0-handler-executor] DEBUG org.mongodb.driver.protocol.command - Execution of command with request id 178 completed successfully in 34.47 ms on connection [connectionId{localValue:7, serverValue:282387}] to server ac-o2suyf6-shard-00-02.7qtbnuz.mongodb.net:27017
16:37:57.674 [DefaultDispatcher-worker-4 @coroutine#1234] DEBUG koin.repositories.user.UserRepository - findById(63e7b65510e6fb6e4c08aaf3)
16:37:57.675 [AsyncGetter-5-thread-1] DEBUG org.mongodb.driver.protocol.command - Sending command '{"find": "user", "filter": {"_id": {"$oid": "63e7b65510e6fb6e4c08aaf3"}}, "limit": 1, "singleBatch": true, "$db": "practica03mongoIvanLoli", "$clusterTime": {"clusterTime": {"$timestamp": {"t": 1676129876, "i": 8}}, "signature": {"hash": {"$binary": {"base64": "pN0DUR9amOwm/d1ZJQo/fA3Y3Uw=", "subType": "00"}}, "keyId": 7161871216054108163}}, "lsid": {"id": {"$binary": {"base64": "nZRz+A95RCyuTZsKjCM1Eg==", "subType": "04"}}}}' with request id 179 to database practica03mongoIvanLoli on connection [connectionId{localValue:7, serverValue:282387}] to server ac-o2suyf6-shard-00-02.7qtbnuz.mongodb.net:27017
16:37:57.710 [async-channel-group-0-handler-executor] DEBUG org.mongodb.driver.protocol.command - Execution of command with request id 179 completed successfully in 34.75 ms on connection [connectionId{localValue:7, serverValue:282387}] to server ac-o2suyf6-shard-00-02.7qtbnuz.mongodb.net:27017
16:37:57.711 [async-channel-group-0-handler-executor] DEBUG org.mongodb.driver.operation - Received batch of 1 documents with cursorId 0 from server ac-o2suyf6-shard-00-02.7qtbnuz.mongodb.net:27017
16:37:57.718 [AsyncGetter-5-thread-1] DEBUG org.mongodb.driver.protocol.command - Sending command '{"update": "user", "ordered": true, "txnNumber": 65, "$db": "practica03mongoIvanLoli", "$clusterTime": {"clusterTime": {"$timestamp": {"t": 1676129876, "i": 8}}, "signature": {"hash": {"$binary": {"base64": "pN0DUR9amOwm/d1ZJQo/fA3Y3Uw=", "subType": "00"}}, "keyId": 7161871216054108163}}, "lsid": {"id": {"$binary": {"base64": "nZRz+A95RCyuTZsKjCM1Eg==", "subType": "04"}}}, "updates": [{"q": {"_id": {"$oid": "63e7b65510e6fb6e4c08aaf3"}}, "u": {"_id": {"$oid": "63e7b65510e6fb6e4c08aaf3"}, "uuid": {"$binary": {"base64": "EREAAGmNqZO6g+qWtQUAAA==", "subType": "03"}}, "nombre": "loli", "apellido": "test", "telefono": "123456789", "email": "loli@test.com", "password": "lolitest", "perfil": "ADMIN", "activo": true}, "upsert": true}]}' with request id 180 to database practica03mongoIvanLoli on connection [connectionId{localValue:7, serverValue:282387}] to server ac-o2suyf6-shard-00-02.7qtbnuz.mongodb.net:27017
16:37:57.752 [async-channel-group-0-handler-executor] DEBUG org.mongodb.driver.protocol.command - Execution of command with request id 180 completed successfully in 35.38 ms on connection [connectionId{localValue:7, serverValue:282387}] to server ac-o2suyf6-shard-00-02.7qtbnuz.mongodb.net:27017
16:37:57.757 [DefaultDispatcher-worker-4 @coroutine#1239] DEBUG koin.repositories.user.UserRepository - findByUUID(93a98d69-0000-1111-0000-05b596ea83ba)
16:37:57.758 [AsyncGetter-5-thread-1] DEBUG org.mongodb.driver.protocol.command - Sending command '{"find": "user", "filter": {}, "batchSize": 64, "$db": "practica03mongoIvanLoli", "$clusterTime": {"clusterTime": {"$timestamp": {"t": 1676129876, "i": 8}}, "signature": {"hash": {"$binary": {"base64": "pN0DUR9amOwm/d1ZJQo/fA3Y3Uw=", "subType": "00"}}, "keyId": 7161871216054108163}}, "lsid": {"id": {"$binary": {"base64": "nZRz+A95RCyuTZsKjCM1Eg==", "subType": "04"}}}}' with request id 181 to database practica03mongoIvanLoli on connection [connectionId{localValue:7, serverValue:282387}] to server ac-o2suyf6-shard-00-02.7qtbnuz.mongodb.net:27017
16:37:57.801 [async-channel-group-0-handler-executor] DEBUG org.mongodb.driver.protocol.command - Execution of command with request id 181 completed successfully in 42.93 ms on connection [connectionId{localValue:7, serverValue:282387}] to server ac-o2suyf6-shard-00-02.7qtbnuz.mongodb.net:27017
16:37:57.801 [async-channel-group-0-handler-executor] DEBUG org.mongodb.driver.operation - Received batch of 1 documents with cursorId 0 from server ac-o2suyf6-shard-00-02.7qtbnuz.mongodb.net:27017
16:37:57.807 [AsyncGetter-5-thread-1] DEBUG org.mongodb.driver.protocol.command - Sending command '{"update": "user", "ordered": true, "txnNumber": 66, "$db": "practica03mongoIvanLoli", "$clusterTime": {"clusterTime": {"$timestamp": {"t": 1676129876, "i": 8}}, "signature": {"hash": {"$binary": {"base64": "pN0DUR9amOwm/d1ZJQo/fA3Y3Uw=", "subType": "00"}}, "keyId": 7161871216054108163}}, "lsid": {"id": {"$binary": {"base64": "nZRz+A95RCyuTZsKjCM1Eg==", "subType": "04"}}}, "updates": [{"q": {"_id": {"$oid": "63e7b65510e6fb6e4c08aaf3"}}, "u": {"_id": {"$oid": "63e7b65510e6fb6e4c08aaf3"}, "uuid": {"$binary": {"base64": "EREAAGmNqZO6g+qWtQUAAA==", "subType": "03"}}, "nombre": "loli", "apellido": "test", "telefono": "123456789", "email": "loli@test.com", "password": "lolitest", "perfil": "ADMIN", "activo": true}, "upsert": true}]}' with request id 182 to database practica03mongoIvanLoli on connection [connectionId{localValue:7, serverValue:282387}] to server ac-o2suyf6-shard-00-02.7qtbnuz.mongodb.net:27017
16:37:57.843 [async-channel-group-0-handler-executor] DEBUG org.mongodb.driver.protocol.command - Execution of command with request id 182 completed successfully in 35.83 ms on connection [connectionId{localValue:7, serverValue:282387}] to server ac-o2suyf6-shard-00-02.7qtbnuz.mongodb.net:27017
16:37:57.853 [DefaultDispatcher-worker-4 @coroutine#1244] DEBUG koin.repositories.user.UserRepository - save(User(id=63e7b65510e6fb6e4c08aaf3, uuid=93a98d69-0000-1111-0000-05b596ea83ba, nombre=loli, apellido=test, telefono=123456789, email=loli@test.com, password=lolitest, perfil=ADMIN, activo=true))
16:37:57.856 [AsyncGetter-5-thread-1] DEBUG org.mongodb.driver.protocol.command - Sending command '{"update": "user", "ordered": true, "txnNumber": 67, "$db": "practica03mongoIvanLoli", "$clusterTime": {"clusterTime": {"$timestamp": {"t": 1676129876, "i": 8}}, "signature": {"hash": {"$binary": {"base64": "pN0DUR9amOwm/d1ZJQo/fA3Y3Uw=", "subType": "00"}}, "keyId": 7161871216054108163}}, "lsid": {"id": {"$binary": {"base64": "nZRz+A95RCyuTZsKjCM1Eg==", "subType": "04"}}}, "updates": [{"q": {"_id": {"$oid": "63e7b65510e6fb6e4c08aaf3"}}, "u": {"_id": {"$oid": "63e7b65510e6fb6e4c08aaf3"}, "uuid": {"$binary": {"base64": "EREAAGmNqZO6g+qWtQUAAA==", "subType": "03"}}, "nombre": "loli", "apellido": "test", "telefono": "123456789", "email": "loli@test.com", "password": "lolitest", "perfil": "ADMIN", "activo": true}, "upsert": true}]}' with request id 183 to database practica03mongoIvanLoli on connection [connectionId{localValue:7, serverValue:282387}] to server ac-o2suyf6-shard-00-02.7qtbnuz.mongodb.net:27017
16:37:57.891 [async-channel-group-0-handler-executor] DEBUG org.mongodb.driver.protocol.command - Execution of command with request id 183 completed successfully in 35.45 ms on connection [connectionId{localValue:7, serverValue:282387}] to server ac-o2suyf6-shard-00-02.7qtbnuz.mongodb.net:27017
16:37:57.899 [AsyncGetter-5-thread-1] DEBUG org.mongodb.driver.protocol.command - Sending command '{"update": "user", "ordered": true, "txnNumber": 68, "$db": "practica03mongoIvanLoli", "$clusterTime": {"clusterTime": {"$timestamp": {"t": 1676129876, "i": 9}}, "signature": {"hash": {"$binary": {"base64": "pN0DUR9amOwm/d1ZJQo/fA3Y3Uw=", "subType": "00"}}, "keyId": 7161871216054108163}}, "lsid": {"id": {"$binary": {"base64": "nZRz+A95RCyuTZsKjCM1Eg==", "subType": "04"}}}, "updates": [{"q": {"_id": {"$oid": "63e7b65510e6fb6e4c08aaf3"}}, "u": {"_id": {"$oid": "63e7b65510e6fb6e4c08aaf3"}, "uuid": {"$binary": {"base64": "EREAAGmNqZO6g+qWtQUAAA==", "subType": "03"}}, "nombre": "loli", "apellido": "test", "telefono": "123456789", "email": "loli@test.com", "password": "lolitest", "perfil": "ADMIN", "activo": true}, "upsert": true}]}' with request id 184 to database practica03mongoIvanLoli on connection [connectionId{localValue:7, serverValue:282387}] to server ac-o2suyf6-shard-00-02.7qtbnuz.mongodb.net:27017
16:37:57.949 [async-channel-group-0-handler-executor] DEBUG org.mongodb.driver.protocol.command - Execution of command with request id 184 completed successfully in 50.22 ms on connection [connectionId{localValue:7, serverValue:282387}] to server ac-o2suyf6-shard-00-02.7qtbnuz.mongodb.net:27017
16:37:57.956 [DefaultDispatcher-worker-4 @coroutine#1249] DEBUG koin.repositories.user.UserRepository - findById(63e7b65510e6fb6e4c08aaf4)
16:37:57.958 [AsyncGetter-5-thread-1] DEBUG org.mongodb.driver.protocol.command - Sending command '{"find": "user", "filter": {"_id": {"$oid": "63e7b65510e6fb6e4c08aaf4"}}, "limit": 1, "singleBatch": true, "$db": "practica03mongoIvanLoli", "$clusterTime": {"clusterTime": {"$timestamp": {"t": 1676129876, "i": 9}}, "signature": {"hash": {"$binary": {"base64": "pN0DUR9amOwm/d1ZJQo/fA3Y3Uw=", "subType": "00"}}, "keyId": 7161871216054108163}}, "lsid": {"id": {"$binary": {"base64": "nZRz+A95RCyuTZsKjCM1Eg==", "subType": "04"}}}}' with request id 185 to database practica03mongoIvanLoli on connection [connectionId{localValue:7, serverValue:282387}] to server ac-o2suyf6-shard-00-02.7qtbnuz.mongodb.net:27017
16:37:57.995 [async-channel-group-0-handler-executor] DEBUG org.mongodb.driver.protocol.command - Execution of command with request id 185 completed successfully in 36.91 ms on connection [connectionId{localValue:7, serverValue:282387}] to server ac-o2suyf6-shard-00-02.7qtbnuz.mongodb.net:27017
16:37:57.995 [async-channel-group-0-handler-executor] DEBUG org.mongodb.driver.operation - Received batch of 0 documents with cursorId 0 from server ac-o2suyf6-shard-00-02.7qtbnuz.mongodb.net:27017
16:37:58.001 [AsyncGetter-5-thread-1] DEBUG org.mongodb.driver.protocol.command - Sending command '{"update": "user", "ordered": true, "txnNumber": 69, "$db": "practica03mongoIvanLoli", "$clusterTime": {"clusterTime": {"$timestamp": {"t": 1676129876, "i": 9}}, "signature": {"hash": {"$binary": {"base64": "pN0DUR9amOwm/d1ZJQo/fA3Y3Uw=", "subType": "00"}}, "keyId": 7161871216054108163}}, "lsid": {"id": {"$binary": {"base64": "nZRz+A95RCyuTZsKjCM1Eg==", "subType": "04"}}}, "updates": [{"q": {"_id": {"$oid": "63e7b65510e6fb6e4c08aaf3"}}, "u": {"_id": {"$oid": "63e7b65510e6fb6e4c08aaf3"}, "uuid": {"$binary": {"base64": "EREAAGmNqZO6g+qWtQUAAA==", "subType": "03"}}, "nombre": "loli", "apellido": "test", "telefono": "123456789", "email": "loli@test.com", "password": "lolitest", "perfil": "ADMIN", "activo": true}, "upsert": true}]}' with request id 186 to database practica03mongoIvanLoli on connection [connectionId{localValue:7, serverValue:282387}] to server ac-o2suyf6-shard-00-02.7qtbnuz.mongodb.net:27017
16:37:58.037 [async-channel-group-0-handler-executor] DEBUG org.mongodb.driver.protocol.command - Execution of command with request id 186 completed successfully in 35.49 ms on connection [connectionId{localValue:7, serverValue:282387}] to server ac-o2suyf6-shard-00-02.7qtbnuz.mongodb.net:27017
16:37:58.043 [DefaultDispatcher-worker-4 @coroutine#1254] DEBUG koin.repositories.user.UserRepository - delete(63e7b65610e6fb6e4c08aaf5)
16:37:58.045 [AsyncGetter-5-thread-1] DEBUG org.mongodb.driver.protocol.command - Sending command '{"find": "user", "filter": {"_id": {"$oid": "63e7b65610e6fb6e4c08aaf5"}}, "limit": 1, "singleBatch": true, "$db": "practica03mongoIvanLoli", "$clusterTime": {"clusterTime": {"$timestamp": {"t": 1676129877, "i": 1}}, "signature": {"hash": {"$binary": {"base64": "XL0GhSQbVKKhhAYE8GLwbctYTRQ=", "subType": "00"}}, "keyId": 7161871216054108163}}, "lsid": {"id": {"$binary": {"base64": "nZRz+A95RCyuTZsKjCM1Eg==", "subType": "04"}}}}' with request id 187 to database practica03mongoIvanLoli on connection [connectionId{localValue:7, serverValue:282387}] to server ac-o2suyf6-shard-00-02.7qtbnuz.mongodb.net:27017
16:37:58.080 [async-channel-group-0-handler-executor] DEBUG org.mongodb.driver.protocol.command - Execution of command with request id 187 completed successfully in 35.46 ms on connection [connectionId{localValue:7, serverValue:282387}] to server ac-o2suyf6-shard-00-02.7qtbnuz.mongodb.net:27017
16:37:58.081 [async-channel-group-0-handler-executor] DEBUG org.mongodb.driver.operation - Received batch of 0 documents with cursorId 0 from server ac-o2suyf6-shard-00-02.7qtbnuz.mongodb.net:27017
16:37:58.085 [AsyncGetter-5-thread-1] DEBUG org.mongodb.driver.protocol.command - Sending command '{"delete": "user", "ordered": true, "txnNumber": 70, "$db": "practica03mongoIvanLoli", "$clusterTime": {"clusterTime": {"$timestamp": {"t": 1676129877, "i": 1}}, "signature": {"hash": {"$binary": {"base64": "XL0GhSQbVKKhhAYE8GLwbctYTRQ=", "subType": "00"}}, "keyId": 7161871216054108163}}, "lsid": {"id": {"$binary": {"base64": "nZRz+A95RCyuTZsKjCM1Eg==", "subType": "04"}}}, "deletes": [{"q": {"_id": {"$oid": "63e7b65610e6fb6e4c08aaf5"}}, "limit": 1}]}' with request id 188 to database practica03mongoIvanLoli on connection [connectionId{localValue:7, serverValue:282387}] to server ac-o2suyf6-shard-00-02.7qtbnuz.mongodb.net:27017
16:37:58.121 [async-channel-group-0-handler-executor] DEBUG org.mongodb.driver.protocol.command - Execution of command with request id 188 completed successfully in 35.56 ms on connection [connectionId{localValue:7, serverValue:282387}] to server ac-o2suyf6-shard-00-02.7qtbnuz.mongodb.net:27017
16:37:58.126 [AsyncGetter-5-thread-1] DEBUG org.mongodb.driver.protocol.command - Sending command '{"update": "user", "ordered": true, "txnNumber": 71, "$db": "practica03mongoIvanLoli", "$clusterTime": {"clusterTime": {"$timestamp": {"t": 1676129877, "i": 1}}, "signature": {"hash": {"$binary": {"base64": "XL0GhSQbVKKhhAYE8GLwbctYTRQ=", "subType": "00"}}, "keyId": 7161871216054108163}}, "lsid": {"id": {"$binary": {"base64": "nZRz+A95RCyuTZsKjCM1Eg==", "subType": "04"}}}, "updates": [{"q": {"_id": {"$oid": "63e7b65510e6fb6e4c08aaf3"}}, "u": {"_id": {"$oid": "63e7b65510e6fb6e4c08aaf3"}, "uuid": {"$binary": {"base64": "EREAAGmNqZO6g+qWtQUAAA==", "subType": "03"}}, "nombre": "loli", "apellido": "test", "telefono": "123456789", "email": "loli@test.com", "password": "lolitest", "perfil": "ADMIN", "activo": true}, "upsert": true}]}' with request id 189 to database practica03mongoIvanLoli on connection [connectionId{localValue:7, serverValue:282387}] to server ac-o2suyf6-shard-00-02.7qtbnuz.mongodb.net:27017
16:37:58.160 [async-channel-group-0-handler-executor] DEBUG org.mongodb.driver.protocol.command - Execution of command with request id 189 completed successfully in 34.92 ms on connection [connectionId{localValue:7, serverValue:282387}] to server ac-o2suyf6-shard-00-02.7qtbnuz.mongodb.net:27017
16:37:58.171 [DefaultDispatcher-worker-4 @coroutine#1259] DEBUG koin.repositories.user.UserRepository - setInactive(63e7b65510e6fb6e4c08aaf3)
16:37:58.174 [AsyncGetter-5-thread-1] DEBUG org.mongodb.driver.protocol.command - Sending command '{"find": "user", "filter": {"_id": {"$oid": "63e7b65510e6fb6e4c08aaf3"}}, "limit": 1, "singleBatch": true, "$db": "practica03mongoIvanLoli", "$clusterTime": {"clusterTime": {"$timestamp": {"t": 1676129877, "i": 1}}, "signature": {"hash": {"$binary": {"base64": "XL0GhSQbVKKhhAYE8GLwbctYTRQ=", "subType": "00"}}, "keyId": 7161871216054108163}}, "lsid": {"id": {"$binary": {"base64": "nZRz+A95RCyuTZsKjCM1Eg==", "subType": "04"}}}}' with request id 190 to database practica03mongoIvanLoli on connection [connectionId{localValue:7, serverValue:282387}] to server ac-o2suyf6-shard-00-02.7qtbnuz.mongodb.net:27017
16:37:58.210 [async-channel-group-0-handler-executor] DEBUG org.mongodb.driver.protocol.command - Execution of command with request id 190 completed successfully in 36.14 ms on connection [connectionId{localValue:7, serverValue:282387}] to server ac-o2suyf6-shard-00-02.7qtbnuz.mongodb.net:27017
16:37:58.211 [async-channel-group-0-handler-executor] DEBUG org.mongodb.driver.operation - Received batch of 1 documents with cursorId 0 from server ac-o2suyf6-shard-00-02.7qtbnuz.mongodb.net:27017
16:37:58.214 [AsyncGetter-5-thread-1] DEBUG org.mongodb.driver.protocol.command - Sending command '{"update": "user", "ordered": true, "txnNumber": 72, "$db": "practica03mongoIvanLoli", "$clusterTime": {"clusterTime": {"$timestamp": {"t": 1676129877, "i": 1}}, "signature": {"hash": {"$binary": {"base64": "XL0GhSQbVKKhhAYE8GLwbctYTRQ=", "subType": "00"}}, "keyId": 7161871216054108163}}, "lsid": {"id": {"$binary": {"base64": "nZRz+A95RCyuTZsKjCM1Eg==", "subType": "04"}}}, "updates": [{"q": {"_id": {"$oid": "63e7b65510e6fb6e4c08aaf3"}}, "u": {"_id": {"$oid": "63e7b65510e6fb6e4c08aaf3"}, "uuid": {"$binary": {"base64": "EREAAGmNqZO6g+qWtQUAAA==", "subType": "03"}}, "nombre": "loli", "apellido": "test", "telefono": "123456789", "email": "loli@test.com", "password": "lolitest", "perfil": "ADMIN", "activo": false}, "upsert": true}]}' with request id 191 to database practica03mongoIvanLoli on connection [connectionId{localValue:7, serverValue:282387}] to server ac-o2suyf6-shard-00-02.7qtbnuz.mongodb.net:27017
16:37:58.255 [async-channel-group-0-handler-executor] DEBUG org.mongodb.driver.protocol.command - Execution of command with request id 191 completed successfully in 40.77 ms on connection [connectionId{localValue:7, serverValue:282387}] to server ac-o2suyf6-shard-00-02.7qtbnuz.mongodb.net:27017
16:37:58.263 [AsyncGetter-5-thread-1] DEBUG org.mongodb.driver.protocol.command - Sending command '{"drop": "user", "$db": "practica03mongoIvanLoli", "$clusterTime": {"clusterTime": {"$timestamp": {"t": 1676129877, "i": 3}}, "signature": {"hash": {"$binary": {"base64": "XL0GhSQbVKKhhAYE8GLwbctYTRQ=", "subType": "00"}}, "keyId": 7161871216054108163}}, "lsid": {"id": {"$binary": {"base64": "nZRz+A95RCyuTZsKjCM1Eg==", "subType": "04"}}}}' with request id 192 to database practica03mongoIvanLoli on connection [connectionId{localValue:7, serverValue:282387}] to server ac-o2suyf6-shard-00-02.7qtbnuz.mongodb.net:27017
16:37:58.311 [async-channel-group-0-handler-executor] DEBUG org.mongodb.driver.protocol.command - Execution of command with request id 192 completed successfully in 47.97 ms on connection [connectionId{localValue:7, serverValue:282387}] to server ac-o2suyf6-shard-00-02.7qtbnuz.mongodb.net:27017
]]></system-out>
  <system-err><![CDATA[]]></system-err>
</testsuite>
