<?xml version="1.0" encoding="UTF-8"?>
<testsuite name="koin.repositories.user.UserRepositoryCachedTest" tests="11" skipped="0" failures="0" errors="0" timestamp="2023-02-11T15:37:44" hostname="LOLI-LAPTOP" time="12.878">
  <properties/>
  <testcase name="delete()" classname="koin.repositories.user.UserRepositoryCachedTest" time="0.017"/>
  <testcase name="findAll()" classname="koin.repositories.user.UserRepositoryCachedTest" time="4.006"/>
  <testcase name="findById()" classname="koin.repositories.user.UserRepositoryCachedTest" time="0.012"/>
  <testcase name="findByUUID()" classname="koin.repositories.user.UserRepositoryCachedTest" time="0.013"/>
  <testcase name="save()" classname="koin.repositories.user.UserRepositoryCachedTest" time="0.016"/>
  <testcase name="findByUUIDNotExists()" classname="koin.repositories.user.UserRepositoryCachedTest" time="0.009"/>
  <testcase name="findByIdNotExists()" classname="koin.repositories.user.UserRepositoryCachedTest" time="0.011"/>
  <testcase name="findByEmail()" classname="koin.repositories.user.UserRepositoryCachedTest" time="4.358"/>
  <testcase name="findByPhone()" classname="koin.repositories.user.UserRepositoryCachedTest" time="3.856"/>
  <testcase name="findByIdNumerical()" classname="koin.repositories.user.UserRepositoryCachedTest" time="0.57"/>
  <testcase name="setInactive()" classname="koin.repositories.user.UserRepositoryCachedTest" time="0.009"/>
  <system-out><![CDATA[16:37:44.242 [Test worker] DEBUG koin.services.cache.user.UserCache - Initializing UserCache...
16:37:44.250 [Test worker] DEBUG io.mockk.impl.instantiation.AbstractMockFactory - Creating spyk for UserCache name=cache#725
16:37:44.321 [Test worker] DEBUG io.mockk.impl.instantiation.AbstractMockFactory - Creating mockk for UserRepository name=repo#726
16:37:44.384 [DefaultDispatcher-worker-4 @coroutine#1103] DEBUG io.mockk.impl.recording.states.AnsweringState - Answering 60000 on UserCache(cache#725).getRefreshTime()
16:37:44.388 [Test worker @coroutine#1104] DEBUG io.mockk.impl.instantiation.AbstractMockFactory - Creating mockk for User name=child of repo#726#727
16:37:44.391 [Test worker @coroutine#1104] DEBUG io.mockk.impl.instantiation.AbstractMockFactory - Creating mockk for User name=child of repo#726#728
16:37:44.393 [DefaultDispatcher-worker-4] DEBUG io.mockk.impl.recording.states.AnsweringState - Answering User(id=63e7b64810e6fb6e4c08aad2, uuid=93a98d69-0000-1111-0000-05b596ea83ba, nombre=loli, apellido=test, telefono=123456789, email=loli@test.com, password=lolitest, perfil=ADMIN, activo=true) on UserRepository(repo#726).delete(63e7b64810e6fb6e4c08aad2, continuation {})
16:37:44.395 [DefaultDispatcher-worker-4] DEBUG io.mockk.impl.recording.states.AnsweringState - Answering io.github.reactivecircus.cache4k.RealCache@7fa23f1d on UserCache(cache#725).getCache()
16:37:44.403 [Test worker @coroutine#1112] DEBUG io.mockk.impl.instantiation.AbstractMockFactory - Creating mockk for Flow name=child of repo#726#729
16:37:44.405 [DefaultDispatcher-worker-4] DEBUG io.mockk.impl.recording.states.AnsweringState - Answering kotlinx.coroutines.flow.FlowKt__BuildersKt$flowOf$$inlined$unsafeFlow$2@641c2782 on UserRepository(repo#726).findAll(continuation {})
16:37:45.899 [cluster-ClusterId{value='63e7b60210e6fb6e4c08a6e8', description='null'}-ac-o2suyf6-shard-00-02.7qtbnuz.mongodb.net:27017] DEBUG org.mongodb.driver.cluster - Updating cluster description to  {type=REPLICA_SET, servers=[{address=ac-o2suyf6-shard-00-00.7qtbnuz.mongodb.net:27017, type=REPLICA_SET_SECONDARY, TagSet{[Tag{name='nodeType', value='ELECTABLE'}, Tag{name='provider', value='AWS'}, Tag{name='region', value='EU_WEST_3'}, Tag{name='workloadType', value='OPERATIONAL'}]}, roundTripTime=138.2 ms, state=CONNECTED}, {address=ac-o2suyf6-shard-00-02.7qtbnuz.mongodb.net:27017, type=REPLICA_SET_PRIMARY, TagSet{[Tag{name='nodeType', value='ELECTABLE'}, Tag{name='provider', value='AWS'}, Tag{name='region', value='EU_WEST_3'}, Tag{name='workloadType', value='OPERATIONAL'}]}, roundTripTime=123.4 ms, state=CONNECTED}, {address=ac-o2suyf6-shard-00-01.7qtbnuz.mongodb.net:27017, type=REPLICA_SET_SECONDARY, TagSet{[Tag{name='nodeType', value='ELECTABLE'}, Tag{name='provider', value='AWS'}, Tag{name='region', value='EU_WEST_3'}, Tag{name='workloadType', value='OPERATIONAL'}]}, roundTripTime=138.4 ms, state=CONNECTED}]
16:37:45.899 [cluster-ClusterId{value='63e7b60210e6fb6e4c08a6e8', description='null'}-ac-o2suyf6-shard-00-02.7qtbnuz.mongodb.net:27017] DEBUG org.mongodb.driver.cluster - Checking status of ac-o2suyf6-shard-00-02.7qtbnuz.mongodb.net:27017
16:37:45.899 [cluster-ClusterId{value='63e7b60210e6fb6e4c08a6e8', description='null'}-ac-o2suyf6-shard-00-00.7qtbnuz.mongodb.net:27017] DEBUG org.mongodb.driver.cluster - Updating cluster description to  {type=REPLICA_SET, servers=[{address=ac-o2suyf6-shard-00-00.7qtbnuz.mongodb.net:27017, type=REPLICA_SET_SECONDARY, TagSet{[Tag{name='nodeType', value='ELECTABLE'}, Tag{name='provider', value='AWS'}, Tag{name='region', value='EU_WEST_3'}, Tag{name='workloadType', value='OPERATIONAL'}]}, roundTripTime=122.6 ms, state=CONNECTED}, {address=ac-o2suyf6-shard-00-02.7qtbnuz.mongodb.net:27017, type=REPLICA_SET_PRIMARY, TagSet{[Tag{name='nodeType', value='ELECTABLE'}, Tag{name='provider', value='AWS'}, Tag{name='region', value='EU_WEST_3'}, Tag{name='workloadType', value='OPERATIONAL'}]}, roundTripTime=123.4 ms, state=CONNECTED}, {address=ac-o2suyf6-shard-00-01.7qtbnuz.mongodb.net:27017, type=REPLICA_SET_SECONDARY, TagSet{[Tag{name='nodeType', value='ELECTABLE'}, Tag{name='provider', value='AWS'}, Tag{name='region', value='EU_WEST_3'}, Tag{name='workloadType', value='OPERATIONAL'}]}, roundTripTime=138.4 ms, state=CONNECTED}]
16:37:45.899 [cluster-ClusterId{value='63e7b60210e6fb6e4c08a6e8', description='null'}-ac-o2suyf6-shard-00-00.7qtbnuz.mongodb.net:27017] DEBUG org.mongodb.driver.cluster - Checking status of ac-o2suyf6-shard-00-00.7qtbnuz.mongodb.net:27017
16:37:45.900 [cluster-ClusterId{value='63e7b60210e6fb6e4c08a6e8', description='null'}-ac-o2suyf6-shard-00-01.7qtbnuz.mongodb.net:27017] DEBUG org.mongodb.driver.cluster - Updating cluster description to  {type=REPLICA_SET, servers=[{address=ac-o2suyf6-shard-00-00.7qtbnuz.mongodb.net:27017, type=REPLICA_SET_SECONDARY, TagSet{[Tag{name='nodeType', value='ELECTABLE'}, Tag{name='provider', value='AWS'}, Tag{name='region', value='EU_WEST_3'}, Tag{name='workloadType', value='OPERATIONAL'}]}, roundTripTime=122.6 ms, state=CONNECTED}, {address=ac-o2suyf6-shard-00-02.7qtbnuz.mongodb.net:27017, type=REPLICA_SET_PRIMARY, TagSet{[Tag{name='nodeType', value='ELECTABLE'}, Tag{name='provider', value='AWS'}, Tag{name='region', value='EU_WEST_3'}, Tag{name='workloadType', value='OPERATIONAL'}]}, roundTripTime=123.4 ms, state=CONNECTED}, {address=ac-o2suyf6-shard-00-01.7qtbnuz.mongodb.net:27017, type=REPLICA_SET_SECONDARY, TagSet{[Tag{name='nodeType', value='ELECTABLE'}, Tag{name='provider', value='AWS'}, Tag{name='region', value='EU_WEST_3'}, Tag{name='workloadType', value='OPERATIONAL'}]}, roundTripTime=122.8 ms, state=CONNECTED}]
16:37:45.900 [cluster-ClusterId{value='63e7b60210e6fb6e4c08a6e8', description='null'}-ac-o2suyf6-shard-00-01.7qtbnuz.mongodb.net:27017] DEBUG org.mongodb.driver.cluster - Checking status of ac-o2suyf6-shard-00-01.7qtbnuz.mongodb.net:27017
16:37:45.991 [cluster-rtt-ClusterId{value='63e7b60210e6fb6e4c08a6e8', description='null'}-ac-o2suyf6-shard-00-01.7qtbnuz.mongodb.net:27017] DEBUG org.mongodb.driver.protocol.command - Sending command '{"hello": 1, "$db": "admin", "$clusterTime": {"clusterTime": {"$timestamp": {"t": 1676129864, "i": 4}}, "signature": {"hash": {"$binary": {"base64": "/kduGlPQrHO49wevsRCTTMzSNeg=", "subType": "00"}}, "keyId": 7161871216054108163}}}' with request id 166 to database admin on connection [connectionId{localValue:4, serverValue:278521}] to server ac-o2suyf6-shard-00-01.7qtbnuz.mongodb.net:27017
16:37:45.991 [cluster-rtt-ClusterId{value='63e7b60210e6fb6e4c08a6e8', description='null'}-ac-o2suyf6-shard-00-00.7qtbnuz.mongodb.net:27017] DEBUG org.mongodb.driver.protocol.command - Sending command '{"hello": 1, "$db": "admin", "$clusterTime": {"clusterTime": {"$timestamp": {"t": 1676129864, "i": 4}}, "signature": {"hash": {"$binary": {"base64": "/kduGlPQrHO49wevsRCTTMzSNeg=", "subType": "00"}}, "keyId": 7161871216054108163}}}' with request id 167 to database admin on connection [connectionId{localValue:6, serverValue:283073}] to server ac-o2suyf6-shard-00-00.7qtbnuz.mongodb.net:27017
16:37:46.021 [cluster-rtt-ClusterId{value='63e7b60210e6fb6e4c08a6e8', description='null'}-ac-o2suyf6-shard-00-02.7qtbnuz.mongodb.net:27017] DEBUG org.mongodb.driver.protocol.command - Sending command '{"hello": 1, "$db": "admin", "$clusterTime": {"clusterTime": {"$timestamp": {"t": 1676129864, "i": 4}}, "signature": {"hash": {"$binary": {"base64": "/kduGlPQrHO49wevsRCTTMzSNeg=", "subType": "00"}}, "keyId": 7161871216054108163}}}' with request id 168 to database admin on connection [connectionId{localValue:5, serverValue:282386}] to server ac-o2suyf6-shard-00-02.7qtbnuz.mongodb.net:27017
16:37:46.026 [cluster-rtt-ClusterId{value='63e7b60210e6fb6e4c08a6e8', description='null'}-ac-o2suyf6-shard-00-01.7qtbnuz.mongodb.net:27017] DEBUG org.mongodb.driver.protocol.command - Execution of command with request id 166 completed successfully in 35.40 ms on connection [connectionId{localValue:4, serverValue:278521}] to server ac-o2suyf6-shard-00-01.7qtbnuz.mongodb.net:27017
16:37:46.037 [cluster-rtt-ClusterId{value='63e7b60210e6fb6e4c08a6e8', description='null'}-ac-o2suyf6-shard-00-00.7qtbnuz.mongodb.net:27017] DEBUG org.mongodb.driver.protocol.command - Execution of command with request id 167 completed successfully in 47.01 ms on connection [connectionId{localValue:6, serverValue:283073}] to server ac-o2suyf6-shard-00-00.7qtbnuz.mongodb.net:27017
16:37:46.064 [cluster-rtt-ClusterId{value='63e7b60210e6fb6e4c08a6e8', description='null'}-ac-o2suyf6-shard-00-02.7qtbnuz.mongodb.net:27017] DEBUG org.mongodb.driver.protocol.command - Execution of command with request id 168 completed successfully in 44.08 ms on connection [connectionId{localValue:5, serverValue:282386}] to server ac-o2suyf6-shard-00-02.7qtbnuz.mongodb.net:27017
16:37:48.409 [Test worker @coroutine#1131] DEBUG io.mockk.impl.instantiation.AbstractMockFactory - Creating mockk for User name=child of repo#726#730
16:37:48.411 [DefaultDispatcher-worker-3] DEBUG io.mockk.impl.recording.states.AnsweringState - Answering User(id=63e7b64810e6fb6e4c08aad2, uuid=93a98d69-0000-1111-0000-05b596ea83ba, nombre=loli, apellido=test, telefono=123456789, email=loli@test.com, password=lolitest, perfil=ADMIN, activo=true) on UserRepository(repo#726).findById(63e7b64810e6fb6e4c08aad2, continuation {})
16:37:48.419 [Test worker @coroutine#1137] DEBUG io.mockk.impl.instantiation.AbstractMockFactory - Creating mockk for User name=child of repo#726#731
16:37:48.421 [DefaultDispatcher-worker-3] DEBUG io.mockk.impl.recording.states.AnsweringState - Answering io.github.reactivecircus.cache4k.RealCache@7fa23f1d on UserCache(cache#725).getCache()
16:37:48.422 [DefaultDispatcher-worker-3] DEBUG io.mockk.impl.recording.states.AnsweringState - Answering User(id=63e7b64810e6fb6e4c08aad2, uuid=93a98d69-0000-1111-0000-05b596ea83ba, nombre=loli, apellido=test, telefono=123456789, email=loli@test.com, password=lolitest, perfil=ADMIN, activo=true) on UserRepository(repo#726).findByUUID(93a98d69-0000-1111-0000-05b596ea83ba, continuation {})
16:37:48.428 [Test worker @background work runner#1140] DEBUG io.mockk.impl.instantiation.AbstractMockFactory - Creating mockk for User name=child of repo#726#732
16:37:48.435 [Test worker @coroutine#1143] DEBUG io.mockk.impl.instantiation.AbstractMockFactory - Creating mockk for User name=child of repo#726#733
16:37:48.438 [DefaultDispatcher-worker-3] DEBUG io.mockk.impl.recording.states.AnsweringState - Answering User(id=63e7b64810e6fb6e4c08aad2, uuid=93a98d69-0000-1111-0000-05b596ea83ba, nombre=loli, apellido=test, telefono=123456789, email=loli@test.com, password=lolitest, perfil=ADMIN, activo=true) on UserRepository(repo#726).save(User(id=63e7b64810e6fb6e4c08aad2, uuid=93a98d69-0000-1111-0000-05b596ea83ba, nombre=loli, apellido=test, telefono=123456789, email=loli@test.com, password=lolitest, perfil=ADMIN, activo=true), continuation {})
16:37:48.450 [DefaultDispatcher-worker-3] DEBUG io.mockk.impl.recording.states.AnsweringState - Answering io.github.reactivecircus.cache4k.RealCache@7fa23f1d on UserCache(cache#725).getCache()
16:37:48.451 [DefaultDispatcher-worker-3] DEBUG io.mockk.impl.recording.states.AnsweringState - Answering null on UserRepository(repo#726).findByUUID(52111c45-81e7-4a73-a724-7d4ad00821a3, continuation {})
16:37:48.460 [DefaultDispatcher-worker-3] DEBUG io.mockk.impl.recording.states.AnsweringState - Answering null on UserRepository(repo#726).findById(63e7b64c10e6fb6e4c08aadd, continuation {})
16:37:48.475 [DefaultDispatcher-worker-3] DEBUG io.mockk.impl.recording.states.AnsweringState - Answering kotlinx.coroutines.flow.FlowKt__BuildersKt$flowOf$$inlined$unsafeFlow$2@24362c2b on UserRepository(repo#726).findAll(continuation {})
16:37:52.830 [DefaultDispatcher-worker-1] DEBUG io.mockk.impl.recording.states.AnsweringState - Answering kotlinx.coroutines.flow.FlowKt__BuildersKt$flowOf$$inlined$unsafeFlow$2@19df2ae8 on UserRepository(repo#726).findAll(continuation {})
16:37:55.835 [cluster-ClusterId{value='63e7b60210e6fb6e4c08a6e8', description='null'}-ac-o2suyf6-shard-00-02.7qtbnuz.mongodb.net:27017] DEBUG org.mongodb.driver.cluster - Updating cluster description to  {type=REPLICA_SET, servers=[{address=ac-o2suyf6-shard-00-00.7qtbnuz.mongodb.net:27017, type=REPLICA_SET_SECONDARY, TagSet{[Tag{name='nodeType', value='ELECTABLE'}, Tag{name='provider', value='AWS'}, Tag{name='region', value='EU_WEST_3'}, Tag{name='workloadType', value='OPERATIONAL'}]}, roundTripTime=122.6 ms, state=CONNECTED}, {address=ac-o2suyf6-shard-00-02.7qtbnuz.mongodb.net:27017, type=REPLICA_SET_PRIMARY, TagSet{[Tag{name='nodeType', value='ELECTABLE'}, Tag{name='provider', value='AWS'}, Tag{name='region', value='EU_WEST_3'}, Tag{name='workloadType', value='OPERATIONAL'}]}, roundTripTime=107.7 ms, state=CONNECTED}, {address=ac-o2suyf6-shard-00-01.7qtbnuz.mongodb.net:27017, type=REPLICA_SET_SECONDARY, TagSet{[Tag{name='nodeType', value='ELECTABLE'}, Tag{name='provider', value='AWS'}, Tag{name='region', value='EU_WEST_3'}, Tag{name='workloadType', value='OPERATIONAL'}]}, roundTripTime=122.8 ms, state=CONNECTED}]
16:37:55.835 [cluster-ClusterId{value='63e7b60210e6fb6e4c08a6e8', description='null'}-ac-o2suyf6-shard-00-02.7qtbnuz.mongodb.net:27017] DEBUG org.mongodb.driver.cluster - Checking status of ac-o2suyf6-shard-00-02.7qtbnuz.mongodb.net:27017
16:37:55.835 [cluster-ClusterId{value='63e7b60210e6fb6e4c08a6e8', description='null'}-ac-o2suyf6-shard-00-01.7qtbnuz.mongodb.net:27017] DEBUG org.mongodb.driver.cluster - Updating cluster description to  {type=REPLICA_SET, servers=[{address=ac-o2suyf6-shard-00-00.7qtbnuz.mongodb.net:27017, type=REPLICA_SET_SECONDARY, TagSet{[Tag{name='nodeType', value='ELECTABLE'}, Tag{name='provider', value='AWS'}, Tag{name='region', value='EU_WEST_3'}, Tag{name='workloadType', value='OPERATIONAL'}]}, roundTripTime=122.6 ms, state=CONNECTED}, {address=ac-o2suyf6-shard-00-02.7qtbnuz.mongodb.net:27017, type=REPLICA_SET_PRIMARY, TagSet{[Tag{name='nodeType', value='ELECTABLE'}, Tag{name='provider', value='AWS'}, Tag{name='region', value='EU_WEST_3'}, Tag{name='workloadType', value='OPERATIONAL'}]}, roundTripTime=107.7 ms, state=CONNECTED}, {address=ac-o2suyf6-shard-00-01.7qtbnuz.mongodb.net:27017, type=REPLICA_SET_SECONDARY, TagSet{[Tag{name='nodeType', value='ELECTABLE'}, Tag{name='provider', value='AWS'}, Tag{name='region', value='EU_WEST_3'}, Tag{name='workloadType', value='OPERATIONAL'}]}, roundTripTime=105.5 ms, state=CONNECTED}]
16:37:55.835 [cluster-ClusterId{value='63e7b60210e6fb6e4c08a6e8', description='null'}-ac-o2suyf6-shard-00-01.7qtbnuz.mongodb.net:27017] DEBUG org.mongodb.driver.cluster - Checking status of ac-o2suyf6-shard-00-01.7qtbnuz.mongodb.net:27017
16:37:55.835 [cluster-ClusterId{value='63e7b60210e6fb6e4c08a6e8', description='null'}-ac-o2suyf6-shard-00-00.7qtbnuz.mongodb.net:27017] DEBUG org.mongodb.driver.cluster - Updating cluster description to  {type=REPLICA_SET, servers=[{address=ac-o2suyf6-shard-00-00.7qtbnuz.mongodb.net:27017, type=REPLICA_SET_SECONDARY, TagSet{[Tag{name='nodeType', value='ELECTABLE'}, Tag{name='provider', value='AWS'}, Tag{name='region', value='EU_WEST_3'}, Tag{name='workloadType', value='OPERATIONAL'}]}, roundTripTime=107.6 ms, state=CONNECTED}, {address=ac-o2suyf6-shard-00-02.7qtbnuz.mongodb.net:27017, type=REPLICA_SET_PRIMARY, TagSet{[Tag{name='nodeType', value='ELECTABLE'}, Tag{name='provider', value='AWS'}, Tag{name='region', value='EU_WEST_3'}, Tag{name='workloadType', value='OPERATIONAL'}]}, roundTripTime=107.7 ms, state=CONNECTED}, {address=ac-o2suyf6-shard-00-01.7qtbnuz.mongodb.net:27017, type=REPLICA_SET_SECONDARY, TagSet{[Tag{name='nodeType', value='ELECTABLE'}, Tag{name='provider', value='AWS'}, Tag{name='region', value='EU_WEST_3'}, Tag{name='workloadType', value='OPERATIONAL'}]}, roundTripTime=105.5 ms, state=CONNECTED}]
16:37:55.835 [cluster-ClusterId{value='63e7b60210e6fb6e4c08a6e8', description='null'}-ac-o2suyf6-shard-00-00.7qtbnuz.mongodb.net:27017] DEBUG org.mongodb.driver.cluster - Checking status of ac-o2suyf6-shard-00-00.7qtbnuz.mongodb.net:27017
16:37:56.038 [cluster-rtt-ClusterId{value='63e7b60210e6fb6e4c08a6e8', description='null'}-ac-o2suyf6-shard-00-00.7qtbnuz.mongodb.net:27017] DEBUG org.mongodb.driver.protocol.command - Sending command '{"hello": 1, "$db": "admin", "$clusterTime": {"clusterTime": {"$timestamp": {"t": 1676129874, "i": 5}}, "signature": {"hash": {"$binary": {"base64": "dqAyWTbOCSNS4WgfG50lRTUAQNM=", "subType": "00"}}, "keyId": 7161871216054108163}}}' with request id 169 to database admin on connection [connectionId{localValue:6, serverValue:283073}] to server ac-o2suyf6-shard-00-00.7qtbnuz.mongodb.net:27017
16:37:56.038 [cluster-rtt-ClusterId{value='63e7b60210e6fb6e4c08a6e8', description='null'}-ac-o2suyf6-shard-00-01.7qtbnuz.mongodb.net:27017] DEBUG org.mongodb.driver.protocol.command - Sending command '{"hello": 1, "$db": "admin", "$clusterTime": {"clusterTime": {"$timestamp": {"t": 1676129874, "i": 5}}, "signature": {"hash": {"$binary": {"base64": "dqAyWTbOCSNS4WgfG50lRTUAQNM=", "subType": "00"}}, "keyId": 7161871216054108163}}}' with request id 170 to database admin on connection [connectionId{localValue:4, serverValue:278521}] to server ac-o2suyf6-shard-00-01.7qtbnuz.mongodb.net:27017
16:37:56.069 [cluster-rtt-ClusterId{value='63e7b60210e6fb6e4c08a6e8', description='null'}-ac-o2suyf6-shard-00-02.7qtbnuz.mongodb.net:27017] DEBUG org.mongodb.driver.protocol.command - Sending command '{"hello": 1, "$db": "admin", "$clusterTime": {"clusterTime": {"$timestamp": {"t": 1676129874, "i": 5}}, "signature": {"hash": {"$binary": {"base64": "dqAyWTbOCSNS4WgfG50lRTUAQNM=", "subType": "00"}}, "keyId": 7161871216054108163}}}' with request id 171 to database admin on connection [connectionId{localValue:5, serverValue:282386}] to server ac-o2suyf6-shard-00-02.7qtbnuz.mongodb.net:27017
16:37:56.072 [cluster-rtt-ClusterId{value='63e7b60210e6fb6e4c08a6e8', description='null'}-ac-o2suyf6-shard-00-01.7qtbnuz.mongodb.net:27017] DEBUG org.mongodb.driver.protocol.command - Execution of command with request id 170 completed successfully in 34.00 ms on connection [connectionId{localValue:4, serverValue:278521}] to server ac-o2suyf6-shard-00-01.7qtbnuz.mongodb.net:27017
16:37:56.083 [cluster-rtt-ClusterId{value='63e7b60210e6fb6e4c08a6e8', description='null'}-ac-o2suyf6-shard-00-00.7qtbnuz.mongodb.net:27017] DEBUG org.mongodb.driver.protocol.command - Execution of command with request id 169 completed successfully in 44.83 ms on connection [connectionId{localValue:6, serverValue:283073}] to server ac-o2suyf6-shard-00-00.7qtbnuz.mongodb.net:27017
16:37:56.112 [cluster-rtt-ClusterId{value='63e7b60210e6fb6e4c08a6e8', description='null'}-ac-o2suyf6-shard-00-02.7qtbnuz.mongodb.net:27017] DEBUG org.mongodb.driver.protocol.command - Execution of command with request id 171 completed successfully in 43.37 ms on connection [connectionId{localValue:5, serverValue:282386}] to server ac-o2suyf6-shard-00-02.7qtbnuz.mongodb.net:27017
16:37:57.254 [Test worker @coroutine#1214] DEBUG io.mockk.impl.instantiation.AbstractMockFactory - Creating mockk for User name=child of repo#726#734
16:37:57.256 [DefaultDispatcher-worker-4] DEBUG io.mockk.impl.recording.states.AnsweringState - Answering User(id=63e7b64810e6fb6e4c08aad2, uuid=93a98d69-0000-1111-0000-05b596ea83ba, nombre=loli, apellido=test, telefono=123456789, email=loli@test.com, password=lolitest, perfil=ADMIN, activo=true) on UserRepository(repo#726).setInactive(63e7b64810e6fb6e4c08aad2, continuation {})
]]></system-out>
  <system-err><![CDATA[]]></system-err>
</testsuite>
