<?xml version="1.0" encoding="UTF-8"?>
<testsuite name="koin.repositories.user.UserRepositoryTest" tests="8" skipped="0" failures="0" errors="0" timestamp="2023-02-01T20:50:26" hostname="LOLI-LAPTOP" time="1.507">
  <properties/>
  <testcase name="delete()" classname="koin.repositories.user.UserRepositoryTest" time="0.742"/>
  <testcase name="findAll()" classname="koin.repositories.user.UserRepositoryTest" time="0.118"/>
  <testcase name="findById()" classname="koin.repositories.user.UserRepositoryTest" time="0.088"/>
  <testcase name="findByUuid()" classname="koin.repositories.user.UserRepositoryTest" time="0.096"/>
  <testcase name="save()" classname="koin.repositories.user.UserRepositoryTest" time="0.103"/>
  <testcase name="findByIdNotExists()" classname="koin.repositories.user.UserRepositoryTest" time="0.09"/>
  <testcase name="deleteNotExists()" classname="koin.repositories.user.UserRepositoryTest" time="0.127"/>
  <testcase name="setInactive()" classname="koin.repositories.user.UserRepositoryTest" time="0.141"/>
  <system-out><![CDATA[21:50:24.376 [Test worker @coroutine#1] DEBUG koin.db.DBManager - Initializing connection to MongoDB
Initializing connection to MongoDB : mongodb+srv://loli:1707@drmdam2023.7qtbnuz.mongodb.net/practica03mongoIvanLoli
21:50:25.201 [Test worker @coroutine#1] INFO org.mongodb.driver.client - MongoClient with metadata {"driver": {"name": "mongo-java-driver|reactive-streams|kmongo", "version": "4.7.2"}, "os": {"type": "Windows", "name": "Windows 10", "architecture": "amd64", "version": "10.0"}, "platform": "Java/BellSoft/17.0.4.1+1-LTS|Kotlin/1.8.0"} created with settings MongoClientSettings{readPreference=primary, writeConcern=WriteConcern{w=null, wTimeout=null ms, journal=null}, retryWrites=true, retryReads=true, readConcern=ReadConcern{level=null}, credential=MongoCredential{mechanism=null, userName='loli', source='admin', password=<hidden>, mechanismProperties=<hidden>}, streamFactoryFactory=null, commandListeners=[], codecRegistry=ProvidersCodecRegistry{codecProviders=[ProvidersCodecRegistry{codecProviders=[ValueCodecProvider{}, BsonValueCodecProvider{}, DBRefCodecProvider{}, DBObjectCodecProvider{}, DocumentCodecProvider{}, IterableCodecProvider{}, MapCodecProvider{}, GeoJsonCodecProvider{}, GridFSFileCodecProvider{}, Jsr310CodecProvider{}, JsonObjectCodecProvider{}, BsonCodecProvider{}, EnumCodecProvider{}, com.mongodb.Jep395RecordCodecProvider@242a209e]}, org.litote.kmongo.service.CustomCodecProvider@64469d8, ProvidersCodecRegistry{codecProviders=[org.litote.kmongo.jackson.JacksonCodecProvider@2b8bd798]}]}, clusterSettings={hosts=[127.0.0.1:27017], srvHost=drmdam2023.7qtbnuz.mongodb.net, srvServiceName=mongodb, mode=MULTIPLE, requiredClusterType=REPLICA_SET, requiredReplicaSetName='atlas-kaecge-shard-0', serverSelector='null', clusterListeners='[]', serverSelectionTimeout='30000 ms', localThreshold='30000 ms'}, socketSettings=SocketSettings{connectTimeoutMS=10000, readTimeoutMS=0, receiveBufferSize=0, sendBufferSize=0}, heartbeatSocketSettings=SocketSettings{connectTimeoutMS=10000, readTimeoutMS=10000, receiveBufferSize=0, sendBufferSize=0}, connectionPoolSettings=ConnectionPoolSettings{maxSize=100, minSize=0, maxWaitTimeMS=120000, maxConnectionLifeTimeMS=0, maxConnectionIdleTimeMS=0, maintenanceInitialDelayMS=0, maintenanceFrequencyMS=60000, connectionPoolListeners=[], maxConnecting=2}, serverSettings=ServerSettings{heartbeatFrequencyMS=10000, minHeartbeatFrequencyMS=500, serverListeners='[]', serverMonitorListeners='[]'}, sslSettings=SslSettings{enabled=true, invalidHostNameAllowed=false, context=null}, applicationName='null', compressorList=[], uuidRepresentation=UNSPECIFIED, serverApi=null, autoEncryptionSettings=null, contextProvider=null}
21:50:25.218 [cluster-ClusterId{value='63dad091922725009b7009b1', description='null'}-srv-drmdam2023.7qtbnuz.mongodb.net] INFO org.mongodb.driver.cluster - Adding discovered server ac-o2suyf6-shard-00-00.7qtbnuz.mongodb.net:27017 to client view of cluster
21:50:25.254 [cluster-ClusterId{value='63dad091922725009b7009b1', description='null'}-srv-drmdam2023.7qtbnuz.mongodb.net] INFO org.mongodb.driver.cluster - Adding discovered server ac-o2suyf6-shard-00-02.7qtbnuz.mongodb.net:27017 to client view of cluster
21:50:25.256 [cluster-ClusterId{value='63dad091922725009b7009b1', description='null'}-srv-drmdam2023.7qtbnuz.mongodb.net] INFO org.mongodb.driver.cluster - Adding discovered server ac-o2suyf6-shard-00-01.7qtbnuz.mongodb.net:27017 to client view of cluster
21:50:25.257 [cluster-ClusterId{value='63dad091922725009b7009b1', description='null'}-srv-drmdam2023.7qtbnuz.mongodb.net] DEBUG org.mongodb.driver.cluster - Updating cluster description to  {type=REPLICA_SET, servers=[{address=ac-o2suyf6-shard-00-00.7qtbnuz.mongodb.net:27017, type=UNKNOWN, state=CONNECTING}, {address=ac-o2suyf6-shard-00-02.7qtbnuz.mongodb.net:27017, type=UNKNOWN, state=CONNECTING}, {address=ac-o2suyf6-shard-00-01.7qtbnuz.mongodb.net:27017, type=UNKNOWN, state=CONNECTING}]
21:50:25.269 [Test worker @coroutine#1] DEBUG reactor.util.Loggers$LoggerFactory - Using Slf4j logging framework
21:50:25.395 [Test worker @coroutine#1] INFO org.mongodb.driver.cluster - No server chosen by com.mongodb.reactivestreams.client.internal.ClientSessionHelper$$Lambda$424/0x0000000800f36530@56dfab87 from cluster description ClusterDescription{type=REPLICA_SET, connectionMode=MULTIPLE, serverDescriptions=[ServerDescription{address=ac-o2suyf6-shard-00-00.7qtbnuz.mongodb.net:27017, type=UNKNOWN, state=CONNECTING}, ServerDescription{address=ac-o2suyf6-shard-00-02.7qtbnuz.mongodb.net:27017, type=UNKNOWN, state=CONNECTING}, ServerDescription{address=ac-o2suyf6-shard-00-01.7qtbnuz.mongodb.net:27017, type=UNKNOWN, state=CONNECTING}]}. Waiting for 30000 ms before timing out
21:50:25.546 [Thread-4] DEBUG org.mongodb.driver.connection.tls - initialized direct buffer deallocator for java >= 9
21:50:25.888 [cluster-ClusterId{value='63dad091922725009b7009b1', description='null'}-ac-o2suyf6-shard-00-01.7qtbnuz.mongodb.net:27017] INFO org.mongodb.driver.connection - Opened connection [connectionId{localValue:4, serverValue:105379}] to ac-o2suyf6-shard-00-01.7qtbnuz.mongodb.net:27017
21:50:25.888 [cluster-ClusterId{value='63dad091922725009b7009b1', description='null'}-ac-o2suyf6-shard-00-00.7qtbnuz.mongodb.net:27017] INFO org.mongodb.driver.connection - Opened connection [connectionId{localValue:1, serverValue:109410}] to ac-o2suyf6-shard-00-00.7qtbnuz.mongodb.net:27017
21:50:25.888 [cluster-rtt-ClusterId{value='63dad091922725009b7009b1', description='null'}-ac-o2suyf6-shard-00-01.7qtbnuz.mongodb.net:27017] INFO org.mongodb.driver.connection - Opened connection [connectionId{localValue:5, serverValue:105379}] to ac-o2suyf6-shard-00-01.7qtbnuz.mongodb.net:27017
21:50:25.888 [cluster-rtt-ClusterId{value='63dad091922725009b7009b1', description='null'}-ac-o2suyf6-shard-00-00.7qtbnuz.mongodb.net:27017] INFO org.mongodb.driver.connection - Opened connection [connectionId{localValue:6, serverValue:109410}] to ac-o2suyf6-shard-00-00.7qtbnuz.mongodb.net:27017
21:50:25.888 [cluster-ClusterId{value='63dad091922725009b7009b1', description='null'}-ac-o2suyf6-shard-00-02.7qtbnuz.mongodb.net:27017] INFO org.mongodb.driver.connection - Opened connection [connectionId{localValue:3, serverValue:108110}] to ac-o2suyf6-shard-00-02.7qtbnuz.mongodb.net:27017
21:50:25.888 [cluster-rtt-ClusterId{value='63dad091922725009b7009b1', description='null'}-ac-o2suyf6-shard-00-02.7qtbnuz.mongodb.net:27017] INFO org.mongodb.driver.connection - Opened connection [connectionId{localValue:2, serverValue:108160}] to ac-o2suyf6-shard-00-02.7qtbnuz.mongodb.net:27017
21:50:25.900 [cluster-ClusterId{value='63dad091922725009b7009b1', description='null'}-ac-o2suyf6-shard-00-00.7qtbnuz.mongodb.net:27017] INFO org.mongodb.driver.cluster - Monitor thread successfully connected to server with description ServerDescription{address=ac-o2suyf6-shard-00-00.7qtbnuz.mongodb.net:27017, type=REPLICA_SET_SECONDARY, state=CONNECTED, ok=true, minWireVersion=0, maxWireVersion=13, maxDocumentSize=16777216, logicalSessionTimeoutMinutes=30, roundTripTimeNanos=328320400, setName='atlas-kaecge-shard-0', canonicalAddress=ac-o2suyf6-shard-00-00.7qtbnuz.mongodb.net:27017, hosts=[ac-o2suyf6-shard-00-01.7qtbnuz.mongodb.net:27017, ac-o2suyf6-shard-00-00.7qtbnuz.mongodb.net:27017, ac-o2suyf6-shard-00-02.7qtbnuz.mongodb.net:27017], passives=[], arbiters=[], primary='ac-o2suyf6-shard-00-02.7qtbnuz.mongodb.net:27017', tagSet=TagSet{[Tag{name='nodeType', value='ELECTABLE'}, Tag{name='provider', value='AWS'}, Tag{name='region', value='EU_WEST_3'}, Tag{name='workloadType', value='OPERATIONAL'}]}, electionId=null, setVersion=2, topologyVersion=TopologyVersion{processId=63d2dcc17e78c4cb32f7500c, counter=4}, lastWriteDate=Wed Feb 01 21:50:25 CET 2023, lastUpdateTimeNanos=805088027032200}
21:50:25.900 [cluster-ClusterId{value='63dad091922725009b7009b1', description='null'}-ac-o2suyf6-shard-00-01.7qtbnuz.mongodb.net:27017] INFO org.mongodb.driver.cluster - Monitor thread successfully connected to server with description ServerDescription{address=ac-o2suyf6-shard-00-01.7qtbnuz.mongodb.net:27017, type=REPLICA_SET_SECONDARY, state=CONNECTED, ok=true, minWireVersion=0, maxWireVersion=13, maxDocumentSize=16777216, logicalSessionTimeoutMinutes=30, roundTripTimeNanos=328207500, setName='atlas-kaecge-shard-0', canonicalAddress=ac-o2suyf6-shard-00-01.7qtbnuz.mongodb.net:27017, hosts=[ac-o2suyf6-shard-00-01.7qtbnuz.mongodb.net:27017, ac-o2suyf6-shard-00-00.7qtbnuz.mongodb.net:27017, ac-o2suyf6-shard-00-02.7qtbnuz.mongodb.net:27017], passives=[], arbiters=[], primary='ac-o2suyf6-shard-00-02.7qtbnuz.mongodb.net:27017', tagSet=TagSet{[Tag{name='nodeType', value='ELECTABLE'}, Tag{name='provider', value='AWS'}, Tag{name='region', value='EU_WEST_3'}, Tag{name='workloadType', value='OPERATIONAL'}]}, electionId=null, setVersion=2, topologyVersion=TopologyVersion{processId=63d2df20846ff8d608cb12a0, counter=3}, lastWriteDate=Wed Feb 01 21:50:25 CET 2023, lastUpdateTimeNanos=805088027151400}
21:50:25.900 [cluster-ClusterId{value='63dad091922725009b7009b1', description='null'}-ac-o2suyf6-shard-00-02.7qtbnuz.mongodb.net:27017] INFO org.mongodb.driver.cluster - Monitor thread successfully connected to server with description ServerDescription{address=ac-o2suyf6-shard-00-02.7qtbnuz.mongodb.net:27017, type=REPLICA_SET_PRIMARY, state=CONNECTED, ok=true, minWireVersion=0, maxWireVersion=13, maxDocumentSize=16777216, logicalSessionTimeoutMinutes=30, roundTripTimeNanos=327694700, setName='atlas-kaecge-shard-0', canonicalAddress=ac-o2suyf6-shard-00-02.7qtbnuz.mongodb.net:27017, hosts=[ac-o2suyf6-shard-00-01.7qtbnuz.mongodb.net:27017, ac-o2suyf6-shard-00-00.7qtbnuz.mongodb.net:27017, ac-o2suyf6-shard-00-02.7qtbnuz.mongodb.net:27017], passives=[], arbiters=[], primary='ac-o2suyf6-shard-00-02.7qtbnuz.mongodb.net:27017', tagSet=TagSet{[Tag{name='nodeType', value='ELECTABLE'}, Tag{name='provider', value='AWS'}, Tag{name='region', value='EU_WEST_3'}, Tag{name='workloadType', value='OPERATIONAL'}]}, electionId=7fffffff000000000000001b, setVersion=2, topologyVersion=TopologyVersion{processId=63d2ddec9b5717a95fe9a7d0, counter=6}, lastWriteDate=Wed Feb 01 21:50:25 CET 2023, lastUpdateTimeNanos=805088027032200}
21:50:25.902 [cluster-ClusterId{value='63dad091922725009b7009b1', description='null'}-ac-o2suyf6-shard-00-01.7qtbnuz.mongodb.net:27017] DEBUG org.mongodb.driver.connection - Marking the connection pool for ServerId{clusterId=ClusterId{value='63dad091922725009b7009b1', description='null'}, address=ac-o2suyf6-shard-00-01.7qtbnuz.mongodb.net:27017} as 'ready'
21:50:25.905 [MaintenanceTimer-6-thread-1] DEBUG org.mongodb.driver.connection - Pruning pooled connections to ac-o2suyf6-shard-00-01.7qtbnuz.mongodb.net:27017
21:50:25.908 [cluster-ClusterId{value='63dad091922725009b7009b1', description='null'}-ac-o2suyf6-shard-00-01.7qtbnuz.mongodb.net:27017] DEBUG org.mongodb.driver.cluster - Updating cluster description to  {type=REPLICA_SET, servers=[{address=ac-o2suyf6-shard-00-00.7qtbnuz.mongodb.net:27017, type=UNKNOWN, state=CONNECTING}, {address=ac-o2suyf6-shard-00-02.7qtbnuz.mongodb.net:27017, type=UNKNOWN, state=CONNECTING}, {address=ac-o2suyf6-shard-00-01.7qtbnuz.mongodb.net:27017, type=REPLICA_SET_SECONDARY, TagSet{[Tag{name='nodeType', value='ELECTABLE'}, Tag{name='provider', value='AWS'}, Tag{name='region', value='EU_WEST_3'}, Tag{name='workloadType', value='OPERATIONAL'}]}, roundTripTime=328.2 ms, state=CONNECTED}]
21:50:25.908 [cluster-ClusterId{value='63dad091922725009b7009b1', description='null'}-ac-o2suyf6-shard-00-01.7qtbnuz.mongodb.net:27017] DEBUG org.mongodb.driver.cluster - Checking status of ac-o2suyf6-shard-00-01.7qtbnuz.mongodb.net:27017
21:50:25.909 [cluster-ClusterId{value='63dad091922725009b7009b1', description='null'}-ac-o2suyf6-shard-00-02.7qtbnuz.mongodb.net:27017] DEBUG org.mongodb.driver.connection - Marking the connection pool for ServerId{clusterId=ClusterId{value='63dad091922725009b7009b1', description='null'}, address=ac-o2suyf6-shard-00-02.7qtbnuz.mongodb.net:27017} as 'ready'
21:50:25.909 [cluster-ClusterId{value='63dad091922725009b7009b1', description='null'}-ac-o2suyf6-shard-00-02.7qtbnuz.mongodb.net:27017] INFO org.mongodb.driver.cluster - Setting max election id to 7fffffff000000000000001b from replica set primary ac-o2suyf6-shard-00-02.7qtbnuz.mongodb.net:27017
21:50:25.909 [cluster-ClusterId{value='63dad091922725009b7009b1', description='null'}-ac-o2suyf6-shard-00-02.7qtbnuz.mongodb.net:27017] INFO org.mongodb.driver.cluster - Setting max set version to 2 from replica set primary ac-o2suyf6-shard-00-02.7qtbnuz.mongodb.net:27017
21:50:25.909 [cluster-ClusterId{value='63dad091922725009b7009b1', description='null'}-ac-o2suyf6-shard-00-02.7qtbnuz.mongodb.net:27017] INFO org.mongodb.driver.cluster - Discovered replica set primary ac-o2suyf6-shard-00-02.7qtbnuz.mongodb.net:27017
21:50:25.909 [cluster-ClusterId{value='63dad091922725009b7009b1', description='null'}-ac-o2suyf6-shard-00-02.7qtbnuz.mongodb.net:27017] DEBUG org.mongodb.driver.cluster - Updating cluster description to  {type=REPLICA_SET, servers=[{address=ac-o2suyf6-shard-00-00.7qtbnuz.mongodb.net:27017, type=UNKNOWN, state=CONNECTING}, {address=ac-o2suyf6-shard-00-02.7qtbnuz.mongodb.net:27017, type=REPLICA_SET_PRIMARY, TagSet{[Tag{name='nodeType', value='ELECTABLE'}, Tag{name='provider', value='AWS'}, Tag{name='region', value='EU_WEST_3'}, Tag{name='workloadType', value='OPERATIONAL'}]}, roundTripTime=327.7 ms, state=CONNECTED}, {address=ac-o2suyf6-shard-00-01.7qtbnuz.mongodb.net:27017, type=REPLICA_SET_SECONDARY, TagSet{[Tag{name='nodeType', value='ELECTABLE'}, Tag{name='provider', value='AWS'}, Tag{name='region', value='EU_WEST_3'}, Tag{name='workloadType', value='OPERATIONAL'}]}, roundTripTime=328.2 ms, state=CONNECTED}]
21:50:25.909 [cluster-ClusterId{value='63dad091922725009b7009b1', description='null'}-ac-o2suyf6-shard-00-02.7qtbnuz.mongodb.net:27017] DEBUG org.mongodb.driver.cluster - Checking status of ac-o2suyf6-shard-00-02.7qtbnuz.mongodb.net:27017
21:50:25.910 [cluster-ClusterId{value='63dad091922725009b7009b1', description='null'}-ac-o2suyf6-shard-00-00.7qtbnuz.mongodb.net:27017] DEBUG org.mongodb.driver.connection - Marking the connection pool for ServerId{clusterId=ClusterId{value='63dad091922725009b7009b1', description='null'}, address=ac-o2suyf6-shard-00-00.7qtbnuz.mongodb.net:27017} as 'ready'
21:50:25.910 [cluster-ClusterId{value='63dad091922725009b7009b1', description='null'}-ac-o2suyf6-shard-00-00.7qtbnuz.mongodb.net:27017] DEBUG org.mongodb.driver.cluster - Updating cluster description to  {type=REPLICA_SET, servers=[{address=ac-o2suyf6-shard-00-00.7qtbnuz.mongodb.net:27017, type=REPLICA_SET_SECONDARY, TagSet{[Tag{name='nodeType', value='ELECTABLE'}, Tag{name='provider', value='AWS'}, Tag{name='region', value='EU_WEST_3'}, Tag{name='workloadType', value='OPERATIONAL'}]}, roundTripTime=328.3 ms, state=CONNECTED}, {address=ac-o2suyf6-shard-00-02.7qtbnuz.mongodb.net:27017, type=REPLICA_SET_PRIMARY, TagSet{[Tag{name='nodeType', value='ELECTABLE'}, Tag{name='provider', value='AWS'}, Tag{name='region', value='EU_WEST_3'}, Tag{name='workloadType', value='OPERATIONAL'}]}, roundTripTime=327.7 ms, state=CONNECTED}, {address=ac-o2suyf6-shard-00-01.7qtbnuz.mongodb.net:27017, type=REPLICA_SET_SECONDARY, TagSet{[Tag{name='nodeType', value='ELECTABLE'}, Tag{name='provider', value='AWS'}, Tag{name='region', value='EU_WEST_3'}, Tag{name='workloadType', value='OPERATIONAL'}]}, roundTripTime=328.2 ms, state=CONNECTED}]
21:50:25.910 [cluster-ClusterId{value='63dad091922725009b7009b1', description='null'}-ac-o2suyf6-shard-00-00.7qtbnuz.mongodb.net:27017] DEBUG org.mongodb.driver.cluster - Checking status of ac-o2suyf6-shard-00-00.7qtbnuz.mongodb.net:27017
21:50:25.911 [MaintenanceTimer-4-thread-1] DEBUG org.mongodb.driver.connection - Pruning pooled connections to ac-o2suyf6-shard-00-02.7qtbnuz.mongodb.net:27017
21:50:25.911 [MaintenanceTimer-2-thread-1] DEBUG org.mongodb.driver.connection - Pruning pooled connections to ac-o2suyf6-shard-00-00.7qtbnuz.mongodb.net:27017
21:50:26.176 [async-channel-group-0-handler-executor] INFO org.mongodb.driver.connection - Opened connection [connectionId{localValue:7, serverValue:108170}] to ac-o2suyf6-shard-00-02.7qtbnuz.mongodb.net:27017
21:50:26.194 [async-channel-group-0-handler-executor] DEBUG org.mongodb.driver.protocol.command - Sending command '{"drop": "user", "$db": "practica03mongoIvanLoli", "lsid": {"id": {"$binary": {"base64": "L4NnA2vsRma3Vy1OsSidBw==", "subType": "04"}}}}' with request id 13 to database practica03mongoIvanLoli on connection [connectionId{localValue:7, serverValue:108170}] to server ac-o2suyf6-shard-00-02.7qtbnuz.mongodb.net:27017
21:50:26.243 [async-channel-group-0-handler-executor] DEBUG org.mongodb.driver.protocol.command - Execution of command with request id 13 failed to complete successfully in 54.29 ms on connection [connectionId{localValue:7, serverValue:108170}] to server ac-o2suyf6-shard-00-02.7qtbnuz.mongodb.net:27017
com.mongodb.MongoCommandException: Command failed with error 26 (NamespaceNotFound): 'ns not found' on server ac-o2suyf6-shard-00-02.7qtbnuz.mongodb.net:27017. The full response is {"ok": 0.0, "errmsg": "ns not found", "code": 26, "codeName": "NamespaceNotFound", "$clusterTime": {"clusterTime": {"$timestamp": {"t": 1675284625, "i": 6}}, "signature": {"hash": {"$binary": {"base64": "Z7venhv6OMlInub/3miahvmGaz0=", "subType": "00"}}, "keyId": 7161871216054108163}}, "operationTime": {"$timestamp": {"t": 1675284625, "i": 6}}}
	at com.mongodb.internal.connection.ProtocolHelper.getCommandFailureException(ProtocolHelper.java:198)
	at com.mongodb.internal.connection.InternalStreamConnection$2$1.onResult(InternalStreamConnection.java:512)
	at com.mongodb.internal.connection.InternalStreamConnection$2$1.onResult(InternalStreamConnection.java:498)
	at com.mongodb.internal.connection.InternalStreamConnection$MessageHeaderCallback$MessageCallback.onResult(InternalStreamConnection.java:821)
	at com.mongodb.internal.connection.InternalStreamConnection$MessageHeaderCallback$MessageCallback.onResult(InternalStreamConnection.java:785)
	at com.mongodb.internal.connection.InternalStreamConnection$5.completed(InternalStreamConnection.java:645)
	at com.mongodb.internal.connection.InternalStreamConnection$5.completed(InternalStreamConnection.java:642)
	at com.mongodb.internal.connection.AsynchronousChannelStream$BasicCompletionHandler.completed(AsynchronousChannelStream.java:250)
	at com.mongodb.internal.connection.AsynchronousChannelStream$BasicCompletionHandler.completed(AsynchronousChannelStream.java:233)
	at com.mongodb.internal.connection.tlschannel.async.AsynchronousTlsChannel.lambda$read$4(AsynchronousTlsChannel.java:122)
	at java.base/java.util.concurrent.Executors$RunnableAdapter.call(Executors.java:539)
	at java.base/java.util.concurrent.FutureTask.run(FutureTask.java:264)
	at java.base/java.util.concurrent.ThreadPoolExecutor.runWorker(ThreadPoolExecutor.java:1136)
	at java.base/java.util.concurrent.ThreadPoolExecutor$Worker.run(ThreadPoolExecutor.java:635)
	at java.base/java.lang.Thread.run(Thread.java:833)
21:50:26.644 [AsyncGetter-5-thread-1] DEBUG org.mongodb.driver.protocol.command - Sending command '{"update": "user", "ordered": true, "txnNumber": 1, "$db": "practica03mongoIvanLoli", "$clusterTime": {"clusterTime": {"$timestamp": {"t": 1675284625, "i": 6}}, "signature": {"hash": {"$binary": {"base64": "Z7venhv6OMlInub/3miahvmGaz0=", "subType": "00"}}, "keyId": 7161871216054108163}}, "lsid": {"id": {"$binary": {"base64": "L4NnA2vsRma3Vy1OsSidBw==", "subType": "04"}}}, "updates": [{"q": {"_id": {"$oid": "63dad090922725009b7009b0"}}, "u": {"_id": {"$oid": "63dad090922725009b7009b0"}, "uuid": {"$binary": {"base64": "EREAAGmNqZO6g+qWtQUAAA==", "subType": "03"}}, "nombre": "loli", "apellido": "test", "telefono": "123456789", "email": "loli@test.com", "password": "lolitest", "perfil": "ADMIN", "activo": true}, "upsert": true}]}' with request id 14 to database practica03mongoIvanLoli on connection [connectionId{localValue:7, serverValue:108170}] to server ac-o2suyf6-shard-00-02.7qtbnuz.mongodb.net:27017
21:50:26.740 [async-channel-group-0-handler-executor] DEBUG org.mongodb.driver.protocol.command - Execution of command with request id 14 completed successfully in 98.23 ms on connection [connectionId{localValue:7, serverValue:108170}] to server ac-o2suyf6-shard-00-02.7qtbnuz.mongodb.net:27017
21:50:26.806 [DefaultDispatcher-worker-1 @coroutine#4] DEBUG koin.repositories.user.UserRepository - delete(63dad090922725009b7009b0)
21:50:26.831 [AsyncGetter-5-thread-1] DEBUG org.mongodb.driver.protocol.command - Sending command '{"find": "user", "filter": {"_id": {"$oid": "63dad090922725009b7009b0"}}, "limit": 1, "singleBatch": true, "$db": "practica03mongoIvanLoli", "$clusterTime": {"clusterTime": {"$timestamp": {"t": 1675284626, "i": 3}}, "signature": {"hash": {"$binary": {"base64": "qlRrNo+2U4CFNMzn3hga/GkHLUc=", "subType": "00"}}, "keyId": 7161871216054108163}}, "lsid": {"id": {"$binary": {"base64": "L4NnA2vsRma3Vy1OsSidBw==", "subType": "04"}}}}' with request id 15 to database practica03mongoIvanLoli on connection [connectionId{localValue:7, serverValue:108170}] to server ac-o2suyf6-shard-00-02.7qtbnuz.mongodb.net:27017
21:50:26.871 [async-channel-group-0-handler-executor] DEBUG org.mongodb.driver.protocol.command - Execution of command with request id 15 completed successfully in 41.17 ms on connection [connectionId{localValue:7, serverValue:108170}] to server ac-o2suyf6-shard-00-02.7qtbnuz.mongodb.net:27017
21:50:26.919 [async-channel-group-0-handler-executor] DEBUG org.mongodb.driver.operation - Received batch of 1 documents with cursorId 0 from server ac-o2suyf6-shard-00-02.7qtbnuz.mongodb.net:27017
21:50:26.930 [AsyncGetter-5-thread-1] DEBUG org.mongodb.driver.protocol.command - Sending command '{"delete": "user", "ordered": true, "txnNumber": 2, "$db": "practica03mongoIvanLoli", "$clusterTime": {"clusterTime": {"$timestamp": {"t": 1675284626, "i": 4}}, "signature": {"hash": {"$binary": {"base64": "qlRrNo+2U4CFNMzn3hga/GkHLUc=", "subType": "00"}}, "keyId": 7161871216054108163}}, "lsid": {"id": {"$binary": {"base64": "L4NnA2vsRma3Vy1OsSidBw==", "subType": "04"}}}, "deletes": [{"q": {"_id": {"$oid": "63dad090922725009b7009b0"}}, "limit": 1}]}' with request id 16 to database practica03mongoIvanLoli on connection [connectionId{localValue:7, serverValue:108170}] to server ac-o2suyf6-shard-00-02.7qtbnuz.mongodb.net:27017
21:50:26.977 [async-channel-group-0-handler-executor] DEBUG org.mongodb.driver.protocol.command - Execution of command with request id 16 completed successfully in 48.11 ms on connection [connectionId{localValue:7, serverValue:108170}] to server ac-o2suyf6-shard-00-02.7qtbnuz.mongodb.net:27017
21:50:26.998 [AsyncGetter-5-thread-1] DEBUG org.mongodb.driver.protocol.command - Sending command '{"update": "user", "ordered": true, "txnNumber": 3, "$db": "practica03mongoIvanLoli", "$clusterTime": {"clusterTime": {"$timestamp": {"t": 1675284626, "i": 6}}, "signature": {"hash": {"$binary": {"base64": "qlRrNo+2U4CFNMzn3hga/GkHLUc=", "subType": "00"}}, "keyId": 7161871216054108163}}, "lsid": {"id": {"$binary": {"base64": "L4NnA2vsRma3Vy1OsSidBw==", "subType": "04"}}}, "updates": [{"q": {"_id": {"$oid": "63dad090922725009b7009b0"}}, "u": {"_id": {"$oid": "63dad090922725009b7009b0"}, "uuid": {"$binary": {"base64": "EREAAGmNqZO6g+qWtQUAAA==", "subType": "03"}}, "nombre": "loli", "apellido": "test", "telefono": "123456789", "email": "loli@test.com", "password": "lolitest", "perfil": "ADMIN", "activo": true}, "upsert": true}]}' with request id 17 to database practica03mongoIvanLoli on connection [connectionId{localValue:7, serverValue:108170}] to server ac-o2suyf6-shard-00-02.7qtbnuz.mongodb.net:27017
21:50:27.041 [async-channel-group-0-handler-executor] DEBUG org.mongodb.driver.protocol.command - Execution of command with request id 17 completed successfully in 44.01 ms on connection [connectionId{localValue:7, serverValue:108170}] to server ac-o2suyf6-shard-00-02.7qtbnuz.mongodb.net:27017
21:50:27.046 [DefaultDispatcher-worker-1 @coroutine#9] DEBUG koin.repositories.user.UserRepository - findAll()
21:50:27.066 [AsyncGetter-5-thread-1] DEBUG org.mongodb.driver.protocol.command - Sending command '{"find": "user", "filter": {}, "batchSize": 64, "$db": "practica03mongoIvanLoli", "$clusterTime": {"clusterTime": {"$timestamp": {"t": 1675284626, "i": 7}}, "signature": {"hash": {"$binary": {"base64": "qlRrNo+2U4CFNMzn3hga/GkHLUc=", "subType": "00"}}, "keyId": 7161871216054108163}}, "lsid": {"id": {"$binary": {"base64": "L4NnA2vsRma3Vy1OsSidBw==", "subType": "04"}}}}' with request id 18 to database practica03mongoIvanLoli on connection [connectionId{localValue:7, serverValue:108170}] to server ac-o2suyf6-shard-00-02.7qtbnuz.mongodb.net:27017
21:50:27.105 [async-channel-group-0-handler-executor] DEBUG org.mongodb.driver.protocol.command - Execution of command with request id 18 completed successfully in 39.66 ms on connection [connectionId{localValue:7, serverValue:108170}] to server ac-o2suyf6-shard-00-02.7qtbnuz.mongodb.net:27017
21:50:27.106 [async-channel-group-0-handler-executor] DEBUG org.mongodb.driver.operation - Received batch of 1 documents with cursorId 0 from server ac-o2suyf6-shard-00-02.7qtbnuz.mongodb.net:27017
21:50:27.115 [AsyncGetter-5-thread-1] DEBUG org.mongodb.driver.protocol.command - Sending command '{"update": "user", "ordered": true, "txnNumber": 4, "$db": "practica03mongoIvanLoli", "$clusterTime": {"clusterTime": {"$timestamp": {"t": 1675284626, "i": 7}}, "signature": {"hash": {"$binary": {"base64": "qlRrNo+2U4CFNMzn3hga/GkHLUc=", "subType": "00"}}, "keyId": 7161871216054108163}}, "lsid": {"id": {"$binary": {"base64": "L4NnA2vsRma3Vy1OsSidBw==", "subType": "04"}}}, "updates": [{"q": {"_id": {"$oid": "63dad090922725009b7009b0"}}, "u": {"_id": {"$oid": "63dad090922725009b7009b0"}, "uuid": {"$binary": {"base64": "EREAAGmNqZO6g+qWtQUAAA==", "subType": "03"}}, "nombre": "loli", "apellido": "test", "telefono": "123456789", "email": "loli@test.com", "password": "lolitest", "perfil": "ADMIN", "activo": true}, "upsert": true}]}' with request id 19 to database practica03mongoIvanLoli on connection [connectionId{localValue:7, serverValue:108170}] to server ac-o2suyf6-shard-00-02.7qtbnuz.mongodb.net:27017
21:50:27.154 [async-channel-group-0-handler-executor] DEBUG org.mongodb.driver.protocol.command - Execution of command with request id 19 completed successfully in 39.38 ms on connection [connectionId{localValue:7, serverValue:108170}] to server ac-o2suyf6-shard-00-02.7qtbnuz.mongodb.net:27017
21:50:27.159 [DefaultDispatcher-worker-1 @coroutine#15] DEBUG koin.repositories.user.UserRepository - findById(63dad090922725009b7009b0)
21:50:27.161 [AsyncGetter-5-thread-1] DEBUG org.mongodb.driver.protocol.command - Sending command '{"find": "user", "filter": {"_id": {"$oid": "63dad090922725009b7009b0"}}, "limit": 1, "singleBatch": true, "$db": "practica03mongoIvanLoli", "$clusterTime": {"clusterTime": {"$timestamp": {"t": 1675284626, "i": 7}}, "signature": {"hash": {"$binary": {"base64": "qlRrNo+2U4CFNMzn3hga/GkHLUc=", "subType": "00"}}, "keyId": 7161871216054108163}}, "lsid": {"id": {"$binary": {"base64": "L4NnA2vsRma3Vy1OsSidBw==", "subType": "04"}}}}' with request id 20 to database practica03mongoIvanLoli on connection [connectionId{localValue:7, serverValue:108170}] to server ac-o2suyf6-shard-00-02.7qtbnuz.mongodb.net:27017
21:50:27.199 [async-channel-group-0-handler-executor] DEBUG org.mongodb.driver.protocol.command - Execution of command with request id 20 completed successfully in 38.15 ms on connection [connectionId{localValue:7, serverValue:108170}] to server ac-o2suyf6-shard-00-02.7qtbnuz.mongodb.net:27017
21:50:27.200 [async-channel-group-0-handler-executor] DEBUG org.mongodb.driver.operation - Received batch of 1 documents with cursorId 0 from server ac-o2suyf6-shard-00-02.7qtbnuz.mongodb.net:27017
21:50:27.204 [AsyncGetter-5-thread-1] DEBUG org.mongodb.driver.protocol.command - Sending command '{"update": "user", "ordered": true, "txnNumber": 5, "$db": "practica03mongoIvanLoli", "$clusterTime": {"clusterTime": {"$timestamp": {"t": 1675284626, "i": 7}}, "signature": {"hash": {"$binary": {"base64": "qlRrNo+2U4CFNMzn3hga/GkHLUc=", "subType": "00"}}, "keyId": 7161871216054108163}}, "lsid": {"id": {"$binary": {"base64": "L4NnA2vsRma3Vy1OsSidBw==", "subType": "04"}}}, "updates": [{"q": {"_id": {"$oid": "63dad090922725009b7009b0"}}, "u": {"_id": {"$oid": "63dad090922725009b7009b0"}, "uuid": {"$binary": {"base64": "EREAAGmNqZO6g+qWtQUAAA==", "subType": "03"}}, "nombre": "loli", "apellido": "test", "telefono": "123456789", "email": "loli@test.com", "password": "lolitest", "perfil": "ADMIN", "activo": true}, "upsert": true}]}' with request id 21 to database practica03mongoIvanLoli on connection [connectionId{localValue:7, serverValue:108170}] to server ac-o2suyf6-shard-00-02.7qtbnuz.mongodb.net:27017
21:50:27.243 [async-channel-group-0-handler-executor] DEBUG org.mongodb.driver.protocol.command - Execution of command with request id 21 completed successfully in 39.00 ms on connection [connectionId{localValue:7, serverValue:108170}] to server ac-o2suyf6-shard-00-02.7qtbnuz.mongodb.net:27017
21:50:27.247 [DefaultDispatcher-worker-1 @coroutine#20] DEBUG koin.repositories.user.UserRepository - findByUUID(93a98d69-0000-1111-0000-05b596ea83ba)
21:50:27.251 [AsyncGetter-5-thread-1] DEBUG org.mongodb.driver.protocol.command - Sending command '{"find": "user", "filter": {}, "batchSize": 64, "$db": "practica03mongoIvanLoli", "$clusterTime": {"clusterTime": {"$timestamp": {"t": 1675284626, "i": 7}}, "signature": {"hash": {"$binary": {"base64": "qlRrNo+2U4CFNMzn3hga/GkHLUc=", "subType": "00"}}, "keyId": 7161871216054108163}}, "lsid": {"id": {"$binary": {"base64": "L4NnA2vsRma3Vy1OsSidBw==", "subType": "04"}}}}' with request id 22 to database practica03mongoIvanLoli on connection [connectionId{localValue:7, serverValue:108170}] to server ac-o2suyf6-shard-00-02.7qtbnuz.mongodb.net:27017
21:50:27.290 [async-channel-group-0-handler-executor] DEBUG org.mongodb.driver.protocol.command - Execution of command with request id 22 completed successfully in 39.64 ms on connection [connectionId{localValue:7, serverValue:108170}] to server ac-o2suyf6-shard-00-02.7qtbnuz.mongodb.net:27017
21:50:27.293 [async-channel-group-0-handler-executor] DEBUG org.mongodb.driver.operation - Received batch of 1 documents with cursorId 0 from server ac-o2suyf6-shard-00-02.7qtbnuz.mongodb.net:27017
21:50:27.300 [AsyncGetter-5-thread-1] DEBUG org.mongodb.driver.protocol.command - Sending command '{"update": "user", "ordered": true, "txnNumber": 6, "$db": "practica03mongoIvanLoli", "$clusterTime": {"clusterTime": {"$timestamp": {"t": 1675284626, "i": 7}}, "signature": {"hash": {"$binary": {"base64": "qlRrNo+2U4CFNMzn3hga/GkHLUc=", "subType": "00"}}, "keyId": 7161871216054108163}}, "lsid": {"id": {"$binary": {"base64": "L4NnA2vsRma3Vy1OsSidBw==", "subType": "04"}}}, "updates": [{"q": {"_id": {"$oid": "63dad090922725009b7009b0"}}, "u": {"_id": {"$oid": "63dad090922725009b7009b0"}, "uuid": {"$binary": {"base64": "EREAAGmNqZO6g+qWtQUAAA==", "subType": "03"}}, "nombre": "loli", "apellido": "test", "telefono": "123456789", "email": "loli@test.com", "password": "lolitest", "perfil": "ADMIN", "activo": true}, "upsert": true}]}' with request id 23 to database practica03mongoIvanLoli on connection [connectionId{localValue:7, serverValue:108170}] to server ac-o2suyf6-shard-00-02.7qtbnuz.mongodb.net:27017
21:50:27.349 [async-channel-group-0-handler-executor] DEBUG org.mongodb.driver.protocol.command - Execution of command with request id 23 completed successfully in 48.81 ms on connection [connectionId{localValue:7, serverValue:108170}] to server ac-o2suyf6-shard-00-02.7qtbnuz.mongodb.net:27017
21:50:27.354 [DefaultDispatcher-worker-1 @coroutine#25] DEBUG koin.repositories.user.UserRepository - save(User(id=63dad090922725009b7009b0, uuid=93a98d69-0000-1111-0000-05b596ea83ba, nombre=loli, apellido=test, telefono=123456789, email=loli@test.com, password=lolitest, perfil=ADMIN, activo=true))
21:50:27.357 [AsyncGetter-5-thread-1] DEBUG org.mongodb.driver.protocol.command - Sending command '{"update": "user", "ordered": true, "txnNumber": 7, "$db": "practica03mongoIvanLoli", "$clusterTime": {"clusterTime": {"$timestamp": {"t": 1675284626, "i": 7}}, "signature": {"hash": {"$binary": {"base64": "qlRrNo+2U4CFNMzn3hga/GkHLUc=", "subType": "00"}}, "keyId": 7161871216054108163}}, "lsid": {"id": {"$binary": {"base64": "L4NnA2vsRma3Vy1OsSidBw==", "subType": "04"}}}, "updates": [{"q": {"_id": {"$oid": "63dad090922725009b7009b0"}}, "u": {"_id": {"$oid": "63dad090922725009b7009b0"}, "uuid": {"$binary": {"base64": "EREAAGmNqZO6g+qWtQUAAA==", "subType": "03"}}, "nombre": "loli", "apellido": "test", "telefono": "123456789", "email": "loli@test.com", "password": "lolitest", "perfil": "ADMIN", "activo": true}, "upsert": true}]}' with request id 24 to database practica03mongoIvanLoli on connection [connectionId{localValue:7, serverValue:108170}] to server ac-o2suyf6-shard-00-02.7qtbnuz.mongodb.net:27017
21:50:27.397 [async-channel-group-0-handler-executor] DEBUG org.mongodb.driver.protocol.command - Execution of command with request id 24 completed successfully in 40.50 ms on connection [connectionId{localValue:7, serverValue:108170}] to server ac-o2suyf6-shard-00-02.7qtbnuz.mongodb.net:27017
21:50:27.404 [AsyncGetter-5-thread-1] DEBUG org.mongodb.driver.protocol.command - Sending command '{"update": "user", "ordered": true, "txnNumber": 8, "$db": "practica03mongoIvanLoli", "$clusterTime": {"clusterTime": {"$timestamp": {"t": 1675284626, "i": 7}}, "signature": {"hash": {"$binary": {"base64": "qlRrNo+2U4CFNMzn3hga/GkHLUc=", "subType": "00"}}, "keyId": 7161871216054108163}}, "lsid": {"id": {"$binary": {"base64": "L4NnA2vsRma3Vy1OsSidBw==", "subType": "04"}}}, "updates": [{"q": {"_id": {"$oid": "63dad090922725009b7009b0"}}, "u": {"_id": {"$oid": "63dad090922725009b7009b0"}, "uuid": {"$binary": {"base64": "EREAAGmNqZO6g+qWtQUAAA==", "subType": "03"}}, "nombre": "loli", "apellido": "test", "telefono": "123456789", "email": "loli@test.com", "password": "lolitest", "perfil": "ADMIN", "activo": true}, "upsert": true}]}' with request id 25 to database practica03mongoIvanLoli on connection [connectionId{localValue:7, serverValue:108170}] to server ac-o2suyf6-shard-00-02.7qtbnuz.mongodb.net:27017
21:50:27.442 [async-channel-group-0-handler-executor] DEBUG org.mongodb.driver.protocol.command - Execution of command with request id 25 completed successfully in 38.96 ms on connection [connectionId{localValue:7, serverValue:108170}] to server ac-o2suyf6-shard-00-02.7qtbnuz.mongodb.net:27017
21:50:27.446 [DefaultDispatcher-worker-1 @coroutine#30] DEBUG koin.repositories.user.UserRepository - findById(63dad093922725009b7009b2)
21:50:27.448 [AsyncGetter-5-thread-1] DEBUG org.mongodb.driver.protocol.command - Sending command '{"find": "user", "filter": {"_id": {"$oid": "63dad093922725009b7009b2"}}, "limit": 1, "singleBatch": true, "$db": "practica03mongoIvanLoli", "$clusterTime": {"clusterTime": {"$timestamp": {"t": 1675284626, "i": 7}}, "signature": {"hash": {"$binary": {"base64": "qlRrNo+2U4CFNMzn3hga/GkHLUc=", "subType": "00"}}, "keyId": 7161871216054108163}}, "lsid": {"id": {"$binary": {"base64": "L4NnA2vsRma3Vy1OsSidBw==", "subType": "04"}}}}' with request id 26 to database practica03mongoIvanLoli on connection [connectionId{localValue:7, serverValue:108170}] to server ac-o2suyf6-shard-00-02.7qtbnuz.mongodb.net:27017
21:50:27.488 [async-channel-group-0-handler-executor] DEBUG org.mongodb.driver.protocol.command - Execution of command with request id 26 completed successfully in 39.97 ms on connection [connectionId{localValue:7, serverValue:108170}] to server ac-o2suyf6-shard-00-02.7qtbnuz.mongodb.net:27017
21:50:27.488 [async-channel-group-0-handler-executor] DEBUG org.mongodb.driver.operation - Received batch of 0 documents with cursorId 0 from server ac-o2suyf6-shard-00-02.7qtbnuz.mongodb.net:27017
21:50:27.494 [AsyncGetter-5-thread-1] DEBUG org.mongodb.driver.protocol.command - Sending command '{"update": "user", "ordered": true, "txnNumber": 9, "$db": "practica03mongoIvanLoli", "$clusterTime": {"clusterTime": {"$timestamp": {"t": 1675284626, "i": 7}}, "signature": {"hash": {"$binary": {"base64": "qlRrNo+2U4CFNMzn3hga/GkHLUc=", "subType": "00"}}, "keyId": 7161871216054108163}}, "lsid": {"id": {"$binary": {"base64": "L4NnA2vsRma3Vy1OsSidBw==", "subType": "04"}}}, "updates": [{"q": {"_id": {"$oid": "63dad090922725009b7009b0"}}, "u": {"_id": {"$oid": "63dad090922725009b7009b0"}, "uuid": {"$binary": {"base64": "EREAAGmNqZO6g+qWtQUAAA==", "subType": "03"}}, "nombre": "loli", "apellido": "test", "telefono": "123456789", "email": "loli@test.com", "password": "lolitest", "perfil": "ADMIN", "activo": true}, "upsert": true}]}' with request id 27 to database practica03mongoIvanLoli on connection [connectionId{localValue:7, serverValue:108170}] to server ac-o2suyf6-shard-00-02.7qtbnuz.mongodb.net:27017
21:50:27.533 [async-channel-group-0-handler-executor] DEBUG org.mongodb.driver.protocol.command - Execution of command with request id 27 completed successfully in 39.58 ms on connection [connectionId{localValue:7, serverValue:108170}] to server ac-o2suyf6-shard-00-02.7qtbnuz.mongodb.net:27017
21:50:27.536 [DefaultDispatcher-worker-1 @coroutine#35] DEBUG koin.repositories.user.UserRepository - delete(63dad093922725009b7009b3)
21:50:27.537 [AsyncGetter-5-thread-1] DEBUG org.mongodb.driver.protocol.command - Sending command '{"find": "user", "filter": {"_id": {"$oid": "63dad093922725009b7009b3"}}, "limit": 1, "singleBatch": true, "$db": "practica03mongoIvanLoli", "$clusterTime": {"clusterTime": {"$timestamp": {"t": 1675284626, "i": 7}}, "signature": {"hash": {"$binary": {"base64": "qlRrNo+2U4CFNMzn3hga/GkHLUc=", "subType": "00"}}, "keyId": 7161871216054108163}}, "lsid": {"id": {"$binary": {"base64": "L4NnA2vsRma3Vy1OsSidBw==", "subType": "04"}}}}' with request id 28 to database practica03mongoIvanLoli on connection [connectionId{localValue:7, serverValue:108170}] to server ac-o2suyf6-shard-00-02.7qtbnuz.mongodb.net:27017
21:50:27.577 [async-channel-group-0-handler-executor] DEBUG org.mongodb.driver.protocol.command - Execution of command with request id 28 completed successfully in 38.94 ms on connection [connectionId{localValue:7, serverValue:108170}] to server ac-o2suyf6-shard-00-02.7qtbnuz.mongodb.net:27017
21:50:27.577 [async-channel-group-0-handler-executor] DEBUG org.mongodb.driver.operation - Received batch of 0 documents with cursorId 0 from server ac-o2suyf6-shard-00-02.7qtbnuz.mongodb.net:27017
21:50:27.579 [AsyncGetter-5-thread-1] DEBUG org.mongodb.driver.protocol.command - Sending command '{"delete": "user", "ordered": true, "txnNumber": 10, "$db": "practica03mongoIvanLoli", "$clusterTime": {"clusterTime": {"$timestamp": {"t": 1675284626, "i": 7}}, "signature": {"hash": {"$binary": {"base64": "qlRrNo+2U4CFNMzn3hga/GkHLUc=", "subType": "00"}}, "keyId": 7161871216054108163}}, "lsid": {"id": {"$binary": {"base64": "L4NnA2vsRma3Vy1OsSidBw==", "subType": "04"}}}, "deletes": [{"q": {"_id": {"$oid": "63dad093922725009b7009b3"}}, "limit": 1}]}' with request id 29 to database practica03mongoIvanLoli on connection [connectionId{localValue:7, serverValue:108170}] to server ac-o2suyf6-shard-00-02.7qtbnuz.mongodb.net:27017
21:50:27.617 [async-channel-group-0-handler-executor] DEBUG org.mongodb.driver.protocol.command - Execution of command with request id 29 completed successfully in 38.25 ms on connection [connectionId{localValue:7, serverValue:108170}] to server ac-o2suyf6-shard-00-02.7qtbnuz.mongodb.net:27017
21:50:27.622 [AsyncGetter-5-thread-1] DEBUG org.mongodb.driver.protocol.command - Sending command '{"update": "user", "ordered": true, "txnNumber": 11, "$db": "practica03mongoIvanLoli", "$clusterTime": {"clusterTime": {"$timestamp": {"t": 1675284626, "i": 7}}, "signature": {"hash": {"$binary": {"base64": "qlRrNo+2U4CFNMzn3hga/GkHLUc=", "subType": "00"}}, "keyId": 7161871216054108163}}, "lsid": {"id": {"$binary": {"base64": "L4NnA2vsRma3Vy1OsSidBw==", "subType": "04"}}}, "updates": [{"q": {"_id": {"$oid": "63dad090922725009b7009b0"}}, "u": {"_id": {"$oid": "63dad090922725009b7009b0"}, "uuid": {"$binary": {"base64": "EREAAGmNqZO6g+qWtQUAAA==", "subType": "03"}}, "nombre": "loli", "apellido": "test", "telefono": "123456789", "email": "loli@test.com", "password": "lolitest", "perfil": "ADMIN", "activo": true}, "upsert": true}]}' with request id 30 to database practica03mongoIvanLoli on connection [connectionId{localValue:7, serverValue:108170}] to server ac-o2suyf6-shard-00-02.7qtbnuz.mongodb.net:27017
21:50:27.663 [async-channel-group-0-handler-executor] DEBUG org.mongodb.driver.protocol.command - Execution of command with request id 30 completed successfully in 41.33 ms on connection [connectionId{localValue:7, serverValue:108170}] to server ac-o2suyf6-shard-00-02.7qtbnuz.mongodb.net:27017
21:50:27.668 [DefaultDispatcher-worker-1 @coroutine#40] DEBUG koin.repositories.user.UserRepository - setInactive(63dad090922725009b7009b0)
21:50:27.670 [AsyncGetter-5-thread-1] DEBUG org.mongodb.driver.protocol.command - Sending command '{"find": "user", "filter": {"_id": {"$oid": "63dad090922725009b7009b0"}}, "limit": 1, "singleBatch": true, "$db": "practica03mongoIvanLoli", "$clusterTime": {"clusterTime": {"$timestamp": {"t": 1675284627, "i": 1}}, "signature": {"hash": {"$binary": {"base64": "G/9W2aAnMpWwMw76cVT+kOG+uB0=", "subType": "00"}}, "keyId": 7161871216054108163}}, "lsid": {"id": {"$binary": {"base64": "L4NnA2vsRma3Vy1OsSidBw==", "subType": "04"}}}}' with request id 31 to database practica03mongoIvanLoli on connection [connectionId{localValue:7, serverValue:108170}] to server ac-o2suyf6-shard-00-02.7qtbnuz.mongodb.net:27017
21:50:27.709 [async-channel-group-0-handler-executor] DEBUG org.mongodb.driver.protocol.command - Execution of command with request id 31 completed successfully in 39.42 ms on connection [connectionId{localValue:7, serverValue:108170}] to server ac-o2suyf6-shard-00-02.7qtbnuz.mongodb.net:27017
21:50:27.710 [async-channel-group-0-handler-executor] DEBUG org.mongodb.driver.operation - Received batch of 1 documents with cursorId 0 from server ac-o2suyf6-shard-00-02.7qtbnuz.mongodb.net:27017
21:50:27.712 [AsyncGetter-5-thread-1] DEBUG org.mongodb.driver.protocol.command - Sending command '{"update": "user", "ordered": true, "txnNumber": 12, "$db": "practica03mongoIvanLoli", "$clusterTime": {"clusterTime": {"$timestamp": {"t": 1675284627, "i": 2}}, "signature": {"hash": {"$binary": {"base64": "G/9W2aAnMpWwMw76cVT+kOG+uB0=", "subType": "00"}}, "keyId": 7161871216054108163}}, "lsid": {"id": {"$binary": {"base64": "L4NnA2vsRma3Vy1OsSidBw==", "subType": "04"}}}, "updates": [{"q": {"_id": {"$oid": "63dad090922725009b7009b0"}}, "u": {"_id": {"$oid": "63dad090922725009b7009b0"}, "uuid": {"$binary": {"base64": "EREAAGmNqZO6g+qWtQUAAA==", "subType": "03"}}, "nombre": "loli", "apellido": "test", "telefono": "123456789", "email": "loli@test.com", "password": "lolitest", "perfil": "ADMIN", "activo": false}, "upsert": true}]}' with request id 32 to database practica03mongoIvanLoli on connection [connectionId{localValue:7, serverValue:108170}] to server ac-o2suyf6-shard-00-02.7qtbnuz.mongodb.net:27017
21:50:27.756 [async-channel-group-0-handler-executor] DEBUG org.mongodb.driver.protocol.command - Execution of command with request id 32 completed successfully in 44.18 ms on connection [connectionId{localValue:7, serverValue:108170}] to server ac-o2suyf6-shard-00-02.7qtbnuz.mongodb.net:27017
21:50:27.762 [AsyncGetter-5-thread-1] DEBUG org.mongodb.driver.protocol.command - Sending command '{"drop": "user", "$db": "practica03mongoIvanLoli", "$clusterTime": {"clusterTime": {"$timestamp": {"t": 1675284627, "i": 3}}, "signature": {"hash": {"$binary": {"base64": "G/9W2aAnMpWwMw76cVT+kOG+uB0=", "subType": "00"}}, "keyId": 7161871216054108163}}, "lsid": {"id": {"$binary": {"base64": "L4NnA2vsRma3Vy1OsSidBw==", "subType": "04"}}}}' with request id 33 to database practica03mongoIvanLoli on connection [connectionId{localValue:7, serverValue:108170}] to server ac-o2suyf6-shard-00-02.7qtbnuz.mongodb.net:27017
21:50:27.812 [async-channel-group-0-handler-executor] DEBUG org.mongodb.driver.protocol.command - Execution of command with request id 33 completed successfully in 50.28 ms on connection [connectionId{localValue:7, serverValue:108170}] to server ac-o2suyf6-shard-00-02.7qtbnuz.mongodb.net:27017
]]></system-out>
  <system-err><![CDATA[]]></system-err>
</testsuite>
