<?xml version="1.0" encoding="UTF-8"?>
<testsuite name="koin.repositories.tarea.TareaRepositoryTest" tests="8" skipped="0" failures="0" errors="0" timestamp="2023-02-11T15:37:41" hostname="LOLI-LAPTOP" time="0.98">
  <properties/>
  <testcase name="setFinalizada()" classname="koin.repositories.tarea.TareaRepositoryTest" time="0.187"/>
  <testcase name="delete()" classname="koin.repositories.tarea.TareaRepositoryTest" time="0.146"/>
  <testcase name="findAll()" classname="koin.repositories.tarea.TareaRepositoryTest" time="0.091"/>
  <testcase name="findById()" classname="koin.repositories.tarea.TareaRepositoryTest" time="0.146"/>
  <testcase name="findByUuid()" classname="koin.repositories.tarea.TareaRepositoryTest" time="0.096"/>
  <testcase name="save()" classname="koin.repositories.tarea.TareaRepositoryTest" time="0.105"/>
  <testcase name="findByIdNotExists()" classname="koin.repositories.tarea.TareaRepositoryTest" time="0.081"/>
  <testcase name="deleteNotExists()" classname="koin.repositories.tarea.TareaRepositoryTest" time="0.126"/>
  <system-out><![CDATA[16:37:41.762 [AsyncGetter-5-thread-1] DEBUG org.mongodb.driver.protocol.command - Sending command '{"drop": "tarea", "$db": "practica03mongoIvanLoli", "$clusterTime": {"clusterTime": {"$timestamp": {"t": 1676129859, "i": 7}}, "signature": {"hash": {"$binary": {"base64": "4LWa5rYjfPL8Wt9Lk97XvObGyIM=", "subType": "00"}}, "keyId": 7161871216054108163}}, "lsid": {"id": {"$binary": {"base64": "nZRz+A95RCyuTZsKjCM1Eg==", "subType": "04"}}}}' with request id 124 to database practica03mongoIvanLoli on connection [connectionId{localValue:7, serverValue:282387}] to server ac-o2suyf6-shard-00-02.7qtbnuz.mongodb.net:27017
16:37:41.829 [async-channel-group-0-handler-executor] DEBUG org.mongodb.driver.protocol.command - Execution of command with request id 124 completed successfully in 67.97 ms on connection [connectionId{localValue:7, serverValue:282387}] to server ac-o2suyf6-shard-00-02.7qtbnuz.mongodb.net:27017
16:37:41.848 [AsyncGetter-5-thread-1] DEBUG org.mongodb.driver.protocol.command - Sending command '{"update": "tarea", "ordered": true, "txnNumber": 37, "$db": "practica03mongoIvanLoli", "$clusterTime": {"clusterTime": {"$timestamp": {"t": 1676129860, "i": 5}}, "signature": {"hash": {"$binary": {"base64": "2YTA67d3dac+hUHbZxwz6/u1VVc=", "subType": "00"}}, "keyId": 7161871216054108163}}, "lsid": {"id": {"$binary": {"base64": "nZRz+A95RCyuTZsKjCM1Eg==", "subType": "04"}}}, "updates": [{"q": {"_id": {"$oid": "63e7b64510e6fb6e4c08aaca"}}, "u": {"_id": {"$oid": "63e7b64510e6fb6e4c08aaca"}, "uuid": {"$binary": {"base64": "p0gTAGmNqZPMg+qWtQVPsw==", "subType": "03"}}, "raquetaId": {"$binary": {"base64": "p0gBAGmNqZO6g+qWtQVPsw==", "subType": "03"}}, "precio": 0.0, "tipo": "ADQUISICION", "finalizada": false, "pedidoId": {"$binary": {"base64": "p0gQAGmNqZPMiuqWtQVPsw==", "subType": "03"}}, "productoAdquiridoId": {"$binary": {"base64": "p0gEAGmNqZOqg+qWtQVPsw==", "subType": "03"}}, "peso": null, "balance": null, "rigidez": null, "tensionHorizontal": null, "cordajeHorizontalId": null, "tension ...' with request id 125 to database practica03mongoIvanLoli on connection [connectionId{localValue:7, serverValue:282387}] to server ac-o2suyf6-shard-00-02.7qtbnuz.mongodb.net:27017
16:37:41.919 [async-channel-group-0-handler-executor] DEBUG org.mongodb.driver.protocol.command - Execution of command with request id 125 completed successfully in 72.18 ms on connection [connectionId{localValue:7, serverValue:282387}] to server ac-o2suyf6-shard-00-02.7qtbnuz.mongodb.net:27017
16:37:41.929 [DefaultDispatcher-worker-12 @coroutine#969] DEBUG koin.repositories.tarea.TareaRepository - setFinalizada(63e7b64510e6fb6e4c08aaca)
16:37:41.933 [AsyncGetter-5-thread-1] DEBUG org.mongodb.driver.protocol.command - Sending command '{"find": "tarea", "filter": {"_id": {"$oid": "63e7b64510e6fb6e4c08aaca"}}, "limit": 1, "singleBatch": true, "$db": "practica03mongoIvanLoli", "$clusterTime": {"clusterTime": {"$timestamp": {"t": 1676129860, "i": 8}}, "signature": {"hash": {"$binary": {"base64": "2YTA67d3dac+hUHbZxwz6/u1VVc=", "subType": "00"}}, "keyId": 7161871216054108163}}, "lsid": {"id": {"$binary": {"base64": "nZRz+A95RCyuTZsKjCM1Eg==", "subType": "04"}}}}' with request id 126 to database practica03mongoIvanLoli on connection [connectionId{localValue:7, serverValue:282387}] to server ac-o2suyf6-shard-00-02.7qtbnuz.mongodb.net:27017
16:37:41.968 [async-channel-group-0-handler-executor] DEBUG org.mongodb.driver.protocol.command - Execution of command with request id 126 completed successfully in 35.45 ms on connection [connectionId{localValue:7, serverValue:282387}] to server ac-o2suyf6-shard-00-02.7qtbnuz.mongodb.net:27017
16:37:41.969 [async-channel-group-0-handler-executor] DEBUG org.mongodb.driver.operation - Received batch of 1 documents with cursorId 0 from server ac-o2suyf6-shard-00-02.7qtbnuz.mongodb.net:27017
16:37:41.973 [AsyncGetter-5-thread-1] DEBUG org.mongodb.driver.protocol.command - Sending command '{"update": "tarea", "ordered": true, "txnNumber": 38, "$db": "practica03mongoIvanLoli", "$clusterTime": {"clusterTime": {"$timestamp": {"t": 1676129860, "i": 8}}, "signature": {"hash": {"$binary": {"base64": "2YTA67d3dac+hUHbZxwz6/u1VVc=", "subType": "00"}}, "keyId": 7161871216054108163}}, "lsid": {"id": {"$binary": {"base64": "nZRz+A95RCyuTZsKjCM1Eg==", "subType": "04"}}}, "updates": [{"q": {"_id": {"$oid": "63e7b64510e6fb6e4c08aaca"}}, "u": {"_id": {"$oid": "63e7b64510e6fb6e4c08aaca"}, "uuid": {"$binary": {"base64": "p0gTAGmNqZPMg+qWtQVPsw==", "subType": "03"}}, "raquetaId": {"$binary": {"base64": "p0gBAGmNqZO6g+qWtQVPsw==", "subType": "03"}}, "precio": 0.0, "tipo": "ADQUISICION", "finalizada": true, "pedidoId": {"$binary": {"base64": "p0gQAGmNqZPMiuqWtQVPsw==", "subType": "03"}}, "productoAdquiridoId": {"$binary": {"base64": "p0gEAGmNqZOqg+qWtQVPsw==", "subType": "03"}}, "peso": null, "balance": null, "rigidez": null, "tensionHorizontal": null, "cordajeHorizontalId": null, "tensionV ...' with request id 127 to database practica03mongoIvanLoli on connection [connectionId{localValue:7, serverValue:282387}] to server ac-o2suyf6-shard-00-02.7qtbnuz.mongodb.net:27017
16:37:42.013 [async-channel-group-0-handler-executor] DEBUG org.mongodb.driver.protocol.command - Execution of command with request id 127 completed successfully in 41.21 ms on connection [connectionId{localValue:7, serverValue:282387}] to server ac-o2suyf6-shard-00-02.7qtbnuz.mongodb.net:27017
16:37:42.023 [AsyncGetter-5-thread-1] DEBUG org.mongodb.driver.protocol.command - Sending command '{"update": "tarea", "ordered": true, "txnNumber": 39, "$db": "practica03mongoIvanLoli", "$clusterTime": {"clusterTime": {"$timestamp": {"t": 1676129861, "i": 1}}, "signature": {"hash": {"$binary": {"base64": "4RPZjTPb7KN5cT+LfDeqI2rL1+c=", "subType": "00"}}, "keyId": 7161871216054108163}}, "lsid": {"id": {"$binary": {"base64": "nZRz+A95RCyuTZsKjCM1Eg==", "subType": "04"}}}, "updates": [{"q": {"_id": {"$oid": "63e7b64510e6fb6e4c08aaca"}}, "u": {"_id": {"$oid": "63e7b64510e6fb6e4c08aaca"}, "uuid": {"$binary": {"base64": "p0gTAGmNqZPMg+qWtQVPsw==", "subType": "03"}}, "raquetaId": {"$binary": {"base64": "p0gBAGmNqZO6g+qWtQVPsw==", "subType": "03"}}, "precio": 0.0, "tipo": "ADQUISICION", "finalizada": false, "pedidoId": {"$binary": {"base64": "p0gQAGmNqZPMiuqWtQVPsw==", "subType": "03"}}, "productoAdquiridoId": {"$binary": {"base64": "p0gEAGmNqZOqg+qWtQVPsw==", "subType": "03"}}, "peso": null, "balance": null, "rigidez": null, "tensionHorizontal": null, "cordajeHorizontalId": null, "tension ...' with request id 128 to database practica03mongoIvanLoli on connection [connectionId{localValue:7, serverValue:282387}] to server ac-o2suyf6-shard-00-02.7qtbnuz.mongodb.net:27017
16:37:42.067 [async-channel-group-0-handler-executor] DEBUG org.mongodb.driver.protocol.command - Execution of command with request id 128 completed successfully in 45.26 ms on connection [connectionId{localValue:7, serverValue:282387}] to server ac-o2suyf6-shard-00-02.7qtbnuz.mongodb.net:27017
16:37:42.078 [DefaultDispatcher-worker-12 @coroutine#974] DEBUG koin.repositories.tarea.TareaRepository - delete(63e7b64510e6fb6e4c08aaca)
16:37:42.081 [AsyncGetter-5-thread-1] DEBUG org.mongodb.driver.protocol.command - Sending command '{"find": "tarea", "filter": {"_id": {"$oid": "63e7b64510e6fb6e4c08aaca"}}, "limit": 1, "singleBatch": true, "$db": "practica03mongoIvanLoli", "$clusterTime": {"clusterTime": {"$timestamp": {"t": 1676129861, "i": 2}}, "signature": {"hash": {"$binary": {"base64": "4RPZjTPb7KN5cT+LfDeqI2rL1+c=", "subType": "00"}}, "keyId": 7161871216054108163}}, "lsid": {"id": {"$binary": {"base64": "nZRz+A95RCyuTZsKjCM1Eg==", "subType": "04"}}}}' with request id 129 to database practica03mongoIvanLoli on connection [connectionId{localValue:7, serverValue:282387}] to server ac-o2suyf6-shard-00-02.7qtbnuz.mongodb.net:27017
16:37:42.116 [async-channel-group-0-handler-executor] DEBUG org.mongodb.driver.protocol.command - Execution of command with request id 129 completed successfully in 34.93 ms on connection [connectionId{localValue:7, serverValue:282387}] to server ac-o2suyf6-shard-00-02.7qtbnuz.mongodb.net:27017
16:37:42.118 [async-channel-group-0-handler-executor] DEBUG org.mongodb.driver.operation - Received batch of 1 documents with cursorId 0 from server ac-o2suyf6-shard-00-02.7qtbnuz.mongodb.net:27017
16:37:42.121 [AsyncGetter-5-thread-1] DEBUG org.mongodb.driver.protocol.command - Sending command '{"delete": "tarea", "ordered": true, "txnNumber": 40, "$db": "practica03mongoIvanLoli", "$clusterTime": {"clusterTime": {"$timestamp": {"t": 1676129861, "i": 2}}, "signature": {"hash": {"$binary": {"base64": "4RPZjTPb7KN5cT+LfDeqI2rL1+c=", "subType": "00"}}, "keyId": 7161871216054108163}}, "lsid": {"id": {"$binary": {"base64": "nZRz+A95RCyuTZsKjCM1Eg==", "subType": "04"}}}, "deletes": [{"q": {"_id": {"$oid": "63e7b64510e6fb6e4c08aaca"}}, "limit": 1}]}' with request id 130 to database practica03mongoIvanLoli on connection [connectionId{localValue:7, serverValue:282387}] to server ac-o2suyf6-shard-00-02.7qtbnuz.mongodb.net:27017
16:37:42.162 [async-channel-group-0-handler-executor] DEBUG org.mongodb.driver.protocol.command - Execution of command with request id 130 completed successfully in 41.25 ms on connection [connectionId{localValue:7, serverValue:282387}] to server ac-o2suyf6-shard-00-02.7qtbnuz.mongodb.net:27017
16:37:42.168 [AsyncGetter-5-thread-1] DEBUG org.mongodb.driver.protocol.command - Sending command '{"update": "tarea", "ordered": true, "txnNumber": 41, "$db": "practica03mongoIvanLoli", "$clusterTime": {"clusterTime": {"$timestamp": {"t": 1676129861, "i": 3}}, "signature": {"hash": {"$binary": {"base64": "4RPZjTPb7KN5cT+LfDeqI2rL1+c=", "subType": "00"}}, "keyId": 7161871216054108163}}, "lsid": {"id": {"$binary": {"base64": "nZRz+A95RCyuTZsKjCM1Eg==", "subType": "04"}}}, "updates": [{"q": {"_id": {"$oid": "63e7b64510e6fb6e4c08aaca"}}, "u": {"_id": {"$oid": "63e7b64510e6fb6e4c08aaca"}, "uuid": {"$binary": {"base64": "p0gTAGmNqZPMg+qWtQVPsw==", "subType": "03"}}, "raquetaId": {"$binary": {"base64": "p0gBAGmNqZO6g+qWtQVPsw==", "subType": "03"}}, "precio": 0.0, "tipo": "ADQUISICION", "finalizada": false, "pedidoId": {"$binary": {"base64": "p0gQAGmNqZPMiuqWtQVPsw==", "subType": "03"}}, "productoAdquiridoId": {"$binary": {"base64": "p0gEAGmNqZOqg+qWtQVPsw==", "subType": "03"}}, "peso": null, "balance": null, "rigidez": null, "tensionHorizontal": null, "cordajeHorizontalId": null, "tension ...' with request id 131 to database practica03mongoIvanLoli on connection [connectionId{localValue:7, serverValue:282387}] to server ac-o2suyf6-shard-00-02.7qtbnuz.mongodb.net:27017
16:37:42.208 [async-channel-group-0-handler-executor] DEBUG org.mongodb.driver.protocol.command - Execution of command with request id 131 completed successfully in 40.65 ms on connection [connectionId{localValue:7, serverValue:282387}] to server ac-o2suyf6-shard-00-02.7qtbnuz.mongodb.net:27017
16:37:42.213 [DefaultDispatcher-worker-12 @coroutine#979] DEBUG koin.repositories.tarea.TareaRepository - findAll()
16:37:42.215 [AsyncGetter-5-thread-1] DEBUG org.mongodb.driver.protocol.command - Sending command '{"find": "tarea", "filter": {}, "batchSize": 64, "$db": "practica03mongoIvanLoli", "$clusterTime": {"clusterTime": {"$timestamp": {"t": 1676129861, "i": 4}}, "signature": {"hash": {"$binary": {"base64": "4RPZjTPb7KN5cT+LfDeqI2rL1+c=", "subType": "00"}}, "keyId": 7161871216054108163}}, "lsid": {"id": {"$binary": {"base64": "nZRz+A95RCyuTZsKjCM1Eg==", "subType": "04"}}}}' with request id 132 to database practica03mongoIvanLoli on connection [connectionId{localValue:7, serverValue:282387}] to server ac-o2suyf6-shard-00-02.7qtbnuz.mongodb.net:27017
16:37:42.250 [async-channel-group-0-handler-executor] DEBUG org.mongodb.driver.protocol.command - Execution of command with request id 132 completed successfully in 34.58 ms on connection [connectionId{localValue:7, serverValue:282387}] to server ac-o2suyf6-shard-00-02.7qtbnuz.mongodb.net:27017
16:37:42.250 [async-channel-group-0-handler-executor] DEBUG org.mongodb.driver.operation - Received batch of 1 documents with cursorId 0 from server ac-o2suyf6-shard-00-02.7qtbnuz.mongodb.net:27017
16:37:42.259 [AsyncGetter-5-thread-1] DEBUG org.mongodb.driver.protocol.command - Sending command '{"update": "tarea", "ordered": true, "txnNumber": 42, "$db": "practica03mongoIvanLoli", "$clusterTime": {"clusterTime": {"$timestamp": {"t": 1676129861, "i": 5}}, "signature": {"hash": {"$binary": {"base64": "4RPZjTPb7KN5cT+LfDeqI2rL1+c=", "subType": "00"}}, "keyId": 7161871216054108163}}, "lsid": {"id": {"$binary": {"base64": "nZRz+A95RCyuTZsKjCM1Eg==", "subType": "04"}}}, "updates": [{"q": {"_id": {"$oid": "63e7b64510e6fb6e4c08aaca"}}, "u": {"_id": {"$oid": "63e7b64510e6fb6e4c08aaca"}, "uuid": {"$binary": {"base64": "p0gTAGmNqZPMg+qWtQVPsw==", "subType": "03"}}, "raquetaId": {"$binary": {"base64": "p0gBAGmNqZO6g+qWtQVPsw==", "subType": "03"}}, "precio": 0.0, "tipo": "ADQUISICION", "finalizada": false, "pedidoId": {"$binary": {"base64": "p0gQAGmNqZPMiuqWtQVPsw==", "subType": "03"}}, "productoAdquiridoId": {"$binary": {"base64": "p0gEAGmNqZOqg+qWtQVPsw==", "subType": "03"}}, "peso": null, "balance": null, "rigidez": null, "tensionHorizontal": null, "cordajeHorizontalId": null, "tension ...' with request id 133 to database practica03mongoIvanLoli on connection [connectionId{localValue:7, serverValue:282387}] to server ac-o2suyf6-shard-00-02.7qtbnuz.mongodb.net:27017
16:37:42.353 [async-channel-group-0-handler-executor] DEBUG org.mongodb.driver.protocol.command - Execution of command with request id 133 completed successfully in 94.88 ms on connection [connectionId{localValue:7, serverValue:282387}] to server ac-o2suyf6-shard-00-02.7qtbnuz.mongodb.net:27017
16:37:42.363 [DefaultDispatcher-worker-12 @coroutine#985] DEBUG koin.repositories.tarea.TareaRepository - findById(63e7b64510e6fb6e4c08aaca)
16:37:42.365 [AsyncGetter-5-thread-1] DEBUG org.mongodb.driver.protocol.command - Sending command '{"find": "tarea", "filter": {"_id": {"$oid": "63e7b64510e6fb6e4c08aaca"}}, "limit": 1, "singleBatch": true, "$db": "practica03mongoIvanLoli", "$clusterTime": {"clusterTime": {"$timestamp": {"t": 1676129861, "i": 6}}, "signature": {"hash": {"$binary": {"base64": "4RPZjTPb7KN5cT+LfDeqI2rL1+c=", "subType": "00"}}, "keyId": 7161871216054108163}}, "lsid": {"id": {"$binary": {"base64": "nZRz+A95RCyuTZsKjCM1Eg==", "subType": "04"}}}}' with request id 134 to database practica03mongoIvanLoli on connection [connectionId{localValue:7, serverValue:282387}] to server ac-o2suyf6-shard-00-02.7qtbnuz.mongodb.net:27017
16:37:42.400 [async-channel-group-0-handler-executor] DEBUG org.mongodb.driver.protocol.command - Execution of command with request id 134 completed successfully in 34.70 ms on connection [connectionId{localValue:7, serverValue:282387}] to server ac-o2suyf6-shard-00-02.7qtbnuz.mongodb.net:27017
16:37:42.400 [async-channel-group-0-handler-executor] DEBUG org.mongodb.driver.operation - Received batch of 1 documents with cursorId 0 from server ac-o2suyf6-shard-00-02.7qtbnuz.mongodb.net:27017
16:37:42.407 [AsyncGetter-5-thread-1] DEBUG org.mongodb.driver.protocol.command - Sending command '{"update": "tarea", "ordered": true, "txnNumber": 43, "$db": "practica03mongoIvanLoli", "$clusterTime": {"clusterTime": {"$timestamp": {"t": 1676129861, "i": 6}}, "signature": {"hash": {"$binary": {"base64": "4RPZjTPb7KN5cT+LfDeqI2rL1+c=", "subType": "00"}}, "keyId": 7161871216054108163}}, "lsid": {"id": {"$binary": {"base64": "nZRz+A95RCyuTZsKjCM1Eg==", "subType": "04"}}}, "updates": [{"q": {"_id": {"$oid": "63e7b64510e6fb6e4c08aaca"}}, "u": {"_id": {"$oid": "63e7b64510e6fb6e4c08aaca"}, "uuid": {"$binary": {"base64": "p0gTAGmNqZPMg+qWtQVPsw==", "subType": "03"}}, "raquetaId": {"$binary": {"base64": "p0gBAGmNqZO6g+qWtQVPsw==", "subType": "03"}}, "precio": 0.0, "tipo": "ADQUISICION", "finalizada": false, "pedidoId": {"$binary": {"base64": "p0gQAGmNqZPMiuqWtQVPsw==", "subType": "03"}}, "productoAdquiridoId": {"$binary": {"base64": "p0gEAGmNqZOqg+qWtQVPsw==", "subType": "03"}}, "peso": null, "balance": null, "rigidez": null, "tensionHorizontal": null, "cordajeHorizontalId": null, "tension ...' with request id 135 to database practica03mongoIvanLoli on connection [connectionId{localValue:7, serverValue:282387}] to server ac-o2suyf6-shard-00-02.7qtbnuz.mongodb.net:27017
16:37:42.444 [async-channel-group-0-handler-executor] DEBUG org.mongodb.driver.protocol.command - Execution of command with request id 135 completed successfully in 37.53 ms on connection [connectionId{localValue:7, serverValue:282387}] to server ac-o2suyf6-shard-00-02.7qtbnuz.mongodb.net:27017
16:37:42.449 [DefaultDispatcher-worker-12 @coroutine#990] DEBUG koin.repositories.tarea.TareaRepository - findByUUID(93a98d69-0013-48a7-b34f-05b596ea83cc)
16:37:42.451 [AsyncGetter-5-thread-1] DEBUG org.mongodb.driver.protocol.command - Sending command '{"find": "tarea", "filter": {}, "batchSize": 64, "$db": "practica03mongoIvanLoli", "$clusterTime": {"clusterTime": {"$timestamp": {"t": 1676129861, "i": 7}}, "signature": {"hash": {"$binary": {"base64": "4RPZjTPb7KN5cT+LfDeqI2rL1+c=", "subType": "00"}}, "keyId": 7161871216054108163}}, "lsid": {"id": {"$binary": {"base64": "nZRz+A95RCyuTZsKjCM1Eg==", "subType": "04"}}}}' with request id 136 to database practica03mongoIvanLoli on connection [connectionId{localValue:7, serverValue:282387}] to server ac-o2suyf6-shard-00-02.7qtbnuz.mongodb.net:27017
16:37:42.492 [async-channel-group-0-handler-executor] DEBUG org.mongodb.driver.protocol.command - Execution of command with request id 136 completed successfully in 42.01 ms on connection [connectionId{localValue:7, serverValue:282387}] to server ac-o2suyf6-shard-00-02.7qtbnuz.mongodb.net:27017
16:37:42.493 [async-channel-group-0-handler-executor] DEBUG org.mongodb.driver.operation - Received batch of 1 documents with cursorId 0 from server ac-o2suyf6-shard-00-02.7qtbnuz.mongodb.net:27017
16:37:42.503 [AsyncGetter-5-thread-1] DEBUG org.mongodb.driver.protocol.command - Sending command '{"update": "tarea", "ordered": true, "txnNumber": 44, "$db": "practica03mongoIvanLoli", "$clusterTime": {"clusterTime": {"$timestamp": {"t": 1676129861, "i": 7}}, "signature": {"hash": {"$binary": {"base64": "4RPZjTPb7KN5cT+LfDeqI2rL1+c=", "subType": "00"}}, "keyId": 7161871216054108163}}, "lsid": {"id": {"$binary": {"base64": "nZRz+A95RCyuTZsKjCM1Eg==", "subType": "04"}}}, "updates": [{"q": {"_id": {"$oid": "63e7b64510e6fb6e4c08aaca"}}, "u": {"_id": {"$oid": "63e7b64510e6fb6e4c08aaca"}, "uuid": {"$binary": {"base64": "p0gTAGmNqZPMg+qWtQVPsw==", "subType": "03"}}, "raquetaId": {"$binary": {"base64": "p0gBAGmNqZO6g+qWtQVPsw==", "subType": "03"}}, "precio": 0.0, "tipo": "ADQUISICION", "finalizada": false, "pedidoId": {"$binary": {"base64": "p0gQAGmNqZPMiuqWtQVPsw==", "subType": "03"}}, "productoAdquiridoId": {"$binary": {"base64": "p0gEAGmNqZOqg+qWtQVPsw==", "subType": "03"}}, "peso": null, "balance": null, "rigidez": null, "tensionHorizontal": null, "cordajeHorizontalId": null, "tension ...' with request id 137 to database practica03mongoIvanLoli on connection [connectionId{localValue:7, serverValue:282387}] to server ac-o2suyf6-shard-00-02.7qtbnuz.mongodb.net:27017
16:37:42.544 [async-channel-group-0-handler-executor] DEBUG org.mongodb.driver.protocol.command - Execution of command with request id 137 completed successfully in 41.93 ms on connection [connectionId{localValue:7, serverValue:282387}] to server ac-o2suyf6-shard-00-02.7qtbnuz.mongodb.net:27017
16:37:42.554 [DefaultDispatcher-worker-12 @coroutine#995] DEBUG koin.repositories.tarea.TareaRepository - save(Tarea(id=63e7b64510e6fb6e4c08aaca, uuid=93a98d69-0013-48a7-b34f-05b596ea83cc, raquetaId=93a98d69-0001-48a7-b34f-05b596ea83ba, precio=0.0, tipo=ADQUISICION, finalizada=false, pedidoId=93a98d69-0010-48a7-b34f-05b596ea8acc, productoAdquiridoId=93a98d69-0004-48a7-b34f-05b596ea83aa, peso=null, balance=null, rigidez=null, tensionHorizontal=null, cordajeHorizontalId=null, tensionVertical=null, cordajeVerticalId=null, dosNudos=null))
16:37:42.559 [AsyncGetter-5-thread-1] DEBUG org.mongodb.driver.protocol.command - Sending command '{"update": "tarea", "ordered": true, "txnNumber": 45, "$db": "practica03mongoIvanLoli", "$clusterTime": {"clusterTime": {"$timestamp": {"t": 1676129861, "i": 7}}, "signature": {"hash": {"$binary": {"base64": "4RPZjTPb7KN5cT+LfDeqI2rL1+c=", "subType": "00"}}, "keyId": 7161871216054108163}}, "lsid": {"id": {"$binary": {"base64": "nZRz+A95RCyuTZsKjCM1Eg==", "subType": "04"}}}, "updates": [{"q": {"_id": {"$oid": "63e7b64510e6fb6e4c08aaca"}}, "u": {"_id": {"$oid": "63e7b64510e6fb6e4c08aaca"}, "uuid": {"$binary": {"base64": "p0gTAGmNqZPMg+qWtQVPsw==", "subType": "03"}}, "raquetaId": {"$binary": {"base64": "p0gBAGmNqZO6g+qWtQVPsw==", "subType": "03"}}, "precio": 0.0, "tipo": "ADQUISICION", "finalizada": false, "pedidoId": {"$binary": {"base64": "p0gQAGmNqZPMiuqWtQVPsw==", "subType": "03"}}, "productoAdquiridoId": {"$binary": {"base64": "p0gEAGmNqZOqg+qWtQVPsw==", "subType": "03"}}, "peso": null, "balance": null, "rigidez": null, "tensionHorizontal": null, "cordajeHorizontalId": null, "tension ...' with request id 138 to database practica03mongoIvanLoli on connection [connectionId{localValue:7, serverValue:282387}] to server ac-o2suyf6-shard-00-02.7qtbnuz.mongodb.net:27017
16:37:42.598 [async-channel-group-0-handler-executor] DEBUG org.mongodb.driver.protocol.command - Execution of command with request id 138 completed successfully in 41.16 ms on connection [connectionId{localValue:7, serverValue:282387}] to server ac-o2suyf6-shard-00-02.7qtbnuz.mongodb.net:27017
16:37:42.608 [AsyncGetter-5-thread-1] DEBUG org.mongodb.driver.protocol.command - Sending command '{"update": "tarea", "ordered": true, "txnNumber": 46, "$db": "practica03mongoIvanLoli", "$clusterTime": {"clusterTime": {"$timestamp": {"t": 1676129861, "i": 8}}, "signature": {"hash": {"$binary": {"base64": "4RPZjTPb7KN5cT+LfDeqI2rL1+c=", "subType": "00"}}, "keyId": 7161871216054108163}}, "lsid": {"id": {"$binary": {"base64": "nZRz+A95RCyuTZsKjCM1Eg==", "subType": "04"}}}, "updates": [{"q": {"_id": {"$oid": "63e7b64510e6fb6e4c08aaca"}}, "u": {"_id": {"$oid": "63e7b64510e6fb6e4c08aaca"}, "uuid": {"$binary": {"base64": "p0gTAGmNqZPMg+qWtQVPsw==", "subType": "03"}}, "raquetaId": {"$binary": {"base64": "p0gBAGmNqZO6g+qWtQVPsw==", "subType": "03"}}, "precio": 0.0, "tipo": "ADQUISICION", "finalizada": false, "pedidoId": {"$binary": {"base64": "p0gQAGmNqZPMiuqWtQVPsw==", "subType": "03"}}, "productoAdquiridoId": {"$binary": {"base64": "p0gEAGmNqZOqg+qWtQVPsw==", "subType": "03"}}, "peso": null, "balance": null, "rigidez": null, "tensionHorizontal": null, "cordajeHorizontalId": null, "tension ...' with request id 139 to database practica03mongoIvanLoli on connection [connectionId{localValue:7, serverValue:282387}] to server ac-o2suyf6-shard-00-02.7qtbnuz.mongodb.net:27017
16:37:42.644 [async-channel-group-0-handler-executor] DEBUG org.mongodb.driver.protocol.command - Execution of command with request id 139 completed successfully in 36.38 ms on connection [connectionId{localValue:7, serverValue:282387}] to server ac-o2suyf6-shard-00-02.7qtbnuz.mongodb.net:27017
16:37:42.646 [DefaultDispatcher-worker-12 @coroutine#1000] DEBUG koin.repositories.tarea.TareaRepository - findById(63e7b64610e6fb6e4c08aacb)
16:37:42.648 [AsyncGetter-5-thread-1] DEBUG org.mongodb.driver.protocol.command - Sending command '{"find": "tarea", "filter": {"_id": {"$oid": "63e7b64610e6fb6e4c08aacb"}}, "limit": 1, "singleBatch": true, "$db": "practica03mongoIvanLoli", "$clusterTime": {"clusterTime": {"$timestamp": {"t": 1676129861, "i": 8}}, "signature": {"hash": {"$binary": {"base64": "4RPZjTPb7KN5cT+LfDeqI2rL1+c=", "subType": "00"}}, "keyId": 7161871216054108163}}, "lsid": {"id": {"$binary": {"base64": "nZRz+A95RCyuTZsKjCM1Eg==", "subType": "04"}}}}' with request id 140 to database practica03mongoIvanLoli on connection [connectionId{localValue:7, serverValue:282387}] to server ac-o2suyf6-shard-00-02.7qtbnuz.mongodb.net:27017
16:37:42.683 [async-channel-group-0-handler-executor] DEBUG org.mongodb.driver.protocol.command - Execution of command with request id 140 completed successfully in 35.41 ms on connection [connectionId{localValue:7, serverValue:282387}] to server ac-o2suyf6-shard-00-02.7qtbnuz.mongodb.net:27017
16:37:42.683 [async-channel-group-0-handler-executor] DEBUG org.mongodb.driver.operation - Received batch of 0 documents with cursorId 0 from server ac-o2suyf6-shard-00-02.7qtbnuz.mongodb.net:27017
16:37:42.689 [AsyncGetter-5-thread-1] DEBUG org.mongodb.driver.protocol.command - Sending command '{"update": "tarea", "ordered": true, "txnNumber": 47, "$db": "practica03mongoIvanLoli", "$clusterTime": {"clusterTime": {"$timestamp": {"t": 1676129861, "i": 8}}, "signature": {"hash": {"$binary": {"base64": "4RPZjTPb7KN5cT+LfDeqI2rL1+c=", "subType": "00"}}, "keyId": 7161871216054108163}}, "lsid": {"id": {"$binary": {"base64": "nZRz+A95RCyuTZsKjCM1Eg==", "subType": "04"}}}, "updates": [{"q": {"_id": {"$oid": "63e7b64510e6fb6e4c08aaca"}}, "u": {"_id": {"$oid": "63e7b64510e6fb6e4c08aaca"}, "uuid": {"$binary": {"base64": "p0gTAGmNqZPMg+qWtQVPsw==", "subType": "03"}}, "raquetaId": {"$binary": {"base64": "p0gBAGmNqZO6g+qWtQVPsw==", "subType": "03"}}, "precio": 0.0, "tipo": "ADQUISICION", "finalizada": false, "pedidoId": {"$binary": {"base64": "p0gQAGmNqZPMiuqWtQVPsw==", "subType": "03"}}, "productoAdquiridoId": {"$binary": {"base64": "p0gEAGmNqZOqg+qWtQVPsw==", "subType": "03"}}, "peso": null, "balance": null, "rigidez": null, "tensionHorizontal": null, "cordajeHorizontalId": null, "tension ...' with request id 141 to database practica03mongoIvanLoli on connection [connectionId{localValue:7, serverValue:282387}] to server ac-o2suyf6-shard-00-02.7qtbnuz.mongodb.net:27017
16:37:42.729 [async-channel-group-0-handler-executor] DEBUG org.mongodb.driver.protocol.command - Execution of command with request id 141 completed successfully in 41.17 ms on connection [connectionId{localValue:7, serverValue:282387}] to server ac-o2suyf6-shard-00-02.7qtbnuz.mongodb.net:27017
16:37:42.734 [DefaultDispatcher-worker-12 @coroutine#1005] DEBUG koin.repositories.tarea.TareaRepository - delete(63e7b64610e6fb6e4c08aacc)
16:37:42.736 [AsyncGetter-5-thread-1] DEBUG org.mongodb.driver.protocol.command - Sending command '{"find": "tarea", "filter": {"_id": {"$oid": "63e7b64610e6fb6e4c08aacc"}}, "limit": 1, "singleBatch": true, "$db": "practica03mongoIvanLoli", "$clusterTime": {"clusterTime": {"$timestamp": {"t": 1676129861, "i": 8}}, "signature": {"hash": {"$binary": {"base64": "4RPZjTPb7KN5cT+LfDeqI2rL1+c=", "subType": "00"}}, "keyId": 7161871216054108163}}, "lsid": {"id": {"$binary": {"base64": "nZRz+A95RCyuTZsKjCM1Eg==", "subType": "04"}}}}' with request id 142 to database practica03mongoIvanLoli on connection [connectionId{localValue:7, serverValue:282387}] to server ac-o2suyf6-shard-00-02.7qtbnuz.mongodb.net:27017
16:37:42.772 [async-channel-group-0-handler-executor] DEBUG org.mongodb.driver.protocol.command - Execution of command with request id 142 completed successfully in 35.01 ms on connection [connectionId{localValue:7, serverValue:282387}] to server ac-o2suyf6-shard-00-02.7qtbnuz.mongodb.net:27017
16:37:42.772 [async-channel-group-0-handler-executor] DEBUG org.mongodb.driver.operation - Received batch of 0 documents with cursorId 0 from server ac-o2suyf6-shard-00-02.7qtbnuz.mongodb.net:27017
16:37:42.775 [AsyncGetter-5-thread-1] DEBUG org.mongodb.driver.protocol.command - Sending command '{"delete": "tarea", "ordered": true, "txnNumber": 48, "$db": "practica03mongoIvanLoli", "$clusterTime": {"clusterTime": {"$timestamp": {"t": 1676129861, "i": 8}}, "signature": {"hash": {"$binary": {"base64": "4RPZjTPb7KN5cT+LfDeqI2rL1+c=", "subType": "00"}}, "keyId": 7161871216054108163}}, "lsid": {"id": {"$binary": {"base64": "nZRz+A95RCyuTZsKjCM1Eg==", "subType": "04"}}}, "deletes": [{"q": {"_id": {"$oid": "63e7b64610e6fb6e4c08aacc"}}, "limit": 1}]}' with request id 143 to database practica03mongoIvanLoli on connection [connectionId{localValue:7, serverValue:282387}] to server ac-o2suyf6-shard-00-02.7qtbnuz.mongodb.net:27017
16:37:42.809 [async-channel-group-0-handler-executor] DEBUG org.mongodb.driver.protocol.command - Execution of command with request id 143 completed successfully in 35.73 ms on connection [connectionId{localValue:7, serverValue:282387}] to server ac-o2suyf6-shard-00-02.7qtbnuz.mongodb.net:27017
16:37:42.818 [AsyncGetter-5-thread-1] DEBUG org.mongodb.driver.protocol.command - Sending command '{"drop": "tarea", "$db": "practica03mongoIvanLoli", "$clusterTime": {"clusterTime": {"$timestamp": {"t": 1676129861, "i": 8}}, "signature": {"hash": {"$binary": {"base64": "4RPZjTPb7KN5cT+LfDeqI2rL1+c=", "subType": "00"}}, "keyId": 7161871216054108163}}, "lsid": {"id": {"$binary": {"base64": "nZRz+A95RCyuTZsKjCM1Eg==", "subType": "04"}}}}' with request id 144 to database practica03mongoIvanLoli on connection [connectionId{localValue:7, serverValue:282387}] to server ac-o2suyf6-shard-00-02.7qtbnuz.mongodb.net:27017
16:37:42.870 [async-channel-group-0-handler-executor] DEBUG org.mongodb.driver.protocol.command - Execution of command with request id 144 completed successfully in 53.34 ms on connection [connectionId{localValue:7, serverValue:282387}] to server ac-o2suyf6-shard-00-02.7qtbnuz.mongodb.net:27017
]]></system-out>
  <system-err><![CDATA[]]></system-err>
</testsuite>
