<?xml version="1.0" encoding="UTF-8"?>
<testsuite name="koin.repositories.tarea.TareaRepositoryCachedTest" tests="8" skipped="0" failures="0" errors="0" timestamp="2023-02-11T15:37:40" hostname="LOLI-LAPTOP" time="1.042">
  <properties/>
  <testcase name="setFinalizada()" classname="koin.repositories.tarea.TareaRepositoryCachedTest" time="0.026"/>
  <testcase name="delete()" classname="koin.repositories.tarea.TareaRepositoryCachedTest" time="0.023"/>
  <testcase name="findAll()" classname="koin.repositories.tarea.TareaRepositoryCachedTest" time="0.631"/>
  <testcase name="findById()" classname="koin.repositories.tarea.TareaRepositoryCachedTest" time="0.009"/>
  <testcase name="findByUUID()" classname="koin.repositories.tarea.TareaRepositoryCachedTest" time="0.01"/>
  <testcase name="save()" classname="koin.repositories.tarea.TareaRepositoryCachedTest" time="0.329"/>
  <testcase name="findByUUIDNotExists()" classname="koin.repositories.tarea.TareaRepositoryCachedTest" time="0.007"/>
  <testcase name="findByIdNotExists()" classname="koin.repositories.tarea.TareaRepositoryCachedTest" time="0.005"/>
  <system-out><![CDATA[16:37:40.559 [Test worker] DEBUG koin.services.cache.tarea.TareaCache - Initializing TareaCache...
16:37:40.567 [Test worker] DEBUG io.mockk.impl.instantiation.AbstractMockFactory - Creating spyk for TareaCache name=cache#705
16:37:40.635 [Test worker] DEBUG io.mockk.impl.instantiation.AbstractMockFactory - Creating mockk for TareaRepository name=repo#706
16:37:40.718 [DefaultDispatcher-worker-1 @coroutine#885] DEBUG io.mockk.impl.recording.states.AnsweringState - Answering 60000 on TareaCache(cache#705).getRefreshTime()
16:37:40.726 [Test worker @coroutine#886] DEBUG io.mockk.impl.instantiation.AbstractMockFactory - Creating mockk for Tarea name=child of repo#706#707
16:37:40.732 [DefaultDispatcher-worker-1] DEBUG io.mockk.impl.recording.states.AnsweringState - Answering Tarea(id=63e7b64410e6fb6e4c08aa00, uuid=93a98d69-0013-48a7-b34f-05b596ea83cc, raquetaId=93a98d69-0001-48a7-b34f-05b596ea83ba, precio=0.0, tipo=ADQUISICION, finalizada=false, pedidoId=93a98d69-0010-48a7-b34f-05b596ea8acc, productoAdquiridoId=93a98d69-0004-48a7-b34f-05b596ea83aa, peso=null, balance=null, rigidez=null, tensionHorizontal=null, cordajeHorizontalId=null, tensionVertical=null, cordajeVerticalId=null, dosNudos=null) on TareaRepository(repo#706).setFinalizada(63e7b64410e6fb6e4c08aa00, continuation {})
16:37:40.746 [Test worker @coroutine#892] DEBUG io.mockk.impl.instantiation.AbstractMockFactory - Creating mockk for Tarea name=child of repo#706#708
16:37:40.750 [Test worker @coroutine#892] DEBUG io.mockk.impl.instantiation.AbstractMockFactory - Creating mockk for Tarea name=child of repo#706#709
16:37:40.753 [DefaultDispatcher-worker-1] DEBUG io.mockk.impl.recording.states.AnsweringState - Answering Tarea(id=63e7b64410e6fb6e4c08aa00, uuid=93a98d69-0013-48a7-b34f-05b596ea83cc, raquetaId=93a98d69-0001-48a7-b34f-05b596ea83ba, precio=0.0, tipo=ADQUISICION, finalizada=false, pedidoId=93a98d69-0010-48a7-b34f-05b596ea8acc, productoAdquiridoId=93a98d69-0004-48a7-b34f-05b596ea83aa, peso=null, balance=null, rigidez=null, tensionHorizontal=null, cordajeHorizontalId=null, tensionVertical=null, cordajeVerticalId=null, dosNudos=null) on TareaRepository(repo#706).delete(63e7b64410e6fb6e4c08aa00, continuation {})
16:37:40.756 [DefaultDispatcher-worker-1] DEBUG io.mockk.impl.recording.states.AnsweringState - Answering io.github.reactivecircus.cache4k.RealCache@4c0db084 on TareaCache(cache#705).getCache()
16:37:40.769 [Test worker @coroutine#900] DEBUG io.mockk.impl.instantiation.AbstractMockFactory - Creating mockk for Flow name=child of repo#706#710
16:37:40.772 [DefaultDispatcher-worker-1] DEBUG io.mockk.impl.recording.states.AnsweringState - Answering kotlinx.coroutines.flow.FlowKt__BuildersKt$flowOf$$inlined$unsafeFlow$2@60a747e on TareaRepository(repo#706).findAll(continuation {})
16:37:41.399 [Test worker @coroutine#922] DEBUG io.mockk.impl.instantiation.AbstractMockFactory - Creating mockk for Tarea name=child of repo#706#711
16:37:41.401 [DefaultDispatcher-worker-2] DEBUG io.mockk.impl.recording.states.AnsweringState - Answering Tarea(id=63e7b64410e6fb6e4c08aa00, uuid=93a98d69-0013-48a7-b34f-05b596ea83cc, raquetaId=93a98d69-0001-48a7-b34f-05b596ea83ba, precio=0.0, tipo=ADQUISICION, finalizada=false, pedidoId=93a98d69-0010-48a7-b34f-05b596ea8acc, productoAdquiridoId=93a98d69-0004-48a7-b34f-05b596ea83aa, peso=null, balance=null, rigidez=null, tensionHorizontal=null, cordajeHorizontalId=null, tensionVertical=null, cordajeVerticalId=null, dosNudos=null) on TareaRepository(repo#706).findById(63e7b64410e6fb6e4c08aa00, continuation {})
16:37:41.407 [Test worker @coroutine#928] DEBUG io.mockk.impl.instantiation.AbstractMockFactory - Creating mockk for Tarea name=child of repo#706#712
16:37:41.409 [DefaultDispatcher-worker-2] DEBUG io.mockk.impl.recording.states.AnsweringState - Answering io.github.reactivecircus.cache4k.RealCache@4c0db084 on TareaCache(cache#705).getCache()
16:37:41.410 [DefaultDispatcher-worker-2] DEBUG io.mockk.impl.recording.states.AnsweringState - Answering Tarea(id=63e7b64410e6fb6e4c08aa00, uuid=93a98d69-0013-48a7-b34f-05b596ea83cc, raquetaId=93a98d69-0001-48a7-b34f-05b596ea83ba, precio=0.0, tipo=ADQUISICION, finalizada=false, pedidoId=93a98d69-0010-48a7-b34f-05b596ea8acc, productoAdquiridoId=93a98d69-0004-48a7-b34f-05b596ea83aa, peso=null, balance=null, rigidez=null, tensionHorizontal=null, cordajeHorizontalId=null, tensionVertical=null, cordajeVerticalId=null, dosNudos=null) on TareaRepository(repo#706).findByUUID(93a98d69-0013-48a7-b34f-05b596ea83cc, continuation {})
16:37:41.414 [Test worker @background work runner#931] DEBUG io.mockk.impl.instantiation.AbstractMockFactory - Creating mockk for Tarea name=child of repo#706#713
16:37:41.419 [Test worker @coroutine#934] DEBUG io.mockk.impl.instantiation.AbstractMockFactory - Creating mockk for Tarea name=child of repo#706#714
16:37:41.421 [DefaultDispatcher-worker-2] DEBUG io.mockk.impl.recording.states.AnsweringState - Answering Tarea(id=63e7b64410e6fb6e4c08aa00, uuid=93a98d69-0013-48a7-b34f-05b596ea83cc, raquetaId=93a98d69-0001-48a7-b34f-05b596ea83ba, precio=0.0, tipo=ADQUISICION, finalizada=false, pedidoId=93a98d69-0010-48a7-b34f-05b596ea8acc, productoAdquiridoId=93a98d69-0004-48a7-b34f-05b596ea83aa, peso=null, balance=null, rigidez=null, tensionHorizontal=null, cordajeHorizontalId=null, tensionVertical=null, cordajeVerticalId=null, dosNudos=null) on TareaRepository(repo#706).save(Tarea(id=63e7b64410e6fb6e4c08aa00, uuid=93a98d69-0013-48a7-b34f-05b596ea83cc, raquetaId=93a98d69-0001-48a7-b34f-05b596ea83ba, precio=0.0, tipo=ADQUISICION, finalizada=false, pedidoId=93a98d69-0010-48a7-b34f-05b596ea8acc, productoAdquiridoId=93a98d69-0004-48a7-b34f-05b596ea83aa, peso=null, balance=null, rigidez=null, tensionHorizontal=null, cordajeHorizontalId=null, tensionVertical=null, cordajeVerticalId=null, dosNudos=null), continuation {})
16:37:41.748 [DefaultDispatcher-worker-12] DEBUG io.mockk.impl.recording.states.AnsweringState - Answering io.github.reactivecircus.cache4k.RealCache@4c0db084 on TareaCache(cache#705).getCache()
16:37:41.748 [DefaultDispatcher-worker-12] DEBUG io.mockk.impl.recording.states.AnsweringState - Answering null on TareaRepository(repo#706).findByUUID(06d2bda4-fd75-4922-8d55-3c2026c60b11, continuation {})
16:37:41.754 [DefaultDispatcher-worker-12] DEBUG io.mockk.impl.recording.states.AnsweringState - Answering null on TareaRepository(repo#706).findById(63e7b64510e6fb6e4c08aac9, continuation {})
]]></system-out>
  <system-err><![CDATA[]]></system-err>
</testsuite>
