<?xml version="1.0" encoding="UTF-8"?>
<testsuite name="koin.repositories.maquina.MaquinaRepositoryTest" tests="8" skipped="0" failures="0" errors="0" timestamp="2023-02-11T15:37:36" hostname="LOLI-LAPTOP" time="1.1">
  <properties/>
  <testcase name="delete()" classname="koin.repositories.maquina.MaquinaRepositoryTest" time="0.353"/>
  <testcase name="findAll()" classname="koin.repositories.maquina.MaquinaRepositoryTest" time="0.101"/>
  <testcase name="findById()" classname="koin.repositories.maquina.MaquinaRepositoryTest" time="0.098"/>
  <testcase name="findByUuid()" classname="koin.repositories.maquina.MaquinaRepositoryTest" time="0.084"/>
  <testcase name="save()" classname="koin.repositories.maquina.MaquinaRepositoryTest" time="0.09"/>
  <testcase name="findByIdNotExists()" classname="koin.repositories.maquina.MaquinaRepositoryTest" time="0.087"/>
  <testcase name="deleteNotExists()" classname="koin.repositories.maquina.MaquinaRepositoryTest" time="0.151"/>
  <testcase name="setInactive()" classname="koin.repositories.maquina.MaquinaRepositoryTest" time="0.133"/>
  <system-out><![CDATA[16:37:36.734 [AsyncGetter-5-thread-1] DEBUG org.mongodb.driver.protocol.command - Sending command '{"drop": "maquina", "$db": "practica03mongoIvanLoli", "$clusterTime": {"clusterTime": {"$timestamp": {"t": 1676129854, "i": 5}}, "signature": {"hash": {"$binary": {"base64": "/oNHp9W5LaR5WkHK2yMeF/4klNE=", "subType": "00"}}, "keyId": 7161871216054108163}}, "lsid": {"id": {"$binary": {"base64": "nZRz+A95RCyuTZsKjCM1Eg==", "subType": "04"}}}}' with request id 61 to database practica03mongoIvanLoli on connection [connectionId{localValue:7, serverValue:282387}] to server ac-o2suyf6-shard-00-02.7qtbnuz.mongodb.net:27017
16:37:36.803 [async-channel-group-0-handler-executor] DEBUG org.mongodb.driver.protocol.command - Execution of command with request id 61 completed successfully in 68.51 ms on connection [connectionId{localValue:7, serverValue:282387}] to server ac-o2suyf6-shard-00-02.7qtbnuz.mongodb.net:27017
16:37:36.958 [AsyncGetter-5-thread-1] DEBUG org.mongodb.driver.protocol.command - Sending command '{"update": "maquina", "ordered": true, "txnNumber": 1, "$db": "practica03mongoIvanLoli", "$clusterTime": {"clusterTime": {"$timestamp": {"t": 1676129855, "i": 6}}, "signature": {"hash": {"$binary": {"base64": "I0A0Wt0gu4BdjExxVpRn7udUgJo=", "subType": "00"}}, "keyId": 7161871216054108163}}, "lsid": {"id": {"$binary": {"base64": "nZRz+A95RCyuTZsKjCM1Eg==", "subType": "04"}}}, "updates": [{"q": {"_id": {"$oid": "63e7b64010e6fb6e4c08a9f3"}}, "u": {"_id": {"$oid": "63e7b64010e6fb6e4c08a9f3"}, "uuid": {"$binary": {"base64": "p0imbWmNqZO8g+qWtQVPsw==", "subType": "03"}}, "modelo": "RTX-3080TI", "marca": "Nvidia", "fechaAdquisicion": {"$date": "2022-11-10T00:00:00Z"}, "numeroSerie": "123456789X", "tipo": "PERSONALIZADORA", "activa": true, "isManual": null, "maxTension": null, "minTension": null, "measuresManeuverability": true, "measuresRigidity": false, "measuresBalance": true}, "upsert": true}]}' with request id 62 to database practica03mongoIvanLoli on connection [connectionId{localValue:7, serverValue:282387}] to server ac-o2suyf6-shard-00-02.7qtbnuz.mongodb.net:27017
16:37:37.036 [async-channel-group-0-handler-executor] DEBUG org.mongodb.driver.protocol.command - Execution of command with request id 62 completed successfully in 81.31 ms on connection [connectionId{localValue:7, serverValue:282387}] to server ac-o2suyf6-shard-00-02.7qtbnuz.mongodb.net:27017
16:37:37.059 [DefaultDispatcher-worker-1 @coroutine#663] DEBUG koin.repositories.maquina.MaquinaRepository - delete(63e7b64010e6fb6e4c08a9f3)
16:37:37.064 [AsyncGetter-5-thread-1] DEBUG org.mongodb.driver.protocol.command - Sending command '{"find": "maquina", "filter": {"_id": {"$oid": "63e7b64010e6fb6e4c08a9f3"}}, "limit": 1, "singleBatch": true, "$db": "practica03mongoIvanLoli", "$clusterTime": {"clusterTime": {"$timestamp": {"t": 1676129856, "i": 4}}, "signature": {"hash": {"$binary": {"base64": "6x7ozFhoS7qxHPMfqzKX0nUhxFc=", "subType": "00"}}, "keyId": 7161871216054108163}}, "lsid": {"id": {"$binary": {"base64": "nZRz+A95RCyuTZsKjCM1Eg==", "subType": "04"}}}}' with request id 63 to database practica03mongoIvanLoli on connection [connectionId{localValue:7, serverValue:282387}] to server ac-o2suyf6-shard-00-02.7qtbnuz.mongodb.net:27017
16:37:37.100 [async-channel-group-0-handler-executor] DEBUG org.mongodb.driver.protocol.command - Execution of command with request id 63 completed successfully in 37.04 ms on connection [connectionId{localValue:7, serverValue:282387}] to server ac-o2suyf6-shard-00-02.7qtbnuz.mongodb.net:27017
16:37:37.102 [async-channel-group-0-handler-executor] DEBUG org.mongodb.driver.operation - Received batch of 1 documents with cursorId 0 from server ac-o2suyf6-shard-00-02.7qtbnuz.mongodb.net:27017
16:37:37.113 [AsyncGetter-5-thread-1] DEBUG org.mongodb.driver.protocol.command - Sending command '{"delete": "maquina", "ordered": true, "txnNumber": 2, "$db": "practica03mongoIvanLoli", "$clusterTime": {"clusterTime": {"$timestamp": {"t": 1676129856, "i": 4}}, "signature": {"hash": {"$binary": {"base64": "6x7ozFhoS7qxHPMfqzKX0nUhxFc=", "subType": "00"}}, "keyId": 7161871216054108163}}, "lsid": {"id": {"$binary": {"base64": "nZRz+A95RCyuTZsKjCM1Eg==", "subType": "04"}}}, "deletes": [{"q": {"_id": {"$oid": "63e7b64010e6fb6e4c08a9f3"}}, "limit": 1}]}' with request id 64 to database practica03mongoIvanLoli on connection [connectionId{localValue:7, serverValue:282387}] to server ac-o2suyf6-shard-00-02.7qtbnuz.mongodb.net:27017
16:37:37.153 [async-channel-group-0-handler-executor] DEBUG org.mongodb.driver.protocol.command - Execution of command with request id 64 completed successfully in 39.88 ms on connection [connectionId{localValue:7, serverValue:282387}] to server ac-o2suyf6-shard-00-02.7qtbnuz.mongodb.net:27017
16:37:37.160 [AsyncGetter-5-thread-1] DEBUG org.mongodb.driver.protocol.command - Sending command '{"update": "maquina", "ordered": true, "txnNumber": 3, "$db": "practica03mongoIvanLoli", "$clusterTime": {"clusterTime": {"$timestamp": {"t": 1676129856, "i": 6}}, "signature": {"hash": {"$binary": {"base64": "6x7ozFhoS7qxHPMfqzKX0nUhxFc=", "subType": "00"}}, "keyId": 7161871216054108163}}, "lsid": {"id": {"$binary": {"base64": "nZRz+A95RCyuTZsKjCM1Eg==", "subType": "04"}}}, "updates": [{"q": {"_id": {"$oid": "63e7b64010e6fb6e4c08a9f3"}}, "u": {"_id": {"$oid": "63e7b64010e6fb6e4c08a9f3"}, "uuid": {"$binary": {"base64": "p0imbWmNqZO8g+qWtQVPsw==", "subType": "03"}}, "modelo": "RTX-3080TI", "marca": "Nvidia", "fechaAdquisicion": {"$date": "2022-11-10T00:00:00Z"}, "numeroSerie": "123456789X", "tipo": "PERSONALIZADORA", "activa": true, "isManual": null, "maxTension": null, "minTension": null, "measuresManeuverability": true, "measuresRigidity": false, "measuresBalance": true}, "upsert": true}]}' with request id 65 to database practica03mongoIvanLoli on connection [connectionId{localValue:7, serverValue:282387}] to server ac-o2suyf6-shard-00-02.7qtbnuz.mongodb.net:27017
16:37:37.200 [async-channel-group-0-handler-executor] DEBUG org.mongodb.driver.protocol.command - Execution of command with request id 65 completed successfully in 40.63 ms on connection [connectionId{localValue:7, serverValue:282387}] to server ac-o2suyf6-shard-00-02.7qtbnuz.mongodb.net:27017
16:37:37.211 [DefaultDispatcher-worker-1 @coroutine#668] DEBUG koin.repositories.maquina.MaquinaRepository - findAll()
16:37:37.214 [AsyncGetter-5-thread-1] DEBUG org.mongodb.driver.protocol.command - Sending command '{"find": "maquina", "filter": {}, "batchSize": 64, "$db": "practica03mongoIvanLoli", "$clusterTime": {"clusterTime": {"$timestamp": {"t": 1676129856, "i": 7}}, "signature": {"hash": {"$binary": {"base64": "6x7ozFhoS7qxHPMfqzKX0nUhxFc=", "subType": "00"}}, "keyId": 7161871216054108163}}, "lsid": {"id": {"$binary": {"base64": "nZRz+A95RCyuTZsKjCM1Eg==", "subType": "04"}}}}' with request id 66 to database practica03mongoIvanLoli on connection [connectionId{localValue:7, serverValue:282387}] to server ac-o2suyf6-shard-00-02.7qtbnuz.mongodb.net:27017
16:37:37.249 [async-channel-group-0-handler-executor] DEBUG org.mongodb.driver.protocol.command - Execution of command with request id 66 completed successfully in 36.54 ms on connection [connectionId{localValue:7, serverValue:282387}] to server ac-o2suyf6-shard-00-02.7qtbnuz.mongodb.net:27017
16:37:37.250 [async-channel-group-0-handler-executor] DEBUG org.mongodb.driver.operation - Received batch of 1 documents with cursorId 0 from server ac-o2suyf6-shard-00-02.7qtbnuz.mongodb.net:27017
16:37:37.265 [AsyncGetter-5-thread-1] DEBUG org.mongodb.driver.protocol.command - Sending command '{"update": "maquina", "ordered": true, "txnNumber": 4, "$db": "practica03mongoIvanLoli", "$clusterTime": {"clusterTime": {"$timestamp": {"t": 1676129856, "i": 7}}, "signature": {"hash": {"$binary": {"base64": "6x7ozFhoS7qxHPMfqzKX0nUhxFc=", "subType": "00"}}, "keyId": 7161871216054108163}}, "lsid": {"id": {"$binary": {"base64": "nZRz+A95RCyuTZsKjCM1Eg==", "subType": "04"}}}, "updates": [{"q": {"_id": {"$oid": "63e7b64010e6fb6e4c08a9f3"}}, "u": {"_id": {"$oid": "63e7b64010e6fb6e4c08a9f3"}, "uuid": {"$binary": {"base64": "p0imbWmNqZO8g+qWtQVPsw==", "subType": "03"}}, "modelo": "RTX-3080TI", "marca": "Nvidia", "fechaAdquisicion": {"$date": "2022-11-10T00:00:00Z"}, "numeroSerie": "123456789X", "tipo": "PERSONALIZADORA", "activa": true, "isManual": null, "maxTension": null, "minTension": null, "measuresManeuverability": true, "measuresRigidity": false, "measuresBalance": true}, "upsert": true}]}' with request id 67 to database practica03mongoIvanLoli on connection [connectionId{localValue:7, serverValue:282387}] to server ac-o2suyf6-shard-00-02.7qtbnuz.mongodb.net:27017
16:37:37.305 [async-channel-group-0-handler-executor] DEBUG org.mongodb.driver.protocol.command - Execution of command with request id 67 completed successfully in 41.02 ms on connection [connectionId{localValue:7, serverValue:282387}] to server ac-o2suyf6-shard-00-02.7qtbnuz.mongodb.net:27017
16:37:37.313 [DefaultDispatcher-worker-1 @coroutine#674] DEBUG koin.repositories.maquina.MaquinaRepository - findById(63e7b64010e6fb6e4c08a9f3)
16:37:37.319 [AsyncGetter-5-thread-1] DEBUG org.mongodb.driver.protocol.command - Sending command '{"find": "maquina", "filter": {"_id": {"$oid": "63e7b64010e6fb6e4c08a9f3"}}, "limit": 1, "singleBatch": true, "$db": "practica03mongoIvanLoli", "$clusterTime": {"clusterTime": {"$timestamp": {"t": 1676129856, "i": 9}}, "signature": {"hash": {"$binary": {"base64": "6x7ozFhoS7qxHPMfqzKX0nUhxFc=", "subType": "00"}}, "keyId": 7161871216054108163}}, "lsid": {"id": {"$binary": {"base64": "nZRz+A95RCyuTZsKjCM1Eg==", "subType": "04"}}}}' with request id 68 to database practica03mongoIvanLoli on connection [connectionId{localValue:7, serverValue:282387}] to server ac-o2suyf6-shard-00-02.7qtbnuz.mongodb.net:27017
16:37:37.355 [async-channel-group-0-handler-executor] DEBUG org.mongodb.driver.protocol.command - Execution of command with request id 68 completed successfully in 37.99 ms on connection [connectionId{localValue:7, serverValue:282387}] to server ac-o2suyf6-shard-00-02.7qtbnuz.mongodb.net:27017
16:37:37.356 [async-channel-group-0-handler-executor] DEBUG org.mongodb.driver.operation - Received batch of 1 documents with cursorId 0 from server ac-o2suyf6-shard-00-02.7qtbnuz.mongodb.net:27017
16:37:37.360 [AsyncGetter-5-thread-1] DEBUG org.mongodb.driver.protocol.command - Sending command '{"update": "maquina", "ordered": true, "txnNumber": 5, "$db": "practica03mongoIvanLoli", "$clusterTime": {"clusterTime": {"$timestamp": {"t": 1676129856, "i": 9}}, "signature": {"hash": {"$binary": {"base64": "6x7ozFhoS7qxHPMfqzKX0nUhxFc=", "subType": "00"}}, "keyId": 7161871216054108163}}, "lsid": {"id": {"$binary": {"base64": "nZRz+A95RCyuTZsKjCM1Eg==", "subType": "04"}}}, "updates": [{"q": {"_id": {"$oid": "63e7b64010e6fb6e4c08a9f3"}}, "u": {"_id": {"$oid": "63e7b64010e6fb6e4c08a9f3"}, "uuid": {"$binary": {"base64": "p0imbWmNqZO8g+qWtQVPsw==", "subType": "03"}}, "modelo": "RTX-3080TI", "marca": "Nvidia", "fechaAdquisicion": {"$date": "2022-11-10T00:00:00Z"}, "numeroSerie": "123456789X", "tipo": "PERSONALIZADORA", "activa": true, "isManual": null, "maxTension": null, "minTension": null, "measuresManeuverability": true, "measuresRigidity": false, "measuresBalance": true}, "upsert": true}]}' with request id 69 to database practica03mongoIvanLoli on connection [connectionId{localValue:7, serverValue:282387}] to server ac-o2suyf6-shard-00-02.7qtbnuz.mongodb.net:27017
16:37:37.396 [async-channel-group-0-handler-executor] DEBUG org.mongodb.driver.protocol.command - Execution of command with request id 69 completed successfully in 35.71 ms on connection [connectionId{localValue:7, serverValue:282387}] to server ac-o2suyf6-shard-00-02.7qtbnuz.mongodb.net:27017
16:37:37.401 [DefaultDispatcher-worker-1 @coroutine#679] DEBUG koin.repositories.maquina.MaquinaRepository - findByUUID(93a98d69-6da6-48a7-b34f-05b596ea83bc)
16:37:37.403 [AsyncGetter-5-thread-1] DEBUG org.mongodb.driver.protocol.command - Sending command '{"find": "maquina", "filter": {}, "batchSize": 64, "$db": "practica03mongoIvanLoli", "$clusterTime": {"clusterTime": {"$timestamp": {"t": 1676129856, "i": 9}}, "signature": {"hash": {"$binary": {"base64": "6x7ozFhoS7qxHPMfqzKX0nUhxFc=", "subType": "00"}}, "keyId": 7161871216054108163}}, "lsid": {"id": {"$binary": {"base64": "nZRz+A95RCyuTZsKjCM1Eg==", "subType": "04"}}}}' with request id 70 to database practica03mongoIvanLoli on connection [connectionId{localValue:7, serverValue:282387}] to server ac-o2suyf6-shard-00-02.7qtbnuz.mongodb.net:27017
16:37:37.437 [async-channel-group-0-handler-executor] DEBUG org.mongodb.driver.protocol.command - Execution of command with request id 70 completed successfully in 35.32 ms on connection [connectionId{localValue:7, serverValue:282387}] to server ac-o2suyf6-shard-00-02.7qtbnuz.mongodb.net:27017
16:37:37.438 [async-channel-group-0-handler-executor] DEBUG org.mongodb.driver.operation - Received batch of 1 documents with cursorId 0 from server ac-o2suyf6-shard-00-02.7qtbnuz.mongodb.net:27017
16:37:37.444 [AsyncGetter-5-thread-1] DEBUG org.mongodb.driver.protocol.command - Sending command '{"update": "maquina", "ordered": true, "txnNumber": 6, "$db": "practica03mongoIvanLoli", "$clusterTime": {"clusterTime": {"$timestamp": {"t": 1676129856, "i": 9}}, "signature": {"hash": {"$binary": {"base64": "6x7ozFhoS7qxHPMfqzKX0nUhxFc=", "subType": "00"}}, "keyId": 7161871216054108163}}, "lsid": {"id": {"$binary": {"base64": "nZRz+A95RCyuTZsKjCM1Eg==", "subType": "04"}}}, "updates": [{"q": {"_id": {"$oid": "63e7b64010e6fb6e4c08a9f3"}}, "u": {"_id": {"$oid": "63e7b64010e6fb6e4c08a9f3"}, "uuid": {"$binary": {"base64": "p0imbWmNqZO8g+qWtQVPsw==", "subType": "03"}}, "modelo": "RTX-3080TI", "marca": "Nvidia", "fechaAdquisicion": {"$date": "2022-11-10T00:00:00Z"}, "numeroSerie": "123456789X", "tipo": "PERSONALIZADORA", "activa": true, "isManual": null, "maxTension": null, "minTension": null, "measuresManeuverability": true, "measuresRigidity": false, "measuresBalance": true}, "upsert": true}]}' with request id 71 to database practica03mongoIvanLoli on connection [connectionId{localValue:7, serverValue:282387}] to server ac-o2suyf6-shard-00-02.7qtbnuz.mongodb.net:27017
16:37:37.482 [async-channel-group-0-handler-executor] DEBUG org.mongodb.driver.protocol.command - Execution of command with request id 71 completed successfully in 38.41 ms on connection [connectionId{localValue:7, serverValue:282387}] to server ac-o2suyf6-shard-00-02.7qtbnuz.mongodb.net:27017
16:37:37.489 [DefaultDispatcher-worker-1 @coroutine#684] DEBUG koin.repositories.maquina.MaquinaRepository - save(Maquina(id=63e7b64010e6fb6e4c08a9f3, uuid=93a98d69-6da6-48a7-b34f-05b596ea83bc, modelo=RTX-3080TI, marca=Nvidia, fechaAdquisicion=2022-11-10, numeroSerie=123456789X, tipo=PERSONALIZADORA, activa=true, isManual=null, maxTension=null, minTension=null, measuresManeuverability=true, measuresRigidity=false, measuresBalance=true))
16:37:37.491 [AsyncGetter-5-thread-1] DEBUG org.mongodb.driver.protocol.command - Sending command '{"update": "maquina", "ordered": true, "txnNumber": 7, "$db": "practica03mongoIvanLoli", "$clusterTime": {"clusterTime": {"$timestamp": {"t": 1676129856, "i": 10}}, "signature": {"hash": {"$binary": {"base64": "6x7ozFhoS7qxHPMfqzKX0nUhxFc=", "subType": "00"}}, "keyId": 7161871216054108163}}, "lsid": {"id": {"$binary": {"base64": "nZRz+A95RCyuTZsKjCM1Eg==", "subType": "04"}}}, "updates": [{"q": {"_id": {"$oid": "63e7b64010e6fb6e4c08a9f3"}}, "u": {"_id": {"$oid": "63e7b64010e6fb6e4c08a9f3"}, "uuid": {"$binary": {"base64": "p0imbWmNqZO8g+qWtQVPsw==", "subType": "03"}}, "modelo": "RTX-3080TI", "marca": "Nvidia", "fechaAdquisicion": {"$date": "2022-11-10T00:00:00Z"}, "numeroSerie": "123456789X", "tipo": "PERSONALIZADORA", "activa": true, "isManual": null, "maxTension": null, "minTension": null, "measuresManeuverability": true, "measuresRigidity": false, "measuresBalance": true}, "upsert": true}]}' with request id 72 to database practica03mongoIvanLoli on connection [connectionId{localValue:7, serverValue:282387}] to server ac-o2suyf6-shard-00-02.7qtbnuz.mongodb.net:27017
16:37:37.528 [async-channel-group-0-handler-executor] DEBUG org.mongodb.driver.protocol.command - Execution of command with request id 72 completed successfully in 36.85 ms on connection [connectionId{localValue:7, serverValue:282387}] to server ac-o2suyf6-shard-00-02.7qtbnuz.mongodb.net:27017
16:37:37.536 [AsyncGetter-5-thread-1] DEBUG org.mongodb.driver.protocol.command - Sending command '{"update": "maquina", "ordered": true, "txnNumber": 8, "$db": "practica03mongoIvanLoli", "$clusterTime": {"clusterTime": {"$timestamp": {"t": 1676129856, "i": 10}}, "signature": {"hash": {"$binary": {"base64": "6x7ozFhoS7qxHPMfqzKX0nUhxFc=", "subType": "00"}}, "keyId": 7161871216054108163}}, "lsid": {"id": {"$binary": {"base64": "nZRz+A95RCyuTZsKjCM1Eg==", "subType": "04"}}}, "updates": [{"q": {"_id": {"$oid": "63e7b64010e6fb6e4c08a9f3"}}, "u": {"_id": {"$oid": "63e7b64010e6fb6e4c08a9f3"}, "uuid": {"$binary": {"base64": "p0imbWmNqZO8g+qWtQVPsw==", "subType": "03"}}, "modelo": "RTX-3080TI", "marca": "Nvidia", "fechaAdquisicion": {"$date": "2022-11-10T00:00:00Z"}, "numeroSerie": "123456789X", "tipo": "PERSONALIZADORA", "activa": true, "isManual": null, "maxTension": null, "minTension": null, "measuresManeuverability": true, "measuresRigidity": false, "measuresBalance": true}, "upsert": true}]}' with request id 73 to database practica03mongoIvanLoli on connection [connectionId{localValue:7, serverValue:282387}] to server ac-o2suyf6-shard-00-02.7qtbnuz.mongodb.net:27017
16:37:37.574 [async-channel-group-0-handler-executor] DEBUG org.mongodb.driver.protocol.command - Execution of command with request id 73 completed successfully in 38.64 ms on connection [connectionId{localValue:7, serverValue:282387}] to server ac-o2suyf6-shard-00-02.7qtbnuz.mongodb.net:27017
16:37:37.578 [DefaultDispatcher-worker-1 @coroutine#689] DEBUG koin.repositories.maquina.MaquinaRepository - findById(63e7b64110e6fb6e4c08a9f4)
16:37:37.581 [AsyncGetter-5-thread-1] DEBUG org.mongodb.driver.protocol.command - Sending command '{"find": "maquina", "filter": {"_id": {"$oid": "63e7b64110e6fb6e4c08a9f4"}}, "limit": 1, "singleBatch": true, "$db": "practica03mongoIvanLoli", "$clusterTime": {"clusterTime": {"$timestamp": {"t": 1676129856, "i": 10}}, "signature": {"hash": {"$binary": {"base64": "6x7ozFhoS7qxHPMfqzKX0nUhxFc=", "subType": "00"}}, "keyId": 7161871216054108163}}, "lsid": {"id": {"$binary": {"base64": "nZRz+A95RCyuTZsKjCM1Eg==", "subType": "04"}}}}' with request id 74 to database practica03mongoIvanLoli on connection [connectionId{localValue:7, serverValue:282387}] to server ac-o2suyf6-shard-00-02.7qtbnuz.mongodb.net:27017
16:37:37.618 [async-channel-group-0-handler-executor] DEBUG org.mongodb.driver.protocol.command - Execution of command with request id 74 completed successfully in 36.77 ms on connection [connectionId{localValue:7, serverValue:282387}] to server ac-o2suyf6-shard-00-02.7qtbnuz.mongodb.net:27017
16:37:37.618 [async-channel-group-0-handler-executor] DEBUG org.mongodb.driver.operation - Received batch of 0 documents with cursorId 0 from server ac-o2suyf6-shard-00-02.7qtbnuz.mongodb.net:27017
16:37:37.624 [AsyncGetter-5-thread-1] DEBUG org.mongodb.driver.protocol.command - Sending command '{"update": "maquina", "ordered": true, "txnNumber": 9, "$db": "practica03mongoIvanLoli", "$clusterTime": {"clusterTime": {"$timestamp": {"t": 1676129856, "i": 10}}, "signature": {"hash": {"$binary": {"base64": "6x7ozFhoS7qxHPMfqzKX0nUhxFc=", "subType": "00"}}, "keyId": 7161871216054108163}}, "lsid": {"id": {"$binary": {"base64": "nZRz+A95RCyuTZsKjCM1Eg==", "subType": "04"}}}, "updates": [{"q": {"_id": {"$oid": "63e7b64010e6fb6e4c08a9f3"}}, "u": {"_id": {"$oid": "63e7b64010e6fb6e4c08a9f3"}, "uuid": {"$binary": {"base64": "p0imbWmNqZO8g+qWtQVPsw==", "subType": "03"}}, "modelo": "RTX-3080TI", "marca": "Nvidia", "fechaAdquisicion": {"$date": "2022-11-10T00:00:00Z"}, "numeroSerie": "123456789X", "tipo": "PERSONALIZADORA", "activa": true, "isManual": null, "maxTension": null, "minTension": null, "measuresManeuverability": true, "measuresRigidity": false, "measuresBalance": true}, "upsert": true}]}' with request id 75 to database practica03mongoIvanLoli on connection [connectionId{localValue:7, serverValue:282387}] to server ac-o2suyf6-shard-00-02.7qtbnuz.mongodb.net:27017
16:37:37.661 [async-channel-group-0-handler-executor] DEBUG org.mongodb.driver.protocol.command - Execution of command with request id 75 completed successfully in 38.42 ms on connection [connectionId{localValue:7, serverValue:282387}] to server ac-o2suyf6-shard-00-02.7qtbnuz.mongodb.net:27017
16:37:37.666 [DefaultDispatcher-worker-2 @coroutine#694] DEBUG koin.repositories.maquina.MaquinaRepository - delete(63e7b64110e6fb6e4c08a9f5)
16:37:37.669 [AsyncGetter-5-thread-1] DEBUG org.mongodb.driver.protocol.command - Sending command '{"find": "maquina", "filter": {"_id": {"$oid": "63e7b64110e6fb6e4c08a9f5"}}, "limit": 1, "singleBatch": true, "$db": "practica03mongoIvanLoli", "$clusterTime": {"clusterTime": {"$timestamp": {"t": 1676129856, "i": 10}}, "signature": {"hash": {"$binary": {"base64": "6x7ozFhoS7qxHPMfqzKX0nUhxFc=", "subType": "00"}}, "keyId": 7161871216054108163}}, "lsid": {"id": {"$binary": {"base64": "nZRz+A95RCyuTZsKjCM1Eg==", "subType": "04"}}}}' with request id 76 to database practica03mongoIvanLoli on connection [connectionId{localValue:7, serverValue:282387}] to server ac-o2suyf6-shard-00-02.7qtbnuz.mongodb.net:27017
16:37:37.703 [async-channel-group-0-handler-executor] DEBUG org.mongodb.driver.protocol.command - Execution of command with request id 76 completed successfully in 34.51 ms on connection [connectionId{localValue:7, serverValue:282387}] to server ac-o2suyf6-shard-00-02.7qtbnuz.mongodb.net:27017
16:37:37.704 [async-channel-group-0-handler-executor] DEBUG org.mongodb.driver.operation - Received batch of 0 documents with cursorId 0 from server ac-o2suyf6-shard-00-02.7qtbnuz.mongodb.net:27017
16:37:37.707 [AsyncGetter-5-thread-1] DEBUG org.mongodb.driver.protocol.command - Sending command '{"delete": "maquina", "ordered": true, "txnNumber": 10, "$db": "practica03mongoIvanLoli", "$clusterTime": {"clusterTime": {"$timestamp": {"t": 1676129856, "i": 10}}, "signature": {"hash": {"$binary": {"base64": "6x7ozFhoS7qxHPMfqzKX0nUhxFc=", "subType": "00"}}, "keyId": 7161871216054108163}}, "lsid": {"id": {"$binary": {"base64": "nZRz+A95RCyuTZsKjCM1Eg==", "subType": "04"}}}, "deletes": [{"q": {"_id": {"$oid": "63e7b64110e6fb6e4c08a9f5"}}, "limit": 1}]}' with request id 77 to database practica03mongoIvanLoli on connection [connectionId{localValue:7, serverValue:282387}] to server ac-o2suyf6-shard-00-02.7qtbnuz.mongodb.net:27017
16:37:37.768 [async-channel-group-0-handler-executor] DEBUG org.mongodb.driver.protocol.command - Execution of command with request id 77 completed successfully in 61.63 ms on connection [connectionId{localValue:7, serverValue:282387}] to server ac-o2suyf6-shard-00-02.7qtbnuz.mongodb.net:27017
16:37:37.774 [AsyncGetter-5-thread-1] DEBUG org.mongodb.driver.protocol.command - Sending command '{"update": "maquina", "ordered": true, "txnNumber": 11, "$db": "practica03mongoIvanLoli", "$clusterTime": {"clusterTime": {"$timestamp": {"t": 1676129856, "i": 10}}, "signature": {"hash": {"$binary": {"base64": "6x7ozFhoS7qxHPMfqzKX0nUhxFc=", "subType": "00"}}, "keyId": 7161871216054108163}}, "lsid": {"id": {"$binary": {"base64": "nZRz+A95RCyuTZsKjCM1Eg==", "subType": "04"}}}, "updates": [{"q": {"_id": {"$oid": "63e7b64010e6fb6e4c08a9f3"}}, "u": {"_id": {"$oid": "63e7b64010e6fb6e4c08a9f3"}, "uuid": {"$binary": {"base64": "p0imbWmNqZO8g+qWtQVPsw==", "subType": "03"}}, "modelo": "RTX-3080TI", "marca": "Nvidia", "fechaAdquisicion": {"$date": "2022-11-10T00:00:00Z"}, "numeroSerie": "123456789X", "tipo": "PERSONALIZADORA", "activa": true, "isManual": null, "maxTension": null, "minTension": null, "measuresManeuverability": true, "measuresRigidity": false, "measuresBalance": true}, "upsert": true}]}' with request id 78 to database practica03mongoIvanLoli on connection [connectionId{localValue:7, serverValue:282387}] to server ac-o2suyf6-shard-00-02.7qtbnuz.mongodb.net:27017
16:37:37.813 [async-channel-group-0-handler-executor] DEBUG org.mongodb.driver.protocol.command - Execution of command with request id 78 completed successfully in 39.17 ms on connection [connectionId{localValue:7, serverValue:282387}] to server ac-o2suyf6-shard-00-02.7qtbnuz.mongodb.net:27017
16:37:37.821 [DefaultDispatcher-worker-1 @coroutine#699] DEBUG koin.repositories.maquina.MaquinaRepository - setInactive(63e7b64010e6fb6e4c08a9f3)
16:37:37.823 [AsyncGetter-5-thread-1] DEBUG org.mongodb.driver.protocol.command - Sending command '{"find": "maquina", "filter": {"_id": {"$oid": "63e7b64010e6fb6e4c08a9f3"}}, "limit": 1, "singleBatch": true, "$db": "practica03mongoIvanLoli", "$clusterTime": {"clusterTime": {"$timestamp": {"t": 1676129856, "i": 10}}, "signature": {"hash": {"$binary": {"base64": "6x7ozFhoS7qxHPMfqzKX0nUhxFc=", "subType": "00"}}, "keyId": 7161871216054108163}}, "lsid": {"id": {"$binary": {"base64": "nZRz+A95RCyuTZsKjCM1Eg==", "subType": "04"}}}}' with request id 79 to database practica03mongoIvanLoli on connection [connectionId{localValue:7, serverValue:282387}] to server ac-o2suyf6-shard-00-02.7qtbnuz.mongodb.net:27017
16:37:37.857 [async-channel-group-0-handler-executor] DEBUG org.mongodb.driver.protocol.command - Execution of command with request id 79 completed successfully in 34.35 ms on connection [connectionId{localValue:7, serverValue:282387}] to server ac-o2suyf6-shard-00-02.7qtbnuz.mongodb.net:27017
16:37:37.858 [async-channel-group-0-handler-executor] DEBUG org.mongodb.driver.operation - Received batch of 1 documents with cursorId 0 from server ac-o2suyf6-shard-00-02.7qtbnuz.mongodb.net:27017
16:37:37.860 [AsyncGetter-5-thread-1] DEBUG org.mongodb.driver.protocol.command - Sending command '{"update": "maquina", "ordered": true, "txnNumber": 12, "$db": "practica03mongoIvanLoli", "$clusterTime": {"clusterTime": {"$timestamp": {"t": 1676129856, "i": 11}}, "signature": {"hash": {"$binary": {"base64": "6x7ozFhoS7qxHPMfqzKX0nUhxFc=", "subType": "00"}}, "keyId": 7161871216054108163}}, "lsid": {"id": {"$binary": {"base64": "nZRz+A95RCyuTZsKjCM1Eg==", "subType": "04"}}}, "updates": [{"q": {"_id": {"$oid": "63e7b64010e6fb6e4c08a9f3"}}, "u": {"_id": {"$oid": "63e7b64010e6fb6e4c08a9f3"}, "uuid": {"$binary": {"base64": "p0imbWmNqZO8g+qWtQVPsw==", "subType": "03"}}, "modelo": "RTX-3080TI", "marca": "Nvidia", "fechaAdquisicion": {"$date": "2022-11-10T00:00:00Z"}, "numeroSerie": "123456789X", "tipo": "PERSONALIZADORA", "activa": false, "isManual": null, "maxTension": null, "minTension": null, "measuresManeuverability": true, "measuresRigidity": false, "measuresBalance": true}, "upsert": true}]}' with request id 80 to database practica03mongoIvanLoli on connection [connectionId{localValue:7, serverValue:282387}] to server ac-o2suyf6-shard-00-02.7qtbnuz.mongodb.net:27017
16:37:37.900 [async-channel-group-0-handler-executor] DEBUG org.mongodb.driver.protocol.command - Execution of command with request id 80 completed successfully in 39.88 ms on connection [connectionId{localValue:7, serverValue:282387}] to server ac-o2suyf6-shard-00-02.7qtbnuz.mongodb.net:27017
16:37:37.908 [AsyncGetter-5-thread-1] DEBUG org.mongodb.driver.protocol.command - Sending command '{"drop": "maquina", "$db": "practica03mongoIvanLoli", "$clusterTime": {"clusterTime": {"$timestamp": {"t": 1676129856, "i": 12}}, "signature": {"hash": {"$binary": {"base64": "6x7ozFhoS7qxHPMfqzKX0nUhxFc=", "subType": "00"}}, "keyId": 7161871216054108163}}, "lsid": {"id": {"$binary": {"base64": "nZRz+A95RCyuTZsKjCM1Eg==", "subType": "04"}}}}' with request id 81 to database practica03mongoIvanLoli on connection [connectionId{localValue:7, serverValue:282387}] to server ac-o2suyf6-shard-00-02.7qtbnuz.mongodb.net:27017
16:37:37.953 [async-channel-group-0-handler-executor] DEBUG org.mongodb.driver.protocol.command - Execution of command with request id 81 completed successfully in 45.04 ms on connection [connectionId{localValue:7, serverValue:282387}] to server ac-o2suyf6-shard-00-02.7qtbnuz.mongodb.net:27017
]]></system-out>
  <system-err><![CDATA[]]></system-err>
</testsuite>
