<?xml version="1.0" encoding="UTF-8"?>
<testsuite name="koin.repositories.tarea.TareaRepositoryCachedTest" tests="8" skipped="0" failures="0" errors="0" timestamp="2023-02-01T20:50:32" hostname="LOLI-LAPTOP" time="1.107">
  <properties/>
  <testcase name="setFinalizada()" classname="koin.repositories.tarea.TareaRepositoryCachedTest" time="0.05"/>
  <testcase name="delete()" classname="koin.repositories.tarea.TareaRepositoryCachedTest" time="0.016"/>
  <testcase name="findAll()" classname="koin.repositories.tarea.TareaRepositoryCachedTest" time="0.63"/>
  <testcase name="findById()" classname="koin.repositories.tarea.TareaRepositoryCachedTest" time="0.011"/>
  <testcase name="findByUUID()" classname="koin.repositories.tarea.TareaRepositoryCachedTest" time="0.012"/>
  <testcase name="save()" classname="koin.repositories.tarea.TareaRepositoryCachedTest" time="0.371"/>
  <testcase name="findByUUIDNotExists()" classname="koin.repositories.tarea.TareaRepositoryCachedTest" time="0.007"/>
  <testcase name="findByIdNotExists()" classname="koin.repositories.tarea.TareaRepositoryCachedTest" time="0.008"/>
  <system-out><![CDATA[21:50:32.819 [Test worker] DEBUG koin.services.cache.tarea.TareaCache - Initializing TareaCache...
21:50:32.825 [Test worker] DEBUG io.mockk.impl.instantiation.AbstractMockFactory - Creating spyk for TareaCache name=cache#30
21:50:32.849 [Test worker] DEBUG io.mockk.impl.instantiation.AbstractMockFactory - Creating mockk for TareaRepository name=repo#31
21:50:32.886 [DefaultDispatcher-worker-1 @coroutine#320] DEBUG io.mockk.impl.recording.states.AnsweringState - Answering 60000 on TareaCache(cache#30).getRefreshTime()
21:50:32.928 [Test worker @coroutine#321] DEBUG io.mockk.impl.instantiation.AbstractMockFactory - Creating mockk for Tarea name=child of repo#31#32
21:50:32.930 [DefaultDispatcher-worker-1] DEBUG io.mockk.impl.recording.states.AnsweringState - Answering Tarea(id=63dad098922725009b7009c3, uuid=93a98d69-0013-48a7-b34f-05b596ea83cc, raquetaId=93a98d69-0001-48a7-b34f-05b596ea83ba, precio=0.0, tipo=ADQUISICION, finalizada=false, pedidoId=93a98d69-0010-48a7-b34f-05b596ea8acc, productoAdquiridoId=93a98d69-0004-48a7-b34f-05b596ea83aa, peso=null, balance=null, rigidez=null, tensionHorizontal=null, cordajeHorizontalId=null, tensionVertical=null, cordajeVerticalId=null, dosNudos=null) on TareaRepository(repo#31).setFinalizada(63dad098922725009b7009c3, continuation {})
21:50:32.938 [Test worker @coroutine#327] DEBUG io.mockk.impl.instantiation.AbstractMockFactory - Creating mockk for Tarea name=child of repo#31#33
21:50:32.941 [Test worker @coroutine#327] DEBUG io.mockk.impl.instantiation.AbstractMockFactory - Creating mockk for Tarea name=child of repo#31#34
21:50:32.943 [DefaultDispatcher-worker-1] DEBUG io.mockk.impl.recording.states.AnsweringState - Answering Tarea(id=63dad098922725009b7009c3, uuid=93a98d69-0013-48a7-b34f-05b596ea83cc, raquetaId=93a98d69-0001-48a7-b34f-05b596ea83ba, precio=0.0, tipo=ADQUISICION, finalizada=false, pedidoId=93a98d69-0010-48a7-b34f-05b596ea8acc, productoAdquiridoId=93a98d69-0004-48a7-b34f-05b596ea83aa, peso=null, balance=null, rigidez=null, tensionHorizontal=null, cordajeHorizontalId=null, tensionVertical=null, cordajeVerticalId=null, dosNudos=null) on TareaRepository(repo#31).delete(63dad098922725009b7009c3, continuation {})
21:50:32.945 [DefaultDispatcher-worker-1] DEBUG io.mockk.impl.recording.states.AnsweringState - Answering io.github.reactivecircus.cache4k.RealCache@14b00fe7 on TareaCache(cache#30).getCache()
21:50:32.955 [Test worker @coroutine#335] DEBUG io.mockk.impl.instantiation.AbstractMockFactory - Creating mockk for Flow name=child of repo#31#35
21:50:32.957 [DefaultDispatcher-worker-1] DEBUG io.mockk.impl.recording.states.AnsweringState - Answering kotlinx.coroutines.flow.FlowKt__BuildersKt$flowOf$$inlined$unsafeFlow$2@59b5ebf2 on TareaRepository(repo#31).findAll(continuation {})
21:50:33.585 [Test worker @coroutine#357] DEBUG io.mockk.impl.instantiation.AbstractMockFactory - Creating mockk for Tarea name=child of repo#31#36
21:50:33.587 [DefaultDispatcher-worker-10] DEBUG io.mockk.impl.recording.states.AnsweringState - Answering Tarea(id=63dad098922725009b7009c3, uuid=93a98d69-0013-48a7-b34f-05b596ea83cc, raquetaId=93a98d69-0001-48a7-b34f-05b596ea83ba, precio=0.0, tipo=ADQUISICION, finalizada=false, pedidoId=93a98d69-0010-48a7-b34f-05b596ea8acc, productoAdquiridoId=93a98d69-0004-48a7-b34f-05b596ea83aa, peso=null, balance=null, rigidez=null, tensionHorizontal=null, cordajeHorizontalId=null, tensionVertical=null, cordajeVerticalId=null, dosNudos=null) on TareaRepository(repo#31).findById(63dad098922725009b7009c3, continuation {})
21:50:33.595 [Test worker @coroutine#363] DEBUG io.mockk.impl.instantiation.AbstractMockFactory - Creating mockk for Tarea name=child of repo#31#37
21:50:33.597 [DefaultDispatcher-worker-10] DEBUG io.mockk.impl.recording.states.AnsweringState - Answering io.github.reactivecircus.cache4k.RealCache@14b00fe7 on TareaCache(cache#30).getCache()
21:50:33.598 [DefaultDispatcher-worker-10] DEBUG io.mockk.impl.recording.states.AnsweringState - Answering Tarea(id=63dad098922725009b7009c3, uuid=93a98d69-0013-48a7-b34f-05b596ea83cc, raquetaId=93a98d69-0001-48a7-b34f-05b596ea83ba, precio=0.0, tipo=ADQUISICION, finalizada=false, pedidoId=93a98d69-0010-48a7-b34f-05b596ea8acc, productoAdquiridoId=93a98d69-0004-48a7-b34f-05b596ea83aa, peso=null, balance=null, rigidez=null, tensionHorizontal=null, cordajeHorizontalId=null, tensionVertical=null, cordajeVerticalId=null, dosNudos=null) on TareaRepository(repo#31).findByUUID(93a98d69-0013-48a7-b34f-05b596ea83cc, continuation {})
21:50:33.603 [Test worker @background work runner#366] DEBUG io.mockk.impl.instantiation.AbstractMockFactory - Creating mockk for Tarea name=child of repo#31#38
21:50:33.609 [Test worker @coroutine#369] DEBUG io.mockk.impl.instantiation.AbstractMockFactory - Creating mockk for Tarea name=child of repo#31#39
21:50:33.611 [DefaultDispatcher-worker-10] DEBUG io.mockk.impl.recording.states.AnsweringState - Answering Tarea(id=63dad098922725009b7009c3, uuid=93a98d69-0013-48a7-b34f-05b596ea83cc, raquetaId=93a98d69-0001-48a7-b34f-05b596ea83ba, precio=0.0, tipo=ADQUISICION, finalizada=false, pedidoId=93a98d69-0010-48a7-b34f-05b596ea8acc, productoAdquiridoId=93a98d69-0004-48a7-b34f-05b596ea83aa, peso=null, balance=null, rigidez=null, tensionHorizontal=null, cordajeHorizontalId=null, tensionVertical=null, cordajeVerticalId=null, dosNudos=null) on TareaRepository(repo#31).save(Tarea(id=63dad098922725009b7009c3, uuid=93a98d69-0013-48a7-b34f-05b596ea83cc, raquetaId=93a98d69-0001-48a7-b34f-05b596ea83ba, precio=0.0, tipo=ADQUISICION, finalizada=false, pedidoId=93a98d69-0010-48a7-b34f-05b596ea8acc, productoAdquiridoId=93a98d69-0004-48a7-b34f-05b596ea83aa, peso=null, balance=null, rigidez=null, tensionHorizontal=null, cordajeHorizontalId=null, tensionVertical=null, cordajeVerticalId=null, dosNudos=null), continuation {})
21:50:33.979 [DefaultDispatcher-worker-4] DEBUG io.mockk.impl.recording.states.AnsweringState - Answering io.github.reactivecircus.cache4k.RealCache@14b00fe7 on TareaCache(cache#30).getCache()
21:50:33.980 [DefaultDispatcher-worker-4] DEBUG io.mockk.impl.recording.states.AnsweringState - Answering null on TareaRepository(repo#31).findByUUID(0d52d11c-f20d-4230-8147-8793e17f55a9, continuation {})
21:50:33.988 [DefaultDispatcher-worker-4] DEBUG io.mockk.impl.recording.states.AnsweringState - Answering null on TareaRepository(repo#31).findById(63dad099922725009b700a8c, continuation {})
]]></system-out>
  <system-err><![CDATA[]]></system-err>
</testsuite>
